#! /c/Source/iverilog-install/bin/vvp
:ivl_version "12.0 (devel)" "(s20150603-1539-g2693dd32b)";
:ivl_delay_selection "TYPICAL";
:vpi_time_precision + 0;
:vpi_module "C:\iverilog\lib\ivl\system.vpi";
:vpi_module "C:\iverilog\lib\ivl\vhdl_sys.vpi";
:vpi_module "C:\iverilog\lib\ivl\vhdl_textio.vpi";
:vpi_module "C:\iverilog\lib\ivl\v2005_math.vpi";
:vpi_module "C:\iverilog\lib\ivl\va_math.vpi";
S_000001dc5190ee40 .scope module, "tb_DMux4Way16" "tb_DMux4Way16" 2 17;
 .timescale 0 0;
v000001dc519f1c90_0 .net "a", 15 0, L_000001dc519f3cb0;  1 drivers
v000001dc519f2eb0_0 .net "b", 15 0, L_000001dc519f4250;  1 drivers
v000001dc519f2c30_0 .net "c", 15 0, L_000001dc519f6e10;  1 drivers
v000001dc519f2f50_0 .net "d", 15 0, L_000001dc519f6d70;  1 drivers
v000001dc519f13d0_0 .var "in", 15 0;
v000001dc519f1fb0_0 .var "sel", 1 0;
S_000001dc5190cea0 .scope module, "mymodule" "DMux4Way16" 2 25, 3 8 0, S_000001dc5190ee40;
 .timescale 0 0;
    .port_info 0 /OUTPUT 16 "a";
    .port_info 1 /OUTPUT 16 "b";
    .port_info 2 /OUTPUT 16 "c";
    .port_info 3 /OUTPUT 16 "d";
    .port_info 4 /INPUT 16 "in";
    .port_info 5 /INPUT 2 "sel";
v000001dc519f1150_0 .net "DMux0AB", 15 0, L_000001dc519f1a10;  1 drivers
v000001dc519f1b50_0 .net "DMux0CD", 15 0, L_000001dc519f3990;  1 drivers
v000001dc519f2e10_0 .net "a", 15 0, L_000001dc519f3cb0;  alias, 1 drivers
v000001dc519f2690_0 .net "b", 15 0, L_000001dc519f4250;  alias, 1 drivers
v000001dc519f11f0_0 .net "c", 15 0, L_000001dc519f6e10;  alias, 1 drivers
v000001dc519f2550_0 .net "d", 15 0, L_000001dc519f6d70;  alias, 1 drivers
v000001dc519f16f0_0 .net "in", 15 0, v000001dc519f13d0_0;  1 drivers
v000001dc519f2410_0 .net "sel", 1 0, v000001dc519f1fb0_0;  1 drivers
L_000001dc519f3170 .part v000001dc519f1fb0_0, 1, 1;
L_000001dc519f3e90 .part v000001dc519f1fb0_0, 0, 1;
L_000001dc519f6c30 .part v000001dc519f1fb0_0, 0, 1;
S_000001dc51880b00 .scope module, "DMux16_module0" "DMux16" 3 14, 4 6 0, S_000001dc5190cea0;
 .timescale 0 0;
    .port_info 0 /OUTPUT 16 "a";
    .port_info 1 /OUTPUT 16 "b";
    .port_info 2 /INPUT 16 "in";
    .port_info 3 /INPUT 1 "sel";
L_000001dc51909ca0 .functor NOT 1, L_000001dc519f3170, C4<0>, C4<0>, C4<0>;
L_000001dc5190a800 .functor AND 1, L_000001dc519f10b0, L_000001dc51909ca0, C4<1>, C4<1>;
L_000001dc51909fb0 .functor AND 1, L_000001dc519f2730, L_000001dc51909ca0, C4<1>, C4<1>;
L_000001dc51909d10 .functor AND 1, L_000001dc519f1f10, L_000001dc51909ca0, C4<1>, C4<1>;
L_000001dc5190aaa0 .functor AND 1, L_000001dc519f1330, L_000001dc51909ca0, C4<1>, C4<1>;
L_000001dc51909d80 .functor AND 1, L_000001dc519f25f0, L_000001dc51909ca0, C4<1>, C4<1>;
L_000001dc5190a870 .functor AND 1, L_000001dc519f2b90, L_000001dc51909ca0, C4<1>, C4<1>;
L_000001dc5190a1e0 .functor AND 1, L_000001dc519f1ab0, L_000001dc51909ca0, C4<1>, C4<1>;
L_000001dc5190ab80 .functor AND 1, L_000001dc519f2cd0, L_000001dc51909ca0, C4<1>, C4<1>;
L_000001dc5190a560 .functor AND 1, L_000001dc519f1e70, L_000001dc51909ca0, C4<1>, C4<1>;
L_000001dc5190a6b0 .functor AND 1, L_000001dc519f1dd0, L_000001dc51909ca0, C4<1>, C4<1>;
L_000001dc5190a5d0 .functor AND 1, L_000001dc519f2050, L_000001dc51909ca0, C4<1>, C4<1>;
L_000001dc5190a090 .functor AND 1, L_000001dc519f1d30, L_000001dc51909ca0, C4<1>, C4<1>;
L_000001dc5190a330 .functor AND 1, L_000001dc519f20f0, L_000001dc51909ca0, C4<1>, C4<1>;
L_000001dc5190a2c0 .functor AND 1, L_000001dc519f1790, L_000001dc51909ca0, C4<1>, C4<1>;
L_000001dc5190a410 .functor AND 1, L_000001dc519f1970, L_000001dc51909ca0, C4<1>, C4<1>;
L_000001dc51909e60 .functor AND 1, L_000001dc519f2230, L_000001dc51909ca0, C4<1>, C4<1>;
L_000001dc5190a250 .functor AND 1, L_000001dc519f3170, L_000001dc519f47f0, C4<1>, C4<1>;
L_000001dc5190a3a0 .functor AND 1, L_000001dc519f3170, L_000001dc519f3210, C4<1>, C4<1>;
L_000001dc5190a640 .functor AND 1, L_000001dc519f3170, L_000001dc519f4ed0, C4<1>, C4<1>;
L_000001dc5190a720 .functor AND 1, L_000001dc519f3170, L_000001dc519f4430, C4<1>, C4<1>;
L_000001dc5190a790 .functor AND 1, L_000001dc519f3170, L_000001dc519f49d0, C4<1>, C4<1>;
L_000001dc519f7b50 .functor AND 1, L_000001dc519f3170, L_000001dc519f4570, C4<1>, C4<1>;
L_000001dc519f7220 .functor AND 1, L_000001dc519f3170, L_000001dc519f3f30, C4<1>, C4<1>;
L_000001dc519f7bc0 .functor AND 1, L_000001dc519f3170, L_000001dc519f46b0, C4<1>, C4<1>;
L_000001dc519f7530 .functor AND 1, L_000001dc519f3170, L_000001dc519f3df0, C4<1>, C4<1>;
L_000001dc519f7450 .functor AND 1, L_000001dc519f3170, L_000001dc519f3670, C4<1>, C4<1>;
L_000001dc519f73e0 .functor AND 1, L_000001dc519f3170, L_000001dc519f56f0, C4<1>, C4<1>;
L_000001dc519f7140 .functor AND 1, L_000001dc519f3170, L_000001dc519f3a30, C4<1>, C4<1>;
L_000001dc519f7610 .functor AND 1, L_000001dc519f3170, L_000001dc519f30d0, C4<1>, C4<1>;
L_000001dc519f7300 .functor AND 1, L_000001dc519f3170, L_000001dc519f32b0, C4<1>, C4<1>;
L_000001dc519f7680 .functor AND 1, L_000001dc519f3170, L_000001dc519f3850, C4<1>, C4<1>;
L_000001dc519f74c0 .functor AND 1, L_000001dc519f3170, L_000001dc519f4e30, C4<1>, C4<1>;
v000001dc5190ba70_0 .net *"_ivl_10", 0 0, L_000001dc519f2730;  1 drivers
v000001dc5190c830_0 .net *"_ivl_101", 0 0, L_000001dc519f4430;  1 drivers
v000001dc5190ca10_0 .net *"_ivl_103", 0 0, L_000001dc5190a790;  1 drivers
v000001dc5190bc50_0 .net *"_ivl_106", 0 0, L_000001dc519f49d0;  1 drivers
v000001dc5190c290_0 .net *"_ivl_108", 0 0, L_000001dc519f7b50;  1 drivers
v000001dc5190be30_0 .net *"_ivl_111", 0 0, L_000001dc519f4570;  1 drivers
v000001dc5190bcf0_0 .net *"_ivl_113", 0 0, L_000001dc519f7220;  1 drivers
v000001dc5190b7f0_0 .net *"_ivl_116", 0 0, L_000001dc519f3f30;  1 drivers
v000001dc5190c650_0 .net *"_ivl_118", 0 0, L_000001dc519f7bc0;  1 drivers
v000001dc5190bd90_0 .net *"_ivl_12", 0 0, L_000001dc51909d10;  1 drivers
v000001dc5190b390_0 .net *"_ivl_121", 0 0, L_000001dc519f46b0;  1 drivers
v000001dc5190af30_0 .net *"_ivl_123", 0 0, L_000001dc519f7530;  1 drivers
v000001dc5190b6b0_0 .net *"_ivl_126", 0 0, L_000001dc519f3df0;  1 drivers
v000001dc5190c330_0 .net *"_ivl_128", 0 0, L_000001dc519f7450;  1 drivers
v000001dc5190cab0_0 .net *"_ivl_131", 0 0, L_000001dc519f3670;  1 drivers
v000001dc5190ad50_0 .net *"_ivl_133", 0 0, L_000001dc519f73e0;  1 drivers
v000001dc5190b070_0 .net *"_ivl_136", 0 0, L_000001dc519f56f0;  1 drivers
v000001dc5190afd0_0 .net *"_ivl_138", 0 0, L_000001dc519f7140;  1 drivers
v000001dc5190bf70_0 .net *"_ivl_141", 0 0, L_000001dc519f3a30;  1 drivers
v000001dc5190b110_0 .net *"_ivl_143", 0 0, L_000001dc519f7610;  1 drivers
v000001dc5190b1b0_0 .net *"_ivl_146", 0 0, L_000001dc519f30d0;  1 drivers
v000001dc5190c010_0 .net *"_ivl_148", 0 0, L_000001dc519f7300;  1 drivers
v000001dc5190c510_0 .net *"_ivl_15", 0 0, L_000001dc519f1f10;  1 drivers
v000001dc5190c5b0_0 .net *"_ivl_151", 0 0, L_000001dc519f32b0;  1 drivers
v000001dc5190b2f0_0 .net *"_ivl_153", 0 0, L_000001dc519f7680;  1 drivers
v000001dc5190c150_0 .net *"_ivl_156", 0 0, L_000001dc519f3850;  1 drivers
v000001dc5190b930_0 .net *"_ivl_158", 0 0, L_000001dc519f74c0;  1 drivers
v000001dc5190b430_0 .net *"_ivl_162", 0 0, L_000001dc519f4e30;  1 drivers
v000001dc5190c970_0 .net *"_ivl_17", 0 0, L_000001dc5190aaa0;  1 drivers
v000001dc5190b4d0_0 .net *"_ivl_2", 0 0, L_000001dc5190a800;  1 drivers
v000001dc5190b610_0 .net *"_ivl_20", 0 0, L_000001dc519f1330;  1 drivers
v000001dc518fba50_0 .net *"_ivl_22", 0 0, L_000001dc51909d80;  1 drivers
v000001dc518fc950_0 .net *"_ivl_25", 0 0, L_000001dc519f25f0;  1 drivers
v000001dc518fcdb0_0 .net *"_ivl_27", 0 0, L_000001dc5190a870;  1 drivers
v000001dc518fb7d0_0 .net *"_ivl_30", 0 0, L_000001dc519f2b90;  1 drivers
v000001dc518ed270_0 .net *"_ivl_32", 0 0, L_000001dc5190a1e0;  1 drivers
v000001dc518edf90_0 .net *"_ivl_35", 0 0, L_000001dc519f1ab0;  1 drivers
v000001dc5186c1e0_0 .net *"_ivl_37", 0 0, L_000001dc5190ab80;  1 drivers
v000001dc519e3dc0_0 .net *"_ivl_40", 0 0, L_000001dc519f2cd0;  1 drivers
v000001dc519e2ba0_0 .net *"_ivl_42", 0 0, L_000001dc5190a560;  1 drivers
v000001dc519e2d80_0 .net *"_ivl_45", 0 0, L_000001dc519f1e70;  1 drivers
v000001dc519e24c0_0 .net *"_ivl_47", 0 0, L_000001dc5190a6b0;  1 drivers
v000001dc519e2600_0 .net *"_ivl_5", 0 0, L_000001dc519f10b0;  1 drivers
v000001dc519e2b00_0 .net *"_ivl_50", 0 0, L_000001dc519f1dd0;  1 drivers
v000001dc519e2560_0 .net *"_ivl_52", 0 0, L_000001dc5190a5d0;  1 drivers
v000001dc519e26a0_0 .net *"_ivl_55", 0 0, L_000001dc519f2050;  1 drivers
v000001dc519e3500_0 .net *"_ivl_57", 0 0, L_000001dc5190a090;  1 drivers
v000001dc519e2a60_0 .net *"_ivl_60", 0 0, L_000001dc519f1d30;  1 drivers
v000001dc519e29c0_0 .net *"_ivl_62", 0 0, L_000001dc5190a330;  1 drivers
v000001dc519e3140_0 .net *"_ivl_65", 0 0, L_000001dc519f20f0;  1 drivers
v000001dc519e3280_0 .net *"_ivl_67", 0 0, L_000001dc5190a2c0;  1 drivers
v000001dc519e3640_0 .net *"_ivl_7", 0 0, L_000001dc51909fb0;  1 drivers
v000001dc519e35a0_0 .net *"_ivl_70", 0 0, L_000001dc519f1790;  1 drivers
v000001dc519e2060_0 .net *"_ivl_72", 0 0, L_000001dc5190a410;  1 drivers
v000001dc519e3aa0_0 .net *"_ivl_75", 0 0, L_000001dc519f1970;  1 drivers
v000001dc519e36e0_0 .net *"_ivl_77", 0 0, L_000001dc51909e60;  1 drivers
v000001dc519e2e20_0 .net *"_ivl_81", 0 0, L_000001dc519f2230;  1 drivers
v000001dc519e2740_0 .net *"_ivl_83", 0 0, L_000001dc5190a250;  1 drivers
v000001dc519e3a00_0 .net *"_ivl_86", 0 0, L_000001dc519f47f0;  1 drivers
v000001dc519e2c40_0 .net *"_ivl_88", 0 0, L_000001dc5190a3a0;  1 drivers
v000001dc519e27e0_0 .net *"_ivl_91", 0 0, L_000001dc519f3210;  1 drivers
v000001dc519e3b40_0 .net *"_ivl_93", 0 0, L_000001dc5190a640;  1 drivers
v000001dc519e3820_0 .net *"_ivl_96", 0 0, L_000001dc519f4ed0;  1 drivers
v000001dc519e2ce0_0 .net *"_ivl_98", 0 0, L_000001dc5190a720;  1 drivers
v000001dc519e2880_0 .net "a", 15 0, L_000001dc519f1a10;  alias, 1 drivers
v000001dc519e2920_0 .net "b", 15 0, L_000001dc519f3990;  alias, 1 drivers
v000001dc519e2ec0_0 .net "in", 15 0, v000001dc519f13d0_0;  alias, 1 drivers
v000001dc519e38c0_0 .net "not_sel", 0 0, L_000001dc51909ca0;  1 drivers
v000001dc519e3320_0 .net "sel", 0 0, L_000001dc519f3170;  1 drivers
L_000001dc519f10b0 .part v000001dc519f13d0_0, 0, 1;
L_000001dc519f2730 .part v000001dc519f13d0_0, 1, 1;
L_000001dc519f1f10 .part v000001dc519f13d0_0, 2, 1;
L_000001dc519f1330 .part v000001dc519f13d0_0, 3, 1;
L_000001dc519f25f0 .part v000001dc519f13d0_0, 4, 1;
L_000001dc519f2b90 .part v000001dc519f13d0_0, 5, 1;
L_000001dc519f1ab0 .part v000001dc519f13d0_0, 6, 1;
L_000001dc519f2cd0 .part v000001dc519f13d0_0, 7, 1;
L_000001dc519f1e70 .part v000001dc519f13d0_0, 8, 1;
L_000001dc519f1dd0 .part v000001dc519f13d0_0, 9, 1;
L_000001dc519f2050 .part v000001dc519f13d0_0, 10, 1;
L_000001dc519f1d30 .part v000001dc519f13d0_0, 11, 1;
L_000001dc519f20f0 .part v000001dc519f13d0_0, 12, 1;
L_000001dc519f1790 .part v000001dc519f13d0_0, 13, 1;
L_000001dc519f1970 .part v000001dc519f13d0_0, 14, 1;
LS_000001dc519f1a10_0_0 .concat8 [ 1 1 1 1], L_000001dc5190a800, L_000001dc51909fb0, L_000001dc51909d10, L_000001dc5190aaa0;
LS_000001dc519f1a10_0_4 .concat8 [ 1 1 1 1], L_000001dc51909d80, L_000001dc5190a870, L_000001dc5190a1e0, L_000001dc5190ab80;
LS_000001dc519f1a10_0_8 .concat8 [ 1 1 1 1], L_000001dc5190a560, L_000001dc5190a6b0, L_000001dc5190a5d0, L_000001dc5190a090;
LS_000001dc519f1a10_0_12 .concat8 [ 1 1 1 1], L_000001dc5190a330, L_000001dc5190a2c0, L_000001dc5190a410, L_000001dc51909e60;
L_000001dc519f1a10 .concat8 [ 4 4 4 4], LS_000001dc519f1a10_0_0, LS_000001dc519f1a10_0_4, LS_000001dc519f1a10_0_8, LS_000001dc519f1a10_0_12;
L_000001dc519f2230 .part v000001dc519f13d0_0, 15, 1;
L_000001dc519f47f0 .part v000001dc519f13d0_0, 0, 1;
L_000001dc519f3210 .part v000001dc519f13d0_0, 1, 1;
L_000001dc519f4ed0 .part v000001dc519f13d0_0, 2, 1;
L_000001dc519f4430 .part v000001dc519f13d0_0, 3, 1;
L_000001dc519f49d0 .part v000001dc519f13d0_0, 4, 1;
L_000001dc519f4570 .part v000001dc519f13d0_0, 5, 1;
L_000001dc519f3f30 .part v000001dc519f13d0_0, 6, 1;
L_000001dc519f46b0 .part v000001dc519f13d0_0, 7, 1;
L_000001dc519f3df0 .part v000001dc519f13d0_0, 8, 1;
L_000001dc519f3670 .part v000001dc519f13d0_0, 9, 1;
L_000001dc519f56f0 .part v000001dc519f13d0_0, 10, 1;
L_000001dc519f3a30 .part v000001dc519f13d0_0, 11, 1;
L_000001dc519f30d0 .part v000001dc519f13d0_0, 12, 1;
L_000001dc519f32b0 .part v000001dc519f13d0_0, 13, 1;
L_000001dc519f3850 .part v000001dc519f13d0_0, 14, 1;
LS_000001dc519f3990_0_0 .concat8 [ 1 1 1 1], L_000001dc5190a250, L_000001dc5190a3a0, L_000001dc5190a640, L_000001dc5190a720;
LS_000001dc519f3990_0_4 .concat8 [ 1 1 1 1], L_000001dc5190a790, L_000001dc519f7b50, L_000001dc519f7220, L_000001dc519f7bc0;
LS_000001dc519f3990_0_8 .concat8 [ 1 1 1 1], L_000001dc519f7530, L_000001dc519f7450, L_000001dc519f73e0, L_000001dc519f7140;
LS_000001dc519f3990_0_12 .concat8 [ 1 1 1 1], L_000001dc519f7610, L_000001dc519f7300, L_000001dc519f7680, L_000001dc519f74c0;
L_000001dc519f3990 .concat8 [ 4 4 4 4], LS_000001dc519f3990_0_0, LS_000001dc519f3990_0_4, LS_000001dc519f3990_0_8, LS_000001dc519f3990_0_12;
L_000001dc519f4e30 .part v000001dc519f13d0_0, 15, 1;
S_000001dc51880c90 .scope module, "DMux16_moduleOutAB" "DMux16" 3 15, 4 6 0, S_000001dc5190cea0;
 .timescale 0 0;
    .port_info 0 /OUTPUT 16 "a";
    .port_info 1 /OUTPUT 16 "b";
    .port_info 2 /INPUT 16 "in";
    .port_info 3 /INPUT 1 "sel";
L_000001dc519f7d10 .functor NOT 1, L_000001dc519f3e90, C4<0>, C4<0>, C4<0>;
L_000001dc519f7c30 .functor AND 1, L_000001dc519f4890, L_000001dc519f7d10, C4<1>, C4<1>;
L_000001dc519f75a0 .functor AND 1, L_000001dc519f3710, L_000001dc519f7d10, C4<1>, C4<1>;
L_000001dc519f7990 .functor AND 1, L_000001dc519f3ad0, L_000001dc519f7d10, C4<1>, C4<1>;
L_000001dc519f7ed0 .functor AND 1, L_000001dc519f3b70, L_000001dc519f7d10, C4<1>, C4<1>;
L_000001dc519f7a70 .functor AND 1, L_000001dc519f37b0, L_000001dc519f7d10, C4<1>, C4<1>;
L_000001dc519f7e60 .functor AND 1, L_000001dc519f4a70, L_000001dc519f7d10, C4<1>, C4<1>;
L_000001dc519f7f40 .functor AND 1, L_000001dc519f41b0, L_000001dc519f7d10, C4<1>, C4<1>;
L_000001dc519f7290 .functor AND 1, L_000001dc519f5010, L_000001dc519f7d10, C4<1>, C4<1>;
L_000001dc519f7840 .functor AND 1, L_000001dc519f4bb0, L_000001dc519f7d10, C4<1>, C4<1>;
L_000001dc519f7370 .functor AND 1, L_000001dc519f38f0, L_000001dc519f7d10, C4<1>, C4<1>;
L_000001dc519f76f0 .functor AND 1, L_000001dc519f3fd0, L_000001dc519f7d10, C4<1>, C4<1>;
L_000001dc519f71b0 .functor AND 1, L_000001dc519f5470, L_000001dc519f7d10, C4<1>, C4<1>;
L_000001dc519f7d80 .functor AND 1, L_000001dc519f3c10, L_000001dc519f7d10, C4<1>, C4<1>;
L_000001dc519f7760 .functor AND 1, L_000001dc519f5790, L_000001dc519f7d10, C4<1>, C4<1>;
L_000001dc519f7df0 .functor AND 1, L_000001dc519f5830, L_000001dc519f7d10, C4<1>, C4<1>;
L_000001dc519f7a00 .functor AND 1, L_000001dc519f3350, L_000001dc519f7d10, C4<1>, C4<1>;
L_000001dc519f7920 .functor AND 1, L_000001dc519f3e90, L_000001dc519f33f0, C4<1>, C4<1>;
L_000001dc519f77d0 .functor AND 1, L_000001dc519f3e90, L_000001dc519f4b10, C4<1>, C4<1>;
L_000001dc519f7ca0 .functor AND 1, L_000001dc519f3e90, L_000001dc519f4070, C4<1>, C4<1>;
L_000001dc519f7ae0 .functor AND 1, L_000001dc519f3e90, L_000001dc519f3490, C4<1>, C4<1>;
L_000001dc519f7fb0 .functor AND 1, L_000001dc519f3e90, L_000001dc519f3530, C4<1>, C4<1>;
L_000001dc519f70d0 .functor AND 1, L_000001dc519f3e90, L_000001dc519f5650, C4<1>, C4<1>;
L_000001dc519f78b0 .functor AND 1, L_000001dc519f3e90, L_000001dc519f4750, C4<1>, C4<1>;
L_000001dc519fec90 .functor AND 1, L_000001dc519f3e90, L_000001dc519f4c50, C4<1>, C4<1>;
L_000001dc519fef30 .functor AND 1, L_000001dc519f3e90, L_000001dc519f3d50, C4<1>, C4<1>;
L_000001dc519ff160 .functor AND 1, L_000001dc519f3e90, L_000001dc519f42f0, C4<1>, C4<1>;
L_000001dc519fede0 .functor AND 1, L_000001dc519f3e90, L_000001dc519f5330, C4<1>, C4<1>;
L_000001dc519fd870 .functor AND 1, L_000001dc519f3e90, L_000001dc519f4110, C4<1>, C4<1>;
L_000001dc519fe520 .functor AND 1, L_000001dc519f3e90, L_000001dc519f4930, C4<1>, C4<1>;
L_000001dc519fe600 .functor AND 1, L_000001dc519f3e90, L_000001dc519f5510, C4<1>, C4<1>;
L_000001dc519fe590 .functor AND 1, L_000001dc519f3e90, L_000001dc519f35d0, C4<1>, C4<1>;
L_000001dc519feec0 .functor AND 1, L_000001dc519f3e90, L_000001dc519f4cf0, C4<1>, C4<1>;
v000001dc519e2100_0 .net *"_ivl_10", 0 0, L_000001dc519f3710;  1 drivers
v000001dc519e3e60_0 .net *"_ivl_101", 0 0, L_000001dc519f3490;  1 drivers
v000001dc519e3960_0 .net *"_ivl_103", 0 0, L_000001dc519f7fb0;  1 drivers
v000001dc519e2f60_0 .net *"_ivl_106", 0 0, L_000001dc519f3530;  1 drivers
v000001dc519e33c0_0 .net *"_ivl_108", 0 0, L_000001dc519f70d0;  1 drivers
v000001dc519e3460_0 .net *"_ivl_111", 0 0, L_000001dc519f5650;  1 drivers
v000001dc519e3780_0 .net *"_ivl_113", 0 0, L_000001dc519f78b0;  1 drivers
v000001dc519e3be0_0 .net *"_ivl_116", 0 0, L_000001dc519f4750;  1 drivers
v000001dc519e3000_0 .net *"_ivl_118", 0 0, L_000001dc519fec90;  1 drivers
v000001dc519e21a0_0 .net *"_ivl_12", 0 0, L_000001dc519f7990;  1 drivers
v000001dc519e2240_0 .net *"_ivl_121", 0 0, L_000001dc519f4c50;  1 drivers
v000001dc519e22e0_0 .net *"_ivl_123", 0 0, L_000001dc519fef30;  1 drivers
v000001dc519e30a0_0 .net *"_ivl_126", 0 0, L_000001dc519f3d50;  1 drivers
v000001dc519e31e0_0 .net *"_ivl_128", 0 0, L_000001dc519ff160;  1 drivers
v000001dc519e2420_0 .net *"_ivl_131", 0 0, L_000001dc519f42f0;  1 drivers
v000001dc519e3c80_0 .net *"_ivl_133", 0 0, L_000001dc519fede0;  1 drivers
v000001dc519e2380_0 .net *"_ivl_136", 0 0, L_000001dc519f5330;  1 drivers
v000001dc519e3d20_0 .net *"_ivl_138", 0 0, L_000001dc519fd870;  1 drivers
v000001dc519e3f00_0 .net *"_ivl_141", 0 0, L_000001dc519f4110;  1 drivers
v000001dc519ecee0_0 .net *"_ivl_143", 0 0, L_000001dc519fe520;  1 drivers
v000001dc519ed340_0 .net *"_ivl_146", 0 0, L_000001dc519f4930;  1 drivers
v000001dc519edc00_0 .net *"_ivl_148", 0 0, L_000001dc519fe600;  1 drivers
v000001dc519ec6c0_0 .net *"_ivl_15", 0 0, L_000001dc519f3ad0;  1 drivers
v000001dc519ed7a0_0 .net *"_ivl_151", 0 0, L_000001dc519f5510;  1 drivers
v000001dc519ec1c0_0 .net *"_ivl_153", 0 0, L_000001dc519fe590;  1 drivers
v000001dc519ec4e0_0 .net *"_ivl_156", 0 0, L_000001dc519f35d0;  1 drivers
v000001dc519ed980_0 .net *"_ivl_158", 0 0, L_000001dc519feec0;  1 drivers
v000001dc519edca0_0 .net *"_ivl_162", 0 0, L_000001dc519f4cf0;  1 drivers
v000001dc519ed520_0 .net *"_ivl_17", 0 0, L_000001dc519f7ed0;  1 drivers
v000001dc519ec580_0 .net *"_ivl_2", 0 0, L_000001dc519f7c30;  1 drivers
v000001dc519ec940_0 .net *"_ivl_20", 0 0, L_000001dc519f3b70;  1 drivers
v000001dc519edd40_0 .net *"_ivl_22", 0 0, L_000001dc519f7a70;  1 drivers
v000001dc519ede80_0 .net *"_ivl_25", 0 0, L_000001dc519f37b0;  1 drivers
v000001dc519ed160_0 .net *"_ivl_27", 0 0, L_000001dc519f7e60;  1 drivers
v000001dc519ed700_0 .net *"_ivl_30", 0 0, L_000001dc519f4a70;  1 drivers
v000001dc519ec620_0 .net *"_ivl_32", 0 0, L_000001dc519f7f40;  1 drivers
v000001dc519edde0_0 .net *"_ivl_35", 0 0, L_000001dc519f41b0;  1 drivers
v000001dc519ed5c0_0 .net *"_ivl_37", 0 0, L_000001dc519f7290;  1 drivers
v000001dc519edf20_0 .net *"_ivl_40", 0 0, L_000001dc519f5010;  1 drivers
v000001dc519ec3a0_0 .net *"_ivl_42", 0 0, L_000001dc519f7840;  1 drivers
v000001dc519eda20_0 .net *"_ivl_45", 0 0, L_000001dc519f4bb0;  1 drivers
v000001dc519ec800_0 .net *"_ivl_47", 0 0, L_000001dc519f7370;  1 drivers
v000001dc519edac0_0 .net *"_ivl_5", 0 0, L_000001dc519f4890;  1 drivers
v000001dc519ed840_0 .net *"_ivl_50", 0 0, L_000001dc519f38f0;  1 drivers
v000001dc519ec8a0_0 .net *"_ivl_52", 0 0, L_000001dc519f76f0;  1 drivers
v000001dc519ed480_0 .net *"_ivl_55", 0 0, L_000001dc519f3fd0;  1 drivers
v000001dc519ed200_0 .net *"_ivl_57", 0 0, L_000001dc519f71b0;  1 drivers
v000001dc519ed3e0_0 .net *"_ivl_60", 0 0, L_000001dc519f5470;  1 drivers
v000001dc519ec760_0 .net *"_ivl_62", 0 0, L_000001dc519f7d80;  1 drivers
v000001dc519ec080_0 .net *"_ivl_65", 0 0, L_000001dc519f3c10;  1 drivers
v000001dc519ec120_0 .net *"_ivl_67", 0 0, L_000001dc519f7760;  1 drivers
v000001dc519ec300_0 .net *"_ivl_7", 0 0, L_000001dc519f75a0;  1 drivers
v000001dc519ecf80_0 .net *"_ivl_70", 0 0, L_000001dc519f5790;  1 drivers
v000001dc519ec9e0_0 .net *"_ivl_72", 0 0, L_000001dc519f7df0;  1 drivers
v000001dc519ed660_0 .net *"_ivl_75", 0 0, L_000001dc519f5830;  1 drivers
v000001dc519ed8e0_0 .net *"_ivl_77", 0 0, L_000001dc519f7a00;  1 drivers
v000001dc519ec440_0 .net *"_ivl_81", 0 0, L_000001dc519f3350;  1 drivers
v000001dc519ecc60_0 .net *"_ivl_83", 0 0, L_000001dc519f7920;  1 drivers
v000001dc519ecb20_0 .net *"_ivl_86", 0 0, L_000001dc519f33f0;  1 drivers
v000001dc519ec260_0 .net *"_ivl_88", 0 0, L_000001dc519f77d0;  1 drivers
v000001dc519ed0c0_0 .net *"_ivl_91", 0 0, L_000001dc519f4b10;  1 drivers
v000001dc519edb60_0 .net *"_ivl_93", 0 0, L_000001dc519f7ca0;  1 drivers
v000001dc519eca80_0 .net *"_ivl_96", 0 0, L_000001dc519f4070;  1 drivers
v000001dc519ed020_0 .net *"_ivl_98", 0 0, L_000001dc519f7ae0;  1 drivers
v000001dc519ecbc0_0 .net "a", 15 0, L_000001dc519f3cb0;  alias, 1 drivers
v000001dc519ecd00_0 .net "b", 15 0, L_000001dc519f4250;  alias, 1 drivers
v000001dc519ecda0_0 .net "in", 15 0, L_000001dc519f1a10;  alias, 1 drivers
v000001dc519ece40_0 .net "not_sel", 0 0, L_000001dc519f7d10;  1 drivers
v000001dc519ed2a0_0 .net "sel", 0 0, L_000001dc519f3e90;  1 drivers
L_000001dc519f4890 .part L_000001dc519f1a10, 0, 1;
L_000001dc519f3710 .part L_000001dc519f1a10, 1, 1;
L_000001dc519f3ad0 .part L_000001dc519f1a10, 2, 1;
L_000001dc519f3b70 .part L_000001dc519f1a10, 3, 1;
L_000001dc519f37b0 .part L_000001dc519f1a10, 4, 1;
L_000001dc519f4a70 .part L_000001dc519f1a10, 5, 1;
L_000001dc519f41b0 .part L_000001dc519f1a10, 6, 1;
L_000001dc519f5010 .part L_000001dc519f1a10, 7, 1;
L_000001dc519f4bb0 .part L_000001dc519f1a10, 8, 1;
L_000001dc519f38f0 .part L_000001dc519f1a10, 9, 1;
L_000001dc519f3fd0 .part L_000001dc519f1a10, 10, 1;
L_000001dc519f5470 .part L_000001dc519f1a10, 11, 1;
L_000001dc519f3c10 .part L_000001dc519f1a10, 12, 1;
L_000001dc519f5790 .part L_000001dc519f1a10, 13, 1;
L_000001dc519f5830 .part L_000001dc519f1a10, 14, 1;
LS_000001dc519f3cb0_0_0 .concat8 [ 1 1 1 1], L_000001dc519f7c30, L_000001dc519f75a0, L_000001dc519f7990, L_000001dc519f7ed0;
LS_000001dc519f3cb0_0_4 .concat8 [ 1 1 1 1], L_000001dc519f7a70, L_000001dc519f7e60, L_000001dc519f7f40, L_000001dc519f7290;
LS_000001dc519f3cb0_0_8 .concat8 [ 1 1 1 1], L_000001dc519f7840, L_000001dc519f7370, L_000001dc519f76f0, L_000001dc519f71b0;
LS_000001dc519f3cb0_0_12 .concat8 [ 1 1 1 1], L_000001dc519f7d80, L_000001dc519f7760, L_000001dc519f7df0, L_000001dc519f7a00;
L_000001dc519f3cb0 .concat8 [ 4 4 4 4], LS_000001dc519f3cb0_0_0, LS_000001dc519f3cb0_0_4, LS_000001dc519f3cb0_0_8, LS_000001dc519f3cb0_0_12;
L_000001dc519f3350 .part L_000001dc519f1a10, 15, 1;
L_000001dc519f33f0 .part L_000001dc519f1a10, 0, 1;
L_000001dc519f4b10 .part L_000001dc519f1a10, 1, 1;
L_000001dc519f4070 .part L_000001dc519f1a10, 2, 1;
L_000001dc519f3490 .part L_000001dc519f1a10, 3, 1;
L_000001dc519f3530 .part L_000001dc519f1a10, 4, 1;
L_000001dc519f5650 .part L_000001dc519f1a10, 5, 1;
L_000001dc519f4750 .part L_000001dc519f1a10, 6, 1;
L_000001dc519f4c50 .part L_000001dc519f1a10, 7, 1;
L_000001dc519f3d50 .part L_000001dc519f1a10, 8, 1;
L_000001dc519f42f0 .part L_000001dc519f1a10, 9, 1;
L_000001dc519f5330 .part L_000001dc519f1a10, 10, 1;
L_000001dc519f4110 .part L_000001dc519f1a10, 11, 1;
L_000001dc519f4930 .part L_000001dc519f1a10, 12, 1;
L_000001dc519f5510 .part L_000001dc519f1a10, 13, 1;
L_000001dc519f35d0 .part L_000001dc519f1a10, 14, 1;
LS_000001dc519f4250_0_0 .concat8 [ 1 1 1 1], L_000001dc519f7920, L_000001dc519f77d0, L_000001dc519f7ca0, L_000001dc519f7ae0;
LS_000001dc519f4250_0_4 .concat8 [ 1 1 1 1], L_000001dc519f7fb0, L_000001dc519f70d0, L_000001dc519f78b0, L_000001dc519fec90;
LS_000001dc519f4250_0_8 .concat8 [ 1 1 1 1], L_000001dc519fef30, L_000001dc519ff160, L_000001dc519fede0, L_000001dc519fd870;
LS_000001dc519f4250_0_12 .concat8 [ 1 1 1 1], L_000001dc519fe520, L_000001dc519fe600, L_000001dc519fe590, L_000001dc519feec0;
L_000001dc519f4250 .concat8 [ 4 4 4 4], LS_000001dc519f4250_0_0, LS_000001dc519f4250_0_4, LS_000001dc519f4250_0_8, LS_000001dc519f4250_0_12;
L_000001dc519f4cf0 .part L_000001dc519f1a10, 15, 1;
S_000001dc5191bea0 .scope module, "DMux16_moduleOutCD" "DMux16" 3 16, 4 6 0, S_000001dc5190cea0;
 .timescale 0 0;
    .port_info 0 /OUTPUT 16 "a";
    .port_info 1 /OUTPUT 16 "b";
    .port_info 2 /INPUT 16 "in";
    .port_info 3 /INPUT 1 "sel";
L_000001dc519ff0f0 .functor NOT 1, L_000001dc519f6c30, C4<0>, C4<0>, C4<0>;
L_000001dc519fe670 .functor AND 1, L_000001dc519f4390, L_000001dc519ff0f0, C4<1>, C4<1>;
L_000001dc519fe980 .functor AND 1, L_000001dc519f4f70, L_000001dc519ff0f0, C4<1>, C4<1>;
L_000001dc519fdb80 .functor AND 1, L_000001dc519f44d0, L_000001dc519ff0f0, C4<1>, C4<1>;
L_000001dc519fe750 .functor AND 1, L_000001dc519f4610, L_000001dc519ff0f0, C4<1>, C4<1>;
L_000001dc519fed00 .functor AND 1, L_000001dc519f4d90, L_000001dc519ff0f0, C4<1>, C4<1>;
L_000001dc519fe130 .functor AND 1, L_000001dc519f55b0, L_000001dc519ff0f0, C4<1>, C4<1>;
L_000001dc519fda30 .functor AND 1, L_000001dc519f50b0, L_000001dc519ff0f0, C4<1>, C4<1>;
L_000001dc519fe6e0 .functor AND 1, L_000001dc519f5150, L_000001dc519ff0f0, C4<1>, C4<1>;
L_000001dc519fee50 .functor AND 1, L_000001dc519f51f0, L_000001dc519ff0f0, C4<1>, C4<1>;
L_000001dc519fed70 .functor AND 1, L_000001dc519f5290, L_000001dc519ff0f0, C4<1>, C4<1>;
L_000001dc519fe7c0 .functor AND 1, L_000001dc519f53d0, L_000001dc519ff0f0, C4<1>, C4<1>;
L_000001dc519fdfe0 .functor AND 1, L_000001dc519f5d30, L_000001dc519ff0f0, C4<1>, C4<1>;
L_000001dc519fe830 .functor AND 1, L_000001dc519f5e70, L_000001dc519ff0f0, C4<1>, C4<1>;
L_000001dc519fe9f0 .functor AND 1, L_000001dc519f69b0, L_000001dc519ff0f0, C4<1>, C4<1>;
L_000001dc519fdbf0 .functor AND 1, L_000001dc519f60f0, L_000001dc519ff0f0, C4<1>, C4<1>;
L_000001dc519fddb0 .functor AND 1, L_000001dc519f6a50, L_000001dc519ff0f0, C4<1>, C4<1>;
L_000001dc519fde20 .functor AND 1, L_000001dc519f6c30, L_000001dc519f6550, C4<1>, C4<1>;
L_000001dc519fe8a0 .functor AND 1, L_000001dc519f6c30, L_000001dc519f6b90, C4<1>, C4<1>;
L_000001dc519fdb10 .functor AND 1, L_000001dc519f6c30, L_000001dc519f6af0, C4<1>, C4<1>;
L_000001dc519fdd40 .functor AND 1, L_000001dc519f6c30, L_000001dc519f5dd0, C4<1>, C4<1>;
L_000001dc519fe910 .functor AND 1, L_000001dc519f6c30, L_000001dc519f5fb0, C4<1>, C4<1>;
L_000001dc519fea60 .functor AND 1, L_000001dc519f6c30, L_000001dc519f6190, C4<1>, C4<1>;
L_000001dc519fead0 .functor AND 1, L_000001dc519f6c30, L_000001dc519f6eb0, C4<1>, C4<1>;
L_000001dc519feb40 .functor AND 1, L_000001dc519f6c30, L_000001dc519f6230, C4<1>, C4<1>;
L_000001dc519fe3d0 .functor AND 1, L_000001dc519f6c30, L_000001dc519f5970, C4<1>, C4<1>;
L_000001dc519ff010 .functor AND 1, L_000001dc519f6c30, L_000001dc519f6f50, C4<1>, C4<1>;
L_000001dc519febb0 .functor AND 1, L_000001dc519f6c30, L_000001dc519f6050, C4<1>, C4<1>;
L_000001dc519fe050 .functor AND 1, L_000001dc519f6c30, L_000001dc519f62d0, C4<1>, C4<1>;
L_000001dc519fefa0 .functor AND 1, L_000001dc519f6c30, L_000001dc519f6410, C4<1>, C4<1>;
L_000001dc519fec20 .functor AND 1, L_000001dc519f6c30, L_000001dc519f5c90, C4<1>, C4<1>;
L_000001dc519fe210 .functor AND 1, L_000001dc519f6c30, L_000001dc519f65f0, C4<1>, C4<1>;
L_000001dc519ff080 .functor AND 1, L_000001dc519f6c30, L_000001dc519f6cd0, C4<1>, C4<1>;
v000001dc519f0720_0 .net *"_ivl_10", 0 0, L_000001dc519f4f70;  1 drivers
v000001dc519ef6e0_0 .net *"_ivl_101", 0 0, L_000001dc519f5dd0;  1 drivers
v000001dc519f07c0_0 .net *"_ivl_103", 0 0, L_000001dc519fe910;  1 drivers
v000001dc519f0ea0_0 .net *"_ivl_106", 0 0, L_000001dc519f5fb0;  1 drivers
v000001dc519f0220_0 .net *"_ivl_108", 0 0, L_000001dc519fea60;  1 drivers
v000001dc519f0cc0_0 .net *"_ivl_111", 0 0, L_000001dc519f6190;  1 drivers
v000001dc519f0540_0 .net *"_ivl_113", 0 0, L_000001dc519fead0;  1 drivers
v000001dc519ef500_0 .net *"_ivl_116", 0 0, L_000001dc519f6eb0;  1 drivers
v000001dc519f0a40_0 .net *"_ivl_118", 0 0, L_000001dc519feb40;  1 drivers
v000001dc519f0d60_0 .net *"_ivl_12", 0 0, L_000001dc519fdb80;  1 drivers
v000001dc519f0f40_0 .net *"_ivl_121", 0 0, L_000001dc519f6230;  1 drivers
v000001dc519f0180_0 .net *"_ivl_123", 0 0, L_000001dc519fe3d0;  1 drivers
v000001dc519f0860_0 .net *"_ivl_126", 0 0, L_000001dc519f5970;  1 drivers
v000001dc519ef5a0_0 .net *"_ivl_128", 0 0, L_000001dc519ff010;  1 drivers
v000001dc519f0e00_0 .net *"_ivl_131", 0 0, L_000001dc519f6f50;  1 drivers
v000001dc519f05e0_0 .net *"_ivl_133", 0 0, L_000001dc519febb0;  1 drivers
v000001dc519ef0a0_0 .net *"_ivl_136", 0 0, L_000001dc519f6050;  1 drivers
v000001dc519ef460_0 .net *"_ivl_138", 0 0, L_000001dc519fe050;  1 drivers
v000001dc519f0ae0_0 .net *"_ivl_141", 0 0, L_000001dc519f62d0;  1 drivers
v000001dc519f0360_0 .net *"_ivl_143", 0 0, L_000001dc519fefa0;  1 drivers
v000001dc519ef280_0 .net *"_ivl_146", 0 0, L_000001dc519f6410;  1 drivers
v000001dc519ef640_0 .net *"_ivl_148", 0 0, L_000001dc519fec20;  1 drivers
v000001dc519f00e0_0 .net *"_ivl_15", 0 0, L_000001dc519f44d0;  1 drivers
v000001dc519ef780_0 .net *"_ivl_151", 0 0, L_000001dc519f5c90;  1 drivers
v000001dc519f02c0_0 .net *"_ivl_153", 0 0, L_000001dc519fe210;  1 drivers
v000001dc519ef820_0 .net *"_ivl_156", 0 0, L_000001dc519f65f0;  1 drivers
v000001dc519f0400_0 .net *"_ivl_158", 0 0, L_000001dc519ff080;  1 drivers
v000001dc519ef8c0_0 .net *"_ivl_162", 0 0, L_000001dc519f6cd0;  1 drivers
v000001dc519efbe0_0 .net *"_ivl_17", 0 0, L_000001dc519fe750;  1 drivers
v000001dc519ef140_0 .net *"_ivl_2", 0 0, L_000001dc519fe670;  1 drivers
v000001dc519ef1e0_0 .net *"_ivl_20", 0 0, L_000001dc519f4610;  1 drivers
v000001dc519ef3c0_0 .net *"_ivl_22", 0 0, L_000001dc519fed00;  1 drivers
v000001dc519ef320_0 .net *"_ivl_25", 0 0, L_000001dc519f4d90;  1 drivers
v000001dc519f0900_0 .net *"_ivl_27", 0 0, L_000001dc519fe130;  1 drivers
v000001dc519ef960_0 .net *"_ivl_30", 0 0, L_000001dc519f55b0;  1 drivers
v000001dc519efa00_0 .net *"_ivl_32", 0 0, L_000001dc519fda30;  1 drivers
v000001dc519f09a0_0 .net *"_ivl_35", 0 0, L_000001dc519f50b0;  1 drivers
v000001dc519f0c20_0 .net *"_ivl_37", 0 0, L_000001dc519fe6e0;  1 drivers
v000001dc519efaa0_0 .net *"_ivl_40", 0 0, L_000001dc519f5150;  1 drivers
v000001dc519f04a0_0 .net *"_ivl_42", 0 0, L_000001dc519fee50;  1 drivers
v000001dc519f0b80_0 .net *"_ivl_45", 0 0, L_000001dc519f51f0;  1 drivers
v000001dc519efb40_0 .net *"_ivl_47", 0 0, L_000001dc519fed70;  1 drivers
v000001dc519efc80_0 .net *"_ivl_5", 0 0, L_000001dc519f4390;  1 drivers
v000001dc519f0680_0 .net *"_ivl_50", 0 0, L_000001dc519f5290;  1 drivers
v000001dc519efd20_0 .net *"_ivl_52", 0 0, L_000001dc519fe7c0;  1 drivers
v000001dc519efdc0_0 .net *"_ivl_55", 0 0, L_000001dc519f53d0;  1 drivers
v000001dc519efe60_0 .net *"_ivl_57", 0 0, L_000001dc519fdfe0;  1 drivers
v000001dc519eff00_0 .net *"_ivl_60", 0 0, L_000001dc519f5d30;  1 drivers
v000001dc519effa0_0 .net *"_ivl_62", 0 0, L_000001dc519fe830;  1 drivers
v000001dc519f0040_0 .net *"_ivl_65", 0 0, L_000001dc519f5e70;  1 drivers
v000001dc519f1510_0 .net *"_ivl_67", 0 0, L_000001dc519fe9f0;  1 drivers
v000001dc519f22d0_0 .net *"_ivl_7", 0 0, L_000001dc519fe980;  1 drivers
v000001dc519f2870_0 .net *"_ivl_70", 0 0, L_000001dc519f69b0;  1 drivers
v000001dc519f1bf0_0 .net *"_ivl_72", 0 0, L_000001dc519fdbf0;  1 drivers
v000001dc519f2d70_0 .net *"_ivl_75", 0 0, L_000001dc519f60f0;  1 drivers
v000001dc519f1470_0 .net *"_ivl_77", 0 0, L_000001dc519fddb0;  1 drivers
v000001dc519f15b0_0 .net *"_ivl_81", 0 0, L_000001dc519f6a50;  1 drivers
v000001dc519f2910_0 .net *"_ivl_83", 0 0, L_000001dc519fde20;  1 drivers
v000001dc519f1290_0 .net *"_ivl_86", 0 0, L_000001dc519f6550;  1 drivers
v000001dc519f27d0_0 .net *"_ivl_88", 0 0, L_000001dc519fe8a0;  1 drivers
v000001dc519f1830_0 .net *"_ivl_91", 0 0, L_000001dc519f6b90;  1 drivers
v000001dc519f2af0_0 .net *"_ivl_93", 0 0, L_000001dc519fdb10;  1 drivers
v000001dc519f29b0_0 .net *"_ivl_96", 0 0, L_000001dc519f6af0;  1 drivers
v000001dc519f18d0_0 .net *"_ivl_98", 0 0, L_000001dc519fdd40;  1 drivers
v000001dc519f24b0_0 .net "a", 15 0, L_000001dc519f6e10;  alias, 1 drivers
v000001dc519f2190_0 .net "b", 15 0, L_000001dc519f6d70;  alias, 1 drivers
v000001dc519f2370_0 .net "in", 15 0, L_000001dc519f3990;  alias, 1 drivers
v000001dc519f1650_0 .net "not_sel", 0 0, L_000001dc519ff0f0;  1 drivers
v000001dc519f2a50_0 .net "sel", 0 0, L_000001dc519f6c30;  1 drivers
L_000001dc519f4390 .part L_000001dc519f3990, 0, 1;
L_000001dc519f4f70 .part L_000001dc519f3990, 1, 1;
L_000001dc519f44d0 .part L_000001dc519f3990, 2, 1;
L_000001dc519f4610 .part L_000001dc519f3990, 3, 1;
L_000001dc519f4d90 .part L_000001dc519f3990, 4, 1;
L_000001dc519f55b0 .part L_000001dc519f3990, 5, 1;
L_000001dc519f50b0 .part L_000001dc519f3990, 6, 1;
L_000001dc519f5150 .part L_000001dc519f3990, 7, 1;
L_000001dc519f51f0 .part L_000001dc519f3990, 8, 1;
L_000001dc519f5290 .part L_000001dc519f3990, 9, 1;
L_000001dc519f53d0 .part L_000001dc519f3990, 10, 1;
L_000001dc519f5d30 .part L_000001dc519f3990, 11, 1;
L_000001dc519f5e70 .part L_000001dc519f3990, 12, 1;
L_000001dc519f69b0 .part L_000001dc519f3990, 13, 1;
L_000001dc519f60f0 .part L_000001dc519f3990, 14, 1;
LS_000001dc519f6e10_0_0 .concat8 [ 1 1 1 1], L_000001dc519fe670, L_000001dc519fe980, L_000001dc519fdb80, L_000001dc519fe750;
LS_000001dc519f6e10_0_4 .concat8 [ 1 1 1 1], L_000001dc519fed00, L_000001dc519fe130, L_000001dc519fda30, L_000001dc519fe6e0;
LS_000001dc519f6e10_0_8 .concat8 [ 1 1 1 1], L_000001dc519fee50, L_000001dc519fed70, L_000001dc519fe7c0, L_000001dc519fdfe0;
LS_000001dc519f6e10_0_12 .concat8 [ 1 1 1 1], L_000001dc519fe830, L_000001dc519fe9f0, L_000001dc519fdbf0, L_000001dc519fddb0;
L_000001dc519f6e10 .concat8 [ 4 4 4 4], LS_000001dc519f6e10_0_0, LS_000001dc519f6e10_0_4, LS_000001dc519f6e10_0_8, LS_000001dc519f6e10_0_12;
L_000001dc519f6a50 .part L_000001dc519f3990, 15, 1;
L_000001dc519f6550 .part L_000001dc519f3990, 0, 1;
L_000001dc519f6b90 .part L_000001dc519f3990, 1, 1;
L_000001dc519f6af0 .part L_000001dc519f3990, 2, 1;
L_000001dc519f5dd0 .part L_000001dc519f3990, 3, 1;
L_000001dc519f5fb0 .part L_000001dc519f3990, 4, 1;
L_000001dc519f6190 .part L_000001dc519f3990, 5, 1;
L_000001dc519f6eb0 .part L_000001dc519f3990, 6, 1;
L_000001dc519f6230 .part L_000001dc519f3990, 7, 1;
L_000001dc519f5970 .part L_000001dc519f3990, 8, 1;
L_000001dc519f6f50 .part L_000001dc519f3990, 9, 1;
L_000001dc519f6050 .part L_000001dc519f3990, 10, 1;
L_000001dc519f62d0 .part L_000001dc519f3990, 11, 1;
L_000001dc519f6410 .part L_000001dc519f3990, 12, 1;
L_000001dc519f5c90 .part L_000001dc519f3990, 13, 1;
L_000001dc519f65f0 .part L_000001dc519f3990, 14, 1;
LS_000001dc519f6d70_0_0 .concat8 [ 1 1 1 1], L_000001dc519fde20, L_000001dc519fe8a0, L_000001dc519fdb10, L_000001dc519fdd40;
LS_000001dc519f6d70_0_4 .concat8 [ 1 1 1 1], L_000001dc519fe910, L_000001dc519fea60, L_000001dc519fead0, L_000001dc519feb40;
LS_000001dc519f6d70_0_8 .concat8 [ 1 1 1 1], L_000001dc519fe3d0, L_000001dc519ff010, L_000001dc519febb0, L_000001dc519fe050;
LS_000001dc519f6d70_0_12 .concat8 [ 1 1 1 1], L_000001dc519fefa0, L_000001dc519fec20, L_000001dc519fe210, L_000001dc519ff080;
L_000001dc519f6d70 .concat8 [ 4 4 4 4], LS_000001dc519f6d70_0_0, LS_000001dc519f6d70_0_4, LS_000001dc519f6d70_0_8, LS_000001dc519f6d70_0_12;
L_000001dc519f6cd0 .part L_000001dc519f3990, 15, 1;
    .scope S_000001dc5190ee40;
T_0 ;
    %vpi_call 2 29 "$dumpfile", "tb_DMux4Way16.vcd" {0 0 0};
    %vpi_call 2 30 "$dumpvars", 32'sb00000000000000000000000000000000, S_000001dc5190ee40 {0 0 0};
    %pushi/vec4 0, 0, 16;
    %store/vec4 v000001dc519f13d0_0, 0, 16;
    %pushi/vec4 0, 0, 2;
    %store/vec4 v000001dc519f1fb0_0, 0, 2;
    %delay 1, 0;
    %load/vec4 v000001dc519f1c90_0;
    %cmpi/ne 0, 0, 16;
    %jmp/0xz  T_0.0, 6;
    %vpi_call 2 36 "$display", "ASSERTION FAILED in %m: a != 16'b0000000000000000" {0 0 0};
    %vpi_call 2 37 "$finish" {0 0 0};
    %jmp T_0.1;
T_0.0 ;
    %vpi_call 2 39 "$display", "Success! %m: a = 16'b0000000000000000" {0 0 0};
T_0.1 ;
    %load/vec4 v000001dc519f2eb0_0;
    %cmpi/ne 0, 0, 16;
    %jmp/0xz  T_0.2, 6;
    %vpi_call 2 36 "$display", "ASSERTION FAILED in %m: b != 16'b0000000000000000" {0 0 0};
    %vpi_call 2 37 "$finish" {0 0 0};
    %jmp T_0.3;
T_0.2 ;
    %vpi_call 2 39 "$display", "Success! %m: b = 16'b0000000000000000" {0 0 0};
T_0.3 ;
    %load/vec4 v000001dc519f2c30_0;
    %cmpi/ne 0, 0, 16;
    %jmp/0xz  T_0.4, 6;
    %vpi_call 2 36 "$display", "ASSERTION FAILED in %m: c != 16'b0000000000000000" {0 0 0};
    %vpi_call 2 37 "$finish" {0 0 0};
    %jmp T_0.5;
T_0.4 ;
    %vpi_call 2 39 "$display", "Success! %m: c = 16'b0000000000000000" {0 0 0};
T_0.5 ;
    %load/vec4 v000001dc519f2f50_0;
    %cmpi/ne 0, 0, 16;
    %jmp/0xz  T_0.6, 6;
    %vpi_call 2 36 "$display", "ASSERTION FAILED in %m: d != 16'b0000000000000000" {0 0 0};
    %vpi_call 2 37 "$finish" {0 0 0};
    %jmp T_0.7;
T_0.6 ;
    %vpi_call 2 39 "$display", "Success! %m: d = 16'b0000000000000000" {0 0 0};
T_0.7 ;
    %pushi/vec4 826, 0, 16;
    %store/vec4 v000001dc519f13d0_0, 0, 16;
    %pushi/vec4 1, 0, 2;
    %store/vec4 v000001dc519f1fb0_0, 0, 2;
    %delay 1, 0;
    %load/vec4 v000001dc519f1c90_0;
    %cmpi/ne 0, 0, 16;
    %jmp/0xz  T_0.8, 6;
    %vpi_call 2 38 "$display", "ASSERTION FAILED in %m: a != 16'b0000000000000000" {0 0 0};
    %vpi_call 2 39 "$finish" {0 0 0};
    %jmp T_0.9;
T_0.8 ;
    %vpi_call 2 41 "$display", "Success! %m: a = 16'b0000000000000000" {0 0 0};
T_0.9 ;
    %load/vec4 v000001dc519f2eb0_0;
    %cmpi/ne 826, 0, 16;
    %jmp/0xz  T_0.10, 6;
    %vpi_call 2 38 "$display", "ASSERTION FAILED in %m: b != 16'b0000001100111010" {0 0 0};
    %vpi_call 2 39 "$finish" {0 0 0};
    %jmp T_0.11;
T_0.10 ;
    %vpi_call 2 41 "$display", "Success! %m: b = 16'b0000001100111010" {0 0 0};
T_0.11 ;
    %load/vec4 v000001dc519f2c30_0;
    %cmpi/ne 0, 0, 16;
    %jmp/0xz  T_0.12, 6;
    %vpi_call 2 38 "$display", "ASSERTION FAILED in %m: c != 16'b0000000000000000" {0 0 0};
    %vpi_call 2 39 "$finish" {0 0 0};
    %jmp T_0.13;
T_0.12 ;
    %vpi_call 2 41 "$display", "Success! %m: c = 16'b0000000000000000" {0 0 0};
T_0.13 ;
    %load/vec4 v000001dc519f2f50_0;
    %cmpi/ne 0, 0, 16;
    %jmp/0xz  T_0.14, 6;
    %vpi_call 2 38 "$display", "ASSERTION FAILED in %m: d != 16'b0000000000000000" {0 0 0};
    %vpi_call 2 39 "$finish" {0 0 0};
    %jmp T_0.15;
T_0.14 ;
    %vpi_call 2 41 "$display", "Success! %m: d = 16'b0000000000000000" {0 0 0};
T_0.15 ;
    %pushi/vec4 1062, 0, 16;
    %store/vec4 v000001dc519f13d0_0, 0, 16;
    %pushi/vec4 2, 0, 2;
    %store/vec4 v000001dc519f1fb0_0, 0, 2;
    %delay 1, 0;
    %load/vec4 v000001dc519f1c90_0;
    %cmpi/ne 0, 0, 16;
    %jmp/0xz  T_0.16, 6;
    %vpi_call 2 40 "$display", "ASSERTION FAILED in %m: a != 16'b0000000000000000" {0 0 0};
    %vpi_call 2 41 "$finish" {0 0 0};
    %jmp T_0.17;
T_0.16 ;
    %vpi_call 2 43 "$display", "Success! %m: a = 16'b0000000000000000" {0 0 0};
T_0.17 ;
    %load/vec4 v000001dc519f2eb0_0;
    %cmpi/ne 0, 0, 16;
    %jmp/0xz  T_0.18, 6;
    %vpi_call 2 40 "$display", "ASSERTION FAILED in %m: b != 16'b0000000000000000" {0 0 0};
    %vpi_call 2 41 "$finish" {0 0 0};
    %jmp T_0.19;
T_0.18 ;
    %vpi_call 2 43 "$display", "Success! %m: b = 16'b0000000000000000" {0 0 0};
T_0.19 ;
    %load/vec4 v000001dc519f2c30_0;
    %cmpi/ne 1062, 0, 16;
    %jmp/0xz  T_0.20, 6;
    %vpi_call 2 40 "$display", "ASSERTION FAILED in %m: c != 16'b0000010000100110" {0 0 0};
    %vpi_call 2 41 "$finish" {0 0 0};
    %jmp T_0.21;
T_0.20 ;
    %vpi_call 2 43 "$display", "Success! %m: c = 16'b0000010000100110" {0 0 0};
T_0.21 ;
    %load/vec4 v000001dc519f2f50_0;
    %cmpi/ne 0, 0, 16;
    %jmp/0xz  T_0.22, 6;
    %vpi_call 2 40 "$display", "ASSERTION FAILED in %m: d != 16'b0000000000000000" {0 0 0};
    %vpi_call 2 41 "$finish" {0 0 0};
    %jmp T_0.23;
T_0.22 ;
    %vpi_call 2 43 "$display", "Success! %m: d = 16'b0000000000000000" {0 0 0};
T_0.23 ;
    %pushi/vec4 7575, 0, 16;
    %store/vec4 v000001dc519f13d0_0, 0, 16;
    %pushi/vec4 1, 0, 2;
    %store/vec4 v000001dc519f1fb0_0, 0, 2;
    %delay 1, 0;
    %load/vec4 v000001dc519f1c90_0;
    %cmpi/ne 0, 0, 16;
    %jmp/0xz  T_0.24, 6;
    %vpi_call 2 42 "$display", "ASSERTION FAILED in %m: a != 16'b0000000000000000" {0 0 0};
    %vpi_call 2 43 "$finish" {0 0 0};
    %jmp T_0.25;
T_0.24 ;
    %vpi_call 2 45 "$display", "Success! %m: a = 16'b0000000000000000" {0 0 0};
T_0.25 ;
    %load/vec4 v000001dc519f2eb0_0;
    %cmpi/ne 7575, 0, 16;
    %jmp/0xz  T_0.26, 6;
    %vpi_call 2 42 "$display", "ASSERTION FAILED in %m: b != 16'b0001110110010111" {0 0 0};
    %vpi_call 2 43 "$finish" {0 0 0};
    %jmp T_0.27;
T_0.26 ;
    %vpi_call 2 45 "$display", "Success! %m: b = 16'b0001110110010111" {0 0 0};
T_0.27 ;
    %load/vec4 v000001dc519f2c30_0;
    %cmpi/ne 0, 0, 16;
    %jmp/0xz  T_0.28, 6;
    %vpi_call 2 42 "$display", "ASSERTION FAILED in %m: c != 16'b0000000000000000" {0 0 0};
    %vpi_call 2 43 "$finish" {0 0 0};
    %jmp T_0.29;
T_0.28 ;
    %vpi_call 2 45 "$display", "Success! %m: c = 16'b0000000000000000" {0 0 0};
T_0.29 ;
    %load/vec4 v000001dc519f2f50_0;
    %cmpi/ne 0, 0, 16;
    %jmp/0xz  T_0.30, 6;
    %vpi_call 2 42 "$display", "ASSERTION FAILED in %m: d != 16'b0000000000000000" {0 0 0};
    %vpi_call 2 43 "$finish" {0 0 0};
    %jmp T_0.31;
T_0.30 ;
    %vpi_call 2 45 "$display", "Success! %m: d = 16'b0000000000000000" {0 0 0};
T_0.31 ;
    %pushi/vec4 9049, 0, 16;
    %store/vec4 v000001dc519f13d0_0, 0, 16;
    %pushi/vec4 1, 0, 2;
    %store/vec4 v000001dc519f1fb0_0, 0, 2;
    %delay 1, 0;
    %load/vec4 v000001dc519f1c90_0;
    %cmpi/ne 0, 0, 16;
    %jmp/0xz  T_0.32, 6;
    %vpi_call 2 44 "$display", "ASSERTION FAILED in %m: a != 16'b0000000000000000" {0 0 0};
    %vpi_call 2 45 "$finish" {0 0 0};
    %jmp T_0.33;
T_0.32 ;
    %vpi_call 2 47 "$display", "Success! %m: a = 16'b0000000000000000" {0 0 0};
T_0.33 ;
    %load/vec4 v000001dc519f2eb0_0;
    %cmpi/ne 9049, 0, 16;
    %jmp/0xz  T_0.34, 6;
    %vpi_call 2 44 "$display", "ASSERTION FAILED in %m: b != 16'b0010001101011001" {0 0 0};
    %vpi_call 2 45 "$finish" {0 0 0};
    %jmp T_0.35;
T_0.34 ;
    %vpi_call 2 47 "$display", "Success! %m: b = 16'b0010001101011001" {0 0 0};
T_0.35 ;
    %load/vec4 v000001dc519f2c30_0;
    %cmpi/ne 0, 0, 16;
    %jmp/0xz  T_0.36, 6;
    %vpi_call 2 44 "$display", "ASSERTION FAILED in %m: c != 16'b0000000000000000" {0 0 0};
    %vpi_call 2 45 "$finish" {0 0 0};
    %jmp T_0.37;
T_0.36 ;
    %vpi_call 2 47 "$display", "Success! %m: c = 16'b0000000000000000" {0 0 0};
T_0.37 ;
    %load/vec4 v000001dc519f2f50_0;
    %cmpi/ne 0, 0, 16;
    %jmp/0xz  T_0.38, 6;
    %vpi_call 2 44 "$display", "ASSERTION FAILED in %m: d != 16'b0000000000000000" {0 0 0};
    %vpi_call 2 45 "$finish" {0 0 0};
    %jmp T_0.39;
T_0.38 ;
    %vpi_call 2 47 "$display", "Success! %m: d = 16'b0000000000000000" {0 0 0};
T_0.39 ;
    %pushi/vec4 10208, 0, 16;
    %store/vec4 v000001dc519f13d0_0, 0, 16;
    %pushi/vec4 0, 0, 2;
    %store/vec4 v000001dc519f1fb0_0, 0, 2;
    %delay 1, 0;
    %load/vec4 v000001dc519f1c90_0;
    %cmpi/ne 10208, 0, 16;
    %jmp/0xz  T_0.40, 6;
    %vpi_call 2 46 "$display", "ASSERTION FAILED in %m: a != 16'b0010011111100000" {0 0 0};
    %vpi_call 2 47 "$finish" {0 0 0};
    %jmp T_0.41;
T_0.40 ;
    %vpi_call 2 49 "$display", "Success! %m: a = 16'b0010011111100000" {0 0 0};
T_0.41 ;
    %load/vec4 v000001dc519f2eb0_0;
    %cmpi/ne 0, 0, 16;
    %jmp/0xz  T_0.42, 6;
    %vpi_call 2 46 "$display", "ASSERTION FAILED in %m: b != 16'b0000000000000000" {0 0 0};
    %vpi_call 2 47 "$finish" {0 0 0};
    %jmp T_0.43;
T_0.42 ;
    %vpi_call 2 49 "$display", "Success! %m: b = 16'b0000000000000000" {0 0 0};
T_0.43 ;
    %load/vec4 v000001dc519f2c30_0;
    %cmpi/ne 0, 0, 16;
    %jmp/0xz  T_0.44, 6;
    %vpi_call 2 46 "$display", "ASSERTION FAILED in %m: c != 16'b0000000000000000" {0 0 0};
    %vpi_call 2 47 "$finish" {0 0 0};
    %jmp T_0.45;
T_0.44 ;
    %vpi_call 2 49 "$display", "Success! %m: c = 16'b0000000000000000" {0 0 0};
T_0.45 ;
    %load/vec4 v000001dc519f2f50_0;
    %cmpi/ne 0, 0, 16;
    %jmp/0xz  T_0.46, 6;
    %vpi_call 2 46 "$display", "ASSERTION FAILED in %m: d != 16'b0000000000000000" {0 0 0};
    %vpi_call 2 47 "$finish" {0 0 0};
    %jmp T_0.47;
T_0.46 ;
    %vpi_call 2 49 "$display", "Success! %m: d = 16'b0000000000000000" {0 0 0};
T_0.47 ;
    %pushi/vec4 11777, 0, 16;
    %store/vec4 v000001dc519f13d0_0, 0, 16;
    %pushi/vec4 2, 0, 2;
    %store/vec4 v000001dc519f1fb0_0, 0, 2;
    %delay 1, 0;
    %load/vec4 v000001dc519f1c90_0;
    %cmpi/ne 0, 0, 16;
    %jmp/0xz  T_0.48, 6;
    %vpi_call 2 48 "$display", "ASSERTION FAILED in %m: a != 16'b0000000000000000" {0 0 0};
    %vpi_call 2 49 "$finish" {0 0 0};
    %jmp T_0.49;
T_0.48 ;
    %vpi_call 2 51 "$display", "Success! %m: a = 16'b0000000000000000" {0 0 0};
T_0.49 ;
    %load/vec4 v000001dc519f2eb0_0;
    %cmpi/ne 0, 0, 16;
    %jmp/0xz  T_0.50, 6;
    %vpi_call 2 48 "$display", "ASSERTION FAILED in %m: b != 16'b0000000000000000" {0 0 0};
    %vpi_call 2 49 "$finish" {0 0 0};
    %jmp T_0.51;
T_0.50 ;
    %vpi_call 2 51 "$display", "Success! %m: b = 16'b0000000000000000" {0 0 0};
T_0.51 ;
    %load/vec4 v000001dc519f2c30_0;
    %cmpi/ne 11777, 0, 16;
    %jmp/0xz  T_0.52, 6;
    %vpi_call 2 48 "$display", "ASSERTION FAILED in %m: c != 16'b0010111000000001" {0 0 0};
    %vpi_call 2 49 "$finish" {0 0 0};
    %jmp T_0.53;
T_0.52 ;
    %vpi_call 2 51 "$display", "Success! %m: c = 16'b0010111000000001" {0 0 0};
T_0.53 ;
    %load/vec4 v000001dc519f2f50_0;
    %cmpi/ne 0, 0, 16;
    %jmp/0xz  T_0.54, 6;
    %vpi_call 2 48 "$display", "ASSERTION FAILED in %m: d != 16'b0000000000000000" {0 0 0};
    %vpi_call 2 49 "$finish" {0 0 0};
    %jmp T_0.55;
T_0.54 ;
    %vpi_call 2 51 "$display", "Success! %m: d = 16'b0000000000000000" {0 0 0};
T_0.55 ;
    %pushi/vec4 14693, 0, 16;
    %store/vec4 v000001dc519f13d0_0, 0, 16;
    %pushi/vec4 2, 0, 2;
    %store/vec4 v000001dc519f1fb0_0, 0, 2;
    %delay 1, 0;
    %load/vec4 v000001dc519f1c90_0;
    %cmpi/ne 0, 0, 16;
    %jmp/0xz  T_0.56, 6;
    %vpi_call 2 50 "$display", "ASSERTION FAILED in %m: a != 16'b0000000000000000" {0 0 0};
    %vpi_call 2 51 "$finish" {0 0 0};
    %jmp T_0.57;
T_0.56 ;
    %vpi_call 2 53 "$display", "Success! %m: a = 16'b0000000000000000" {0 0 0};
T_0.57 ;
    %load/vec4 v000001dc519f2eb0_0;
    %cmpi/ne 0, 0, 16;
    %jmp/0xz  T_0.58, 6;
    %vpi_call 2 50 "$display", "ASSERTION FAILED in %m: b != 16'b0000000000000000" {0 0 0};
    %vpi_call 2 51 "$finish" {0 0 0};
    %jmp T_0.59;
T_0.58 ;
    %vpi_call 2 53 "$display", "Success! %m: b = 16'b0000000000000000" {0 0 0};
T_0.59 ;
    %load/vec4 v000001dc519f2c30_0;
    %cmpi/ne 14693, 0, 16;
    %jmp/0xz  T_0.60, 6;
    %vpi_call 2 50 "$display", "ASSERTION FAILED in %m: c != 16'b0011100101100101" {0 0 0};
    %vpi_call 2 51 "$finish" {0 0 0};
    %jmp T_0.61;
T_0.60 ;
    %vpi_call 2 53 "$display", "Success! %m: c = 16'b0011100101100101" {0 0 0};
T_0.61 ;
    %load/vec4 v000001dc519f2f50_0;
    %cmpi/ne 0, 0, 16;
    %jmp/0xz  T_0.62, 6;
    %vpi_call 2 50 "$display", "ASSERTION FAILED in %m: d != 16'b0000000000000000" {0 0 0};
    %vpi_call 2 51 "$finish" {0 0 0};
    %jmp T_0.63;
T_0.62 ;
    %vpi_call 2 53 "$display", "Success! %m: d = 16'b0000000000000000" {0 0 0};
T_0.63 ;
    %pushi/vec4 15567, 0, 16;
    %store/vec4 v000001dc519f13d0_0, 0, 16;
    %pushi/vec4 3, 0, 2;
    %store/vec4 v000001dc519f1fb0_0, 0, 2;
    %delay 1, 0;
    %load/vec4 v000001dc519f1c90_0;
    %cmpi/ne 0, 0, 16;
    %jmp/0xz  T_0.64, 6;
    %vpi_call 2 52 "$display", "ASSERTION FAILED in %m: a != 16'b0000000000000000" {0 0 0};
    %vpi_call 2 53 "$finish" {0 0 0};
    %jmp T_0.65;
T_0.64 ;
    %vpi_call 2 55 "$display", "Success! %m: a = 16'b0000000000000000" {0 0 0};
T_0.65 ;
    %load/vec4 v000001dc519f2eb0_0;
    %cmpi/ne 0, 0, 16;
    %jmp/0xz  T_0.66, 6;
    %vpi_call 2 52 "$display", "ASSERTION FAILED in %m: b != 16'b0000000000000000" {0 0 0};
    %vpi_call 2 53 "$finish" {0 0 0};
    %jmp T_0.67;
T_0.66 ;
    %vpi_call 2 55 "$display", "Success! %m: b = 16'b0000000000000000" {0 0 0};
T_0.67 ;
    %load/vec4 v000001dc519f2c30_0;
    %cmpi/ne 0, 0, 16;
    %jmp/0xz  T_0.68, 6;
    %vpi_call 2 52 "$display", "ASSERTION FAILED in %m: c != 16'b0000000000000000" {0 0 0};
    %vpi_call 2 53 "$finish" {0 0 0};
    %jmp T_0.69;
T_0.68 ;
    %vpi_call 2 55 "$display", "Success! %m: c = 16'b0000000000000000" {0 0 0};
T_0.69 ;
    %load/vec4 v000001dc519f2f50_0;
    %cmpi/ne 15567, 0, 16;
    %jmp/0xz  T_0.70, 6;
    %vpi_call 2 52 "$display", "ASSERTION FAILED in %m: d != 16'b0011110011001111" {0 0 0};
    %vpi_call 2 53 "$finish" {0 0 0};
    %jmp T_0.71;
T_0.70 ;
    %vpi_call 2 55 "$display", "Success! %m: d = 16'b0011110011001111" {0 0 0};
T_0.71 ;
    %pushi/vec4 18848, 0, 16;
    %store/vec4 v000001dc519f13d0_0, 0, 16;
    %pushi/vec4 0, 0, 2;
    %store/vec4 v000001dc519f1fb0_0, 0, 2;
    %delay 1, 0;
    %load/vec4 v000001dc519f1c90_0;
    %cmpi/ne 18848, 0, 16;
    %jmp/0xz  T_0.72, 6;
    %vpi_call 2 54 "$display", "ASSERTION FAILED in %m: a != 16'b0100100110100000" {0 0 0};
    %vpi_call 2 55 "$finish" {0 0 0};
    %jmp T_0.73;
T_0.72 ;
    %vpi_call 2 57 "$display", "Success! %m: a = 16'b0100100110100000" {0 0 0};
T_0.73 ;
    %load/vec4 v000001dc519f2eb0_0;
    %cmpi/ne 0, 0, 16;
    %jmp/0xz  T_0.74, 6;
    %vpi_call 2 54 "$display", "ASSERTION FAILED in %m: b != 16'b0000000000000000" {0 0 0};
    %vpi_call 2 55 "$finish" {0 0 0};
    %jmp T_0.75;
T_0.74 ;
    %vpi_call 2 57 "$display", "Success! %m: b = 16'b0000000000000000" {0 0 0};
T_0.75 ;
    %load/vec4 v000001dc519f2c30_0;
    %cmpi/ne 0, 0, 16;
    %jmp/0xz  T_0.76, 6;
    %vpi_call 2 54 "$display", "ASSERTION FAILED in %m: c != 16'b0000000000000000" {0 0 0};
    %vpi_call 2 55 "$finish" {0 0 0};
    %jmp T_0.77;
T_0.76 ;
    %vpi_call 2 57 "$display", "Success! %m: c = 16'b0000000000000000" {0 0 0};
T_0.77 ;
    %load/vec4 v000001dc519f2f50_0;
    %cmpi/ne 0, 0, 16;
    %jmp/0xz  T_0.78, 6;
    %vpi_call 2 54 "$display", "ASSERTION FAILED in %m: d != 16'b0000000000000000" {0 0 0};
    %vpi_call 2 55 "$finish" {0 0 0};
    %jmp T_0.79;
T_0.78 ;
    %vpi_call 2 57 "$display", "Success! %m: d = 16'b0000000000000000" {0 0 0};
T_0.79 ;
    %pushi/vec4 20138, 0, 16;
    %store/vec4 v000001dc519f13d0_0, 0, 16;
    %pushi/vec4 1, 0, 2;
    %store/vec4 v000001dc519f1fb0_0, 0, 2;
    %delay 1, 0;
    %load/vec4 v000001dc519f1c90_0;
    %cmpi/ne 0, 0, 16;
    %jmp/0xz  T_0.80, 6;
    %vpi_call 2 56 "$display", "ASSERTION FAILED in %m: a != 16'b0000000000000000" {0 0 0};
    %vpi_call 2 57 "$finish" {0 0 0};
    %jmp T_0.81;
T_0.80 ;
    %vpi_call 2 59 "$display", "Success! %m: a = 16'b0000000000000000" {0 0 0};
T_0.81 ;
    %load/vec4 v000001dc519f2eb0_0;
    %cmpi/ne 20138, 0, 16;
    %jmp/0xz  T_0.82, 6;
    %vpi_call 2 56 "$display", "ASSERTION FAILED in %m: b != 16'b0100111010101010" {0 0 0};
    %vpi_call 2 57 "$finish" {0 0 0};
    %jmp T_0.83;
T_0.82 ;
    %vpi_call 2 59 "$display", "Success! %m: b = 16'b0100111010101010" {0 0 0};
T_0.83 ;
    %load/vec4 v000001dc519f2c30_0;
    %cmpi/ne 0, 0, 16;
    %jmp/0xz  T_0.84, 6;
    %vpi_call 2 56 "$display", "ASSERTION FAILED in %m: c != 16'b0000000000000000" {0 0 0};
    %vpi_call 2 57 "$finish" {0 0 0};
    %jmp T_0.85;
T_0.84 ;
    %vpi_call 2 59 "$display", "Success! %m: c = 16'b0000000000000000" {0 0 0};
T_0.85 ;
    %load/vec4 v000001dc519f2f50_0;
    %cmpi/ne 0, 0, 16;
    %jmp/0xz  T_0.86, 6;
    %vpi_call 2 56 "$display", "ASSERTION FAILED in %m: d != 16'b0000000000000000" {0 0 0};
    %vpi_call 2 57 "$finish" {0 0 0};
    %jmp T_0.87;
T_0.86 ;
    %vpi_call 2 59 "$display", "Success! %m: d = 16'b0000000000000000" {0 0 0};
T_0.87 ;
    %pushi/vec4 22566, 0, 16;
    %store/vec4 v000001dc519f13d0_0, 0, 16;
    %pushi/vec4 0, 0, 2;
    %store/vec4 v000001dc519f1fb0_0, 0, 2;
    %delay 1, 0;
    %load/vec4 v000001dc519f1c90_0;
    %cmpi/ne 22566, 0, 16;
    %jmp/0xz  T_0.88, 6;
    %vpi_call 2 58 "$display", "ASSERTION FAILED in %m: a != 16'b0101100000100110" {0 0 0};
    %vpi_call 2 59 "$finish" {0 0 0};
    %jmp T_0.89;
T_0.88 ;
    %vpi_call 2 61 "$display", "Success! %m: a = 16'b0101100000100110" {0 0 0};
T_0.89 ;
    %load/vec4 v000001dc519f2eb0_0;
    %cmpi/ne 0, 0, 16;
    %jmp/0xz  T_0.90, 6;
    %vpi_call 2 58 "$display", "ASSERTION FAILED in %m: b != 16'b0000000000000000" {0 0 0};
    %vpi_call 2 59 "$finish" {0 0 0};
    %jmp T_0.91;
T_0.90 ;
    %vpi_call 2 61 "$display", "Success! %m: b = 16'b0000000000000000" {0 0 0};
T_0.91 ;
    %load/vec4 v000001dc519f2c30_0;
    %cmpi/ne 0, 0, 16;
    %jmp/0xz  T_0.92, 6;
    %vpi_call 2 58 "$display", "ASSERTION FAILED in %m: c != 16'b0000000000000000" {0 0 0};
    %vpi_call 2 59 "$finish" {0 0 0};
    %jmp T_0.93;
T_0.92 ;
    %vpi_call 2 61 "$display", "Success! %m: c = 16'b0000000000000000" {0 0 0};
T_0.93 ;
    %load/vec4 v000001dc519f2f50_0;
    %cmpi/ne 0, 0, 16;
    %jmp/0xz  T_0.94, 6;
    %vpi_call 2 58 "$display", "ASSERTION FAILED in %m: d != 16'b0000000000000000" {0 0 0};
    %vpi_call 2 59 "$finish" {0 0 0};
    %jmp T_0.95;
T_0.94 ;
    %vpi_call 2 61 "$display", "Success! %m: d = 16'b0000000000000000" {0 0 0};
T_0.95 ;
    %pushi/vec4 24493, 0, 16;
    %store/vec4 v000001dc519f13d0_0, 0, 16;
    %pushi/vec4 3, 0, 2;
    %store/vec4 v000001dc519f1fb0_0, 0, 2;
    %delay 1, 0;
    %load/vec4 v000001dc519f1c90_0;
    %cmpi/ne 0, 0, 16;
    %jmp/0xz  T_0.96, 6;
    %vpi_call 2 60 "$display", "ASSERTION FAILED in %m: a != 16'b0000000000000000" {0 0 0};
    %vpi_call 2 61 "$finish" {0 0 0};
    %jmp T_0.97;
T_0.96 ;
    %vpi_call 2 63 "$display", "Success! %m: a = 16'b0000000000000000" {0 0 0};
T_0.97 ;
    %load/vec4 v000001dc519f2eb0_0;
    %cmpi/ne 0, 0, 16;
    %jmp/0xz  T_0.98, 6;
    %vpi_call 2 60 "$display", "ASSERTION FAILED in %m: b != 16'b0000000000000000" {0 0 0};
    %vpi_call 2 61 "$finish" {0 0 0};
    %jmp T_0.99;
T_0.98 ;
    %vpi_call 2 63 "$display", "Success! %m: b = 16'b0000000000000000" {0 0 0};
T_0.99 ;
    %load/vec4 v000001dc519f2c30_0;
    %cmpi/ne 0, 0, 16;
    %jmp/0xz  T_0.100, 6;
    %vpi_call 2 60 "$display", "ASSERTION FAILED in %m: c != 16'b0000000000000000" {0 0 0};
    %vpi_call 2 61 "$finish" {0 0 0};
    %jmp T_0.101;
T_0.100 ;
    %vpi_call 2 63 "$display", "Success! %m: c = 16'b0000000000000000" {0 0 0};
T_0.101 ;
    %load/vec4 v000001dc519f2f50_0;
    %cmpi/ne 24493, 0, 16;
    %jmp/0xz  T_0.102, 6;
    %vpi_call 2 60 "$display", "ASSERTION FAILED in %m: d != 16'b0101111110101101" {0 0 0};
    %vpi_call 2 61 "$finish" {0 0 0};
    %jmp T_0.103;
T_0.102 ;
    %vpi_call 2 63 "$display", "Success! %m: d = 16'b0101111110101101" {0 0 0};
T_0.103 ;
    %pushi/vec4 27573, 0, 16;
    %store/vec4 v000001dc519f13d0_0, 0, 16;
    %pushi/vec4 1, 0, 2;
    %store/vec4 v000001dc519f1fb0_0, 0, 2;
    %delay 1, 0;
    %load/vec4 v000001dc519f1c90_0;
    %cmpi/ne 0, 0, 16;
    %jmp/0xz  T_0.104, 6;
    %vpi_call 2 62 "$display", "ASSERTION FAILED in %m: a != 16'b0000000000000000" {0 0 0};
    %vpi_call 2 63 "$finish" {0 0 0};
    %jmp T_0.105;
T_0.104 ;
    %vpi_call 2 65 "$display", "Success! %m: a = 16'b0000000000000000" {0 0 0};
T_0.105 ;
    %load/vec4 v000001dc519f2eb0_0;
    %cmpi/ne 27573, 0, 16;
    %jmp/0xz  T_0.106, 6;
    %vpi_call 2 62 "$display", "ASSERTION FAILED in %m: b != 16'b0110101110110101" {0 0 0};
    %vpi_call 2 63 "$finish" {0 0 0};
    %jmp T_0.107;
T_0.106 ;
    %vpi_call 2 65 "$display", "Success! %m: b = 16'b0110101110110101" {0 0 0};
T_0.107 ;
    %load/vec4 v000001dc519f2c30_0;
    %cmpi/ne 0, 0, 16;
    %jmp/0xz  T_0.108, 6;
    %vpi_call 2 62 "$display", "ASSERTION FAILED in %m: c != 16'b0000000000000000" {0 0 0};
    %vpi_call 2 63 "$finish" {0 0 0};
    %jmp T_0.109;
T_0.108 ;
    %vpi_call 2 65 "$display", "Success! %m: c = 16'b0000000000000000" {0 0 0};
T_0.109 ;
    %load/vec4 v000001dc519f2f50_0;
    %cmpi/ne 0, 0, 16;
    %jmp/0xz  T_0.110, 6;
    %vpi_call 2 62 "$display", "ASSERTION FAILED in %m: d != 16'b0000000000000000" {0 0 0};
    %vpi_call 2 63 "$finish" {0 0 0};
    %jmp T_0.111;
T_0.110 ;
    %vpi_call 2 65 "$display", "Success! %m: d = 16'b0000000000000000" {0 0 0};
T_0.111 ;
    %pushi/vec4 28315, 0, 16;
    %store/vec4 v000001dc519f13d0_0, 0, 16;
    %pushi/vec4 2, 0, 2;
    %store/vec4 v000001dc519f1fb0_0, 0, 2;
    %delay 1, 0;
    %load/vec4 v000001dc519f1c90_0;
    %cmpi/ne 0, 0, 16;
    %jmp/0xz  T_0.112, 6;
    %vpi_call 2 64 "$display", "ASSERTION FAILED in %m: a != 16'b0000000000000000" {0 0 0};
    %vpi_call 2 65 "$finish" {0 0 0};
    %jmp T_0.113;
T_0.112 ;
    %vpi_call 2 67 "$display", "Success! %m: a = 16'b0000000000000000" {0 0 0};
T_0.113 ;
    %load/vec4 v000001dc519f2eb0_0;
    %cmpi/ne 0, 0, 16;
    %jmp/0xz  T_0.114, 6;
    %vpi_call 2 64 "$display", "ASSERTION FAILED in %m: b != 16'b0000000000000000" {0 0 0};
    %vpi_call 2 65 "$finish" {0 0 0};
    %jmp T_0.115;
T_0.114 ;
    %vpi_call 2 67 "$display", "Success! %m: b = 16'b0000000000000000" {0 0 0};
T_0.115 ;
    %load/vec4 v000001dc519f2c30_0;
    %cmpi/ne 28315, 0, 16;
    %jmp/0xz  T_0.116, 6;
    %vpi_call 2 64 "$display", "ASSERTION FAILED in %m: c != 16'b0110111010011011" {0 0 0};
    %vpi_call 2 65 "$finish" {0 0 0};
    %jmp T_0.117;
T_0.116 ;
    %vpi_call 2 67 "$display", "Success! %m: c = 16'b0110111010011011" {0 0 0};
T_0.117 ;
    %load/vec4 v000001dc519f2f50_0;
    %cmpi/ne 0, 0, 16;
    %jmp/0xz  T_0.118, 6;
    %vpi_call 2 64 "$display", "ASSERTION FAILED in %m: d != 16'b0000000000000000" {0 0 0};
    %vpi_call 2 65 "$finish" {0 0 0};
    %jmp T_0.119;
T_0.118 ;
    %vpi_call 2 67 "$display", "Success! %m: d = 16'b0000000000000000" {0 0 0};
T_0.119 ;
    %pushi/vec4 32567, 0, 16;
    %store/vec4 v000001dc519f13d0_0, 0, 16;
    %pushi/vec4 3, 0, 2;
    %store/vec4 v000001dc519f1fb0_0, 0, 2;
    %delay 1, 0;
    %load/vec4 v000001dc519f1c90_0;
    %cmpi/ne 0, 0, 16;
    %jmp/0xz  T_0.120, 6;
    %vpi_call 2 66 "$display", "ASSERTION FAILED in %m: a != 16'b0000000000000000" {0 0 0};
    %vpi_call 2 67 "$finish" {0 0 0};
    %jmp T_0.121;
T_0.120 ;
    %vpi_call 2 69 "$display", "Success! %m: a = 16'b0000000000000000" {0 0 0};
T_0.121 ;
    %load/vec4 v000001dc519f2eb0_0;
    %cmpi/ne 0, 0, 16;
    %jmp/0xz  T_0.122, 6;
    %vpi_call 2 66 "$display", "ASSERTION FAILED in %m: b != 16'b0000000000000000" {0 0 0};
    %vpi_call 2 67 "$finish" {0 0 0};
    %jmp T_0.123;
T_0.122 ;
    %vpi_call 2 69 "$display", "Success! %m: b = 16'b0000000000000000" {0 0 0};
T_0.123 ;
    %load/vec4 v000001dc519f2c30_0;
    %cmpi/ne 0, 0, 16;
    %jmp/0xz  T_0.124, 6;
    %vpi_call 2 66 "$display", "ASSERTION FAILED in %m: c != 16'b0000000000000000" {0 0 0};
    %vpi_call 2 67 "$finish" {0 0 0};
    %jmp T_0.125;
T_0.124 ;
    %vpi_call 2 69 "$display", "Success! %m: c = 16'b0000000000000000" {0 0 0};
T_0.125 ;
    %load/vec4 v000001dc519f2f50_0;
    %cmpi/ne 32567, 0, 16;
    %jmp/0xz  T_0.126, 6;
    %vpi_call 2 66 "$display", "ASSERTION FAILED in %m: d != 16'b0111111100110111" {0 0 0};
    %vpi_call 2 67 "$finish" {0 0 0};
    %jmp T_0.127;
T_0.126 ;
    %vpi_call 2 69 "$display", "Success! %m: d = 16'b0111111100110111" {0 0 0};
T_0.127 ;
    %pushi/vec4 33166, 0, 16;
    %store/vec4 v000001dc519f13d0_0, 0, 16;
    %pushi/vec4 3, 0, 2;
    %store/vec4 v000001dc519f1fb0_0, 0, 2;
    %delay 1, 0;
    %load/vec4 v000001dc519f1c90_0;
    %cmpi/ne 0, 0, 16;
    %jmp/0xz  T_0.128, 6;
    %vpi_call 2 68 "$display", "ASSERTION FAILED in %m: a != 16'b0000000000000000" {0 0 0};
    %vpi_call 2 69 "$finish" {0 0 0};
    %jmp T_0.129;
T_0.128 ;
    %vpi_call 2 71 "$display", "Success! %m: a = 16'b0000000000000000" {0 0 0};
T_0.129 ;
    %load/vec4 v000001dc519f2eb0_0;
    %cmpi/ne 0, 0, 16;
    %jmp/0xz  T_0.130, 6;
    %vpi_call 2 68 "$display", "ASSERTION FAILED in %m: b != 16'b0000000000000000" {0 0 0};
    %vpi_call 2 69 "$finish" {0 0 0};
    %jmp T_0.131;
T_0.130 ;
    %vpi_call 2 71 "$display", "Success! %m: b = 16'b0000000000000000" {0 0 0};
T_0.131 ;
    %load/vec4 v000001dc519f2c30_0;
    %cmpi/ne 0, 0, 16;
    %jmp/0xz  T_0.132, 6;
    %vpi_call 2 68 "$display", "ASSERTION FAILED in %m: c != 16'b0000000000000000" {0 0 0};
    %vpi_call 2 69 "$finish" {0 0 0};
    %jmp T_0.133;
T_0.132 ;
    %vpi_call 2 71 "$display", "Success! %m: c = 16'b0000000000000000" {0 0 0};
T_0.133 ;
    %load/vec4 v000001dc519f2f50_0;
    %cmpi/ne 33166, 0, 16;
    %jmp/0xz  T_0.134, 6;
    %vpi_call 2 68 "$display", "ASSERTION FAILED in %m: d != 16'b1000000110001110" {0 0 0};
    %vpi_call 2 69 "$finish" {0 0 0};
    %jmp T_0.135;
T_0.134 ;
    %vpi_call 2 71 "$display", "Success! %m: d = 16'b1000000110001110" {0 0 0};
T_0.135 ;
    %pushi/vec4 33715, 0, 16;
    %store/vec4 v000001dc519f13d0_0, 0, 16;
    %pushi/vec4 2, 0, 2;
    %store/vec4 v000001dc519f1fb0_0, 0, 2;
    %delay 1, 0;
    %load/vec4 v000001dc519f1c90_0;
    %cmpi/ne 0, 0, 16;
    %jmp/0xz  T_0.136, 6;
    %vpi_call 2 70 "$display", "ASSERTION FAILED in %m: a != 16'b0000000000000000" {0 0 0};
    %vpi_call 2 71 "$finish" {0 0 0};
    %jmp T_0.137;
T_0.136 ;
    %vpi_call 2 73 "$display", "Success! %m: a = 16'b0000000000000000" {0 0 0};
T_0.137 ;
    %load/vec4 v000001dc519f2eb0_0;
    %cmpi/ne 0, 0, 16;
    %jmp/0xz  T_0.138, 6;
    %vpi_call 2 70 "$display", "ASSERTION FAILED in %m: b != 16'b0000000000000000" {0 0 0};
    %vpi_call 2 71 "$finish" {0 0 0};
    %jmp T_0.139;
T_0.138 ;
    %vpi_call 2 73 "$display", "Success! %m: b = 16'b0000000000000000" {0 0 0};
T_0.139 ;
    %load/vec4 v000001dc519f2c30_0;
    %cmpi/ne 33715, 0, 16;
    %jmp/0xz  T_0.140, 6;
    %vpi_call 2 70 "$display", "ASSERTION FAILED in %m: c != 16'b1000001110110011" {0 0 0};
    %vpi_call 2 71 "$finish" {0 0 0};
    %jmp T_0.141;
T_0.140 ;
    %vpi_call 2 73 "$display", "Success! %m: c = 16'b1000001110110011" {0 0 0};
T_0.141 ;
    %load/vec4 v000001dc519f2f50_0;
    %cmpi/ne 0, 0, 16;
    %jmp/0xz  T_0.142, 6;
    %vpi_call 2 70 "$display", "ASSERTION FAILED in %m: d != 16'b0000000000000000" {0 0 0};
    %vpi_call 2 71 "$finish" {0 0 0};
    %jmp T_0.143;
T_0.142 ;
    %vpi_call 2 73 "$display", "Success! %m: d = 16'b0000000000000000" {0 0 0};
T_0.143 ;
    %pushi/vec4 38200, 0, 16;
    %store/vec4 v000001dc519f13d0_0, 0, 16;
    %pushi/vec4 3, 0, 2;
    %store/vec4 v000001dc519f1fb0_0, 0, 2;
    %delay 1, 0;
    %load/vec4 v000001dc519f1c90_0;
    %cmpi/ne 0, 0, 16;
    %jmp/0xz  T_0.144, 6;
    %vpi_call 2 72 "$display", "ASSERTION FAILED in %m: a != 16'b0000000000000000" {0 0 0};
    %vpi_call 2 73 "$finish" {0 0 0};
    %jmp T_0.145;
T_0.144 ;
    %vpi_call 2 75 "$display", "Success! %m: a = 16'b0000000000000000" {0 0 0};
T_0.145 ;
    %load/vec4 v000001dc519f2eb0_0;
    %cmpi/ne 0, 0, 16;
    %jmp/0xz  T_0.146, 6;
    %vpi_call 2 72 "$display", "ASSERTION FAILED in %m: b != 16'b0000000000000000" {0 0 0};
    %vpi_call 2 73 "$finish" {0 0 0};
    %jmp T_0.147;
T_0.146 ;
    %vpi_call 2 75 "$display", "Success! %m: b = 16'b0000000000000000" {0 0 0};
T_0.147 ;
    %load/vec4 v000001dc519f2c30_0;
    %cmpi/ne 0, 0, 16;
    %jmp/0xz  T_0.148, 6;
    %vpi_call 2 72 "$display", "ASSERTION FAILED in %m: c != 16'b0000000000000000" {0 0 0};
    %vpi_call 2 73 "$finish" {0 0 0};
    %jmp T_0.149;
T_0.148 ;
    %vpi_call 2 75 "$display", "Success! %m: c = 16'b0000000000000000" {0 0 0};
T_0.149 ;
    %load/vec4 v000001dc519f2f50_0;
    %cmpi/ne 38200, 0, 16;
    %jmp/0xz  T_0.150, 6;
    %vpi_call 2 72 "$display", "ASSERTION FAILED in %m: d != 16'b1001010100111000" {0 0 0};
    %vpi_call 2 73 "$finish" {0 0 0};
    %jmp T_0.151;
T_0.150 ;
    %vpi_call 2 75 "$display", "Success! %m: d = 16'b1001010100111000" {0 0 0};
T_0.151 ;
    %pushi/vec4 42676, 0, 16;
    %store/vec4 v000001dc519f13d0_0, 0, 16;
    %pushi/vec4 0, 0, 2;
    %store/vec4 v000001dc519f1fb0_0, 0, 2;
    %delay 1, 0;
    %load/vec4 v000001dc519f1c90_0;
    %cmpi/ne 42676, 0, 16;
    %jmp/0xz  T_0.152, 6;
    %vpi_call 2 74 "$display", "ASSERTION FAILED in %m: a != 16'b1010011010110100" {0 0 0};
    %vpi_call 2 75 "$finish" {0 0 0};
    %jmp T_0.153;
T_0.152 ;
    %vpi_call 2 77 "$display", "Success! %m: a = 16'b1010011010110100" {0 0 0};
T_0.153 ;
    %load/vec4 v000001dc519f2eb0_0;
    %cmpi/ne 0, 0, 16;
    %jmp/0xz  T_0.154, 6;
    %vpi_call 2 74 "$display", "ASSERTION FAILED in %m: b != 16'b0000000000000000" {0 0 0};
    %vpi_call 2 75 "$finish" {0 0 0};
    %jmp T_0.155;
T_0.154 ;
    %vpi_call 2 77 "$display", "Success! %m: b = 16'b0000000000000000" {0 0 0};
T_0.155 ;
    %load/vec4 v000001dc519f2c30_0;
    %cmpi/ne 0, 0, 16;
    %jmp/0xz  T_0.156, 6;
    %vpi_call 2 74 "$display", "ASSERTION FAILED in %m: c != 16'b0000000000000000" {0 0 0};
    %vpi_call 2 75 "$finish" {0 0 0};
    %jmp T_0.157;
T_0.156 ;
    %vpi_call 2 77 "$display", "Success! %m: c = 16'b0000000000000000" {0 0 0};
T_0.157 ;
    %load/vec4 v000001dc519f2f50_0;
    %cmpi/ne 0, 0, 16;
    %jmp/0xz  T_0.158, 6;
    %vpi_call 2 74 "$display", "ASSERTION FAILED in %m: d != 16'b0000000000000000" {0 0 0};
    %vpi_call 2 75 "$finish" {0 0 0};
    %jmp T_0.159;
T_0.158 ;
    %vpi_call 2 77 "$display", "Success! %m: d = 16'b0000000000000000" {0 0 0};
T_0.159 ;
    %pushi/vec4 45005, 0, 16;
    %store/vec4 v000001dc519f13d0_0, 0, 16;
    %pushi/vec4 0, 0, 2;
    %store/vec4 v000001dc519f1fb0_0, 0, 2;
    %delay 1, 0;
    %load/vec4 v000001dc519f1c90_0;
    %cmpi/ne 45005, 0, 16;
    %jmp/0xz  T_0.160, 6;
    %vpi_call 2 76 "$display", "ASSERTION FAILED in %m: a != 16'b1010111111001101" {0 0 0};
    %vpi_call 2 77 "$finish" {0 0 0};
    %jmp T_0.161;
T_0.160 ;
    %vpi_call 2 79 "$display", "Success! %m: a = 16'b1010111111001101" {0 0 0};
T_0.161 ;
    %load/vec4 v000001dc519f2eb0_0;
    %cmpi/ne 0, 0, 16;
    %jmp/0xz  T_0.162, 6;
    %vpi_call 2 76 "$display", "ASSERTION FAILED in %m: b != 16'b0000000000000000" {0 0 0};
    %vpi_call 2 77 "$finish" {0 0 0};
    %jmp T_0.163;
T_0.162 ;
    %vpi_call 2 79 "$display", "Success! %m: b = 16'b0000000000000000" {0 0 0};
T_0.163 ;
    %load/vec4 v000001dc519f2c30_0;
    %cmpi/ne 0, 0, 16;
    %jmp/0xz  T_0.164, 6;
    %vpi_call 2 76 "$display", "ASSERTION FAILED in %m: c != 16'b0000000000000000" {0 0 0};
    %vpi_call 2 77 "$finish" {0 0 0};
    %jmp T_0.165;
T_0.164 ;
    %vpi_call 2 79 "$display", "Success! %m: c = 16'b0000000000000000" {0 0 0};
T_0.165 ;
    %load/vec4 v000001dc519f2f50_0;
    %cmpi/ne 0, 0, 16;
    %jmp/0xz  T_0.166, 6;
    %vpi_call 2 76 "$display", "ASSERTION FAILED in %m: d != 16'b0000000000000000" {0 0 0};
    %vpi_call 2 77 "$finish" {0 0 0};
    %jmp T_0.167;
T_0.166 ;
    %vpi_call 2 79 "$display", "Success! %m: d = 16'b0000000000000000" {0 0 0};
T_0.167 ;
    %pushi/vec4 47667, 0, 16;
    %store/vec4 v000001dc519f13d0_0, 0, 16;
    %pushi/vec4 3, 0, 2;
    %store/vec4 v000001dc519f1fb0_0, 0, 2;
    %delay 1, 0;
    %load/vec4 v000001dc519f1c90_0;
    %cmpi/ne 0, 0, 16;
    %jmp/0xz  T_0.168, 6;
    %vpi_call 2 78 "$display", "ASSERTION FAILED in %m: a != 16'b0000000000000000" {0 0 0};
    %vpi_call 2 79 "$finish" {0 0 0};
    %jmp T_0.169;
T_0.168 ;
    %vpi_call 2 81 "$display", "Success! %m: a = 16'b0000000000000000" {0 0 0};
T_0.169 ;
    %load/vec4 v000001dc519f2eb0_0;
    %cmpi/ne 0, 0, 16;
    %jmp/0xz  T_0.170, 6;
    %vpi_call 2 78 "$display", "ASSERTION FAILED in %m: b != 16'b0000000000000000" {0 0 0};
    %vpi_call 2 79 "$finish" {0 0 0};
    %jmp T_0.171;
T_0.170 ;
    %vpi_call 2 81 "$display", "Success! %m: b = 16'b0000000000000000" {0 0 0};
T_0.171 ;
    %load/vec4 v000001dc519f2c30_0;
    %cmpi/ne 0, 0, 16;
    %jmp/0xz  T_0.172, 6;
    %vpi_call 2 78 "$display", "ASSERTION FAILED in %m: c != 16'b0000000000000000" {0 0 0};
    %vpi_call 2 79 "$finish" {0 0 0};
    %jmp T_0.173;
T_0.172 ;
    %vpi_call 2 81 "$display", "Success! %m: c = 16'b0000000000000000" {0 0 0};
T_0.173 ;
    %load/vec4 v000001dc519f2f50_0;
    %cmpi/ne 47667, 0, 16;
    %jmp/0xz  T_0.174, 6;
    %vpi_call 2 78 "$display", "ASSERTION FAILED in %m: d != 16'b1011101000110011" {0 0 0};
    %vpi_call 2 79 "$finish" {0 0 0};
    %jmp T_0.175;
T_0.174 ;
    %vpi_call 2 81 "$display", "Success! %m: d = 16'b1011101000110011" {0 0 0};
T_0.175 ;
    %pushi/vec4 49193, 0, 16;
    %store/vec4 v000001dc519f13d0_0, 0, 16;
    %pushi/vec4 1, 0, 2;
    %store/vec4 v000001dc519f1fb0_0, 0, 2;
    %delay 1, 0;
    %load/vec4 v000001dc519f1c90_0;
    %cmpi/ne 0, 0, 16;
    %jmp/0xz  T_0.176, 6;
    %vpi_call 2 80 "$display", "ASSERTION FAILED in %m: a != 16'b0000000000000000" {0 0 0};
    %vpi_call 2 81 "$finish" {0 0 0};
    %jmp T_0.177;
T_0.176 ;
    %vpi_call 2 83 "$display", "Success! %m: a = 16'b0000000000000000" {0 0 0};
T_0.177 ;
    %load/vec4 v000001dc519f2eb0_0;
    %cmpi/ne 49193, 0, 16;
    %jmp/0xz  T_0.178, 6;
    %vpi_call 2 80 "$display", "ASSERTION FAILED in %m: b != 16'b1100000000101001" {0 0 0};
    %vpi_call 2 81 "$finish" {0 0 0};
    %jmp T_0.179;
T_0.178 ;
    %vpi_call 2 83 "$display", "Success! %m: b = 16'b1100000000101001" {0 0 0};
T_0.179 ;
    %load/vec4 v000001dc519f2c30_0;
    %cmpi/ne 0, 0, 16;
    %jmp/0xz  T_0.180, 6;
    %vpi_call 2 80 "$display", "ASSERTION FAILED in %m: c != 16'b0000000000000000" {0 0 0};
    %vpi_call 2 81 "$finish" {0 0 0};
    %jmp T_0.181;
T_0.180 ;
    %vpi_call 2 83 "$display", "Success! %m: c = 16'b0000000000000000" {0 0 0};
T_0.181 ;
    %load/vec4 v000001dc519f2f50_0;
    %cmpi/ne 0, 0, 16;
    %jmp/0xz  T_0.182, 6;
    %vpi_call 2 80 "$display", "ASSERTION FAILED in %m: d != 16'b0000000000000000" {0 0 0};
    %vpi_call 2 81 "$finish" {0 0 0};
    %jmp T_0.183;
T_0.182 ;
    %vpi_call 2 83 "$display", "Success! %m: d = 16'b0000000000000000" {0 0 0};
T_0.183 ;
    %pushi/vec4 54263, 0, 16;
    %store/vec4 v000001dc519f13d0_0, 0, 16;
    %pushi/vec4 0, 0, 2;
    %store/vec4 v000001dc519f1fb0_0, 0, 2;
    %delay 1, 0;
    %load/vec4 v000001dc519f1c90_0;
    %cmpi/ne 54263, 0, 16;
    %jmp/0xz  T_0.184, 6;
    %vpi_call 2 82 "$display", "ASSERTION FAILED in %m: a != 16'b1101001111110111" {0 0 0};
    %vpi_call 2 83 "$finish" {0 0 0};
    %jmp T_0.185;
T_0.184 ;
    %vpi_call 2 85 "$display", "Success! %m: a = 16'b1101001111110111" {0 0 0};
T_0.185 ;
    %load/vec4 v000001dc519f2eb0_0;
    %cmpi/ne 0, 0, 16;
    %jmp/0xz  T_0.186, 6;
    %vpi_call 2 82 "$display", "ASSERTION FAILED in %m: b != 16'b0000000000000000" {0 0 0};
    %vpi_call 2 83 "$finish" {0 0 0};
    %jmp T_0.187;
T_0.186 ;
    %vpi_call 2 85 "$display", "Success! %m: b = 16'b0000000000000000" {0 0 0};
T_0.187 ;
    %load/vec4 v000001dc519f2c30_0;
    %cmpi/ne 0, 0, 16;
    %jmp/0xz  T_0.188, 6;
    %vpi_call 2 82 "$display", "ASSERTION FAILED in %m: c != 16'b0000000000000000" {0 0 0};
    %vpi_call 2 83 "$finish" {0 0 0};
    %jmp T_0.189;
T_0.188 ;
    %vpi_call 2 85 "$display", "Success! %m: c = 16'b0000000000000000" {0 0 0};
T_0.189 ;
    %load/vec4 v000001dc519f2f50_0;
    %cmpi/ne 0, 0, 16;
    %jmp/0xz  T_0.190, 6;
    %vpi_call 2 82 "$display", "ASSERTION FAILED in %m: d != 16'b0000000000000000" {0 0 0};
    %vpi_call 2 83 "$finish" {0 0 0};
    %jmp T_0.191;
T_0.190 ;
    %vpi_call 2 85 "$display", "Success! %m: d = 16'b0000000000000000" {0 0 0};
T_0.191 ;
    %pushi/vec4 54321, 0, 16;
    %store/vec4 v000001dc519f13d0_0, 0, 16;
    %pushi/vec4 1, 0, 2;
    %store/vec4 v000001dc519f1fb0_0, 0, 2;
    %delay 1, 0;
    %load/vec4 v000001dc519f1c90_0;
    %cmpi/ne 0, 0, 16;
    %jmp/0xz  T_0.192, 6;
    %vpi_call 2 84 "$display", "ASSERTION FAILED in %m: a != 16'b0000000000000000" {0 0 0};
    %vpi_call 2 85 "$finish" {0 0 0};
    %jmp T_0.193;
T_0.192 ;
    %vpi_call 2 87 "$display", "Success! %m: a = 16'b0000000000000000" {0 0 0};
T_0.193 ;
    %load/vec4 v000001dc519f2eb0_0;
    %cmpi/ne 54321, 0, 16;
    %jmp/0xz  T_0.194, 6;
    %vpi_call 2 84 "$display", "ASSERTION FAILED in %m: b != 16'b1101010000110001" {0 0 0};
    %vpi_call 2 85 "$finish" {0 0 0};
    %jmp T_0.195;
T_0.194 ;
    %vpi_call 2 87 "$display", "Success! %m: b = 16'b1101010000110001" {0 0 0};
T_0.195 ;
    %load/vec4 v000001dc519f2c30_0;
    %cmpi/ne 0, 0, 16;
    %jmp/0xz  T_0.196, 6;
    %vpi_call 2 84 "$display", "ASSERTION FAILED in %m: c != 16'b0000000000000000" {0 0 0};
    %vpi_call 2 85 "$finish" {0 0 0};
    %jmp T_0.197;
T_0.196 ;
    %vpi_call 2 87 "$display", "Success! %m: c = 16'b0000000000000000" {0 0 0};
T_0.197 ;
    %load/vec4 v000001dc519f2f50_0;
    %cmpi/ne 0, 0, 16;
    %jmp/0xz  T_0.198, 6;
    %vpi_call 2 84 "$display", "ASSERTION FAILED in %m: d != 16'b0000000000000000" {0 0 0};
    %vpi_call 2 85 "$finish" {0 0 0};
    %jmp T_0.199;
T_0.198 ;
    %vpi_call 2 87 "$display", "Success! %m: d = 16'b0000000000000000" {0 0 0};
T_0.199 ;
    %pushi/vec4 57482, 0, 16;
    %store/vec4 v000001dc519f13d0_0, 0, 16;
    %pushi/vec4 3, 0, 2;
    %store/vec4 v000001dc519f1fb0_0, 0, 2;
    %delay 1, 0;
    %load/vec4 v000001dc519f1c90_0;
    %cmpi/ne 0, 0, 16;
    %jmp/0xz  T_0.200, 6;
    %vpi_call 2 86 "$display", "ASSERTION FAILED in %m: a != 16'b0000000000000000" {0 0 0};
    %vpi_call 2 87 "$finish" {0 0 0};
    %jmp T_0.201;
T_0.200 ;
    %vpi_call 2 89 "$display", "Success! %m: a = 16'b0000000000000000" {0 0 0};
T_0.201 ;
    %load/vec4 v000001dc519f2eb0_0;
    %cmpi/ne 0, 0, 16;
    %jmp/0xz  T_0.202, 6;
    %vpi_call 2 86 "$display", "ASSERTION FAILED in %m: b != 16'b0000000000000000" {0 0 0};
    %vpi_call 2 87 "$finish" {0 0 0};
    %jmp T_0.203;
T_0.202 ;
    %vpi_call 2 89 "$display", "Success! %m: b = 16'b0000000000000000" {0 0 0};
T_0.203 ;
    %load/vec4 v000001dc519f2c30_0;
    %cmpi/ne 0, 0, 16;
    %jmp/0xz  T_0.204, 6;
    %vpi_call 2 86 "$display", "ASSERTION FAILED in %m: c != 16'b0000000000000000" {0 0 0};
    %vpi_call 2 87 "$finish" {0 0 0};
    %jmp T_0.205;
T_0.204 ;
    %vpi_call 2 89 "$display", "Success! %m: c = 16'b0000000000000000" {0 0 0};
T_0.205 ;
    %load/vec4 v000001dc519f2f50_0;
    %cmpi/ne 57482, 0, 16;
    %jmp/0xz  T_0.206, 6;
    %vpi_call 2 86 "$display", "ASSERTION FAILED in %m: d != 16'b1110000010001010" {0 0 0};
    %vpi_call 2 87 "$finish" {0 0 0};
    %jmp T_0.207;
T_0.206 ;
    %vpi_call 2 89 "$display", "Success! %m: d = 16'b1110000010001010" {0 0 0};
T_0.207 ;
    %pushi/vec4 58261, 0, 16;
    %store/vec4 v000001dc519f13d0_0, 0, 16;
    %pushi/vec4 1, 0, 2;
    %store/vec4 v000001dc519f1fb0_0, 0, 2;
    %delay 1, 0;
    %load/vec4 v000001dc519f1c90_0;
    %cmpi/ne 0, 0, 16;
    %jmp/0xz  T_0.208, 6;
    %vpi_call 2 88 "$display", "ASSERTION FAILED in %m: a != 16'b0000000000000000" {0 0 0};
    %vpi_call 2 89 "$finish" {0 0 0};
    %jmp T_0.209;
T_0.208 ;
    %vpi_call 2 91 "$display", "Success! %m: a = 16'b0000000000000000" {0 0 0};
T_0.209 ;
    %load/vec4 v000001dc519f2eb0_0;
    %cmpi/ne 58261, 0, 16;
    %jmp/0xz  T_0.210, 6;
    %vpi_call 2 88 "$display", "ASSERTION FAILED in %m: b != 16'b1110001110010101" {0 0 0};
    %vpi_call 2 89 "$finish" {0 0 0};
    %jmp T_0.211;
T_0.210 ;
    %vpi_call 2 91 "$display", "Success! %m: b = 16'b1110001110010101" {0 0 0};
T_0.211 ;
    %load/vec4 v000001dc519f2c30_0;
    %cmpi/ne 0, 0, 16;
    %jmp/0xz  T_0.212, 6;
    %vpi_call 2 88 "$display", "ASSERTION FAILED in %m: c != 16'b0000000000000000" {0 0 0};
    %vpi_call 2 89 "$finish" {0 0 0};
    %jmp T_0.213;
T_0.212 ;
    %vpi_call 2 91 "$display", "Success! %m: c = 16'b0000000000000000" {0 0 0};
T_0.213 ;
    %load/vec4 v000001dc519f2f50_0;
    %cmpi/ne 0, 0, 16;
    %jmp/0xz  T_0.214, 6;
    %vpi_call 2 88 "$display", "ASSERTION FAILED in %m: d != 16'b0000000000000000" {0 0 0};
    %vpi_call 2 89 "$finish" {0 0 0};
    %jmp T_0.215;
T_0.214 ;
    %vpi_call 2 91 "$display", "Success! %m: d = 16'b0000000000000000" {0 0 0};
T_0.215 ;
    %pushi/vec4 63424, 0, 16;
    %store/vec4 v000001dc519f13d0_0, 0, 16;
    %pushi/vec4 2, 0, 2;
    %store/vec4 v000001dc519f1fb0_0, 0, 2;
    %delay 1, 0;
    %load/vec4 v000001dc519f1c90_0;
    %cmpi/ne 0, 0, 16;
    %jmp/0xz  T_0.216, 6;
    %vpi_call 2 90 "$display", "ASSERTION FAILED in %m: a != 16'b0000000000000000" {0 0 0};
    %vpi_call 2 91 "$finish" {0 0 0};
    %jmp T_0.217;
T_0.216 ;
    %vpi_call 2 93 "$display", "Success! %m: a = 16'b0000000000000000" {0 0 0};
T_0.217 ;
    %load/vec4 v000001dc519f2eb0_0;
    %cmpi/ne 0, 0, 16;
    %jmp/0xz  T_0.218, 6;
    %vpi_call 2 90 "$display", "ASSERTION FAILED in %m: b != 16'b0000000000000000" {0 0 0};
    %vpi_call 2 91 "$finish" {0 0 0};
    %jmp T_0.219;
T_0.218 ;
    %vpi_call 2 93 "$display", "Success! %m: b = 16'b0000000000000000" {0 0 0};
T_0.219 ;
    %load/vec4 v000001dc519f2c30_0;
    %cmpi/ne 63424, 0, 16;
    %jmp/0xz  T_0.220, 6;
    %vpi_call 2 90 "$display", "ASSERTION FAILED in %m: c != 16'b1111011111000000" {0 0 0};
    %vpi_call 2 91 "$finish" {0 0 0};
    %jmp T_0.221;
T_0.220 ;
    %vpi_call 2 93 "$display", "Success! %m: c = 16'b1111011111000000" {0 0 0};
T_0.221 ;
    %load/vec4 v000001dc519f2f50_0;
    %cmpi/ne 0, 0, 16;
    %jmp/0xz  T_0.222, 6;
    %vpi_call 2 90 "$display", "ASSERTION FAILED in %m: d != 16'b0000000000000000" {0 0 0};
    %vpi_call 2 91 "$finish" {0 0 0};
    %jmp T_0.223;
T_0.222 ;
    %vpi_call 2 93 "$display", "Success! %m: d = 16'b0000000000000000" {0 0 0};
T_0.223 ;
    %pushi/vec4 64689, 0, 16;
    %store/vec4 v000001dc519f13d0_0, 0, 16;
    %pushi/vec4 3, 0, 2;
    %store/vec4 v000001dc519f1fb0_0, 0, 2;
    %delay 1, 0;
    %load/vec4 v000001dc519f1c90_0;
    %cmpi/ne 0, 0, 16;
    %jmp/0xz  T_0.224, 6;
    %vpi_call 2 92 "$display", "ASSERTION FAILED in %m: a != 16'b0000000000000000" {0 0 0};
    %vpi_call 2 93 "$finish" {0 0 0};
    %jmp T_0.225;
T_0.224 ;
    %vpi_call 2 95 "$display", "Success! %m: a = 16'b0000000000000000" {0 0 0};
T_0.225 ;
    %load/vec4 v000001dc519f2eb0_0;
    %cmpi/ne 0, 0, 16;
    %jmp/0xz  T_0.226, 6;
    %vpi_call 2 92 "$display", "ASSERTION FAILED in %m: b != 16'b0000000000000000" {0 0 0};
    %vpi_call 2 93 "$finish" {0 0 0};
    %jmp T_0.227;
T_0.226 ;
    %vpi_call 2 95 "$display", "Success! %m: b = 16'b0000000000000000" {0 0 0};
T_0.227 ;
    %load/vec4 v000001dc519f2c30_0;
    %cmpi/ne 0, 0, 16;
    %jmp/0xz  T_0.228, 6;
    %vpi_call 2 92 "$display", "ASSERTION FAILED in %m: c != 16'b0000000000000000" {0 0 0};
    %vpi_call 2 93 "$finish" {0 0 0};
    %jmp T_0.229;
T_0.228 ;
    %vpi_call 2 95 "$display", "Success! %m: c = 16'b0000000000000000" {0 0 0};
T_0.229 ;
    %load/vec4 v000001dc519f2f50_0;
    %cmpi/ne 64689, 0, 16;
    %jmp/0xz  T_0.230, 6;
    %vpi_call 2 92 "$display", "ASSERTION FAILED in %m: d != 16'b1111110010110001" {0 0 0};
    %vpi_call 2 93 "$finish" {0 0 0};
    %jmp T_0.231;
T_0.230 ;
    %vpi_call 2 95 "$display", "Success! %m: d = 16'b1111110010110001" {0 0 0};
T_0.231 ;
    %pushi/vec4 65535, 0, 16;
    %store/vec4 v000001dc519f13d0_0, 0, 16;
    %pushi/vec4 3, 0, 2;
    %store/vec4 v000001dc519f1fb0_0, 0, 2;
    %delay 1, 0;
    %load/vec4 v000001dc519f1c90_0;
    %cmpi/ne 0, 0, 16;
    %jmp/0xz  T_0.232, 6;
    %vpi_call 2 94 "$display", "ASSERTION FAILED in %m: a != 16'b0000000000000000" {0 0 0};
    %vpi_call 2 95 "$finish" {0 0 0};
    %jmp T_0.233;
T_0.232 ;
    %vpi_call 2 97 "$display", "Success! %m: a = 16'b0000000000000000" {0 0 0};
T_0.233 ;
    %load/vec4 v000001dc519f2eb0_0;
    %cmpi/ne 0, 0, 16;
    %jmp/0xz  T_0.234, 6;
    %vpi_call 2 94 "$display", "ASSERTION FAILED in %m: b != 16'b0000000000000000" {0 0 0};
    %vpi_call 2 95 "$finish" {0 0 0};
    %jmp T_0.235;
T_0.234 ;
    %vpi_call 2 97 "$display", "Success! %m: b = 16'b0000000000000000" {0 0 0};
T_0.235 ;
    %load/vec4 v000001dc519f2c30_0;
    %cmpi/ne 0, 0, 16;
    %jmp/0xz  T_0.236, 6;
    %vpi_call 2 94 "$display", "ASSERTION FAILED in %m: c != 16'b0000000000000000" {0 0 0};
    %vpi_call 2 95 "$finish" {0 0 0};
    %jmp T_0.237;
T_0.236 ;
    %vpi_call 2 97 "$display", "Success! %m: c = 16'b0000000000000000" {0 0 0};
T_0.237 ;
    %load/vec4 v000001dc519f2f50_0;
    %cmpi/ne 65535, 0, 16;
    %jmp/0xz  T_0.238, 6;
    %vpi_call 2 94 "$display", "ASSERTION FAILED in %m: d != 16'b1111111111111111" {0 0 0};
    %vpi_call 2 95 "$finish" {0 0 0};
    %jmp T_0.239;
T_0.238 ;
    %vpi_call 2 97 "$display", "Success! %m: d = 16'b1111111111111111" {0 0 0};
T_0.239 ;
    %end;
    .thread T_0;
# The file index is used to find the file name in the following table.
:file_names 5;
    "N/A";
    "<interactive>";
    ".\tb_DMux4Way16.v";
    "./DMux4Way16.v";
    "./DMux16.v";
