#! /c/Source/iverilog-install/bin/vvp
:ivl_version "12.0 (devel)" "(s20150603-1539-g2693dd32b)";
:ivl_delay_selection "TYPICAL";
:vpi_time_precision + 0;
:vpi_module "C:\iverilog\lib\ivl\system.vpi";
:vpi_module "C:\iverilog\lib\ivl\vhdl_sys.vpi";
:vpi_module "C:\iverilog\lib\ivl\vhdl_textio.vpi";
:vpi_module "C:\iverilog\lib\ivl\v2005_math.vpi";
:vpi_module "C:\iverilog\lib\ivl\va_math.vpi";
S_0000018abd41bda0 .scope module, "tb_Mux" "tb_Mux" 2 17;
 .timescale 0 0;
v0000018abd416800_0 .var "a", 0 0;
v0000018abd4168a0_0 .var "b", 0 0;
v0000018abd416940_0 .net "out", 0 0, L_0000018abd46cb50;  1 drivers
v0000018abd4169e0_0 .var "sel", 0 0;
S_0000018abd418e90 .scope module, "mymodule" "Mux" 2 23, 3 6 0, S_0000018abd41bda0;
 .timescale 0 0;
    .port_info 0 /OUTPUT 1 "out";
    .port_info 1 /INPUT 1 "a";
    .port_info 2 /INPUT 1 "b";
    .port_info 3 /INPUT 1 "sel";
L_0000018abd46cf40 .functor NOT 1, v0000018abd4169e0_0, C4<0>, C4<0>, C4<0>;
L_0000018abd46ca00 .functor AND 1, v0000018abd416800_0, L_0000018abd46cf40, C4<1>, C4<1>;
L_0000018abd46cae0 .functor AND 1, v0000018abd4169e0_0, v0000018abd4168a0_0, C4<1>, C4<1>;
L_0000018abd46cb50 .functor OR 1, L_0000018abd46ca00, L_0000018abd46cae0, C4<0>, C4<0>;
v0000018abd41bf30_0 .net "a", 0 0, v0000018abd416800_0;  1 drivers
v0000018abd419020_0 .net "a1", 0 0, L_0000018abd46ca00;  1 drivers
v0000018abd4190c0_0 .net "b", 0 0, v0000018abd4168a0_0;  1 drivers
v0000018abd419160_0 .net "b1", 0 0, L_0000018abd46cae0;  1 drivers
v0000018abd419200_0 .net "not_sel", 0 0, L_0000018abd46cf40;  1 drivers
v0000018abd4166c0_0 .net "out", 0 0, L_0000018abd46cb50;  alias, 1 drivers
v0000018abd416760_0 .net "sel", 0 0, v0000018abd4169e0_0;  1 drivers
    .scope S_0000018abd41bda0;
T_0 ;
    %vpi_call 2 27 "$dumpfile", "tb_Mux.vcd" {0 0 0};
    %vpi_call 2 28 "$dumpvars", 32'sb00000000000000000000000000000000, S_0000018abd41bda0 {0 0 0};
    %pushi/vec4 0, 0, 1;
    %store/vec4 v0000018abd416800_0, 0, 1;
    %pushi/vec4 0, 0, 1;
    %store/vec4 v0000018abd4168a0_0, 0, 1;
    %pushi/vec4 0, 0, 1;
    %store/vec4 v0000018abd4169e0_0, 0, 1;
    %delay 1, 0;
    %load/vec4 v0000018abd416940_0;
    %cmpi/ne 0, 0, 1;
    %jmp/0xz  T_0.0, 6;
    %vpi_call 2 34 "$display", "ASSERTION FAILED in %m: out != 1'b0" {0 0 0};
    %vpi_call 2 35 "$finish" {0 0 0};
    %jmp T_0.1;
T_0.0 ;
    %vpi_call 2 37 "$display", "Success! %m: out = 1'b0" {0 0 0};
T_0.1 ;
    %pushi/vec4 0, 0, 1;
    %store/vec4 v0000018abd416800_0, 0, 1;
    %pushi/vec4 0, 0, 1;
    %store/vec4 v0000018abd4168a0_0, 0, 1;
    %pushi/vec4 1, 0, 1;
    %store/vec4 v0000018abd4169e0_0, 0, 1;
    %delay 1, 0;
    %load/vec4 v0000018abd416940_0;
    %cmpi/ne 0, 0, 1;
    %jmp/0xz  T_0.2, 6;
    %vpi_call 2 36 "$display", "ASSERTION FAILED in %m: out != 1'b0" {0 0 0};
    %vpi_call 2 37 "$finish" {0 0 0};
    %jmp T_0.3;
T_0.2 ;
    %vpi_call 2 39 "$display", "Success! %m: out = 1'b0" {0 0 0};
T_0.3 ;
    %pushi/vec4 0, 0, 1;
    %store/vec4 v0000018abd416800_0, 0, 1;
    %pushi/vec4 1, 0, 1;
    %store/vec4 v0000018abd4168a0_0, 0, 1;
    %pushi/vec4 0, 0, 1;
    %store/vec4 v0000018abd4169e0_0, 0, 1;
    %delay 1, 0;
    %load/vec4 v0000018abd416940_0;
    %cmpi/ne 0, 0, 1;
    %jmp/0xz  T_0.4, 6;
    %vpi_call 2 38 "$display", "ASSERTION FAILED in %m: out != 1'b0" {0 0 0};
    %vpi_call 2 39 "$finish" {0 0 0};
    %jmp T_0.5;
T_0.4 ;
    %vpi_call 2 41 "$display", "Success! %m: out = 1'b0" {0 0 0};
T_0.5 ;
    %pushi/vec4 0, 0, 1;
    %store/vec4 v0000018abd416800_0, 0, 1;
    %pushi/vec4 1, 0, 1;
    %store/vec4 v0000018abd4168a0_0, 0, 1;
    %pushi/vec4 1, 0, 1;
    %store/vec4 v0000018abd4169e0_0, 0, 1;
    %delay 1, 0;
    %load/vec4 v0000018abd416940_0;
    %cmpi/ne 1, 0, 1;
    %jmp/0xz  T_0.6, 6;
    %vpi_call 2 40 "$display", "ASSERTION FAILED in %m: out != 1'b1" {0 0 0};
    %vpi_call 2 41 "$finish" {0 0 0};
    %jmp T_0.7;
T_0.6 ;
    %vpi_call 2 43 "$display", "Success! %m: out = 1'b1" {0 0 0};
T_0.7 ;
    %pushi/vec4 1, 0, 1;
    %store/vec4 v0000018abd416800_0, 0, 1;
    %pushi/vec4 0, 0, 1;
    %store/vec4 v0000018abd4168a0_0, 0, 1;
    %pushi/vec4 0, 0, 1;
    %store/vec4 v0000018abd4169e0_0, 0, 1;
    %delay 1, 0;
    %load/vec4 v0000018abd416940_0;
    %cmpi/ne 1, 0, 1;
    %jmp/0xz  T_0.8, 6;
    %vpi_call 2 42 "$display", "ASSERTION FAILED in %m: out != 1'b1" {0 0 0};
    %vpi_call 2 43 "$finish" {0 0 0};
    %jmp T_0.9;
T_0.8 ;
    %vpi_call 2 45 "$display", "Success! %m: out = 1'b1" {0 0 0};
T_0.9 ;
    %pushi/vec4 1, 0, 1;
    %store/vec4 v0000018abd416800_0, 0, 1;
    %pushi/vec4 0, 0, 1;
    %store/vec4 v0000018abd4168a0_0, 0, 1;
    %pushi/vec4 1, 0, 1;
    %store/vec4 v0000018abd4169e0_0, 0, 1;
    %delay 1, 0;
    %load/vec4 v0000018abd416940_0;
    %cmpi/ne 0, 0, 1;
    %jmp/0xz  T_0.10, 6;
    %vpi_call 2 44 "$display", "ASSERTION FAILED in %m: out != 1'b0" {0 0 0};
    %vpi_call 2 45 "$finish" {0 0 0};
    %jmp T_0.11;
T_0.10 ;
    %vpi_call 2 47 "$display", "Success! %m: out = 1'b0" {0 0 0};
T_0.11 ;
    %pushi/vec4 1, 0, 1;
    %store/vec4 v0000018abd416800_0, 0, 1;
    %pushi/vec4 1, 0, 1;
    %store/vec4 v0000018abd4168a0_0, 0, 1;
    %pushi/vec4 0, 0, 1;
    %store/vec4 v0000018abd4169e0_0, 0, 1;
    %delay 1, 0;
    %load/vec4 v0000018abd416940_0;
    %cmpi/ne 1, 0, 1;
    %jmp/0xz  T_0.12, 6;
    %vpi_call 2 46 "$display", "ASSERTION FAILED in %m: out != 1'b1" {0 0 0};
    %vpi_call 2 47 "$finish" {0 0 0};
    %jmp T_0.13;
T_0.12 ;
    %vpi_call 2 49 "$display", "Success! %m: out = 1'b1" {0 0 0};
T_0.13 ;
    %pushi/vec4 1, 0, 1;
    %store/vec4 v0000018abd416800_0, 0, 1;
    %pushi/vec4 1, 0, 1;
    %store/vec4 v0000018abd4168a0_0, 0, 1;
    %pushi/vec4 1, 0, 1;
    %store/vec4 v0000018abd4169e0_0, 0, 1;
    %delay 1, 0;
    %load/vec4 v0000018abd416940_0;
    %cmpi/ne 1, 0, 1;
    %jmp/0xz  T_0.14, 6;
    %vpi_call 2 48 "$display", "ASSERTION FAILED in %m: out != 1'b1" {0 0 0};
    %vpi_call 2 49 "$finish" {0 0 0};
    %jmp T_0.15;
T_0.14 ;
    %vpi_call 2 51 "$display", "Success! %m: out = 1'b1" {0 0 0};
T_0.15 ;
    %end;
    .thread T_0;
# The file index is used to find the file name in the following table.
:file_names 4;
    "N/A";
    "<interactive>";
    ".\tb_Mux.v";
    "./Mux.v";
