#! /c/Source/iverilog-install/bin/vvp
:ivl_version "12.0 (devel)" "(s20150603-1539-g2693dd32b)";
:ivl_delay_selection "TYPICAL";
:vpi_time_precision + 0;
:vpi_module "C:\iverilog\lib\ivl\system.vpi";
:vpi_module "C:\iverilog\lib\ivl\vhdl_sys.vpi";
:vpi_module "C:\iverilog\lib\ivl\vhdl_textio.vpi";
:vpi_module "C:\iverilog\lib\ivl\v2005_math.vpi";
:vpi_module "C:\iverilog\lib\ivl\va_math.vpi";
S_00000201912b7630 .scope module, "tb_HalfAdder" "tb_HalfAdder" 2 17;
 .timescale 0 0;
v0000020191292ea0_0 .var "a", 0 0;
v0000020191292f40_0 .var "b", 0 0;
v0000020191292fe0_0 .net "c", 0 0, L_00000201912794b0;  1 drivers
v0000020191293080_0 .net "s", 0 0, L_0000020191279520;  1 drivers
S_00000201912b77c0 .scope module, "mymodule" "HalfAdder" 2 23, 3 6 0, S_00000201912b7630;
 .timescale 0 0;
    .port_info 0 /OUTPUT 1 "s";
    .port_info 1 /OUTPUT 1 "c";
    .port_info 2 /INPUT 1 "a";
    .port_info 3 /INPUT 1 "b";
L_0000020191279520 .functor XOR 1, v0000020191292ea0_0, v0000020191292f40_0, C4<0>, C4<0>;
L_00000201912794b0 .functor AND 1, v0000020191292ea0_0, v0000020191292f40_0, C4<1>, C4<1>;
v000002019127a370_0 .net "a", 0 0, v0000020191292ea0_0;  1 drivers
v00000201912b7950_0 .net "b", 0 0, v0000020191292f40_0;  1 drivers
v0000020191292d60_0 .net "c", 0 0, L_00000201912794b0;  alias, 1 drivers
v0000020191292e00_0 .net "s", 0 0, L_0000020191279520;  alias, 1 drivers
    .scope S_00000201912b7630;
T_0 ;
    %vpi_call 2 27 "$dumpfile", "tb_HalfAdder.vcd" {0 0 0};
    %vpi_call 2 28 "$dumpvars", 32'sb00000000000000000000000000000000, S_00000201912b7630 {0 0 0};
    %pushi/vec4 0, 0, 1;
    %store/vec4 v0000020191292ea0_0, 0, 1;
    %pushi/vec4 0, 0, 1;
    %store/vec4 v0000020191292f40_0, 0, 1;
    %delay 1, 0;
    %load/vec4 v0000020191293080_0;
    %cmpi/ne 0, 0, 1;
    %jmp/0xz  T_0.0, 6;
    %vpi_call 2 34 "$display", "ASSERTION FAILED in %m: s != 1'b0" {0 0 0};
    %vpi_call 2 35 "$finish" {0 0 0};
    %jmp T_0.1;
T_0.0 ;
    %vpi_call 2 37 "$display", "Success! %m: s = 1'b0" {0 0 0};
T_0.1 ;
    %load/vec4 v0000020191292fe0_0;
    %cmpi/ne 0, 0, 1;
    %jmp/0xz  T_0.2, 6;
    %vpi_call 2 34 "$display", "ASSERTION FAILED in %m: c != 1'b0" {0 0 0};
    %vpi_call 2 35 "$finish" {0 0 0};
    %jmp T_0.3;
T_0.2 ;
    %vpi_call 2 37 "$display", "Success! %m: c = 1'b0" {0 0 0};
T_0.3 ;
    %pushi/vec4 0, 0, 1;
    %store/vec4 v0000020191292ea0_0, 0, 1;
    %pushi/vec4 1, 0, 1;
    %store/vec4 v0000020191292f40_0, 0, 1;
    %delay 1, 0;
    %load/vec4 v0000020191293080_0;
    %cmpi/ne 1, 0, 1;
    %jmp/0xz  T_0.4, 6;
    %vpi_call 2 36 "$display", "ASSERTION FAILED in %m: s != 1'b1" {0 0 0};
    %vpi_call 2 37 "$finish" {0 0 0};
    %jmp T_0.5;
T_0.4 ;
    %vpi_call 2 39 "$display", "Success! %m: s = 1'b1" {0 0 0};
T_0.5 ;
    %load/vec4 v0000020191292fe0_0;
    %cmpi/ne 0, 0, 1;
    %jmp/0xz  T_0.6, 6;
    %vpi_call 2 36 "$display", "ASSERTION FAILED in %m: c != 1'b0" {0 0 0};
    %vpi_call 2 37 "$finish" {0 0 0};
    %jmp T_0.7;
T_0.6 ;
    %vpi_call 2 39 "$display", "Success! %m: c = 1'b0" {0 0 0};
T_0.7 ;
    %pushi/vec4 1, 0, 1;
    %store/vec4 v0000020191292ea0_0, 0, 1;
    %pushi/vec4 0, 0, 1;
    %store/vec4 v0000020191292f40_0, 0, 1;
    %delay 1, 0;
    %load/vec4 v0000020191293080_0;
    %cmpi/ne 1, 0, 1;
    %jmp/0xz  T_0.8, 6;
    %vpi_call 2 38 "$display", "ASSERTION FAILED in %m: s != 1'b1" {0 0 0};
    %vpi_call 2 39 "$finish" {0 0 0};
    %jmp T_0.9;
T_0.8 ;
    %vpi_call 2 41 "$display", "Success! %m: s = 1'b1" {0 0 0};
T_0.9 ;
    %load/vec4 v0000020191292fe0_0;
    %cmpi/ne 0, 0, 1;
    %jmp/0xz  T_0.10, 6;
    %vpi_call 2 38 "$display", "ASSERTION FAILED in %m: c != 1'b0" {0 0 0};
    %vpi_call 2 39 "$finish" {0 0 0};
    %jmp T_0.11;
T_0.10 ;
    %vpi_call 2 41 "$display", "Success! %m: c = 1'b0" {0 0 0};
T_0.11 ;
    %pushi/vec4 1, 0, 1;
    %store/vec4 v0000020191292ea0_0, 0, 1;
    %pushi/vec4 1, 0, 1;
    %store/vec4 v0000020191292f40_0, 0, 1;
    %delay 1, 0;
    %load/vec4 v0000020191293080_0;
    %cmpi/ne 0, 0, 1;
    %jmp/0xz  T_0.12, 6;
    %vpi_call 2 40 "$display", "ASSERTION FAILED in %m: s != 1'b0" {0 0 0};
    %vpi_call 2 41 "$finish" {0 0 0};
    %jmp T_0.13;
T_0.12 ;
    %vpi_call 2 43 "$display", "Success! %m: s = 1'b0" {0 0 0};
T_0.13 ;
    %load/vec4 v0000020191292fe0_0;
    %cmpi/ne 1, 0, 1;
    %jmp/0xz  T_0.14, 6;
    %vpi_call 2 40 "$display", "ASSERTION FAILED in %m: c != 1'b1" {0 0 0};
    %vpi_call 2 41 "$finish" {0 0 0};
    %jmp T_0.15;
T_0.14 ;
    %vpi_call 2 43 "$display", "Success! %m: c = 1'b1" {0 0 0};
T_0.15 ;
    %end;
    .thread T_0;
# The file index is used to find the file name in the following table.
:file_names 4;
    "N/A";
    "<interactive>";
    "tb_HalfAdder.v";
    "./HalfAdder.v";
