#! /c/Source/iverilog-install/bin/vvp
:ivl_version "12.0 (devel)" "(s20150603-1539-g2693dd32b)";
:ivl_delay_selection "TYPICAL";
:vpi_time_precision + 0;
:vpi_module "C:\iverilog\lib\ivl\system.vpi";
:vpi_module "C:\iverilog\lib\ivl\vhdl_sys.vpi";
:vpi_module "C:\iverilog\lib\ivl\vhdl_textio.vpi";
:vpi_module "C:\iverilog\lib\ivl\v2005_math.vpi";
:vpi_module "C:\iverilog\lib\ivl\va_math.vpi";
S_000002233bfdb160 .scope module, "tb_DMux4Way" "tb_DMux4Way" 2 17;
 .timescale 0 0;
v000002233c0b3940_0 .net "a", 0 0, L_000002233c03be60;  1 drivers
v000002233c0b4200_0 .net "b", 0 0, L_000002233c03c4f0;  1 drivers
v000002233c0b3ee0_0 .net "c", 0 0, L_000002233c03c1e0;  1 drivers
v000002233c0b4340_0 .net "d", 0 0, L_000002233c03c2c0;  1 drivers
v000002233c0b43e0_0 .var "in", 0 0;
v000002233c0b4660_0 .var "sel", 1 0;
S_000002233bfdbda0 .scope module, "mymodule" "DMux4Way" 2 25, 3 8 0, S_000002233bfdb160;
 .timescale 0 0;
    .port_info 0 /OUTPUT 1 "a";
    .port_info 1 /OUTPUT 1 "b";
    .port_info 2 /OUTPUT 1 "c";
    .port_info 3 /OUTPUT 1 "d";
    .port_info 4 /INPUT 1 "in";
    .port_info 5 /INPUT 2 "sel";
v000002233c0b3d00_0 .net "DMux0AB", 0 0, L_000002233c03bca0;  1 drivers
v000002233c0b4520_0 .net "DMux0CD", 0 0, L_000002233c03c170;  1 drivers
v000002233c0b40c0_0 .net "a", 0 0, L_000002233c03be60;  alias, 1 drivers
v000002233c0b3da0_0 .net "b", 0 0, L_000002233c03c4f0;  alias, 1 drivers
v000002233c0b3bc0_0 .net "c", 0 0, L_000002233c03c1e0;  alias, 1 drivers
v000002233c0b3c60_0 .net "d", 0 0, L_000002233c03c2c0;  alias, 1 drivers
v000002233c0b4160_0 .net "in", 0 0, v000002233c0b43e0_0;  1 drivers
v000002233c0b3e40_0 .net "sel", 1 0, v000002233c0b4660_0;  1 drivers
L_000002233c0b4700 .part v000002233c0b4660_0, 1, 1;
L_000002233c0b6750 .part v000002233c0b4660_0, 0, 1;
L_000002233c0b62f0 .part v000002233c0b4660_0, 0, 1;
S_000002233c01e220 .scope module, "DMux_module0" "DMux" 3 14, 4 6 0, S_000002233bfdbda0;
 .timescale 0 0;
    .port_info 0 /OUTPUT 1 "a";
    .port_info 1 /OUTPUT 1 "b";
    .port_info 2 /INPUT 1 "in";
    .port_info 3 /INPUT 1 "sel";
L_000002233c03c250 .functor NOT 1, L_000002233c0b4700, C4<0>, C4<0>, C4<0>;
L_000002233c03bca0 .functor AND 1, v000002233c0b43e0_0, L_000002233c03c250, C4<1>, C4<1>;
L_000002233c03c170 .functor AND 1, L_000002233c0b4700, v000002233c0b43e0_0, C4<1>, C4<1>;
v000002233bfdbf30_0 .net "a", 0 0, L_000002233c03bca0;  alias, 1 drivers
v000002233c01e3b0_0 .net "b", 0 0, L_000002233c03c170;  alias, 1 drivers
v000002233c01ff00_0 .net "in", 0 0, v000002233c0b43e0_0;  alias, 1 drivers
v000002233c01ffa0_0 .net "not_sel", 0 0, L_000002233c03c250;  1 drivers
v000002233c01f6a0_0 .net "sel", 0 0, L_000002233c0b4700;  1 drivers
S_000002233c024960 .scope module, "DMux_moduleOutAB" "DMux" 3 15, 4 6 0, S_000002233bfdbda0;
 .timescale 0 0;
    .port_info 0 /OUTPUT 1 "a";
    .port_info 1 /OUTPUT 1 "b";
    .port_info 2 /INPUT 1 "in";
    .port_info 3 /INPUT 1 "sel";
L_000002233c03bdf0 .functor NOT 1, L_000002233c0b6750, C4<0>, C4<0>, C4<0>;
L_000002233c03be60 .functor AND 1, L_000002233c03bca0, L_000002233c03bdf0, C4<1>, C4<1>;
L_000002233c03c4f0 .functor AND 1, L_000002233c0b6750, L_000002233c03bca0, C4<1>, C4<1>;
v000002233c0b4020_0 .net "a", 0 0, L_000002233c03be60;  alias, 1 drivers
v000002233c0b45c0_0 .net "b", 0 0, L_000002233c03c4f0;  alias, 1 drivers
v000002233c0b3b20_0 .net "in", 0 0, L_000002233c03bca0;  alias, 1 drivers
v000002233c0b47a0_0 .net "not_sel", 0 0, L_000002233c03bdf0;  1 drivers
v000002233c0b3f80_0 .net "sel", 0 0, L_000002233c0b6750;  1 drivers
S_000002233c024af0 .scope module, "DMux_moduleOutCD" "DMux" 3 16, 4 6 0, S_000002233bfdbda0;
 .timescale 0 0;
    .port_info 0 /OUTPUT 1 "a";
    .port_info 1 /OUTPUT 1 "b";
    .port_info 2 /INPUT 1 "in";
    .port_info 3 /INPUT 1 "sel";
L_000002233c03bed0 .functor NOT 1, L_000002233c0b62f0, C4<0>, C4<0>, C4<0>;
L_000002233c03c1e0 .functor AND 1, L_000002233c03c170, L_000002233c03bed0, C4<1>, C4<1>;
L_000002233c03c2c0 .functor AND 1, L_000002233c0b62f0, L_000002233c03c170, C4<1>, C4<1>;
v000002233c0b39e0_0 .net "a", 0 0, L_000002233c03c1e0;  alias, 1 drivers
v000002233c0b3a80_0 .net "b", 0 0, L_000002233c03c2c0;  alias, 1 drivers
v000002233c0b4840_0 .net "in", 0 0, L_000002233c03c170;  alias, 1 drivers
v000002233c0b42a0_0 .net "not_sel", 0 0, L_000002233c03bed0;  1 drivers
v000002233c0b4480_0 .net "sel", 0 0, L_000002233c0b62f0;  1 drivers
    .scope S_000002233bfdb160;
T_0 ;
    %vpi_call 2 29 "$dumpfile", "tb_DMux4Way.vcd" {0 0 0};
    %vpi_call 2 30 "$dumpvars", 32'sb00000000000000000000000000000000, S_000002233bfdb160 {0 0 0};
    %pushi/vec4 0, 0, 1;
    %store/vec4 v000002233c0b43e0_0, 0, 1;
    %pushi/vec4 0, 0, 2;
    %store/vec4 v000002233c0b4660_0, 0, 2;
    %delay 1, 0;
    %load/vec4 v000002233c0b3940_0;
    %cmpi/ne 0, 0, 1;
    %jmp/0xz  T_0.0, 6;
    %vpi_call 2 36 "$display", "ASSERTION FAILED in %m: a != 1'b0" {0 0 0};
    %vpi_call 2 37 "$finish" {0 0 0};
    %jmp T_0.1;
T_0.0 ;
    %vpi_call 2 39 "$display", "Success! %m: a = 1'b0" {0 0 0};
T_0.1 ;
    %load/vec4 v000002233c0b4200_0;
    %cmpi/ne 0, 0, 1;
    %jmp/0xz  T_0.2, 6;
    %vpi_call 2 36 "$display", "ASSERTION FAILED in %m: b != 1'b0" {0 0 0};
    %vpi_call 2 37 "$finish" {0 0 0};
    %jmp T_0.3;
T_0.2 ;
    %vpi_call 2 39 "$display", "Success! %m: b = 1'b0" {0 0 0};
T_0.3 ;
    %load/vec4 v000002233c0b3ee0_0;
    %cmpi/ne 0, 0, 1;
    %jmp/0xz  T_0.4, 6;
    %vpi_call 2 36 "$display", "ASSERTION FAILED in %m: c != 1'b0" {0 0 0};
    %vpi_call 2 37 "$finish" {0 0 0};
    %jmp T_0.5;
T_0.4 ;
    %vpi_call 2 39 "$display", "Success! %m: c = 1'b0" {0 0 0};
T_0.5 ;
    %load/vec4 v000002233c0b4340_0;
    %cmpi/ne 0, 0, 1;
    %jmp/0xz  T_0.6, 6;
    %vpi_call 2 36 "$display", "ASSERTION FAILED in %m: d != 1'b0" {0 0 0};
    %vpi_call 2 37 "$finish" {0 0 0};
    %jmp T_0.7;
T_0.6 ;
    %vpi_call 2 39 "$display", "Success! %m: d = 1'b0" {0 0 0};
T_0.7 ;
    %pushi/vec4 0, 0, 1;
    %store/vec4 v000002233c0b43e0_0, 0, 1;
    %pushi/vec4 1, 0, 2;
    %store/vec4 v000002233c0b4660_0, 0, 2;
    %delay 1, 0;
    %load/vec4 v000002233c0b3940_0;
    %cmpi/ne 0, 0, 1;
    %jmp/0xz  T_0.8, 6;
    %vpi_call 2 38 "$display", "ASSERTION FAILED in %m: a != 1'b0" {0 0 0};
    %vpi_call 2 39 "$finish" {0 0 0};
    %jmp T_0.9;
T_0.8 ;
    %vpi_call 2 41 "$display", "Success! %m: a = 1'b0" {0 0 0};
T_0.9 ;
    %load/vec4 v000002233c0b4200_0;
    %cmpi/ne 0, 0, 1;
    %jmp/0xz  T_0.10, 6;
    %vpi_call 2 38 "$display", "ASSERTION FAILED in %m: b != 1'b0" {0 0 0};
    %vpi_call 2 39 "$finish" {0 0 0};
    %jmp T_0.11;
T_0.10 ;
    %vpi_call 2 41 "$display", "Success! %m: b = 1'b0" {0 0 0};
T_0.11 ;
    %load/vec4 v000002233c0b3ee0_0;
    %cmpi/ne 0, 0, 1;
    %jmp/0xz  T_0.12, 6;
    %vpi_call 2 38 "$display", "ASSERTION FAILED in %m: c != 1'b0" {0 0 0};
    %vpi_call 2 39 "$finish" {0 0 0};
    %jmp T_0.13;
T_0.12 ;
    %vpi_call 2 41 "$display", "Success! %m: c = 1'b0" {0 0 0};
T_0.13 ;
    %load/vec4 v000002233c0b4340_0;
    %cmpi/ne 0, 0, 1;
    %jmp/0xz  T_0.14, 6;
    %vpi_call 2 38 "$display", "ASSERTION FAILED in %m: d != 1'b0" {0 0 0};
    %vpi_call 2 39 "$finish" {0 0 0};
    %jmp T_0.15;
T_0.14 ;
    %vpi_call 2 41 "$display", "Success! %m: d = 1'b0" {0 0 0};
T_0.15 ;
    %pushi/vec4 0, 0, 1;
    %store/vec4 v000002233c0b43e0_0, 0, 1;
    %pushi/vec4 2, 0, 2;
    %store/vec4 v000002233c0b4660_0, 0, 2;
    %delay 1, 0;
    %load/vec4 v000002233c0b3940_0;
    %cmpi/ne 0, 0, 1;
    %jmp/0xz  T_0.16, 6;
    %vpi_call 2 40 "$display", "ASSERTION FAILED in %m: a != 1'b0" {0 0 0};
    %vpi_call 2 41 "$finish" {0 0 0};
    %jmp T_0.17;
T_0.16 ;
    %vpi_call 2 43 "$display", "Success! %m: a = 1'b0" {0 0 0};
T_0.17 ;
    %load/vec4 v000002233c0b4200_0;
    %cmpi/ne 0, 0, 1;
    %jmp/0xz  T_0.18, 6;
    %vpi_call 2 40 "$display", "ASSERTION FAILED in %m: b != 1'b0" {0 0 0};
    %vpi_call 2 41 "$finish" {0 0 0};
    %jmp T_0.19;
T_0.18 ;
    %vpi_call 2 43 "$display", "Success! %m: b = 1'b0" {0 0 0};
T_0.19 ;
    %load/vec4 v000002233c0b3ee0_0;
    %cmpi/ne 0, 0, 1;
    %jmp/0xz  T_0.20, 6;
    %vpi_call 2 40 "$display", "ASSERTION FAILED in %m: c != 1'b0" {0 0 0};
    %vpi_call 2 41 "$finish" {0 0 0};
    %jmp T_0.21;
T_0.20 ;
    %vpi_call 2 43 "$display", "Success! %m: c = 1'b0" {0 0 0};
T_0.21 ;
    %load/vec4 v000002233c0b4340_0;
    %cmpi/ne 0, 0, 1;
    %jmp/0xz  T_0.22, 6;
    %vpi_call 2 40 "$display", "ASSERTION FAILED in %m: d != 1'b0" {0 0 0};
    %vpi_call 2 41 "$finish" {0 0 0};
    %jmp T_0.23;
T_0.22 ;
    %vpi_call 2 43 "$display", "Success! %m: d = 1'b0" {0 0 0};
T_0.23 ;
    %pushi/vec4 0, 0, 1;
    %store/vec4 v000002233c0b43e0_0, 0, 1;
    %pushi/vec4 3, 0, 2;
    %store/vec4 v000002233c0b4660_0, 0, 2;
    %delay 1, 0;
    %load/vec4 v000002233c0b3940_0;
    %cmpi/ne 0, 0, 1;
    %jmp/0xz  T_0.24, 6;
    %vpi_call 2 42 "$display", "ASSERTION FAILED in %m: a != 1'b0" {0 0 0};
    %vpi_call 2 43 "$finish" {0 0 0};
    %jmp T_0.25;
T_0.24 ;
    %vpi_call 2 45 "$display", "Success! %m: a = 1'b0" {0 0 0};
T_0.25 ;
    %load/vec4 v000002233c0b4200_0;
    %cmpi/ne 0, 0, 1;
    %jmp/0xz  T_0.26, 6;
    %vpi_call 2 42 "$display", "ASSERTION FAILED in %m: b != 1'b0" {0 0 0};
    %vpi_call 2 43 "$finish" {0 0 0};
    %jmp T_0.27;
T_0.26 ;
    %vpi_call 2 45 "$display", "Success! %m: b = 1'b0" {0 0 0};
T_0.27 ;
    %load/vec4 v000002233c0b3ee0_0;
    %cmpi/ne 0, 0, 1;
    %jmp/0xz  T_0.28, 6;
    %vpi_call 2 42 "$display", "ASSERTION FAILED in %m: c != 1'b0" {0 0 0};
    %vpi_call 2 43 "$finish" {0 0 0};
    %jmp T_0.29;
T_0.28 ;
    %vpi_call 2 45 "$display", "Success! %m: c = 1'b0" {0 0 0};
T_0.29 ;
    %load/vec4 v000002233c0b4340_0;
    %cmpi/ne 0, 0, 1;
    %jmp/0xz  T_0.30, 6;
    %vpi_call 2 42 "$display", "ASSERTION FAILED in %m: d != 1'b0" {0 0 0};
    %vpi_call 2 43 "$finish" {0 0 0};
    %jmp T_0.31;
T_0.30 ;
    %vpi_call 2 45 "$display", "Success! %m: d = 1'b0" {0 0 0};
T_0.31 ;
    %pushi/vec4 1, 0, 1;
    %store/vec4 v000002233c0b43e0_0, 0, 1;
    %pushi/vec4 0, 0, 2;
    %store/vec4 v000002233c0b4660_0, 0, 2;
    %delay 1, 0;
    %load/vec4 v000002233c0b3940_0;
    %cmpi/ne 1, 0, 1;
    %jmp/0xz  T_0.32, 6;
    %vpi_call 2 44 "$display", "ASSERTION FAILED in %m: a != 1'b1" {0 0 0};
    %vpi_call 2 45 "$finish" {0 0 0};
    %jmp T_0.33;
T_0.32 ;
    %vpi_call 2 47 "$display", "Success! %m: a = 1'b1" {0 0 0};
T_0.33 ;
    %load/vec4 v000002233c0b4200_0;
    %cmpi/ne 0, 0, 1;
    %jmp/0xz  T_0.34, 6;
    %vpi_call 2 44 "$display", "ASSERTION FAILED in %m: b != 1'b0" {0 0 0};
    %vpi_call 2 45 "$finish" {0 0 0};
    %jmp T_0.35;
T_0.34 ;
    %vpi_call 2 47 "$display", "Success! %m: b = 1'b0" {0 0 0};
T_0.35 ;
    %load/vec4 v000002233c0b3ee0_0;
    %cmpi/ne 0, 0, 1;
    %jmp/0xz  T_0.36, 6;
    %vpi_call 2 44 "$display", "ASSERTION FAILED in %m: c != 1'b0" {0 0 0};
    %vpi_call 2 45 "$finish" {0 0 0};
    %jmp T_0.37;
T_0.36 ;
    %vpi_call 2 47 "$display", "Success! %m: c = 1'b0" {0 0 0};
T_0.37 ;
    %load/vec4 v000002233c0b4340_0;
    %cmpi/ne 0, 0, 1;
    %jmp/0xz  T_0.38, 6;
    %vpi_call 2 44 "$display", "ASSERTION FAILED in %m: d != 1'b0" {0 0 0};
    %vpi_call 2 45 "$finish" {0 0 0};
    %jmp T_0.39;
T_0.38 ;
    %vpi_call 2 47 "$display", "Success! %m: d = 1'b0" {0 0 0};
T_0.39 ;
    %pushi/vec4 1, 0, 1;
    %store/vec4 v000002233c0b43e0_0, 0, 1;
    %pushi/vec4 1, 0, 2;
    %store/vec4 v000002233c0b4660_0, 0, 2;
    %delay 1, 0;
    %load/vec4 v000002233c0b3940_0;
    %cmpi/ne 0, 0, 1;
    %jmp/0xz  T_0.40, 6;
    %vpi_call 2 46 "$display", "ASSERTION FAILED in %m: a != 1'b0" {0 0 0};
    %vpi_call 2 47 "$finish" {0 0 0};
    %jmp T_0.41;
T_0.40 ;
    %vpi_call 2 49 "$display", "Success! %m: a = 1'b0" {0 0 0};
T_0.41 ;
    %load/vec4 v000002233c0b4200_0;
    %cmpi/ne 1, 0, 1;
    %jmp/0xz  T_0.42, 6;
    %vpi_call 2 46 "$display", "ASSERTION FAILED in %m: b != 1'b1" {0 0 0};
    %vpi_call 2 47 "$finish" {0 0 0};
    %jmp T_0.43;
T_0.42 ;
    %vpi_call 2 49 "$display", "Success! %m: b = 1'b1" {0 0 0};
T_0.43 ;
    %load/vec4 v000002233c0b3ee0_0;
    %cmpi/ne 0, 0, 1;
    %jmp/0xz  T_0.44, 6;
    %vpi_call 2 46 "$display", "ASSERTION FAILED in %m: c != 1'b0" {0 0 0};
    %vpi_call 2 47 "$finish" {0 0 0};
    %jmp T_0.45;
T_0.44 ;
    %vpi_call 2 49 "$display", "Success! %m: c = 1'b0" {0 0 0};
T_0.45 ;
    %load/vec4 v000002233c0b4340_0;
    %cmpi/ne 0, 0, 1;
    %jmp/0xz  T_0.46, 6;
    %vpi_call 2 46 "$display", "ASSERTION FAILED in %m: d != 1'b0" {0 0 0};
    %vpi_call 2 47 "$finish" {0 0 0};
    %jmp T_0.47;
T_0.46 ;
    %vpi_call 2 49 "$display", "Success! %m: d = 1'b0" {0 0 0};
T_0.47 ;
    %pushi/vec4 1, 0, 1;
    %store/vec4 v000002233c0b43e0_0, 0, 1;
    %pushi/vec4 2, 0, 2;
    %store/vec4 v000002233c0b4660_0, 0, 2;
    %delay 1, 0;
    %load/vec4 v000002233c0b3940_0;
    %cmpi/ne 0, 0, 1;
    %jmp/0xz  T_0.48, 6;
    %vpi_call 2 48 "$display", "ASSERTION FAILED in %m: a != 1'b0" {0 0 0};
    %vpi_call 2 49 "$finish" {0 0 0};
    %jmp T_0.49;
T_0.48 ;
    %vpi_call 2 51 "$display", "Success! %m: a = 1'b0" {0 0 0};
T_0.49 ;
    %load/vec4 v000002233c0b4200_0;
    %cmpi/ne 0, 0, 1;
    %jmp/0xz  T_0.50, 6;
    %vpi_call 2 48 "$display", "ASSERTION FAILED in %m: b != 1'b0" {0 0 0};
    %vpi_call 2 49 "$finish" {0 0 0};
    %jmp T_0.51;
T_0.50 ;
    %vpi_call 2 51 "$display", "Success! %m: b = 1'b0" {0 0 0};
T_0.51 ;
    %load/vec4 v000002233c0b3ee0_0;
    %cmpi/ne 1, 0, 1;
    %jmp/0xz  T_0.52, 6;
    %vpi_call 2 48 "$display", "ASSERTION FAILED in %m: c != 1'b1" {0 0 0};
    %vpi_call 2 49 "$finish" {0 0 0};
    %jmp T_0.53;
T_0.52 ;
    %vpi_call 2 51 "$display", "Success! %m: c = 1'b1" {0 0 0};
T_0.53 ;
    %load/vec4 v000002233c0b4340_0;
    %cmpi/ne 0, 0, 1;
    %jmp/0xz  T_0.54, 6;
    %vpi_call 2 48 "$display", "ASSERTION FAILED in %m: d != 1'b0" {0 0 0};
    %vpi_call 2 49 "$finish" {0 0 0};
    %jmp T_0.55;
T_0.54 ;
    %vpi_call 2 51 "$display", "Success! %m: d = 1'b0" {0 0 0};
T_0.55 ;
    %pushi/vec4 1, 0, 1;
    %store/vec4 v000002233c0b43e0_0, 0, 1;
    %pushi/vec4 3, 0, 2;
    %store/vec4 v000002233c0b4660_0, 0, 2;
    %delay 1, 0;
    %load/vec4 v000002233c0b3940_0;
    %cmpi/ne 0, 0, 1;
    %jmp/0xz  T_0.56, 6;
    %vpi_call 2 50 "$display", "ASSERTION FAILED in %m: a != 1'b0" {0 0 0};
    %vpi_call 2 51 "$finish" {0 0 0};
    %jmp T_0.57;
T_0.56 ;
    %vpi_call 2 53 "$display", "Success! %m: a = 1'b0" {0 0 0};
T_0.57 ;
    %load/vec4 v000002233c0b4200_0;
    %cmpi/ne 0, 0, 1;
    %jmp/0xz  T_0.58, 6;
    %vpi_call 2 50 "$display", "ASSERTION FAILED in %m: b != 1'b0" {0 0 0};
    %vpi_call 2 51 "$finish" {0 0 0};
    %jmp T_0.59;
T_0.58 ;
    %vpi_call 2 53 "$display", "Success! %m: b = 1'b0" {0 0 0};
T_0.59 ;
    %load/vec4 v000002233c0b3ee0_0;
    %cmpi/ne 0, 0, 1;
    %jmp/0xz  T_0.60, 6;
    %vpi_call 2 50 "$display", "ASSERTION FAILED in %m: c != 1'b0" {0 0 0};
    %vpi_call 2 51 "$finish" {0 0 0};
    %jmp T_0.61;
T_0.60 ;
    %vpi_call 2 53 "$display", "Success! %m: c = 1'b0" {0 0 0};
T_0.61 ;
    %load/vec4 v000002233c0b4340_0;
    %cmpi/ne 1, 0, 1;
    %jmp/0xz  T_0.62, 6;
    %vpi_call 2 50 "$display", "ASSERTION FAILED in %m: d != 1'b1" {0 0 0};
    %vpi_call 2 51 "$finish" {0 0 0};
    %jmp T_0.63;
T_0.62 ;
    %vpi_call 2 53 "$display", "Success! %m: d = 1'b1" {0 0 0};
T_0.63 ;
    %end;
    .thread T_0;
# The file index is used to find the file name in the following table.
:file_names 5;
    "N/A";
    "<interactive>";
    ".\tb_DMux4Way.v";
    "./DMux4Way.v";
    "./DMux.v";
