#! /c/Source/iverilog-install/bin/vvp
:ivl_version "12.0 (devel)" "(s20150603-1539-g2693dd32b)";
:ivl_delay_selection "TYPICAL";
:vpi_time_precision + 0;
:vpi_module "C:\iverilog\lib\ivl\system.vpi";
:vpi_module "C:\iverilog\lib\ivl\vhdl_sys.vpi";
:vpi_module "C:\iverilog\lib\ivl\vhdl_textio.vpi";
:vpi_module "C:\iverilog\lib\ivl\v2005_math.vpi";
:vpi_module "C:\iverilog\lib\ivl\va_math.vpi";
S_000002138d3f2790 .scope module, "tb_Mux4Way16" "tb_Mux4Way16" 2 17;
 .timescale 0 0;
v000002138d499b10_0 .var "a", 15 0;
v000002138d4999d0_0 .var "b", 15 0;
v000002138d499250_0 .var "c", 15 0;
v000002138d4996b0_0 .var "d", 15 0;
v000002138d499930_0 .net "out", 15 0, L_000002138d4adf20;  1 drivers
v000002138d499bb0_0 .var "sel", 1 0;
S_000002138d369160 .scope module, "mymodule" "Mux4Way16" 2 25, 3 8 0, S_000002138d3f2790;
 .timescale 0 0;
    .port_info 0 /OUTPUT 16 "out";
    .port_info 1 /INPUT 16 "in_A";
    .port_info 2 /INPUT 16 "in_B";
    .port_info 3 /INPUT 16 "in_C";
    .port_info 4 /INPUT 16 "in_D";
    .port_info 5 /INPUT 2 "sel";
v000002138d497bd0_0 .net "in_A", 15 0, v000002138d499b10_0;  1 drivers
v000002138d497c70_0 .net "in_B", 15 0, v000002138d4999d0_0;  1 drivers
v000002138d497db0_0 .net "in_C", 15 0, v000002138d499250_0;  1 drivers
v000002138d498b70_0 .net "in_D", 15 0, v000002138d4996b0_0;  1 drivers
v000002138d499750_0 .net "mux16_AB", 15 0, L_000002138d49d580;  1 drivers
v000002138d499890_0 .net "mux16_CD", 15 0, L_000002138d4ad2a0;  1 drivers
v000002138d498df0_0 .net "out", 15 0, L_000002138d4adf20;  alias, 1 drivers
v000002138d4997f0_0 .net "sel", 1 0, v000002138d499bb0_0;  1 drivers
L_000002138d49b5a0 .part v000002138d499bb0_0, 0, 1;
L_000002138d4abe00 .part v000002138d499bb0_0, 0, 1;
L_000002138d4aee20 .part v000002138d499bb0_0, 1, 1;
S_000002138d3692f0 .scope module, "mux_moduleAB" "Mux16" 3 14, 4 6 0, S_000002138d369160;
 .timescale 0 0;
    .port_info 0 /OUTPUT 16 "out";
    .port_info 1 /INPUT 16 "a";
    .port_info 2 /INPUT 16 "b";
    .port_info 3 /INPUT 1 "sel";
L_000002138d49a0f0 .functor NOT 1, L_000002138d49b5a0, C4<0>, C4<0>, C4<0>;
v000002138d485b10_0 .net *"_ivl_0", 0 0, L_000002138d3ec910;  1 drivers
v000002138d487370_0 .net *"_ivl_10", 0 0, L_000002138d3ece50;  1 drivers
v000002138d486dd0_0 .net *"_ivl_100", 0 0, L_000002138d49a320;  1 drivers
v000002138d4861f0_0 .net *"_ivl_103", 0 0, L_000002138d49ae10;  1 drivers
v000002138d486150_0 .net *"_ivl_106", 0 0, L_000002138d49a240;  1 drivers
v000002138d486970_0 .net *"_ivl_110", 0 0, L_000002138d49af60;  1 drivers
v000002138d487550_0 .net *"_ivl_113", 0 0, L_000002138d49a470;  1 drivers
v000002138d485890_0 .net *"_ivl_116", 0 0, L_000002138d49ab70;  1 drivers
v000002138d486330_0 .net *"_ivl_120", 0 0, L_000002138d49abe0;  1 drivers
v000002138d486470_0 .net *"_ivl_123", 0 0, L_000002138d49a4e0;  1 drivers
v000002138d485d90_0 .net *"_ivl_126", 0 0, L_000002138d49a400;  1 drivers
v000002138d4865b0_0 .net *"_ivl_13", 0 0, L_000002138d3ecfa0;  1 drivers
v000002138d486ab0_0 .net *"_ivl_130", 0 0, L_000002138d49a8d0;  1 drivers
v000002138d486b50_0 .net *"_ivl_133", 0 0, L_000002138d49ae80;  1 drivers
v000002138d487230_0 .net *"_ivl_136", 0 0, L_000002138d49a390;  1 drivers
v000002138d4856b0_0 .net *"_ivl_140", 0 0, L_000002138d49a940;  1 drivers
v000002138d4866f0_0 .net *"_ivl_143", 0 0, L_000002138d49a080;  1 drivers
v000002138d485930_0 .net *"_ivl_146", 0 0, L_000002138d49ad30;  1 drivers
v000002138d4859d0_0 .net *"_ivl_150", 0 0, L_000002138d49aa90;  1 drivers
v000002138d486a10_0 .net *"_ivl_154", 0 0, L_000002138d49aa20;  1 drivers
v000002138d486bf0_0 .net *"_ivl_158", 0 0, L_000002138d49a9b0;  1 drivers
v000002138d485bb0_0 .net *"_ivl_16", 0 0, L_000002138d3ecec0;  1 drivers
v000002138d486c90_0 .net *"_ivl_20", 0 0, L_000002138d3ed7f0;  1 drivers
v000002138d486d30_0 .net *"_ivl_23", 0 0, L_000002138d3ed080;  1 drivers
v000002138d485a70_0 .net *"_ivl_26", 0 0, L_000002138d3ed400;  1 drivers
v000002138d486e70_0 .net *"_ivl_3", 0 0, L_000002138d3eca60;  1 drivers
v000002138d486f10_0 .net *"_ivl_30", 0 0, L_000002138d3ed470;  1 drivers
v000002138d485c50_0 .net *"_ivl_33", 0 0, L_000002138d3ed2b0;  1 drivers
v000002138d487410_0 .net *"_ivl_36", 0 0, L_000002138d3ed1d0;  1 drivers
v000002138d486fb0_0 .net *"_ivl_40", 0 0, L_000002138d3ecd70;  1 drivers
v000002138d489a40_0 .net *"_ivl_43", 0 0, L_000002138d3ed320;  1 drivers
v000002138d48a120_0 .net *"_ivl_46", 0 0, L_000002138d3ed010;  1 drivers
v000002138d48ae40_0 .net *"_ivl_50", 0 0, L_000002138d3ed0f0;  1 drivers
v000002138d489900_0 .net *"_ivl_53", 0 0, L_000002138d3ecd00;  1 drivers
v000002138d488be0_0 .net *"_ivl_56", 0 0, L_000002138d3ecc20;  1 drivers
v000002138d489c20_0 .net *"_ivl_6", 0 0, L_000002138d3ed780;  1 drivers
v000002138d48a940_0 .net *"_ivl_60", 0 0, L_000002138d3ecad0;  1 drivers
v000002138d489ae0_0 .net *"_ivl_63", 0 0, L_000002138d3ecb40;  1 drivers
v000002138d488fa0_0 .net *"_ivl_66", 0 0, L_000002138d3ecbb0;  1 drivers
v000002138d48ada0_0 .net *"_ivl_70", 0 0, L_000002138d3ed4e0;  1 drivers
v000002138d489d60_0 .net *"_ivl_73", 0 0, L_000002138d3ecde0;  1 drivers
v000002138d489e00_0 .net *"_ivl_76", 0 0, L_000002138d3ed390;  1 drivers
v000002138d48ab20_0 .net *"_ivl_80", 0 0, L_000002138d3ed550;  1 drivers
v000002138d4895e0_0 .net *"_ivl_83", 0 0, L_000002138d3ed5c0;  1 drivers
v000002138d488c80_0 .net *"_ivl_86", 0 0, L_000002138d3ed630;  1 drivers
v000002138d489f40_0 .net *"_ivl_90", 0 0, L_000002138d3ed6a0;  1 drivers
v000002138d48ac60_0 .net *"_ivl_93", 0 0, L_000002138d3ed710;  1 drivers
v000002138d489cc0_0 .net *"_ivl_96", 0 0, L_000002138d49aef0;  1 drivers
v000002138d48a6c0_0 .net "a", 15 0, v000002138d499b10_0;  alias, 1 drivers
v000002138d48a800_0 .net "a1", 15 0, L_000002138d49cae0;  1 drivers
v000002138d489540_0 .net "b", 15 0, v000002138d4999d0_0;  alias, 1 drivers
v000002138d48aee0_0 .net "b1", 15 0, L_000002138d49d760;  1 drivers
v000002138d488aa0_0 .net "not_sel", 0 0, L_000002138d49a0f0;  1 drivers
v000002138d489b80_0 .net "out", 15 0, L_000002138d49d580;  alias, 1 drivers
v000002138d48a300_0 .net "sel", 0 0, L_000002138d49b5a0;  1 drivers
L_000002138d498a30 .part v000002138d499b10_0, 0, 1;
L_000002138d499070 .part v000002138d4999d0_0, 0, 1;
L_000002138d499a70 .part L_000002138d49cae0, 0, 1;
L_000002138d498c10 .part L_000002138d49d760, 0, 1;
L_000002138d498ad0 .part v000002138d499b10_0, 1, 1;
L_000002138d498e90 .part v000002138d4999d0_0, 1, 1;
L_000002138d499110 .part L_000002138d49cae0, 1, 1;
L_000002138d4992f0 .part L_000002138d49d760, 1, 1;
L_000002138d499c50 .part v000002138d499b10_0, 2, 1;
L_000002138d498cb0 .part v000002138d4999d0_0, 2, 1;
L_000002138d498990 .part L_000002138d49cae0, 2, 1;
L_000002138d498670 .part L_000002138d49d760, 2, 1;
L_000002138d4988f0 .part v000002138d499b10_0, 3, 1;
L_000002138d498d50 .part v000002138d4999d0_0, 3, 1;
L_000002138d499cf0 .part L_000002138d49cae0, 3, 1;
L_000002138d498710 .part L_000002138d49d760, 3, 1;
L_000002138d498f30 .part v000002138d499b10_0, 4, 1;
L_000002138d4987b0 .part v000002138d4999d0_0, 4, 1;
L_000002138d498fd0 .part L_000002138d49cae0, 4, 1;
L_000002138d4994d0 .part L_000002138d49d760, 4, 1;
L_000002138d498850 .part v000002138d499b10_0, 5, 1;
L_000002138d4991b0 .part v000002138d4999d0_0, 5, 1;
L_000002138d499610 .part L_000002138d49cae0, 5, 1;
L_000002138d499390 .part L_000002138d49d760, 5, 1;
L_000002138d499430 .part v000002138d499b10_0, 6, 1;
L_000002138d499570 .part v000002138d4999d0_0, 6, 1;
L_000002138d49bc80 .part L_000002138d49cae0, 6, 1;
L_000002138d49b1e0 .part L_000002138d49d760, 6, 1;
L_000002138d49b460 .part v000002138d499b10_0, 7, 1;
L_000002138d49d440 .part v000002138d4999d0_0, 7, 1;
L_000002138d49d1c0 .part L_000002138d49cae0, 7, 1;
L_000002138d49cd60 .part L_000002138d49d760, 7, 1;
L_000002138d49b280 .part v000002138d499b10_0, 8, 1;
L_000002138d49d300 .part v000002138d4999d0_0, 8, 1;
L_000002138d49c4a0 .part L_000002138d49cae0, 8, 1;
L_000002138d49d260 .part L_000002138d49d760, 8, 1;
L_000002138d49d080 .part v000002138d499b10_0, 9, 1;
L_000002138d49bb40 .part v000002138d4999d0_0, 9, 1;
L_000002138d49c2c0 .part L_000002138d49cae0, 9, 1;
L_000002138d49bbe0 .part L_000002138d49d760, 9, 1;
L_000002138d49c860 .part v000002138d499b10_0, 10, 1;
L_000002138d49c0e0 .part v000002138d4999d0_0, 10, 1;
L_000002138d49c360 .part L_000002138d49cae0, 10, 1;
L_000002138d49d3a0 .part L_000002138d49d760, 10, 1;
L_000002138d49ce00 .part v000002138d499b10_0, 11, 1;
L_000002138d49bd20 .part v000002138d4999d0_0, 11, 1;
L_000002138d49c400 .part L_000002138d49cae0, 11, 1;
L_000002138d49b780 .part L_000002138d49d760, 11, 1;
L_000002138d49b6e0 .part v000002138d499b10_0, 12, 1;
L_000002138d49bdc0 .part v000002138d4999d0_0, 12, 1;
L_000002138d49c180 .part L_000002138d49cae0, 12, 1;
L_000002138d49cf40 .part L_000002138d49d760, 12, 1;
L_000002138d49c040 .part v000002138d499b10_0, 13, 1;
L_000002138d49b320 .part v000002138d4999d0_0, 13, 1;
L_000002138d49ca40 .part L_000002138d49cae0, 13, 1;
L_000002138d49c220 .part L_000002138d49d760, 13, 1;
L_000002138d49cc20 .part v000002138d499b10_0, 14, 1;
L_000002138d49c5e0 .part v000002138d4999d0_0, 14, 1;
L_000002138d49cea0 .part L_000002138d49cae0, 14, 1;
L_000002138d49d4e0 .part L_000002138d49d760, 14, 1;
LS_000002138d49cae0_0_0 .concat8 [ 1 1 1 1], L_000002138d3ec910, L_000002138d3ece50, L_000002138d3ed7f0, L_000002138d3ed470;
LS_000002138d49cae0_0_4 .concat8 [ 1 1 1 1], L_000002138d3ecd70, L_000002138d3ed0f0, L_000002138d3ecad0, L_000002138d3ed4e0;
LS_000002138d49cae0_0_8 .concat8 [ 1 1 1 1], L_000002138d3ed550, L_000002138d3ed6a0, L_000002138d49a320, L_000002138d49af60;
LS_000002138d49cae0_0_12 .concat8 [ 1 1 1 1], L_000002138d49abe0, L_000002138d49a8d0, L_000002138d49a940, L_000002138d49aa90;
L_000002138d49cae0 .concat8 [ 4 4 4 4], LS_000002138d49cae0_0_0, LS_000002138d49cae0_0_4, LS_000002138d49cae0_0_8, LS_000002138d49cae0_0_12;
L_000002138d49d120 .part v000002138d499b10_0, 15, 1;
LS_000002138d49d760_0_0 .concat8 [ 1 1 1 1], L_000002138d3eca60, L_000002138d3ecfa0, L_000002138d3ed080, L_000002138d3ed2b0;
LS_000002138d49d760_0_4 .concat8 [ 1 1 1 1], L_000002138d3ed320, L_000002138d3ecd00, L_000002138d3ecb40, L_000002138d3ecde0;
LS_000002138d49d760_0_8 .concat8 [ 1 1 1 1], L_000002138d3ed5c0, L_000002138d3ed710, L_000002138d49ae10, L_000002138d49a470;
LS_000002138d49d760_0_12 .concat8 [ 1 1 1 1], L_000002138d49a4e0, L_000002138d49ae80, L_000002138d49a080, L_000002138d49aa20;
L_000002138d49d760 .concat8 [ 4 4 4 4], LS_000002138d49d760_0_0, LS_000002138d49d760_0_4, LS_000002138d49d760_0_8, LS_000002138d49d760_0_12;
L_000002138d49b500 .part v000002138d4999d0_0, 15, 1;
LS_000002138d49d580_0_0 .concat8 [ 1 1 1 1], L_000002138d3ed780, L_000002138d3ecec0, L_000002138d3ed400, L_000002138d3ed1d0;
LS_000002138d49d580_0_4 .concat8 [ 1 1 1 1], L_000002138d3ed010, L_000002138d3ecc20, L_000002138d3ecbb0, L_000002138d3ed390;
LS_000002138d49d580_0_8 .concat8 [ 1 1 1 1], L_000002138d3ed630, L_000002138d49aef0, L_000002138d49a240, L_000002138d49ab70;
LS_000002138d49d580_0_12 .concat8 [ 1 1 1 1], L_000002138d49a400, L_000002138d49a390, L_000002138d49ad30, L_000002138d49a9b0;
L_000002138d49d580 .concat8 [ 4 4 4 4], LS_000002138d49d580_0_0, LS_000002138d49d580_0_4, LS_000002138d49d580_0_8, LS_000002138d49d580_0_12;
L_000002138d49b0a0 .part L_000002138d49cae0, 15, 1;
L_000002138d49c7c0 .part L_000002138d49d760, 15, 1;
S_000002138d366950 .scope generate, "genblk1[0]" "genblk1[0]" 4 19, 4 19 0, S_000002138d3692f0;
 .timescale 0 0;
P_000002138d414730 .param/l "i" 0 4 19, +C4<00>;
L_000002138d3ec910 .functor AND 1, L_000002138d498a30, L_000002138d49a0f0, C4<1>, C4<1>;
L_000002138d3eca60 .functor AND 1, L_000002138d49b5a0, L_000002138d499070, C4<1>, C4<1>;
L_000002138d3ed780 .functor OR 1, L_000002138d499a70, L_000002138d498c10, C4<0>, C4<0>;
v000002138d3e9750_0 .net *"_ivl_1", 0 0, L_000002138d498a30;  1 drivers
v000002138d3ea150_0 .net *"_ivl_3", 0 0, L_000002138d499070;  1 drivers
v000002138d3e8b70_0 .net *"_ivl_5", 0 0, L_000002138d499a70;  1 drivers
v000002138d3ea510_0 .net *"_ivl_6", 0 0, L_000002138d498c10;  1 drivers
S_000002138d366ae0 .scope generate, "genblk1[1]" "genblk1[1]" 4 19, 4 19 0, S_000002138d3692f0;
 .timescale 0 0;
P_000002138d413eb0 .param/l "i" 0 4 19, +C4<01>;
L_000002138d3ece50 .functor AND 1, L_000002138d498ad0, L_000002138d49a0f0, C4<1>, C4<1>;
L_000002138d3ecfa0 .functor AND 1, L_000002138d49b5a0, L_000002138d498e90, C4<1>, C4<1>;
L_000002138d3ecec0 .functor OR 1, L_000002138d499110, L_000002138d4992f0, C4<0>, C4<0>;
v000002138d3e97f0_0 .net *"_ivl_1", 0 0, L_000002138d498ad0;  1 drivers
v000002138d3e8f30_0 .net *"_ivl_3", 0 0, L_000002138d498e90;  1 drivers
v000002138d3ea5b0_0 .net *"_ivl_5", 0 0, L_000002138d499110;  1 drivers
v000002138d3ea790_0 .net *"_ivl_6", 0 0, L_000002138d4992f0;  1 drivers
S_000002138d246700 .scope generate, "genblk1[2]" "genblk1[2]" 4 19, 4 19 0, S_000002138d3692f0;
 .timescale 0 0;
P_000002138d4142f0 .param/l "i" 0 4 19, +C4<010>;
L_000002138d3ed7f0 .functor AND 1, L_000002138d499c50, L_000002138d49a0f0, C4<1>, C4<1>;
L_000002138d3ed080 .functor AND 1, L_000002138d49b5a0, L_000002138d498cb0, C4<1>, C4<1>;
L_000002138d3ed400 .functor OR 1, L_000002138d498990, L_000002138d498670, C4<0>, C4<0>;
v000002138d3e88f0_0 .net *"_ivl_1", 0 0, L_000002138d499c50;  1 drivers
v000002138d3e8990_0 .net *"_ivl_3", 0 0, L_000002138d498cb0;  1 drivers
v000002138d3e8fd0_0 .net *"_ivl_5", 0 0, L_000002138d498990;  1 drivers
v000002138d3de5c0_0 .net *"_ivl_6", 0 0, L_000002138d498670;  1 drivers
S_000002138d246890 .scope generate, "genblk1[3]" "genblk1[3]" 4 19, 4 19 0, S_000002138d3692f0;
 .timescale 0 0;
P_000002138d414330 .param/l "i" 0 4 19, +C4<011>;
L_000002138d3ed470 .functor AND 1, L_000002138d4988f0, L_000002138d49a0f0, C4<1>, C4<1>;
L_000002138d3ed2b0 .functor AND 1, L_000002138d49b5a0, L_000002138d498d50, C4<1>, C4<1>;
L_000002138d3ed1d0 .functor OR 1, L_000002138d499cf0, L_000002138d498710, C4<0>, C4<0>;
v000002138d3ded40_0 .net *"_ivl_1", 0 0, L_000002138d4988f0;  1 drivers
v000002138d3dd940_0 .net *"_ivl_3", 0 0, L_000002138d498d50;  1 drivers
v000002138d3ddf80_0 .net *"_ivl_5", 0 0, L_000002138d499cf0;  1 drivers
v000002138d3de160_0 .net *"_ivl_6", 0 0, L_000002138d498710;  1 drivers
S_000002138d3f7c40 .scope generate, "genblk1[4]" "genblk1[4]" 4 19, 4 19 0, S_000002138d3692f0;
 .timescale 0 0;
P_000002138d414ab0 .param/l "i" 0 4 19, +C4<0100>;
L_000002138d3ecd70 .functor AND 1, L_000002138d498f30, L_000002138d49a0f0, C4<1>, C4<1>;
L_000002138d3ed320 .functor AND 1, L_000002138d49b5a0, L_000002138d4987b0, C4<1>, C4<1>;
L_000002138d3ed010 .functor OR 1, L_000002138d498fd0, L_000002138d4994d0, C4<0>, C4<0>;
v000002138d3dee80_0 .net *"_ivl_1", 0 0, L_000002138d498f30;  1 drivers
v000002138d3de700_0 .net *"_ivl_3", 0 0, L_000002138d4987b0;  1 drivers
v000002138d3df740_0 .net *"_ivl_5", 0 0, L_000002138d498fd0;  1 drivers
v000002138d3df420_0 .net *"_ivl_6", 0 0, L_000002138d4994d0;  1 drivers
S_000002138d3f7dd0 .scope generate, "genblk1[5]" "genblk1[5]" 4 19, 4 19 0, S_000002138d3692f0;
 .timescale 0 0;
P_000002138d4147b0 .param/l "i" 0 4 19, +C4<0101>;
L_000002138d3ed0f0 .functor AND 1, L_000002138d498850, L_000002138d49a0f0, C4<1>, C4<1>;
L_000002138d3ecd00 .functor AND 1, L_000002138d49b5a0, L_000002138d4991b0, C4<1>, C4<1>;
L_000002138d3ecc20 .functor OR 1, L_000002138d499610, L_000002138d499390, C4<0>, C4<0>;
v000002138d3de8e0_0 .net *"_ivl_1", 0 0, L_000002138d498850;  1 drivers
v000002138d3dec00_0 .net *"_ivl_3", 0 0, L_000002138d4991b0;  1 drivers
v000002138d3df2e0_0 .net *"_ivl_5", 0 0, L_000002138d499610;  1 drivers
v000002138d3defc0_0 .net *"_ivl_6", 0 0, L_000002138d499390;  1 drivers
S_000002138d3f7f60 .scope generate, "genblk1[6]" "genblk1[6]" 4 19, 4 19 0, S_000002138d3692f0;
 .timescale 0 0;
P_000002138d413c30 .param/l "i" 0 4 19, +C4<0110>;
L_000002138d3ecad0 .functor AND 1, L_000002138d499430, L_000002138d49a0f0, C4<1>, C4<1>;
L_000002138d3ecb40 .functor AND 1, L_000002138d49b5a0, L_000002138d499570, C4<1>, C4<1>;
L_000002138d3ecbb0 .functor OR 1, L_000002138d49bc80, L_000002138d49b1e0, C4<0>, C4<0>;
v000002138d3df100_0 .net *"_ivl_1", 0 0, L_000002138d499430;  1 drivers
v000002138d3ddbc0_0 .net *"_ivl_3", 0 0, L_000002138d499570;  1 drivers
v000002138d3d09d0_0 .net *"_ivl_5", 0 0, L_000002138d49bc80;  1 drivers
v000002138d3d0c50_0 .net *"_ivl_6", 0 0, L_000002138d49b1e0;  1 drivers
S_000002138d3f80f0 .scope generate, "genblk1[7]" "genblk1[7]" 4 19, 4 19 0, S_000002138d3692f0;
 .timescale 0 0;
P_000002138d4147f0 .param/l "i" 0 4 19, +C4<0111>;
L_000002138d3ed4e0 .functor AND 1, L_000002138d49b460, L_000002138d49a0f0, C4<1>, C4<1>;
L_000002138d3ecde0 .functor AND 1, L_000002138d49b5a0, L_000002138d49d440, C4<1>, C4<1>;
L_000002138d3ed390 .functor OR 1, L_000002138d49d1c0, L_000002138d49cd60, C4<0>, C4<0>;
v000002138d3cf170_0 .net *"_ivl_1", 0 0, L_000002138d49b460;  1 drivers
v000002138d3cf5d0_0 .net *"_ivl_3", 0 0, L_000002138d49d440;  1 drivers
v000002138d3cf990_0 .net *"_ivl_5", 0 0, L_000002138d49d1c0;  1 drivers
v000002138d3cfcb0_0 .net *"_ivl_6", 0 0, L_000002138d49cd60;  1 drivers
S_000002138d485020 .scope generate, "genblk1[8]" "genblk1[8]" 4 19, 4 19 0, S_000002138d3692f0;
 .timescale 0 0;
P_000002138d414830 .param/l "i" 0 4 19, +C4<01000>;
L_000002138d3ed550 .functor AND 1, L_000002138d49b280, L_000002138d49a0f0, C4<1>, C4<1>;
L_000002138d3ed5c0 .functor AND 1, L_000002138d49b5a0, L_000002138d49d300, C4<1>, C4<1>;
L_000002138d3ed630 .functor OR 1, L_000002138d49c4a0, L_000002138d49d260, C4<0>, C4<0>;
v000002138d3cfd50_0 .net *"_ivl_1", 0 0, L_000002138d49b280;  1 drivers
v000002138d3c6830_0 .net *"_ivl_3", 0 0, L_000002138d49d300;  1 drivers
v000002138d3c5750_0 .net *"_ivl_5", 0 0, L_000002138d49c4a0;  1 drivers
v000002138d3c59d0_0 .net *"_ivl_6", 0 0, L_000002138d49d260;  1 drivers
S_000002138d4851b0 .scope generate, "genblk1[9]" "genblk1[9]" 4 19, 4 19 0, S_000002138d3692f0;
 .timescale 0 0;
P_000002138d414370 .param/l "i" 0 4 19, +C4<01001>;
L_000002138d3ed6a0 .functor AND 1, L_000002138d49d080, L_000002138d49a0f0, C4<1>, C4<1>;
L_000002138d3ed710 .functor AND 1, L_000002138d49b5a0, L_000002138d49bb40, C4<1>, C4<1>;
L_000002138d49aef0 .functor OR 1, L_000002138d49c2c0, L_000002138d49bbe0, C4<0>, C4<0>;
v000002138d3c5c50_0 .net *"_ivl_1", 0 0, L_000002138d49d080;  1 drivers
v000002138d3b7f60_0 .net *"_ivl_3", 0 0, L_000002138d49bb40;  1 drivers
v000002138d3b7420_0 .net *"_ivl_5", 0 0, L_000002138d49c2c0;  1 drivers
v000002138d3b8780_0 .net *"_ivl_6", 0 0, L_000002138d49bbe0;  1 drivers
S_000002138d485340 .scope generate, "genblk1[10]" "genblk1[10]" 4 19, 4 19 0, S_000002138d3692f0;
 .timescale 0 0;
P_000002138d414af0 .param/l "i" 0 4 19, +C4<01010>;
L_000002138d49a320 .functor AND 1, L_000002138d49c860, L_000002138d49a0f0, C4<1>, C4<1>;
L_000002138d49ae10 .functor AND 1, L_000002138d49b5a0, L_000002138d49c0e0, C4<1>, C4<1>;
L_000002138d49a240 .functor OR 1, L_000002138d49c360, L_000002138d49d3a0, C4<0>, C4<0>;
v000002138d3b8280_0 .net *"_ivl_1", 0 0, L_000002138d49c860;  1 drivers
v000002138d3ae8a0_0 .net *"_ivl_3", 0 0, L_000002138d49c0e0;  1 drivers
v000002138d3a82e0_0 .net *"_ivl_5", 0 0, L_000002138d49c360;  1 drivers
v000002138d3a2390_0 .net *"_ivl_6", 0 0, L_000002138d49d3a0;  1 drivers
S_000002138d4854d0 .scope generate, "genblk1[11]" "genblk1[11]" 4 19, 4 19 0, S_000002138d3692f0;
 .timescale 0 0;
P_000002138d414970 .param/l "i" 0 4 19, +C4<01011>;
L_000002138d49af60 .functor AND 1, L_000002138d49ce00, L_000002138d49a0f0, C4<1>, C4<1>;
L_000002138d49a470 .functor AND 1, L_000002138d49b5a0, L_000002138d49bd20, C4<1>, C4<1>;
L_000002138d49ab70 .functor OR 1, L_000002138d49c400, L_000002138d49b780, C4<0>, C4<0>;
v000002138d485cf0_0 .net *"_ivl_1", 0 0, L_000002138d49ce00;  1 drivers
v000002138d4874b0_0 .net *"_ivl_3", 0 0, L_000002138d49bd20;  1 drivers
v000002138d487050_0 .net *"_ivl_5", 0 0, L_000002138d49c400;  1 drivers
v000002138d4872d0_0 .net *"_ivl_6", 0 0, L_000002138d49b780;  1 drivers
S_000002138d487670 .scope generate, "genblk1[12]" "genblk1[12]" 4 19, 4 19 0, S_000002138d3692f0;
 .timescale 0 0;
P_000002138d4143b0 .param/l "i" 0 4 19, +C4<01100>;
L_000002138d49abe0 .functor AND 1, L_000002138d49b6e0, L_000002138d49a0f0, C4<1>, C4<1>;
L_000002138d49a4e0 .functor AND 1, L_000002138d49b5a0, L_000002138d49bdc0, C4<1>, C4<1>;
L_000002138d49a400 .functor OR 1, L_000002138d49c180, L_000002138d49cf40, C4<0>, C4<0>;
v000002138d485f70_0 .net *"_ivl_1", 0 0, L_000002138d49b6e0;  1 drivers
v000002138d486010_0 .net *"_ivl_3", 0 0, L_000002138d49bdc0;  1 drivers
v000002138d4870f0_0 .net *"_ivl_5", 0 0, L_000002138d49c180;  1 drivers
v000002138d4860b0_0 .net *"_ivl_6", 0 0, L_000002138d49cf40;  1 drivers
S_000002138d487800 .scope generate, "genblk1[13]" "genblk1[13]" 4 19, 4 19 0, S_000002138d3692f0;
 .timescale 0 0;
P_000002138d414a30 .param/l "i" 0 4 19, +C4<01101>;
L_000002138d49a8d0 .functor AND 1, L_000002138d49c040, L_000002138d49a0f0, C4<1>, C4<1>;
L_000002138d49ae80 .functor AND 1, L_000002138d49b5a0, L_000002138d49b320, C4<1>, C4<1>;
L_000002138d49a390 .functor OR 1, L_000002138d49ca40, L_000002138d49c220, C4<0>, C4<0>;
v000002138d486790_0 .net *"_ivl_1", 0 0, L_000002138d49c040;  1 drivers
v000002138d485e30_0 .net *"_ivl_3", 0 0, L_000002138d49b320;  1 drivers
v000002138d485750_0 .net *"_ivl_5", 0 0, L_000002138d49ca40;  1 drivers
v000002138d486650_0 .net *"_ivl_6", 0 0, L_000002138d49c220;  1 drivers
S_000002138d487b70 .scope generate, "genblk1[14]" "genblk1[14]" 4 19, 4 19 0, S_000002138d3692f0;
 .timescale 0 0;
P_000002138d4149b0 .param/l "i" 0 4 19, +C4<01110>;
L_000002138d49a940 .functor AND 1, L_000002138d49cc20, L_000002138d49a0f0, C4<1>, C4<1>;
L_000002138d49a080 .functor AND 1, L_000002138d49b5a0, L_000002138d49c5e0, C4<1>, C4<1>;
L_000002138d49ad30 .functor OR 1, L_000002138d49cea0, L_000002138d49d4e0, C4<0>, C4<0>;
v000002138d486510_0 .net *"_ivl_1", 0 0, L_000002138d49cc20;  1 drivers
v000002138d485ed0_0 .net *"_ivl_3", 0 0, L_000002138d49c5e0;  1 drivers
v000002138d486830_0 .net *"_ivl_5", 0 0, L_000002138d49cea0;  1 drivers
v000002138d487190_0 .net *"_ivl_6", 0 0, L_000002138d49d4e0;  1 drivers
S_000002138d4887f0 .scope generate, "genblk1[15]" "genblk1[15]" 4 19, 4 19 0, S_000002138d3692f0;
 .timescale 0 0;
P_000002138d4143f0 .param/l "i" 0 4 19, +C4<01111>;
L_000002138d49aa90 .functor AND 1, L_000002138d49d120, L_000002138d49a0f0, C4<1>, C4<1>;
L_000002138d49aa20 .functor AND 1, L_000002138d49b5a0, L_000002138d49b500, C4<1>, C4<1>;
L_000002138d49a9b0 .functor OR 1, L_000002138d49b0a0, L_000002138d49c7c0, C4<0>, C4<0>;
v000002138d486290_0 .net *"_ivl_1", 0 0, L_000002138d49d120;  1 drivers
v000002138d4857f0_0 .net *"_ivl_3", 0 0, L_000002138d49b500;  1 drivers
v000002138d4868d0_0 .net *"_ivl_5", 0 0, L_000002138d49b0a0;  1 drivers
v000002138d4863d0_0 .net *"_ivl_6", 0 0, L_000002138d49c7c0;  1 drivers
S_000002138d488020 .scope module, "mux_moduleCD" "Mux16" 3 15, 4 6 0, S_000002138d369160;
 .timescale 0 0;
    .port_info 0 /OUTPUT 16 "out";
    .port_info 1 /INPUT 16 "a";
    .port_info 2 /INPUT 16 "b";
    .port_info 3 /INPUT 1 "sel";
L_000002138d4a5000 .functor NOT 1, L_000002138d4abe00, C4<0>, C4<0>, C4<0>;
v000002138d48b520_0 .net *"_ivl_0", 0 0, L_000002138d49a5c0;  1 drivers
v000002138d48b700_0 .net *"_ivl_10", 0 0, L_000002138d49a550;  1 drivers
v000002138d48b840_0 .net *"_ivl_100", 0 0, L_000002138d4a5a80;  1 drivers
v000002138d48b8e0_0 .net *"_ivl_103", 0 0, L_000002138d4a5150;  1 drivers
v000002138d48b980_0 .net *"_ivl_106", 0 0, L_000002138d4a5620;  1 drivers
v000002138d48c1a0_0 .net *"_ivl_110", 0 0, L_000002138d4a5c40;  1 drivers
v000002138d48c240_0 .net *"_ivl_113", 0 0, L_000002138d4a5bd0;  1 drivers
v000002138d48ba20_0 .net *"_ivl_116", 0 0, L_000002138d4a5540;  1 drivers
v000002138d48bac0_0 .net *"_ivl_120", 0 0, L_000002138d4a54d0;  1 drivers
v000002138d48bb60_0 .net *"_ivl_123", 0 0, L_000002138d4a5310;  1 drivers
v000002138d48c560_0 .net *"_ivl_126", 0 0, L_000002138d4a5070;  1 drivers
v000002138d48bc00_0 .net *"_ivl_13", 0 0, L_000002138d49a630;  1 drivers
v000002138d491ae0_0 .net *"_ivl_130", 0 0, L_000002138d4a5380;  1 drivers
v000002138d491c20_0 .net *"_ivl_133", 0 0, L_000002138d4a55b0;  1 drivers
v000002138d490c80_0 .net *"_ivl_136", 0 0, L_000002138d4a5690;  1 drivers
v000002138d491ea0_0 .net *"_ivl_140", 0 0, L_000002138d4a4e40;  1 drivers
v000002138d490f00_0 .net *"_ivl_143", 0 0, L_000002138d4a5af0;  1 drivers
v000002138d491900_0 .net *"_ivl_146", 0 0, L_000002138d4a4f20;  1 drivers
v000002138d491a40_0 .net *"_ivl_150", 0 0, L_000002138d4a5770;  1 drivers
v000002138d490780_0 .net *"_ivl_154", 0 0, L_000002138d4a4dd0;  1 drivers
v000002138d491fe0_0 .net *"_ivl_158", 0 0, L_000002138d4a4eb0;  1 drivers
v000002138d48fce0_0 .net *"_ivl_16", 0 0, L_000002138d49a160;  1 drivers
v000002138d492080_0 .net *"_ivl_20", 0 0, L_000002138d49a1d0;  1 drivers
v000002138d490280_0 .net *"_ivl_23", 0 0, L_000002138d49a710;  1 drivers
v000002138d4921c0_0 .net *"_ivl_26", 0 0, L_000002138d49a6a0;  1 drivers
v000002138d490fa0_0 .net *"_ivl_3", 0 0, L_000002138d49a2b0;  1 drivers
v000002138d490e60_0 .net *"_ivl_30", 0 0, L_000002138d49a7f0;  1 drivers
v000002138d491d60_0 .net *"_ivl_33", 0 0, L_000002138d49ada0;  1 drivers
v000002138d492260_0 .net *"_ivl_36", 0 0, L_000002138d49a780;  1 drivers
v000002138d491cc0_0 .net *"_ivl_40", 0 0, L_000002138d49acc0;  1 drivers
v000002138d491040_0 .net *"_ivl_43", 0 0, L_000002138d49a860;  1 drivers
v000002138d4914a0_0 .net *"_ivl_46", 0 0, L_000002138d49ab00;  1 drivers
v000002138d490820_0 .net *"_ivl_50", 0 0, L_000002138d4a53f0;  1 drivers
v000002138d4901e0_0 .net *"_ivl_53", 0 0, L_000002138d4a51c0;  1 drivers
v000002138d491e00_0 .net *"_ivl_56", 0 0, L_000002138d4a5850;  1 drivers
v000002138d490960_0 .net *"_ivl_6", 0 0, L_000002138d49ac50;  1 drivers
v000002138d492120_0 .net *"_ivl_60", 0 0, L_000002138d4a59a0;  1 drivers
v000002138d48ff60_0 .net *"_ivl_63", 0 0, L_000002138d4a4d60;  1 drivers
v000002138d4908c0_0 .net *"_ivl_66", 0 0, L_000002138d4a57e0;  1 drivers
v000002138d491f40_0 .net *"_ivl_70", 0 0, L_000002138d4a5b60;  1 drivers
v000002138d490a00_0 .net *"_ivl_73", 0 0, L_000002138d4a58c0;  1 drivers
v000002138d4906e0_0 .net *"_ivl_76", 0 0, L_000002138d4a5460;  1 drivers
v000002138d4900a0_0 .net *"_ivl_80", 0 0, L_000002138d4a5230;  1 drivers
v000002138d492300_0 .net *"_ivl_83", 0 0, L_000002138d4a5a10;  1 drivers
v000002138d490320_0 .net *"_ivl_86", 0 0, L_000002138d4a4f90;  1 drivers
v000002138d4910e0_0 .net *"_ivl_90", 0 0, L_000002138d4a5700;  1 drivers
v000002138d490460_0 .net *"_ivl_93", 0 0, L_000002138d4a52a0;  1 drivers
v000002138d48fe20_0 .net *"_ivl_96", 0 0, L_000002138d4a5930;  1 drivers
v000002138d48fec0_0 .net "a", 15 0, v000002138d499250_0;  alias, 1 drivers
v000002138d4915e0_0 .net "a1", 15 0, L_000002138d4aca80;  1 drivers
v000002138d4919a0_0 .net "b", 15 0, v000002138d4996b0_0;  alias, 1 drivers
v000002138d491b80_0 .net "b1", 15 0, L_000002138d4ad160;  1 drivers
v000002138d491220_0 .net "not_sel", 0 0, L_000002138d4a5000;  1 drivers
v000002138d491540_0 .net "out", 15 0, L_000002138d4ad2a0;  alias, 1 drivers
v000002138d4917c0_0 .net "sel", 0 0, L_000002138d4abe00;  1 drivers
L_000002138d49c720 .part v000002138d499250_0, 0, 1;
L_000002138d49c540 .part v000002138d4996b0_0, 0, 1;
L_000002138d49d6c0 .part L_000002138d4aca80, 0, 1;
L_000002138d49b640 .part L_000002138d4ad160, 0, 1;
L_000002138d49b820 .part v000002138d499250_0, 1, 1;
L_000002138d49cfe0 .part v000002138d4996b0_0, 1, 1;
L_000002138d49d620 .part L_000002138d4aca80, 1, 1;
L_000002138d49b8c0 .part L_000002138d4ad160, 1, 1;
L_000002138d49b960 .part v000002138d499250_0, 2, 1;
L_000002138d49be60 .part v000002138d4996b0_0, 2, 1;
L_000002138d49c680 .part L_000002138d4aca80, 2, 1;
L_000002138d49d800 .part L_000002138d4ad160, 2, 1;
L_000002138d49c9a0 .part v000002138d499250_0, 3, 1;
L_000002138d49bfa0 .part v000002138d4996b0_0, 3, 1;
L_000002138d49b140 .part L_000002138d4aca80, 3, 1;
L_000002138d49ba00 .part L_000002138d4ad160, 3, 1;
L_000002138d49baa0 .part v000002138d499250_0, 4, 1;
L_000002138d49b3c0 .part v000002138d4996b0_0, 4, 1;
L_000002138d49bf00 .part L_000002138d4aca80, 4, 1;
L_000002138d49c900 .part L_000002138d4ad160, 4, 1;
L_000002138d49ccc0 .part v000002138d499250_0, 5, 1;
L_000002138d49cb80 .part v000002138d4996b0_0, 5, 1;
L_000002138d49d940 .part L_000002138d4aca80, 5, 1;
L_000002138d49dda0 .part L_000002138d4ad160, 5, 1;
L_000002138d49ee80 .part v000002138d499250_0, 6, 1;
L_000002138d49ed40 .part v000002138d4996b0_0, 6, 1;
L_000002138d49e480 .part L_000002138d4aca80, 6, 1;
L_000002138d49eb60 .part L_000002138d4ad160, 6, 1;
L_000002138d49e340 .part v000002138d499250_0, 7, 1;
L_000002138d49e020 .part v000002138d4996b0_0, 7, 1;
L_000002138d49dd00 .part L_000002138d4aca80, 7, 1;
L_000002138d49de40 .part L_000002138d4ad160, 7, 1;
L_000002138d49df80 .part v000002138d499250_0, 8, 1;
L_000002138d49dee0 .part v000002138d4996b0_0, 8, 1;
L_000002138d49ede0 .part L_000002138d4aca80, 8, 1;
L_000002138d49d9e0 .part L_000002138d4ad160, 8, 1;
L_000002138d49da80 .part v000002138d499250_0, 9, 1;
L_000002138d49ec00 .part v000002138d4996b0_0, 9, 1;
L_000002138d49eca0 .part L_000002138d4aca80, 9, 1;
L_000002138d49ef20 .part L_000002138d4ad160, 9, 1;
L_000002138d49d8a0 .part v000002138d499250_0, 10, 1;
L_000002138d49dbc0 .part v000002138d4996b0_0, 10, 1;
L_000002138d49e5c0 .part L_000002138d4aca80, 10, 1;
L_000002138d49e700 .part L_000002138d4ad160, 10, 1;
L_000002138d49e8e0 .part v000002138d499250_0, 11, 1;
L_000002138d49db20 .part v000002138d4996b0_0, 11, 1;
L_000002138d49dc60 .part L_000002138d4aca80, 11, 1;
L_000002138d49e0c0 .part L_000002138d4ad160, 11, 1;
L_000002138d49e200 .part v000002138d499250_0, 12, 1;
L_000002138d49ea20 .part v000002138d4996b0_0, 12, 1;
L_000002138d49e160 .part L_000002138d4aca80, 12, 1;
L_000002138d49e2a0 .part L_000002138d4ad160, 12, 1;
L_000002138d49e660 .part v000002138d499250_0, 13, 1;
L_000002138d49e3e0 .part v000002138d4996b0_0, 13, 1;
L_000002138d49eac0 .part L_000002138d4aca80, 13, 1;
L_000002138d49e520 .part L_000002138d4ad160, 13, 1;
L_000002138d49e7a0 .part v000002138d499250_0, 14, 1;
L_000002138d49e840 .part v000002138d4996b0_0, 14, 1;
L_000002138d49e980 .part L_000002138d4aca80, 14, 1;
L_000002138d4ab360 .part L_000002138d4ad160, 14, 1;
LS_000002138d4aca80_0_0 .concat8 [ 1 1 1 1], L_000002138d49a5c0, L_000002138d49a550, L_000002138d49a1d0, L_000002138d49a7f0;
LS_000002138d4aca80_0_4 .concat8 [ 1 1 1 1], L_000002138d49acc0, L_000002138d4a53f0, L_000002138d4a59a0, L_000002138d4a5b60;
LS_000002138d4aca80_0_8 .concat8 [ 1 1 1 1], L_000002138d4a5230, L_000002138d4a5700, L_000002138d4a5a80, L_000002138d4a5c40;
LS_000002138d4aca80_0_12 .concat8 [ 1 1 1 1], L_000002138d4a54d0, L_000002138d4a5380, L_000002138d4a4e40, L_000002138d4a5770;
L_000002138d4aca80 .concat8 [ 4 4 4 4], LS_000002138d4aca80_0_0, LS_000002138d4aca80_0_4, LS_000002138d4aca80_0_8, LS_000002138d4aca80_0_12;
L_000002138d4aaf00 .part v000002138d499250_0, 15, 1;
LS_000002138d4ad160_0_0 .concat8 [ 1 1 1 1], L_000002138d49a2b0, L_000002138d49a630, L_000002138d49a710, L_000002138d49ada0;
LS_000002138d4ad160_0_4 .concat8 [ 1 1 1 1], L_000002138d49a860, L_000002138d4a51c0, L_000002138d4a4d60, L_000002138d4a58c0;
LS_000002138d4ad160_0_8 .concat8 [ 1 1 1 1], L_000002138d4a5a10, L_000002138d4a52a0, L_000002138d4a5150, L_000002138d4a5bd0;
LS_000002138d4ad160_0_12 .concat8 [ 1 1 1 1], L_000002138d4a5310, L_000002138d4a55b0, L_000002138d4a5af0, L_000002138d4a4dd0;
L_000002138d4ad160 .concat8 [ 4 4 4 4], LS_000002138d4ad160_0_0, LS_000002138d4ad160_0_4, LS_000002138d4ad160_0_8, LS_000002138d4ad160_0_12;
L_000002138d4abb80 .part v000002138d4996b0_0, 15, 1;
LS_000002138d4ad2a0_0_0 .concat8 [ 1 1 1 1], L_000002138d49ac50, L_000002138d49a160, L_000002138d49a6a0, L_000002138d49a780;
LS_000002138d4ad2a0_0_4 .concat8 [ 1 1 1 1], L_000002138d49ab00, L_000002138d4a5850, L_000002138d4a57e0, L_000002138d4a5460;
LS_000002138d4ad2a0_0_8 .concat8 [ 1 1 1 1], L_000002138d4a4f90, L_000002138d4a5930, L_000002138d4a5620, L_000002138d4a5540;
LS_000002138d4ad2a0_0_12 .concat8 [ 1 1 1 1], L_000002138d4a5070, L_000002138d4a5690, L_000002138d4a4f20, L_000002138d4a4eb0;
L_000002138d4ad2a0 .concat8 [ 4 4 4 4], LS_000002138d4ad2a0_0_0, LS_000002138d4ad2a0_0_4, LS_000002138d4ad2a0_0_8, LS_000002138d4ad2a0_0_12;
L_000002138d4ac440 .part L_000002138d4aca80, 15, 1;
L_000002138d4ac4e0 .part L_000002138d4ad160, 15, 1;
S_000002138d487d00 .scope generate, "genblk1[0]" "genblk1[0]" 4 19, 4 19 0, S_000002138d488020;
 .timescale 0 0;
P_000002138d414bb0 .param/l "i" 0 4 19, +C4<00>;
L_000002138d49a5c0 .functor AND 1, L_000002138d49c720, L_000002138d4a5000, C4<1>, C4<1>;
L_000002138d49a2b0 .functor AND 1, L_000002138d4abe00, L_000002138d49c540, C4<1>, C4<1>;
L_000002138d49ac50 .functor OR 1, L_000002138d49d6c0, L_000002138d49b640, C4<0>, C4<0>;
v000002138d488a00_0 .net *"_ivl_1", 0 0, L_000002138d49c720;  1 drivers
v000002138d489040_0 .net *"_ivl_3", 0 0, L_000002138d49c540;  1 drivers
v000002138d489680_0 .net *"_ivl_5", 0 0, L_000002138d49d6c0;  1 drivers
v000002138d4890e0_0 .net *"_ivl_6", 0 0, L_000002138d49b640;  1 drivers
S_000002138d487e90 .scope generate, "genblk1[1]" "genblk1[1]" 4 19, 4 19 0, S_000002138d488020;
 .timescale 0 0;
P_000002138d413bf0 .param/l "i" 0 4 19, +C4<01>;
L_000002138d49a550 .functor AND 1, L_000002138d49b820, L_000002138d4a5000, C4<1>, C4<1>;
L_000002138d49a630 .functor AND 1, L_000002138d4abe00, L_000002138d49cfe0, C4<1>, C4<1>;
L_000002138d49a160 .functor OR 1, L_000002138d49d620, L_000002138d49b8c0, C4<0>, C4<0>;
v000002138d488d20_0 .net *"_ivl_1", 0 0, L_000002138d49b820;  1 drivers
v000002138d489ea0_0 .net *"_ivl_3", 0 0, L_000002138d49cfe0;  1 drivers
v000002138d48a760_0 .net *"_ivl_5", 0 0, L_000002138d49d620;  1 drivers
v000002138d4894a0_0 .net *"_ivl_6", 0 0, L_000002138d49b8c0;  1 drivers
S_000002138d4881b0 .scope generate, "genblk1[2]" "genblk1[2]" 4 19, 4 19 0, S_000002138d488020;
 .timescale 0 0;
P_000002138d413c70 .param/l "i" 0 4 19, +C4<010>;
L_000002138d49a1d0 .functor AND 1, L_000002138d49b960, L_000002138d4a5000, C4<1>, C4<1>;
L_000002138d49a710 .functor AND 1, L_000002138d4abe00, L_000002138d49be60, C4<1>, C4<1>;
L_000002138d49a6a0 .functor OR 1, L_000002138d49c680, L_000002138d49d800, C4<0>, C4<0>;
v000002138d489360_0 .net *"_ivl_1", 0 0, L_000002138d49b960;  1 drivers
v000002138d489220_0 .net *"_ivl_3", 0 0, L_000002138d49be60;  1 drivers
v000002138d4892c0_0 .net *"_ivl_5", 0 0, L_000002138d49c680;  1 drivers
v000002138d489400_0 .net *"_ivl_6", 0 0, L_000002138d49d800;  1 drivers
S_000002138d4879e0 .scope generate, "genblk1[3]" "genblk1[3]" 4 19, 4 19 0, S_000002138d488020;
 .timescale 0 0;
P_000002138d413cf0 .param/l "i" 0 4 19, +C4<011>;
L_000002138d49a7f0 .functor AND 1, L_000002138d49c9a0, L_000002138d4a5000, C4<1>, C4<1>;
L_000002138d49ada0 .functor AND 1, L_000002138d4abe00, L_000002138d49bfa0, C4<1>, C4<1>;
L_000002138d49a780 .functor OR 1, L_000002138d49b140, L_000002138d49ba00, C4<0>, C4<0>;
v000002138d48b160_0 .net *"_ivl_1", 0 0, L_000002138d49c9a0;  1 drivers
v000002138d489720_0 .net *"_ivl_3", 0 0, L_000002138d49bfa0;  1 drivers
v000002138d48abc0_0 .net *"_ivl_5", 0 0, L_000002138d49b140;  1 drivers
v000002138d48a1c0_0 .net *"_ivl_6", 0 0, L_000002138d49ba00;  1 drivers
S_000002138d488340 .scope generate, "genblk1[4]" "genblk1[4]" 4 19, 4 19 0, S_000002138d488020;
 .timescale 0 0;
P_000002138d414430 .param/l "i" 0 4 19, +C4<0100>;
L_000002138d49acc0 .functor AND 1, L_000002138d49baa0, L_000002138d4a5000, C4<1>, C4<1>;
L_000002138d49a860 .functor AND 1, L_000002138d4abe00, L_000002138d49b3c0, C4<1>, C4<1>;
L_000002138d49ab00 .functor OR 1, L_000002138d49bf00, L_000002138d49c900, C4<0>, C4<0>;
v000002138d4897c0_0 .net *"_ivl_1", 0 0, L_000002138d49baa0;  1 drivers
v000002138d489180_0 .net *"_ivl_3", 0 0, L_000002138d49b3c0;  1 drivers
v000002138d489fe0_0 .net *"_ivl_5", 0 0, L_000002138d49bf00;  1 drivers
v000002138d48af80_0 .net *"_ivl_6", 0 0, L_000002138d49c900;  1 drivers
S_000002138d4884d0 .scope generate, "genblk1[5]" "genblk1[5]" 4 19, 4 19 0, S_000002138d488020;
 .timescale 0 0;
P_000002138d415070 .param/l "i" 0 4 19, +C4<0101>;
L_000002138d4a53f0 .functor AND 1, L_000002138d49ccc0, L_000002138d4a5000, C4<1>, C4<1>;
L_000002138d4a51c0 .functor AND 1, L_000002138d4abe00, L_000002138d49cb80, C4<1>, C4<1>;
L_000002138d4a5850 .functor OR 1, L_000002138d49d940, L_000002138d49dda0, C4<0>, C4<0>;
v000002138d48b020_0 .net *"_ivl_1", 0 0, L_000002138d49ccc0;  1 drivers
v000002138d489860_0 .net *"_ivl_3", 0 0, L_000002138d49cb80;  1 drivers
v000002138d488e60_0 .net *"_ivl_5", 0 0, L_000002138d49d940;  1 drivers
v000002138d48a8a0_0 .net *"_ivl_6", 0 0, L_000002138d49dda0;  1 drivers
S_000002138d488660 .scope generate, "genblk1[6]" "genblk1[6]" 4 19, 4 19 0, S_000002138d488020;
 .timescale 0 0;
P_000002138d414ff0 .param/l "i" 0 4 19, +C4<0110>;
L_000002138d4a59a0 .functor AND 1, L_000002138d49ee80, L_000002138d4a5000, C4<1>, C4<1>;
L_000002138d4a4d60 .functor AND 1, L_000002138d4abe00, L_000002138d49ed40, C4<1>, C4<1>;
L_000002138d4a57e0 .functor OR 1, L_000002138d49e480, L_000002138d49eb60, C4<0>, C4<0>;
v000002138d48ad00_0 .net *"_ivl_1", 0 0, L_000002138d49ee80;  1 drivers
v000002138d488dc0_0 .net *"_ivl_3", 0 0, L_000002138d49ed40;  1 drivers
v000002138d48a9e0_0 .net *"_ivl_5", 0 0, L_000002138d49e480;  1 drivers
v000002138d48b0c0_0 .net *"_ivl_6", 0 0, L_000002138d49eb60;  1 drivers
S_000002138d48dd40 .scope generate, "genblk1[7]" "genblk1[7]" 4 19, 4 19 0, S_000002138d488020;
 .timescale 0 0;
P_000002138d4152f0 .param/l "i" 0 4 19, +C4<0111>;
L_000002138d4a5b60 .functor AND 1, L_000002138d49e340, L_000002138d4a5000, C4<1>, C4<1>;
L_000002138d4a58c0 .functor AND 1, L_000002138d4abe00, L_000002138d49e020, C4<1>, C4<1>;
L_000002138d4a5460 .functor OR 1, L_000002138d49dd00, L_000002138d49de40, C4<0>, C4<0>;
v000002138d488b40_0 .net *"_ivl_1", 0 0, L_000002138d49e340;  1 drivers
v000002138d48a080_0 .net *"_ivl_3", 0 0, L_000002138d49e020;  1 drivers
v000002138d488f00_0 .net *"_ivl_5", 0 0, L_000002138d49dd00;  1 drivers
v000002138d4899a0_0 .net *"_ivl_6", 0 0, L_000002138d49de40;  1 drivers
S_000002138d48cc10 .scope generate, "genblk1[8]" "genblk1[8]" 4 19, 4 19 0, S_000002138d488020;
 .timescale 0 0;
P_000002138d414c30 .param/l "i" 0 4 19, +C4<01000>;
L_000002138d4a5230 .functor AND 1, L_000002138d49df80, L_000002138d4a5000, C4<1>, C4<1>;
L_000002138d4a5a10 .functor AND 1, L_000002138d4abe00, L_000002138d49dee0, C4<1>, C4<1>;
L_000002138d4a4f90 .functor OR 1, L_000002138d49ede0, L_000002138d49d9e0, C4<0>, C4<0>;
v000002138d48a260_0 .net *"_ivl_1", 0 0, L_000002138d49df80;  1 drivers
v000002138d48a3a0_0 .net *"_ivl_3", 0 0, L_000002138d49dee0;  1 drivers
v000002138d48a440_0 .net *"_ivl_5", 0 0, L_000002138d49ede0;  1 drivers
v000002138d48a4e0_0 .net *"_ivl_6", 0 0, L_000002138d49d9e0;  1 drivers
S_000002138d48e060 .scope generate, "genblk1[9]" "genblk1[9]" 4 19, 4 19 0, S_000002138d488020;
 .timescale 0 0;
P_000002138d415870 .param/l "i" 0 4 19, +C4<01001>;
L_000002138d4a5700 .functor AND 1, L_000002138d49da80, L_000002138d4a5000, C4<1>, C4<1>;
L_000002138d4a52a0 .functor AND 1, L_000002138d4abe00, L_000002138d49ec00, C4<1>, C4<1>;
L_000002138d4a5930 .functor OR 1, L_000002138d49eca0, L_000002138d49ef20, C4<0>, C4<0>;
v000002138d48a580_0 .net *"_ivl_1", 0 0, L_000002138d49da80;  1 drivers
v000002138d48a620_0 .net *"_ivl_3", 0 0, L_000002138d49ec00;  1 drivers
v000002138d48aa80_0 .net *"_ivl_5", 0 0, L_000002138d49eca0;  1 drivers
v000002138d48bfc0_0 .net *"_ivl_6", 0 0, L_000002138d49ef20;  1 drivers
S_000002138d48e1f0 .scope generate, "genblk1[10]" "genblk1[10]" 4 19, 4 19 0, S_000002138d488020;
 .timescale 0 0;
P_000002138d414e30 .param/l "i" 0 4 19, +C4<01010>;
L_000002138d4a5a80 .functor AND 1, L_000002138d49d8a0, L_000002138d4a5000, C4<1>, C4<1>;
L_000002138d4a5150 .functor AND 1, L_000002138d4abe00, L_000002138d49dbc0, C4<1>, C4<1>;
L_000002138d4a5620 .functor OR 1, L_000002138d49e5c0, L_000002138d49e700, C4<0>, C4<0>;
v000002138d48c600_0 .net *"_ivl_1", 0 0, L_000002138d49d8a0;  1 drivers
v000002138d48c7e0_0 .net *"_ivl_3", 0 0, L_000002138d49dbc0;  1 drivers
v000002138d48bca0_0 .net *"_ivl_5", 0 0, L_000002138d49e5c0;  1 drivers
v000002138d48c2e0_0 .net *"_ivl_6", 0 0, L_000002138d49e700;  1 drivers
S_000002138d48e830 .scope generate, "genblk1[11]" "genblk1[11]" 4 19, 4 19 0, S_000002138d488020;
 .timescale 0 0;
P_000002138d415470 .param/l "i" 0 4 19, +C4<01011>;
L_000002138d4a5c40 .functor AND 1, L_000002138d49e8e0, L_000002138d4a5000, C4<1>, C4<1>;
L_000002138d4a5bd0 .functor AND 1, L_000002138d4abe00, L_000002138d49db20, C4<1>, C4<1>;
L_000002138d4a5540 .functor OR 1, L_000002138d49dc60, L_000002138d49e0c0, C4<0>, C4<0>;
v000002138d48c060_0 .net *"_ivl_1", 0 0, L_000002138d49e8e0;  1 drivers
v000002138d48bf20_0 .net *"_ivl_3", 0 0, L_000002138d49db20;  1 drivers
v000002138d48b5c0_0 .net *"_ivl_5", 0 0, L_000002138d49dc60;  1 drivers
v000002138d48c380_0 .net *"_ivl_6", 0 0, L_000002138d49e0c0;  1 drivers
S_000002138d48dbb0 .scope generate, "genblk1[12]" "genblk1[12]" 4 19, 4 19 0, S_000002138d488020;
 .timescale 0 0;
P_000002138d4157f0 .param/l "i" 0 4 19, +C4<01100>;
L_000002138d4a54d0 .functor AND 1, L_000002138d49e200, L_000002138d4a5000, C4<1>, C4<1>;
L_000002138d4a5310 .functor AND 1, L_000002138d4abe00, L_000002138d49ea20, C4<1>, C4<1>;
L_000002138d4a5070 .functor OR 1, L_000002138d49e160, L_000002138d49e2a0, C4<0>, C4<0>;
v000002138d48c880_0 .net *"_ivl_1", 0 0, L_000002138d49e200;  1 drivers
v000002138d48c6a0_0 .net *"_ivl_3", 0 0, L_000002138d49ea20;  1 drivers
v000002138d48bd40_0 .net *"_ivl_5", 0 0, L_000002138d49e160;  1 drivers
v000002138d48b340_0 .net *"_ivl_6", 0 0, L_000002138d49e2a0;  1 drivers
S_000002138d48e380 .scope generate, "genblk1[13]" "genblk1[13]" 4 19, 4 19 0, S_000002138d488020;
 .timescale 0 0;
P_000002138d415830 .param/l "i" 0 4 19, +C4<01101>;
L_000002138d4a5380 .functor AND 1, L_000002138d49e660, L_000002138d4a5000, C4<1>, C4<1>;
L_000002138d4a55b0 .functor AND 1, L_000002138d4abe00, L_000002138d49e3e0, C4<1>, C4<1>;
L_000002138d4a5690 .functor OR 1, L_000002138d49eac0, L_000002138d49e520, C4<0>, C4<0>;
v000002138d48b200_0 .net *"_ivl_1", 0 0, L_000002138d49e660;  1 drivers
v000002138d48c740_0 .net *"_ivl_3", 0 0, L_000002138d49e3e0;  1 drivers
v000002138d48be80_0 .net *"_ivl_5", 0 0, L_000002138d49eac0;  1 drivers
v000002138d48c420_0 .net *"_ivl_6", 0 0, L_000002138d49e520;  1 drivers
S_000002138d48e6a0 .scope generate, "genblk1[14]" "genblk1[14]" 4 19, 4 19 0, S_000002138d488020;
 .timescale 0 0;
P_000002138d414ef0 .param/l "i" 0 4 19, +C4<01110>;
L_000002138d4a4e40 .functor AND 1, L_000002138d49e7a0, L_000002138d4a5000, C4<1>, C4<1>;
L_000002138d4a5af0 .functor AND 1, L_000002138d4abe00, L_000002138d49e840, C4<1>, C4<1>;
L_000002138d4a4f20 .functor OR 1, L_000002138d49e980, L_000002138d4ab360, C4<0>, C4<0>;
v000002138d48b2a0_0 .net *"_ivl_1", 0 0, L_000002138d49e7a0;  1 drivers
v000002138d48b7a0_0 .net *"_ivl_3", 0 0, L_000002138d49e840;  1 drivers
v000002138d48bde0_0 .net *"_ivl_5", 0 0, L_000002138d49e980;  1 drivers
v000002138d48c100_0 .net *"_ivl_6", 0 0, L_000002138d4ab360;  1 drivers
S_000002138d48ded0 .scope generate, "genblk1[15]" "genblk1[15]" 4 19, 4 19 0, S_000002138d488020;
 .timescale 0 0;
P_000002138d4150f0 .param/l "i" 0 4 19, +C4<01111>;
L_000002138d4a5770 .functor AND 1, L_000002138d4aaf00, L_000002138d4a5000, C4<1>, C4<1>;
L_000002138d4a4dd0 .functor AND 1, L_000002138d4abe00, L_000002138d4abb80, C4<1>, C4<1>;
L_000002138d4a4eb0 .functor OR 1, L_000002138d4ac440, L_000002138d4ac4e0, C4<0>, C4<0>;
v000002138d48c4c0_0 .net *"_ivl_1", 0 0, L_000002138d4aaf00;  1 drivers
v000002138d48b660_0 .net *"_ivl_3", 0 0, L_000002138d4abb80;  1 drivers
v000002138d48b3e0_0 .net *"_ivl_5", 0 0, L_000002138d4ac440;  1 drivers
v000002138d48b480_0 .net *"_ivl_6", 0 0, L_000002138d4ac4e0;  1 drivers
S_000002138d48e510 .scope module, "mux_moduleOut" "Mux16" 3 16, 4 6 0, S_000002138d369160;
 .timescale 0 0;
    .port_info 0 /OUTPUT 16 "out";
    .port_info 1 /INPUT 16 "a";
    .port_info 2 /INPUT 16 "b";
    .port_info 3 /INPUT 1 "sel";
L_000002138d4a6cc0 .functor NOT 1, L_000002138d4aee20, C4<0>, C4<0>, C4<0>;
v000002138d498530_0 .net *"_ivl_0", 0 0, L_000002138d4a50e0;  1 drivers
v000002138d497ef0_0 .net *"_ivl_10", 0 0, L_000002138d4a61d0;  1 drivers
v000002138d497d10_0 .net *"_ivl_100", 0 0, L_000002138d4a6160;  1 drivers
v000002138d495f10_0 .net *"_ivl_103", 0 0, L_000002138d4a6b00;  1 drivers
v000002138d497130_0 .net *"_ivl_106", 0 0, L_000002138d4a7820;  1 drivers
v000002138d496eb0_0 .net *"_ivl_110", 0 0, L_000002138d4a6fd0;  1 drivers
v000002138d497e50_0 .net *"_ivl_113", 0 0, L_000002138d4a76d0;  1 drivers
v000002138d496550_0 .net *"_ivl_116", 0 0, L_000002138d4a7430;  1 drivers
v000002138d496730_0 .net *"_ivl_120", 0 0, L_000002138d4a6b70;  1 drivers
v000002138d497810_0 .net *"_ivl_123", 0 0, L_000002138d4a77b0;  1 drivers
v000002138d4978b0_0 .net *"_ivl_126", 0 0, L_000002138d4a6940;  1 drivers
v000002138d497f90_0 .net *"_ivl_13", 0 0, L_000002138d4a6a20;  1 drivers
v000002138d495fb0_0 .net *"_ivl_130", 0 0, L_000002138d4a6be0;  1 drivers
v000002138d496370_0 .net *"_ivl_133", 0 0, L_000002138d4a6710;  1 drivers
v000002138d498210_0 .net *"_ivl_136", 0 0, L_000002138d4a68d0;  1 drivers
v000002138d4982b0_0 .net *"_ivl_140", 0 0, L_000002138d4a7890;  1 drivers
v000002138d4969b0_0 .net *"_ivl_143", 0 0, L_000002138d4a7900;  1 drivers
v000002138d496690_0 .net *"_ivl_146", 0 0, L_000002138d4a5d70;  1 drivers
v000002138d4960f0_0 .net *"_ivl_150", 0 0, L_000002138d4a5e50;  1 drivers
v000002138d496230_0 .net *"_ivl_154", 0 0, L_000002138d4a64e0;  1 drivers
v000002138d496c30_0 .net *"_ivl_158", 0 0, L_000002138d4a6c50;  1 drivers
v000002138d4985d0_0 .net *"_ivl_16", 0 0, L_000002138d4a6470;  1 drivers
v000002138d4965f0_0 .net *"_ivl_20", 0 0, L_000002138d4a6320;  1 drivers
v000002138d4971d0_0 .net *"_ivl_23", 0 0, L_000002138d4a75f0;  1 drivers
v000002138d498350_0 .net *"_ivl_26", 0 0, L_000002138d4a6240;  1 drivers
v000002138d496190_0 .net *"_ivl_3", 0 0, L_000002138d4a5de0;  1 drivers
v000002138d498030_0 .net *"_ivl_30", 0 0, L_000002138d4a6780;  1 drivers
v000002138d497770_0 .net *"_ivl_33", 0 0, L_000002138d4a72e0;  1 drivers
v000002138d496870_0 .net *"_ivl_36", 0 0, L_000002138d4a66a0;  1 drivers
v000002138d4980d0_0 .net *"_ivl_40", 0 0, L_000002138d4a62b0;  1 drivers
v000002138d497270_0 .net *"_ivl_43", 0 0, L_000002138d4a6a90;  1 drivers
v000002138d496910_0 .net *"_ivl_46", 0 0, L_000002138d4a70b0;  1 drivers
v000002138d498170_0 .net *"_ivl_50", 0 0, L_000002138d4a74a0;  1 drivers
v000002138d4974f0_0 .net *"_ivl_53", 0 0, L_000002138d4a6f60;  1 drivers
v000002138d4962d0_0 .net *"_ivl_56", 0 0, L_000002138d4a6860;  1 drivers
v000002138d496a50_0 .net *"_ivl_6", 0 0, L_000002138d4a5fa0;  1 drivers
v000002138d4983f0_0 .net *"_ivl_60", 0 0, L_000002138d4a6010;  1 drivers
v000002138d497590_0 .net *"_ivl_63", 0 0, L_000002138d4a7740;  1 drivers
v000002138d4967d0_0 .net *"_ivl_66", 0 0, L_000002138d4a60f0;  1 drivers
v000002138d495e70_0 .net *"_ivl_70", 0 0, L_000002138d4a67f0;  1 drivers
v000002138d496af0_0 .net *"_ivl_73", 0 0, L_000002138d4a65c0;  1 drivers
v000002138d496cd0_0 .net *"_ivl_76", 0 0, L_000002138d4a73c0;  1 drivers
v000002138d496410_0 .net *"_ivl_80", 0 0, L_000002138d4a7660;  1 drivers
v000002138d496d70_0 .net *"_ivl_83", 0 0, L_000002138d4a6e80;  1 drivers
v000002138d496f50_0 .net *"_ivl_86", 0 0, L_000002138d4a6630;  1 drivers
v000002138d496ff0_0 .net *"_ivl_90", 0 0, L_000002138d4a6390;  1 drivers
v000002138d497b30_0 .net *"_ivl_93", 0 0, L_000002138d4a7350;  1 drivers
v000002138d497310_0 .net *"_ivl_96", 0 0, L_000002138d4a7190;  1 drivers
v000002138d4973b0_0 .net "a", 15 0, L_000002138d49d580;  alias, 1 drivers
v000002138d497450_0 .net "a1", 15 0, L_000002138d4ae6a0;  1 drivers
v000002138d497630_0 .net "b", 15 0, L_000002138d4ad2a0;  alias, 1 drivers
v000002138d497950_0 .net "b1", 15 0, L_000002138d4ae060;  1 drivers
v000002138d4976d0_0 .net "not_sel", 0 0, L_000002138d4a6cc0;  1 drivers
v000002138d4979f0_0 .net "out", 15 0, L_000002138d4adf20;  alias, 1 drivers
v000002138d497a90_0 .net "sel", 0 0, L_000002138d4aee20;  1 drivers
L_000002138d4acb20 .part L_000002138d49d580, 0, 1;
L_000002138d4ab720 .part L_000002138d4ad2a0, 0, 1;
L_000002138d4ab860 .part L_000002138d4ae6a0, 0, 1;
L_000002138d4acd00 .part L_000002138d4ae060, 0, 1;
L_000002138d4ad020 .part L_000002138d49d580, 1, 1;
L_000002138d4ac800 .part L_000002138d4ad2a0, 1, 1;
L_000002138d4acda0 .part L_000002138d4ae6a0, 1, 1;
L_000002138d4ad200 .part L_000002138d4ae060, 1, 1;
L_000002138d4abae0 .part L_000002138d49d580, 2, 1;
L_000002138d4ac300 .part L_000002138d4ad2a0, 2, 1;
L_000002138d4aafa0 .part L_000002138d4ae6a0, 2, 1;
L_000002138d4aad20 .part L_000002138d4ae060, 2, 1;
L_000002138d4ab400 .part L_000002138d49d580, 3, 1;
L_000002138d4ab4a0 .part L_000002138d4ad2a0, 3, 1;
L_000002138d4ab900 .part L_000002138d4ae6a0, 3, 1;
L_000002138d4ace40 .part L_000002138d4ae060, 3, 1;
L_000002138d4acf80 .part L_000002138d49d580, 4, 1;
L_000002138d4ab040 .part L_000002138d4ad2a0, 4, 1;
L_000002138d4aab40 .part L_000002138d4ae6a0, 4, 1;
L_000002138d4ac8a0 .part L_000002138d4ae060, 4, 1;
L_000002138d4ac580 .part L_000002138d49d580, 5, 1;
L_000002138d4ac620 .part L_000002138d4ad2a0, 5, 1;
L_000002138d4acee0 .part L_000002138d4ae6a0, 5, 1;
L_000002138d4ac6c0 .part L_000002138d4ae060, 5, 1;
L_000002138d4ab9a0 .part L_000002138d49d580, 6, 1;
L_000002138d4ac940 .part L_000002138d4ad2a0, 6, 1;
L_000002138d4abc20 .part L_000002138d4ae6a0, 6, 1;
L_000002138d4ad0c0 .part L_000002138d4ae060, 6, 1;
L_000002138d4ab540 .part L_000002138d49d580, 7, 1;
L_000002138d4ab7c0 .part L_000002138d4ad2a0, 7, 1;
L_000002138d4ab5e0 .part L_000002138d4ae6a0, 7, 1;
L_000002138d4ac080 .part L_000002138d4ae060, 7, 1;
L_000002138d4aac80 .part L_000002138d49d580, 8, 1;
L_000002138d4aadc0 .part L_000002138d4ad2a0, 8, 1;
L_000002138d4ab0e0 .part L_000002138d4ae6a0, 8, 1;
L_000002138d4ac9e0 .part L_000002138d4ae060, 8, 1;
L_000002138d4acbc0 .part L_000002138d49d580, 9, 1;
L_000002138d4aabe0 .part L_000002138d4ad2a0, 9, 1;
L_000002138d4acc60 .part L_000002138d4ae6a0, 9, 1;
L_000002138d4aae60 .part L_000002138d4ae060, 9, 1;
L_000002138d4ab180 .part L_000002138d49d580, 10, 1;
L_000002138d4ab220 .part L_000002138d4ad2a0, 10, 1;
L_000002138d4ab2c0 .part L_000002138d4ae6a0, 10, 1;
L_000002138d4ab680 .part L_000002138d4ae060, 10, 1;
L_000002138d4ac760 .part L_000002138d49d580, 11, 1;
L_000002138d4aba40 .part L_000002138d4ad2a0, 11, 1;
L_000002138d4ac260 .part L_000002138d4ae6a0, 11, 1;
L_000002138d4abcc0 .part L_000002138d4ae060, 11, 1;
L_000002138d4abd60 .part L_000002138d49d580, 12, 1;
L_000002138d4abea0 .part L_000002138d4ad2a0, 12, 1;
L_000002138d4abf40 .part L_000002138d4ae6a0, 12, 1;
L_000002138d4ac1c0 .part L_000002138d4ae060, 12, 1;
L_000002138d4abfe0 .part L_000002138d49d580, 13, 1;
L_000002138d4ac120 .part L_000002138d4ad2a0, 13, 1;
L_000002138d4ac3a0 .part L_000002138d4ae6a0, 13, 1;
L_000002138d4ae9c0 .part L_000002138d4ae060, 13, 1;
L_000002138d4af280 .part L_000002138d49d580, 14, 1;
L_000002138d4aeb00 .part L_000002138d4ad2a0, 14, 1;
L_000002138d4af8c0 .part L_000002138d4ae6a0, 14, 1;
L_000002138d4ade80 .part L_000002138d4ae060, 14, 1;
LS_000002138d4ae6a0_0_0 .concat8 [ 1 1 1 1], L_000002138d4a50e0, L_000002138d4a61d0, L_000002138d4a6320, L_000002138d4a6780;
LS_000002138d4ae6a0_0_4 .concat8 [ 1 1 1 1], L_000002138d4a62b0, L_000002138d4a74a0, L_000002138d4a6010, L_000002138d4a67f0;
LS_000002138d4ae6a0_0_8 .concat8 [ 1 1 1 1], L_000002138d4a7660, L_000002138d4a6390, L_000002138d4a6160, L_000002138d4a6fd0;
LS_000002138d4ae6a0_0_12 .concat8 [ 1 1 1 1], L_000002138d4a6b70, L_000002138d4a6be0, L_000002138d4a7890, L_000002138d4a5e50;
L_000002138d4ae6a0 .concat8 [ 4 4 4 4], LS_000002138d4ae6a0_0_0, LS_000002138d4ae6a0_0_4, LS_000002138d4ae6a0_0_8, LS_000002138d4ae6a0_0_12;
L_000002138d4ada20 .part L_000002138d49d580, 15, 1;
LS_000002138d4ae060_0_0 .concat8 [ 1 1 1 1], L_000002138d4a5de0, L_000002138d4a6a20, L_000002138d4a75f0, L_000002138d4a72e0;
LS_000002138d4ae060_0_4 .concat8 [ 1 1 1 1], L_000002138d4a6a90, L_000002138d4a6f60, L_000002138d4a7740, L_000002138d4a65c0;
LS_000002138d4ae060_0_8 .concat8 [ 1 1 1 1], L_000002138d4a6e80, L_000002138d4a7350, L_000002138d4a6b00, L_000002138d4a76d0;
LS_000002138d4ae060_0_12 .concat8 [ 1 1 1 1], L_000002138d4a77b0, L_000002138d4a6710, L_000002138d4a7900, L_000002138d4a64e0;
L_000002138d4ae060 .concat8 [ 4 4 4 4], LS_000002138d4ae060_0_0, LS_000002138d4ae060_0_4, LS_000002138d4ae060_0_8, LS_000002138d4ae060_0_12;
L_000002138d4aeec0 .part L_000002138d4ad2a0, 15, 1;
LS_000002138d4adf20_0_0 .concat8 [ 1 1 1 1], L_000002138d4a5fa0, L_000002138d4a6470, L_000002138d4a6240, L_000002138d4a66a0;
LS_000002138d4adf20_0_4 .concat8 [ 1 1 1 1], L_000002138d4a70b0, L_000002138d4a6860, L_000002138d4a60f0, L_000002138d4a73c0;
LS_000002138d4adf20_0_8 .concat8 [ 1 1 1 1], L_000002138d4a6630, L_000002138d4a7190, L_000002138d4a7820, L_000002138d4a7430;
LS_000002138d4adf20_0_12 .concat8 [ 1 1 1 1], L_000002138d4a6940, L_000002138d4a68d0, L_000002138d4a5d70, L_000002138d4a6c50;
L_000002138d4adf20 .concat8 [ 4 4 4 4], LS_000002138d4adf20_0_0, LS_000002138d4adf20_0_4, LS_000002138d4adf20_0_8, LS_000002138d4adf20_0_12;
L_000002138d4ad340 .part L_000002138d4ae6a0, 15, 1;
L_000002138d4ae740 .part L_000002138d4ae060, 15, 1;
S_000002138d48d570 .scope generate, "genblk1[0]" "genblk1[0]" 4 19, 4 19 0, S_000002138d48e510;
 .timescale 0 0;
P_000002138d414d70 .param/l "i" 0 4 19, +C4<00>;
L_000002138d4a50e0 .functor AND 1, L_000002138d4acb20, L_000002138d4a6cc0, C4<1>, C4<1>;
L_000002138d4a5de0 .functor AND 1, L_000002138d4aee20, L_000002138d4ab720, C4<1>, C4<1>;
L_000002138d4a5fa0 .functor OR 1, L_000002138d4ab860, L_000002138d4acd00, C4<0>, C4<0>;
v000002138d491180_0 .net *"_ivl_1", 0 0, L_000002138d4acb20;  1 drivers
v000002138d490be0_0 .net *"_ivl_3", 0 0, L_000002138d4ab720;  1 drivers
v000002138d490b40_0 .net *"_ivl_5", 0 0, L_000002138d4ab860;  1 drivers
v000002138d490aa0_0 .net *"_ivl_6", 0 0, L_000002138d4acd00;  1 drivers
S_000002138d48d700 .scope generate, "genblk1[1]" "genblk1[1]" 4 19, 4 19 0, S_000002138d48e510;
 .timescale 0 0;
P_000002138d4150b0 .param/l "i" 0 4 19, +C4<01>;
L_000002138d4a61d0 .functor AND 1, L_000002138d4ad020, L_000002138d4a6cc0, C4<1>, C4<1>;
L_000002138d4a6a20 .functor AND 1, L_000002138d4aee20, L_000002138d4ac800, C4<1>, C4<1>;
L_000002138d4a6470 .functor OR 1, L_000002138d4acda0, L_000002138d4ad200, C4<0>, C4<0>;
v000002138d4923a0_0 .net *"_ivl_1", 0 0, L_000002138d4ad020;  1 drivers
v000002138d490d20_0 .net *"_ivl_3", 0 0, L_000002138d4ac800;  1 drivers
v000002138d490140_0 .net *"_ivl_5", 0 0, L_000002138d4acda0;  1 drivers
v000002138d48fc40_0 .net *"_ivl_6", 0 0, L_000002138d4ad200;  1 drivers
S_000002138d48d890 .scope generate, "genblk1[2]" "genblk1[2]" 4 19, 4 19 0, S_000002138d48e510;
 .timescale 0 0;
P_000002138d415530 .param/l "i" 0 4 19, +C4<010>;
L_000002138d4a6320 .functor AND 1, L_000002138d4abae0, L_000002138d4a6cc0, C4<1>, C4<1>;
L_000002138d4a75f0 .functor AND 1, L_000002138d4aee20, L_000002138d4ac300, C4<1>, C4<1>;
L_000002138d4a6240 .functor OR 1, L_000002138d4aafa0, L_000002138d4aad20, C4<0>, C4<0>;
v000002138d490dc0_0 .net *"_ivl_1", 0 0, L_000002138d4abae0;  1 drivers
v000002138d490000_0 .net *"_ivl_3", 0 0, L_000002138d4ac300;  1 drivers
v000002138d491680_0 .net *"_ivl_5", 0 0, L_000002138d4aafa0;  1 drivers
v000002138d48fd80_0 .net *"_ivl_6", 0 0, L_000002138d4aad20;  1 drivers
S_000002138d48da20 .scope generate, "genblk1[3]" "genblk1[3]" 4 19, 4 19 0, S_000002138d48e510;
 .timescale 0 0;
P_000002138d415430 .param/l "i" 0 4 19, +C4<011>;
L_000002138d4a6780 .functor AND 1, L_000002138d4ab400, L_000002138d4a6cc0, C4<1>, C4<1>;
L_000002138d4a72e0 .functor AND 1, L_000002138d4aee20, L_000002138d4ab4a0, C4<1>, C4<1>;
L_000002138d4a66a0 .functor OR 1, L_000002138d4ab900, L_000002138d4ace40, C4<0>, C4<0>;
v000002138d4912c0_0 .net *"_ivl_1", 0 0, L_000002138d4ab400;  1 drivers
v000002138d491360_0 .net *"_ivl_3", 0 0, L_000002138d4ab4a0;  1 drivers
v000002138d491720_0 .net *"_ivl_5", 0 0, L_000002138d4ab900;  1 drivers
v000002138d491400_0 .net *"_ivl_6", 0 0, L_000002138d4ace40;  1 drivers
S_000002138d48e9c0 .scope generate, "genblk1[4]" "genblk1[4]" 4 19, 4 19 0, S_000002138d48e510;
 .timescale 0 0;
P_000002138d415ab0 .param/l "i" 0 4 19, +C4<0100>;
L_000002138d4a62b0 .functor AND 1, L_000002138d4acf80, L_000002138d4a6cc0, C4<1>, C4<1>;
L_000002138d4a6a90 .functor AND 1, L_000002138d4aee20, L_000002138d4ab040, C4<1>, C4<1>;
L_000002138d4a70b0 .functor OR 1, L_000002138d4aab40, L_000002138d4ac8a0, C4<0>, C4<0>;
v000002138d491860_0 .net *"_ivl_1", 0 0, L_000002138d4acf80;  1 drivers
v000002138d4903c0_0 .net *"_ivl_3", 0 0, L_000002138d4ab040;  1 drivers
v000002138d490500_0 .net *"_ivl_5", 0 0, L_000002138d4aab40;  1 drivers
v000002138d4905a0_0 .net *"_ivl_6", 0 0, L_000002138d4ac8a0;  1 drivers
S_000002138d48cda0 .scope generate, "genblk1[5]" "genblk1[5]" 4 19, 4 19 0, S_000002138d48e510;
 .timescale 0 0;
P_000002138d4154b0 .param/l "i" 0 4 19, +C4<0101>;
L_000002138d4a74a0 .functor AND 1, L_000002138d4ac580, L_000002138d4a6cc0, C4<1>, C4<1>;
L_000002138d4a6f60 .functor AND 1, L_000002138d4aee20, L_000002138d4ac620, C4<1>, C4<1>;
L_000002138d4a6860 .functor OR 1, L_000002138d4acee0, L_000002138d4ac6c0, C4<0>, C4<0>;
v000002138d490640_0 .net *"_ivl_1", 0 0, L_000002138d4ac580;  1 drivers
v000002138d492a80_0 .net *"_ivl_3", 0 0, L_000002138d4ac620;  1 drivers
v000002138d492ee0_0 .net *"_ivl_5", 0 0, L_000002138d4acee0;  1 drivers
v000002138d492c60_0 .net *"_ivl_6", 0 0, L_000002138d4ac6c0;  1 drivers
S_000002138d48cf30 .scope generate, "genblk1[6]" "genblk1[6]" 4 19, 4 19 0, S_000002138d48e510;
 .timescale 0 0;
P_000002138d415930 .param/l "i" 0 4 19, +C4<0110>;
L_000002138d4a6010 .functor AND 1, L_000002138d4ab9a0, L_000002138d4a6cc0, C4<1>, C4<1>;
L_000002138d4a7740 .functor AND 1, L_000002138d4aee20, L_000002138d4ac940, C4<1>, C4<1>;
L_000002138d4a60f0 .functor OR 1, L_000002138d4abc20, L_000002138d4ad0c0, C4<0>, C4<0>;
v000002138d4930c0_0 .net *"_ivl_1", 0 0, L_000002138d4ab9a0;  1 drivers
v000002138d492f80_0 .net *"_ivl_3", 0 0, L_000002138d4ac940;  1 drivers
v000002138d493480_0 .net *"_ivl_5", 0 0, L_000002138d4abc20;  1 drivers
v000002138d492800_0 .net *"_ivl_6", 0 0, L_000002138d4ad0c0;  1 drivers
S_000002138d48d0c0 .scope generate, "genblk1[7]" "genblk1[7]" 4 19, 4 19 0, S_000002138d48e510;
 .timescale 0 0;
P_000002138d414bf0 .param/l "i" 0 4 19, +C4<0111>;
L_000002138d4a67f0 .functor AND 1, L_000002138d4ab540, L_000002138d4a6cc0, C4<1>, C4<1>;
L_000002138d4a65c0 .functor AND 1, L_000002138d4aee20, L_000002138d4ab7c0, C4<1>, C4<1>;
L_000002138d4a73c0 .functor OR 1, L_000002138d4ab5e0, L_000002138d4ac080, C4<0>, C4<0>;
v000002138d493020_0 .net *"_ivl_1", 0 0, L_000002138d4ab540;  1 drivers
v000002138d4928a0_0 .net *"_ivl_3", 0 0, L_000002138d4ab7c0;  1 drivers
v000002138d493700_0 .net *"_ivl_5", 0 0, L_000002138d4ab5e0;  1 drivers
v000002138d4938e0_0 .net *"_ivl_6", 0 0, L_000002138d4ac080;  1 drivers
S_000002138d48d250 .scope generate, "genblk1[8]" "genblk1[8]" 4 19, 4 19 0, S_000002138d48e510;
 .timescale 0 0;
P_000002138d414f30 .param/l "i" 0 4 19, +C4<01000>;
L_000002138d4a7660 .functor AND 1, L_000002138d4aac80, L_000002138d4a6cc0, C4<1>, C4<1>;
L_000002138d4a6e80 .functor AND 1, L_000002138d4aee20, L_000002138d4aadc0, C4<1>, C4<1>;
L_000002138d4a6630 .functor OR 1, L_000002138d4ab0e0, L_000002138d4ac9e0, C4<0>, C4<0>;
v000002138d492da0_0 .net *"_ivl_1", 0 0, L_000002138d4aac80;  1 drivers
v000002138d493160_0 .net *"_ivl_3", 0 0, L_000002138d4aadc0;  1 drivers
v000002138d493200_0 .net *"_ivl_5", 0 0, L_000002138d4ab0e0;  1 drivers
v000002138d492e40_0 .net *"_ivl_6", 0 0, L_000002138d4ac9e0;  1 drivers
S_000002138d48d3e0 .scope generate, "genblk1[9]" "genblk1[9]" 4 19, 4 19 0, S_000002138d48e510;
 .timescale 0 0;
P_000002138d4157b0 .param/l "i" 0 4 19, +C4<01001>;
L_000002138d4a6390 .functor AND 1, L_000002138d4acbc0, L_000002138d4a6cc0, C4<1>, C4<1>;
L_000002138d4a7350 .functor AND 1, L_000002138d4aee20, L_000002138d4aabe0, C4<1>, C4<1>;
L_000002138d4a7190 .functor OR 1, L_000002138d4acc60, L_000002138d4aae60, C4<0>, C4<0>;
v000002138d4932a0_0 .net *"_ivl_1", 0 0, L_000002138d4acbc0;  1 drivers
v000002138d493980_0 .net *"_ivl_3", 0 0, L_000002138d4aabe0;  1 drivers
v000002138d492940_0 .net *"_ivl_5", 0 0, L_000002138d4acc60;  1 drivers
v000002138d492bc0_0 .net *"_ivl_6", 0 0, L_000002138d4aae60;  1 drivers
S_000002138d495750 .scope generate, "genblk1[10]" "genblk1[10]" 4 19, 4 19 0, S_000002138d48e510;
 .timescale 0 0;
P_000002138d4158b0 .param/l "i" 0 4 19, +C4<01010>;
L_000002138d4a6160 .functor AND 1, L_000002138d4ab180, L_000002138d4a6cc0, C4<1>, C4<1>;
L_000002138d4a6b00 .functor AND 1, L_000002138d4aee20, L_000002138d4ab220, C4<1>, C4<1>;
L_000002138d4a7820 .functor OR 1, L_000002138d4ab2c0, L_000002138d4ab680, C4<0>, C4<0>;
v000002138d493ac0_0 .net *"_ivl_1", 0 0, L_000002138d4ab180;  1 drivers
v000002138d492b20_0 .net *"_ivl_3", 0 0, L_000002138d4ab220;  1 drivers
v000002138d493340_0 .net *"_ivl_5", 0 0, L_000002138d4ab2c0;  1 drivers
v000002138d4933e0_0 .net *"_ivl_6", 0 0, L_000002138d4ab680;  1 drivers
S_000002138d4958e0 .scope generate, "genblk1[11]" "genblk1[11]" 4 19, 4 19 0, S_000002138d48e510;
 .timescale 0 0;
P_000002138d415030 .param/l "i" 0 4 19, +C4<01011>;
L_000002138d4a6fd0 .functor AND 1, L_000002138d4ac760, L_000002138d4a6cc0, C4<1>, C4<1>;
L_000002138d4a76d0 .functor AND 1, L_000002138d4aee20, L_000002138d4aba40, C4<1>, C4<1>;
L_000002138d4a7430 .functor OR 1, L_000002138d4ac260, L_000002138d4abcc0, C4<0>, C4<0>;
v000002138d4929e0_0 .net *"_ivl_1", 0 0, L_000002138d4ac760;  1 drivers
v000002138d492d00_0 .net *"_ivl_3", 0 0, L_000002138d4aba40;  1 drivers
v000002138d493520_0 .net *"_ivl_5", 0 0, L_000002138d4ac260;  1 drivers
v000002138d4935c0_0 .net *"_ivl_6", 0 0, L_000002138d4abcc0;  1 drivers
S_000002138d4955c0 .scope generate, "genblk1[12]" "genblk1[12]" 4 19, 4 19 0, S_000002138d48e510;
 .timescale 0 0;
P_000002138d4154f0 .param/l "i" 0 4 19, +C4<01100>;
L_000002138d4a6b70 .functor AND 1, L_000002138d4abd60, L_000002138d4a6cc0, C4<1>, C4<1>;
L_000002138d4a77b0 .functor AND 1, L_000002138d4aee20, L_000002138d4abea0, C4<1>, C4<1>;
L_000002138d4a6940 .functor OR 1, L_000002138d4abf40, L_000002138d4ac1c0, C4<0>, C4<0>;
v000002138d493a20_0 .net *"_ivl_1", 0 0, L_000002138d4abd60;  1 drivers
v000002138d492620_0 .net *"_ivl_3", 0 0, L_000002138d4abea0;  1 drivers
v000002138d493660_0 .net *"_ivl_5", 0 0, L_000002138d4abf40;  1 drivers
v000002138d4937a0_0 .net *"_ivl_6", 0 0, L_000002138d4ac1c0;  1 drivers
S_000002138d494490 .scope generate, "genblk1[13]" "genblk1[13]" 4 19, 4 19 0, S_000002138d48e510;
 .timescale 0 0;
P_000002138d414c70 .param/l "i" 0 4 19, +C4<01101>;
L_000002138d4a6be0 .functor AND 1, L_000002138d4abfe0, L_000002138d4a6cc0, C4<1>, C4<1>;
L_000002138d4a6710 .functor AND 1, L_000002138d4aee20, L_000002138d4ac120, C4<1>, C4<1>;
L_000002138d4a68d0 .functor OR 1, L_000002138d4ac3a0, L_000002138d4ae9c0, C4<0>, C4<0>;
v000002138d4924e0_0 .net *"_ivl_1", 0 0, L_000002138d4abfe0;  1 drivers
v000002138d493840_0 .net *"_ivl_3", 0 0, L_000002138d4ac120;  1 drivers
v000002138d492440_0 .net *"_ivl_5", 0 0, L_000002138d4ac3a0;  1 drivers
v000002138d492580_0 .net *"_ivl_6", 0 0, L_000002138d4ae9c0;  1 drivers
S_000002138d494c60 .scope generate, "genblk1[14]" "genblk1[14]" 4 19, 4 19 0, S_000002138d48e510;
 .timescale 0 0;
P_000002138d415670 .param/l "i" 0 4 19, +C4<01110>;
L_000002138d4a7890 .functor AND 1, L_000002138d4af280, L_000002138d4a6cc0, C4<1>, C4<1>;
L_000002138d4a7900 .functor AND 1, L_000002138d4aee20, L_000002138d4aeb00, C4<1>, C4<1>;
L_000002138d4a5d70 .functor OR 1, L_000002138d4af8c0, L_000002138d4ade80, C4<0>, C4<0>;
v000002138d4926c0_0 .net *"_ivl_1", 0 0, L_000002138d4af280;  1 drivers
v000002138d492760_0 .net *"_ivl_3", 0 0, L_000002138d4aeb00;  1 drivers
v000002138d496e10_0 .net *"_ivl_5", 0 0, L_000002138d4af8c0;  1 drivers
v000002138d496050_0 .net *"_ivl_6", 0 0, L_000002138d4ade80;  1 drivers
S_000002138d493e50 .scope generate, "genblk1[15]" "genblk1[15]" 4 19, 4 19 0, S_000002138d48e510;
 .timescale 0 0;
P_000002138d4156b0 .param/l "i" 0 4 19, +C4<01111>;
L_000002138d4a5e50 .functor AND 1, L_000002138d4ada20, L_000002138d4a6cc0, C4<1>, C4<1>;
L_000002138d4a64e0 .functor AND 1, L_000002138d4aee20, L_000002138d4aeec0, C4<1>, C4<1>;
L_000002138d4a6c50 .functor OR 1, L_000002138d4ad340, L_000002138d4ae740, C4<0>, C4<0>;
v000002138d4964b0_0 .net *"_ivl_1", 0 0, L_000002138d4ada20;  1 drivers
v000002138d496b90_0 .net *"_ivl_3", 0 0, L_000002138d4aeec0;  1 drivers
v000002138d497090_0 .net *"_ivl_5", 0 0, L_000002138d4ad340;  1 drivers
v000002138d498490_0 .net *"_ivl_6", 0 0, L_000002138d4ae740;  1 drivers
    .scope S_000002138d3f2790;
T_0 ;
    %vpi_call 2 29 "$dumpfile", "tb_Mux4Way16.vcd" {0 0 0};
    %vpi_call 2 30 "$dumpvars", 32'sb00000000000000000000000000000000, S_000002138d3f2790 {0 0 0};
    %pushi/vec4 0, 0, 16;
    %store/vec4 v000002138d499b10_0, 0, 16;
    %pushi/vec4 0, 0, 16;
    %store/vec4 v000002138d4999d0_0, 0, 16;
    %pushi/vec4 0, 0, 16;
    %store/vec4 v000002138d499250_0, 0, 16;
    %pushi/vec4 0, 0, 16;
    %store/vec4 v000002138d4996b0_0, 0, 16;
    %pushi/vec4 0, 0, 2;
    %store/vec4 v000002138d499bb0_0, 0, 2;
    %delay 1, 0;
    %load/vec4 v000002138d499930_0;
    %cmpi/ne 0, 0, 16;
    %jmp/0xz  T_0.0, 6;
    %vpi_call 2 36 "$display", "ASSERTION FAILED in %m: out != 16'b0000000000000000" {0 0 0};
    %vpi_call 2 37 "$finish" {0 0 0};
    %jmp T_0.1;
T_0.0 ;
    %vpi_call 2 39 "$display", "Success! %m: out = 16'b0000000000000000" {0 0 0};
T_0.1 ;
    %pushi/vec4 57816, 0, 16;
    %store/vec4 v000002138d499b10_0, 0, 16;
    %pushi/vec4 25211, 0, 16;
    %store/vec4 v000002138d4999d0_0, 0, 16;
    %pushi/vec4 24907, 0, 16;
    %store/vec4 v000002138d499250_0, 0, 16;
    %pushi/vec4 40083, 0, 16;
    %store/vec4 v000002138d4996b0_0, 0, 16;
    %pushi/vec4 1, 0, 2;
    %store/vec4 v000002138d499bb0_0, 0, 2;
    %delay 1, 0;
    %load/vec4 v000002138d499930_0;
    %cmpi/ne 25211, 0, 16;
    %jmp/0xz  T_0.2, 6;
    %vpi_call 2 38 "$display", "ASSERTION FAILED in %m: out != 16'b0110001001111011" {0 0 0};
    %vpi_call 2 39 "$finish" {0 0 0};
    %jmp T_0.3;
T_0.2 ;
    %vpi_call 2 41 "$display", "Success! %m: out = 16'b0110001001111011" {0 0 0};
T_0.3 ;
    %pushi/vec4 59538, 0, 16;
    %store/vec4 v000002138d499b10_0, 0, 16;
    %pushi/vec4 24072, 0, 16;
    %store/vec4 v000002138d4999d0_0, 0, 16;
    %pushi/vec4 50615, 0, 16;
    %store/vec4 v000002138d499250_0, 0, 16;
    %pushi/vec4 13987, 0, 16;
    %store/vec4 v000002138d4996b0_0, 0, 16;
    %pushi/vec4 1, 0, 2;
    %store/vec4 v000002138d499bb0_0, 0, 2;
    %delay 1, 0;
    %load/vec4 v000002138d499930_0;
    %cmpi/ne 24072, 0, 16;
    %jmp/0xz  T_0.4, 6;
    %vpi_call 2 40 "$display", "ASSERTION FAILED in %m: out != 16'b0101111000001000" {0 0 0};
    %vpi_call 2 41 "$finish" {0 0 0};
    %jmp T_0.5;
T_0.4 ;
    %vpi_call 2 43 "$display", "Success! %m: out = 16'b0101111000001000" {0 0 0};
T_0.5 ;
    %pushi/vec4 59768, 0, 16;
    %store/vec4 v000002138d499b10_0, 0, 16;
    %pushi/vec4 51001, 0, 16;
    %store/vec4 v000002138d4999d0_0, 0, 16;
    %pushi/vec4 1810, 0, 16;
    %store/vec4 v000002138d499250_0, 0, 16;
    %pushi/vec4 55549, 0, 16;
    %store/vec4 v000002138d4996b0_0, 0, 16;
    %pushi/vec4 0, 0, 2;
    %store/vec4 v000002138d499bb0_0, 0, 2;
    %delay 1, 0;
    %load/vec4 v000002138d499930_0;
    %cmpi/ne 59768, 0, 16;
    %jmp/0xz  T_0.6, 6;
    %vpi_call 2 42 "$display", "ASSERTION FAILED in %m: out != 16'b1110100101111000" {0 0 0};
    %vpi_call 2 43 "$finish" {0 0 0};
    %jmp T_0.7;
T_0.6 ;
    %vpi_call 2 45 "$display", "Success! %m: out = 16'b1110100101111000" {0 0 0};
T_0.7 ;
    %pushi/vec4 60101, 0, 16;
    %store/vec4 v000002138d499b10_0, 0, 16;
    %pushi/vec4 27752, 0, 16;
    %store/vec4 v000002138d4999d0_0, 0, 16;
    %pushi/vec4 34528, 0, 16;
    %store/vec4 v000002138d499250_0, 0, 16;
    %pushi/vec4 54228, 0, 16;
    %store/vec4 v000002138d4996b0_0, 0, 16;
    %pushi/vec4 1, 0, 2;
    %store/vec4 v000002138d499bb0_0, 0, 2;
    %delay 1, 0;
    %load/vec4 v000002138d499930_0;
    %cmpi/ne 27752, 0, 16;
    %jmp/0xz  T_0.8, 6;
    %vpi_call 2 44 "$display", "ASSERTION FAILED in %m: out != 16'b0110110001101000" {0 0 0};
    %vpi_call 2 45 "$finish" {0 0 0};
    %jmp T_0.9;
T_0.8 ;
    %vpi_call 2 47 "$display", "Success! %m: out = 16'b0110110001101000" {0 0 0};
T_0.9 ;
    %pushi/vec4 60515, 0, 16;
    %store/vec4 v000002138d499b10_0, 0, 16;
    %pushi/vec4 44999, 0, 16;
    %store/vec4 v000002138d4999d0_0, 0, 16;
    %pushi/vec4 52769, 0, 16;
    %store/vec4 v000002138d499250_0, 0, 16;
    %pushi/vec4 58952, 0, 16;
    %store/vec4 v000002138d4996b0_0, 0, 16;
    %pushi/vec4 2, 0, 2;
    %store/vec4 v000002138d499bb0_0, 0, 2;
    %delay 1, 0;
    %load/vec4 v000002138d499930_0;
    %cmpi/ne 52769, 0, 16;
    %jmp/0xz  T_0.10, 6;
    %vpi_call 2 46 "$display", "ASSERTION FAILED in %m: out != 16'b1100111000100001" {0 0 0};
    %vpi_call 2 47 "$finish" {0 0 0};
    %jmp T_0.11;
T_0.10 ;
    %vpi_call 2 49 "$display", "Success! %m: out = 16'b1100111000100001" {0 0 0};
T_0.11 ;
    %pushi/vec4 61820, 0, 16;
    %store/vec4 v000002138d499b10_0, 0, 16;
    %pushi/vec4 34666, 0, 16;
    %store/vec4 v000002138d4999d0_0, 0, 16;
    %pushi/vec4 25473, 0, 16;
    %store/vec4 v000002138d499250_0, 0, 16;
    %pushi/vec4 39509, 0, 16;
    %store/vec4 v000002138d4996b0_0, 0, 16;
    %pushi/vec4 0, 0, 2;
    %store/vec4 v000002138d499bb0_0, 0, 2;
    %delay 1, 0;
    %load/vec4 v000002138d499930_0;
    %cmpi/ne 61820, 0, 16;
    %jmp/0xz  T_0.12, 6;
    %vpi_call 2 48 "$display", "ASSERTION FAILED in %m: out != 16'b1111000101111100" {0 0 0};
    %vpi_call 2 49 "$finish" {0 0 0};
    %jmp T_0.13;
T_0.12 ;
    %vpi_call 2 51 "$display", "Success! %m: out = 16'b1111000101111100" {0 0 0};
T_0.13 ;
    %pushi/vec4 62110, 0, 16;
    %store/vec4 v000002138d499b10_0, 0, 16;
    %pushi/vec4 49437, 0, 16;
    %store/vec4 v000002138d4999d0_0, 0, 16;
    %pushi/vec4 48053, 0, 16;
    %store/vec4 v000002138d499250_0, 0, 16;
    %pushi/vec4 27614, 0, 16;
    %store/vec4 v000002138d4996b0_0, 0, 16;
    %pushi/vec4 2, 0, 2;
    %store/vec4 v000002138d499bb0_0, 0, 2;
    %delay 1, 0;
    %load/vec4 v000002138d499930_0;
    %cmpi/ne 48053, 0, 16;
    %jmp/0xz  T_0.14, 6;
    %vpi_call 2 50 "$display", "ASSERTION FAILED in %m: out != 16'b1011101110110101" {0 0 0};
    %vpi_call 2 51 "$finish" {0 0 0};
    %jmp T_0.15;
T_0.14 ;
    %vpi_call 2 53 "$display", "Success! %m: out = 16'b1011101110110101" {0 0 0};
T_0.15 ;
    %pushi/vec4 62149, 0, 16;
    %store/vec4 v000002138d499b10_0, 0, 16;
    %pushi/vec4 18960, 0, 16;
    %store/vec4 v000002138d4999d0_0, 0, 16;
    %pushi/vec4 38814, 0, 16;
    %store/vec4 v000002138d499250_0, 0, 16;
    %pushi/vec4 57231, 0, 16;
    %store/vec4 v000002138d4996b0_0, 0, 16;
    %pushi/vec4 2, 0, 2;
    %store/vec4 v000002138d499bb0_0, 0, 2;
    %delay 1, 0;
    %load/vec4 v000002138d499930_0;
    %cmpi/ne 38814, 0, 16;
    %jmp/0xz  T_0.16, 6;
    %vpi_call 2 52 "$display", "ASSERTION FAILED in %m: out != 16'b1001011110011110" {0 0 0};
    %vpi_call 2 53 "$finish" {0 0 0};
    %jmp T_0.17;
T_0.16 ;
    %vpi_call 2 55 "$display", "Success! %m: out = 16'b1001011110011110" {0 0 0};
T_0.17 ;
    %pushi/vec4 62260, 0, 16;
    %store/vec4 v000002138d499b10_0, 0, 16;
    %pushi/vec4 15664, 0, 16;
    %store/vec4 v000002138d4999d0_0, 0, 16;
    %pushi/vec4 25403, 0, 16;
    %store/vec4 v000002138d499250_0, 0, 16;
    %pushi/vec4 22546, 0, 16;
    %store/vec4 v000002138d4996b0_0, 0, 16;
    %pushi/vec4 3, 0, 2;
    %store/vec4 v000002138d499bb0_0, 0, 2;
    %delay 1, 0;
    %load/vec4 v000002138d499930_0;
    %cmpi/ne 22546, 0, 16;
    %jmp/0xz  T_0.18, 6;
    %vpi_call 2 54 "$display", "ASSERTION FAILED in %m: out != 16'b0101100000010010" {0 0 0};
    %vpi_call 2 55 "$finish" {0 0 0};
    %jmp T_0.19;
T_0.18 ;
    %vpi_call 2 57 "$display", "Success! %m: out = 16'b0101100000010010" {0 0 0};
T_0.19 ;
    %pushi/vec4 62344, 0, 16;
    %store/vec4 v000002138d499b10_0, 0, 16;
    %pushi/vec4 54819, 0, 16;
    %store/vec4 v000002138d4999d0_0, 0, 16;
    %pushi/vec4 55029, 0, 16;
    %store/vec4 v000002138d499250_0, 0, 16;
    %pushi/vec4 37321, 0, 16;
    %store/vec4 v000002138d4996b0_0, 0, 16;
    %pushi/vec4 3, 0, 2;
    %store/vec4 v000002138d499bb0_0, 0, 2;
    %delay 1, 0;
    %load/vec4 v000002138d499930_0;
    %cmpi/ne 37321, 0, 16;
    %jmp/0xz  T_0.20, 6;
    %vpi_call 2 56 "$display", "ASSERTION FAILED in %m: out != 16'b1001000111001001" {0 0 0};
    %vpi_call 2 57 "$finish" {0 0 0};
    %jmp T_0.21;
T_0.20 ;
    %vpi_call 2 59 "$display", "Success! %m: out = 16'b1001000111001001" {0 0 0};
T_0.21 ;
    %pushi/vec4 63899, 0, 16;
    %store/vec4 v000002138d499b10_0, 0, 16;
    %pushi/vec4 28622, 0, 16;
    %store/vec4 v000002138d4999d0_0, 0, 16;
    %pushi/vec4 37400, 0, 16;
    %store/vec4 v000002138d499250_0, 0, 16;
    %pushi/vec4 35973, 0, 16;
    %store/vec4 v000002138d4996b0_0, 0, 16;
    %pushi/vec4 1, 0, 2;
    %store/vec4 v000002138d499bb0_0, 0, 2;
    %delay 1, 0;
    %load/vec4 v000002138d499930_0;
    %cmpi/ne 28622, 0, 16;
    %jmp/0xz  T_0.22, 6;
    %vpi_call 2 58 "$display", "ASSERTION FAILED in %m: out != 16'b0110111111001110" {0 0 0};
    %vpi_call 2 59 "$finish" {0 0 0};
    %jmp T_0.23;
T_0.22 ;
    %vpi_call 2 61 "$display", "Success! %m: out = 16'b0110111111001110" {0 0 0};
T_0.23 ;
    %pushi/vec4 64332, 0, 16;
    %store/vec4 v000002138d499b10_0, 0, 16;
    %pushi/vec4 39386, 0, 16;
    %store/vec4 v000002138d4999d0_0, 0, 16;
    %pushi/vec4 9782, 0, 16;
    %store/vec4 v000002138d499250_0, 0, 16;
    %pushi/vec4 64846, 0, 16;
    %store/vec4 v000002138d4996b0_0, 0, 16;
    %pushi/vec4 1, 0, 2;
    %store/vec4 v000002138d499bb0_0, 0, 2;
    %delay 1, 0;
    %load/vec4 v000002138d499930_0;
    %cmpi/ne 39386, 0, 16;
    %jmp/0xz  T_0.24, 6;
    %vpi_call 2 60 "$display", "ASSERTION FAILED in %m: out != 16'b1001100111011010" {0 0 0};
    %vpi_call 2 61 "$finish" {0 0 0};
    %jmp T_0.25;
T_0.24 ;
    %vpi_call 2 63 "$display", "Success! %m: out = 16'b1001100111011010" {0 0 0};
T_0.25 ;
    %pushi/vec4 65151, 0, 16;
    %store/vec4 v000002138d499b10_0, 0, 16;
    %pushi/vec4 31112, 0, 16;
    %store/vec4 v000002138d4999d0_0, 0, 16;
    %pushi/vec4 32024, 0, 16;
    %store/vec4 v000002138d499250_0, 0, 16;
    %pushi/vec4 2608, 0, 16;
    %store/vec4 v000002138d4996b0_0, 0, 16;
    %pushi/vec4 3, 0, 2;
    %store/vec4 v000002138d499bb0_0, 0, 2;
    %delay 1, 0;
    %load/vec4 v000002138d499930_0;
    %cmpi/ne 2608, 0, 16;
    %jmp/0xz  T_0.26, 6;
    %vpi_call 2 62 "$display", "ASSERTION FAILED in %m: out != 16'b0000101000110000" {0 0 0};
    %vpi_call 2 63 "$finish" {0 0 0};
    %jmp T_0.27;
T_0.26 ;
    %vpi_call 2 65 "$display", "Success! %m: out = 16'b0000101000110000" {0 0 0};
T_0.27 ;
    %pushi/vec4 573, 0, 16;
    %store/vec4 v000002138d499b10_0, 0, 16;
    %pushi/vec4 59340, 0, 16;
    %store/vec4 v000002138d4999d0_0, 0, 16;
    %pushi/vec4 58830, 0, 16;
    %store/vec4 v000002138d499250_0, 0, 16;
    %pushi/vec4 4701, 0, 16;
    %store/vec4 v000002138d4996b0_0, 0, 16;
    %pushi/vec4 2, 0, 2;
    %store/vec4 v000002138d499bb0_0, 0, 2;
    %delay 1, 0;
    %load/vec4 v000002138d499930_0;
    %cmpi/ne 58830, 0, 16;
    %jmp/0xz  T_0.28, 6;
    %vpi_call 2 64 "$display", "ASSERTION FAILED in %m: out != 16'b1110010111001110" {0 0 0};
    %vpi_call 2 65 "$finish" {0 0 0};
    %jmp T_0.29;
T_0.28 ;
    %vpi_call 2 67 "$display", "Success! %m: out = 16'b1110010111001110" {0 0 0};
T_0.29 ;
    %pushi/vec4 755, 0, 16;
    %store/vec4 v000002138d499b10_0, 0, 16;
    %pushi/vec4 55969, 0, 16;
    %store/vec4 v000002138d4999d0_0, 0, 16;
    %pushi/vec4 28458, 0, 16;
    %store/vec4 v000002138d499250_0, 0, 16;
    %pushi/vec4 19526, 0, 16;
    %store/vec4 v000002138d4996b0_0, 0, 16;
    %pushi/vec4 1, 0, 2;
    %store/vec4 v000002138d499bb0_0, 0, 2;
    %delay 1, 0;
    %load/vec4 v000002138d499930_0;
    %cmpi/ne 55969, 0, 16;
    %jmp/0xz  T_0.30, 6;
    %vpi_call 2 66 "$display", "ASSERTION FAILED in %m: out != 16'b1101101010100001" {0 0 0};
    %vpi_call 2 67 "$finish" {0 0 0};
    %jmp T_0.31;
T_0.30 ;
    %vpi_call 2 69 "$display", "Success! %m: out = 16'b1101101010100001" {0 0 0};
T_0.31 ;
    %pushi/vec4 1116, 0, 16;
    %store/vec4 v000002138d499b10_0, 0, 16;
    %pushi/vec4 24903, 0, 16;
    %store/vec4 v000002138d4999d0_0, 0, 16;
    %pushi/vec4 10724, 0, 16;
    %store/vec4 v000002138d499250_0, 0, 16;
    %pushi/vec4 62108, 0, 16;
    %store/vec4 v000002138d4996b0_0, 0, 16;
    %pushi/vec4 3, 0, 2;
    %store/vec4 v000002138d499bb0_0, 0, 2;
    %delay 1, 0;
    %load/vec4 v000002138d499930_0;
    %cmpi/ne 62108, 0, 16;
    %jmp/0xz  T_0.32, 6;
    %vpi_call 2 68 "$display", "ASSERTION FAILED in %m: out != 16'b1111001010011100" {0 0 0};
    %vpi_call 2 69 "$finish" {0 0 0};
    %jmp T_0.33;
T_0.32 ;
    %vpi_call 2 71 "$display", "Success! %m: out = 16'b1111001010011100" {0 0 0};
T_0.33 ;
    %pushi/vec4 1616, 0, 16;
    %store/vec4 v000002138d499b10_0, 0, 16;
    %pushi/vec4 12691, 0, 16;
    %store/vec4 v000002138d4999d0_0, 0, 16;
    %pushi/vec4 30082, 0, 16;
    %store/vec4 v000002138d499250_0, 0, 16;
    %pushi/vec4 13786, 0, 16;
    %store/vec4 v000002138d4996b0_0, 0, 16;
    %pushi/vec4 3, 0, 2;
    %store/vec4 v000002138d499bb0_0, 0, 2;
    %delay 1, 0;
    %load/vec4 v000002138d499930_0;
    %cmpi/ne 13786, 0, 16;
    %jmp/0xz  T_0.34, 6;
    %vpi_call 2 70 "$display", "ASSERTION FAILED in %m: out != 16'b0011010111011010" {0 0 0};
    %vpi_call 2 71 "$finish" {0 0 0};
    %jmp T_0.35;
T_0.34 ;
    %vpi_call 2 73 "$display", "Success! %m: out = 16'b0011010111011010" {0 0 0};
T_0.35 ;
    %pushi/vec4 1958, 0, 16;
    %store/vec4 v000002138d499b10_0, 0, 16;
    %pushi/vec4 19931, 0, 16;
    %store/vec4 v000002138d4999d0_0, 0, 16;
    %pushi/vec4 2820, 0, 16;
    %store/vec4 v000002138d499250_0, 0, 16;
    %pushi/vec4 21816, 0, 16;
    %store/vec4 v000002138d4996b0_0, 0, 16;
    %pushi/vec4 1, 0, 2;
    %store/vec4 v000002138d499bb0_0, 0, 2;
    %delay 1, 0;
    %load/vec4 v000002138d499930_0;
    %cmpi/ne 19931, 0, 16;
    %jmp/0xz  T_0.36, 6;
    %vpi_call 2 72 "$display", "ASSERTION FAILED in %m: out != 16'b0100110111011011" {0 0 0};
    %vpi_call 2 73 "$finish" {0 0 0};
    %jmp T_0.37;
T_0.36 ;
    %vpi_call 2 75 "$display", "Success! %m: out = 16'b0100110111011011" {0 0 0};
T_0.37 ;
    %pushi/vec4 2285, 0, 16;
    %store/vec4 v000002138d499b10_0, 0, 16;
    %pushi/vec4 30844, 0, 16;
    %store/vec4 v000002138d4999d0_0, 0, 16;
    %pushi/vec4 15578, 0, 16;
    %store/vec4 v000002138d499250_0, 0, 16;
    %pushi/vec4 26129, 0, 16;
    %store/vec4 v000002138d4996b0_0, 0, 16;
    %pushi/vec4 1, 0, 2;
    %store/vec4 v000002138d499bb0_0, 0, 2;
    %delay 1, 0;
    %load/vec4 v000002138d499930_0;
    %cmpi/ne 30844, 0, 16;
    %jmp/0xz  T_0.38, 6;
    %vpi_call 2 74 "$display", "ASSERTION FAILED in %m: out != 16'b0111100001111100" {0 0 0};
    %vpi_call 2 75 "$finish" {0 0 0};
    %jmp T_0.39;
T_0.38 ;
    %vpi_call 2 77 "$display", "Success! %m: out = 16'b0111100001111100" {0 0 0};
T_0.39 ;
    %pushi/vec4 2767, 0, 16;
    %store/vec4 v000002138d499b10_0, 0, 16;
    %pushi/vec4 60833, 0, 16;
    %store/vec4 v000002138d4999d0_0, 0, 16;
    %pushi/vec4 41922, 0, 16;
    %store/vec4 v000002138d499250_0, 0, 16;
    %pushi/vec4 29204, 0, 16;
    %store/vec4 v000002138d4996b0_0, 0, 16;
    %pushi/vec4 3, 0, 2;
    %store/vec4 v000002138d499bb0_0, 0, 2;
    %delay 1, 0;
    %load/vec4 v000002138d499930_0;
    %cmpi/ne 29204, 0, 16;
    %jmp/0xz  T_0.40, 6;
    %vpi_call 2 76 "$display", "ASSERTION FAILED in %m: out != 16'b0111001000010100" {0 0 0};
    %vpi_call 2 77 "$finish" {0 0 0};
    %jmp T_0.41;
T_0.40 ;
    %vpi_call 2 79 "$display", "Success! %m: out = 16'b0111001000010100" {0 0 0};
T_0.41 ;
    %pushi/vec4 3150, 0, 16;
    %store/vec4 v000002138d499b10_0, 0, 16;
    %pushi/vec4 63819, 0, 16;
    %store/vec4 v000002138d4999d0_0, 0, 16;
    %pushi/vec4 10015, 0, 16;
    %store/vec4 v000002138d499250_0, 0, 16;
    %pushi/vec4 19605, 0, 16;
    %store/vec4 v000002138d4996b0_0, 0, 16;
    %pushi/vec4 2, 0, 2;
    %store/vec4 v000002138d499bb0_0, 0, 2;
    %delay 1, 0;
    %load/vec4 v000002138d499930_0;
    %cmpi/ne 10015, 0, 16;
    %jmp/0xz  T_0.42, 6;
    %vpi_call 2 78 "$display", "ASSERTION FAILED in %m: out != 16'b0010011100011111" {0 0 0};
    %vpi_call 2 79 "$finish" {0 0 0};
    %jmp T_0.43;
T_0.42 ;
    %vpi_call 2 81 "$display", "Success! %m: out = 16'b0010011100011111" {0 0 0};
T_0.43 ;
    %pushi/vec4 3249, 0, 16;
    %store/vec4 v000002138d499b10_0, 0, 16;
    %pushi/vec4 57545, 0, 16;
    %store/vec4 v000002138d4999d0_0, 0, 16;
    %pushi/vec4 46371, 0, 16;
    %store/vec4 v000002138d499250_0, 0, 16;
    %pushi/vec4 63974, 0, 16;
    %store/vec4 v000002138d4996b0_0, 0, 16;
    %pushi/vec4 2, 0, 2;
    %store/vec4 v000002138d499bb0_0, 0, 2;
    %delay 1, 0;
    %load/vec4 v000002138d499930_0;
    %cmpi/ne 46371, 0, 16;
    %jmp/0xz  T_0.44, 6;
    %vpi_call 2 80 "$display", "ASSERTION FAILED in %m: out != 16'b1011010100100011" {0 0 0};
    %vpi_call 2 81 "$finish" {0 0 0};
    %jmp T_0.45;
T_0.44 ;
    %vpi_call 2 83 "$display", "Success! %m: out = 16'b1011010100100011" {0 0 0};
T_0.45 ;
    %pushi/vec4 5329, 0, 16;
    %store/vec4 v000002138d499b10_0, 0, 16;
    %pushi/vec4 13242, 0, 16;
    %store/vec4 v000002138d4999d0_0, 0, 16;
    %pushi/vec4 11843, 0, 16;
    %store/vec4 v000002138d499250_0, 0, 16;
    %pushi/vec4 41762, 0, 16;
    %store/vec4 v000002138d4996b0_0, 0, 16;
    %pushi/vec4 2, 0, 2;
    %store/vec4 v000002138d499bb0_0, 0, 2;
    %delay 1, 0;
    %load/vec4 v000002138d499930_0;
    %cmpi/ne 11843, 0, 16;
    %jmp/0xz  T_0.46, 6;
    %vpi_call 2 82 "$display", "ASSERTION FAILED in %m: out != 16'b0010111001000011" {0 0 0};
    %vpi_call 2 83 "$finish" {0 0 0};
    %jmp T_0.47;
T_0.46 ;
    %vpi_call 2 85 "$display", "Success! %m: out = 16'b0010111001000011" {0 0 0};
T_0.47 ;
    %pushi/vec4 5769, 0, 16;
    %store/vec4 v000002138d499b10_0, 0, 16;
    %pushi/vec4 33220, 0, 16;
    %store/vec4 v000002138d4999d0_0, 0, 16;
    %pushi/vec4 18122, 0, 16;
    %store/vec4 v000002138d499250_0, 0, 16;
    %pushi/vec4 43046, 0, 16;
    %store/vec4 v000002138d4996b0_0, 0, 16;
    %pushi/vec4 1, 0, 2;
    %store/vec4 v000002138d499bb0_0, 0, 2;
    %delay 1, 0;
    %load/vec4 v000002138d499930_0;
    %cmpi/ne 33220, 0, 16;
    %jmp/0xz  T_0.48, 6;
    %vpi_call 2 84 "$display", "ASSERTION FAILED in %m: out != 16'b1000000111000100" {0 0 0};
    %vpi_call 2 85 "$finish" {0 0 0};
    %jmp T_0.49;
T_0.48 ;
    %vpi_call 2 87 "$display", "Success! %m: out = 16'b1000000111000100" {0 0 0};
T_0.49 ;
    %pushi/vec4 6007, 0, 16;
    %store/vec4 v000002138d499b10_0, 0, 16;
    %pushi/vec4 43677, 0, 16;
    %store/vec4 v000002138d4999d0_0, 0, 16;
    %pushi/vec4 52548, 0, 16;
    %store/vec4 v000002138d499250_0, 0, 16;
    %pushi/vec4 39073, 0, 16;
    %store/vec4 v000002138d4996b0_0, 0, 16;
    %pushi/vec4 1, 0, 2;
    %store/vec4 v000002138d499bb0_0, 0, 2;
    %delay 1, 0;
    %load/vec4 v000002138d499930_0;
    %cmpi/ne 43677, 0, 16;
    %jmp/0xz  T_0.50, 6;
    %vpi_call 2 86 "$display", "ASSERTION FAILED in %m: out != 16'b1010101010011101" {0 0 0};
    %vpi_call 2 87 "$finish" {0 0 0};
    %jmp T_0.51;
T_0.50 ;
    %vpi_call 2 89 "$display", "Success! %m: out = 16'b1010101010011101" {0 0 0};
T_0.51 ;
    %pushi/vec4 7702, 0, 16;
    %store/vec4 v000002138d499b10_0, 0, 16;
    %pushi/vec4 4287, 0, 16;
    %store/vec4 v000002138d4999d0_0, 0, 16;
    %pushi/vec4 58502, 0, 16;
    %store/vec4 v000002138d499250_0, 0, 16;
    %pushi/vec4 50142, 0, 16;
    %store/vec4 v000002138d4996b0_0, 0, 16;
    %pushi/vec4 2, 0, 2;
    %store/vec4 v000002138d499bb0_0, 0, 2;
    %delay 1, 0;
    %load/vec4 v000002138d499930_0;
    %cmpi/ne 58502, 0, 16;
    %jmp/0xz  T_0.52, 6;
    %vpi_call 2 88 "$display", "ASSERTION FAILED in %m: out != 16'b1110010010000110" {0 0 0};
    %vpi_call 2 89 "$finish" {0 0 0};
    %jmp T_0.53;
T_0.52 ;
    %vpi_call 2 91 "$display", "Success! %m: out = 16'b1110010010000110" {0 0 0};
T_0.53 ;
    %pushi/vec4 7747, 0, 16;
    %store/vec4 v000002138d499b10_0, 0, 16;
    %pushi/vec4 28097, 0, 16;
    %store/vec4 v000002138d4999d0_0, 0, 16;
    %pushi/vec4 53468, 0, 16;
    %store/vec4 v000002138d499250_0, 0, 16;
    %pushi/vec4 62844, 0, 16;
    %store/vec4 v000002138d4996b0_0, 0, 16;
    %pushi/vec4 0, 0, 2;
    %store/vec4 v000002138d499bb0_0, 0, 2;
    %delay 1, 0;
    %load/vec4 v000002138d499930_0;
    %cmpi/ne 7747, 0, 16;
    %jmp/0xz  T_0.54, 6;
    %vpi_call 2 90 "$display", "ASSERTION FAILED in %m: out != 16'b0001111001000011" {0 0 0};
    %vpi_call 2 91 "$finish" {0 0 0};
    %jmp T_0.55;
T_0.54 ;
    %vpi_call 2 93 "$display", "Success! %m: out = 16'b0001111001000011" {0 0 0};
T_0.55 ;
    %pushi/vec4 7835, 0, 16;
    %store/vec4 v000002138d499b10_0, 0, 16;
    %pushi/vec4 18048, 0, 16;
    %store/vec4 v000002138d4999d0_0, 0, 16;
    %pushi/vec4 64336, 0, 16;
    %store/vec4 v000002138d499250_0, 0, 16;
    %pushi/vec4 28613, 0, 16;
    %store/vec4 v000002138d4996b0_0, 0, 16;
    %pushi/vec4 3, 0, 2;
    %store/vec4 v000002138d499bb0_0, 0, 2;
    %delay 1, 0;
    %load/vec4 v000002138d499930_0;
    %cmpi/ne 28613, 0, 16;
    %jmp/0xz  T_0.56, 6;
    %vpi_call 2 92 "$display", "ASSERTION FAILED in %m: out != 16'b0110111111000101" {0 0 0};
    %vpi_call 2 93 "$finish" {0 0 0};
    %jmp T_0.57;
T_0.56 ;
    %vpi_call 2 95 "$display", "Success! %m: out = 16'b0110111111000101" {0 0 0};
T_0.57 ;
    %pushi/vec4 65535, 0, 16;
    %store/vec4 v000002138d499b10_0, 0, 16;
    %pushi/vec4 65535, 0, 16;
    %store/vec4 v000002138d4999d0_0, 0, 16;
    %pushi/vec4 65535, 0, 16;
    %store/vec4 v000002138d499250_0, 0, 16;
    %pushi/vec4 65535, 0, 16;
    %store/vec4 v000002138d4996b0_0, 0, 16;
    %pushi/vec4 3, 0, 2;
    %store/vec4 v000002138d499bb0_0, 0, 2;
    %delay 1, 0;
    %load/vec4 v000002138d499930_0;
    %cmpi/ne 65535, 0, 16;
    %jmp/0xz  T_0.58, 6;
    %vpi_call 2 94 "$display", "ASSERTION FAILED in %m: out != 16'b1111111111111111" {0 0 0};
    %vpi_call 2 95 "$finish" {0 0 0};
    %jmp T_0.59;
T_0.58 ;
    %vpi_call 2 97 "$display", "Success! %m: out = 16'b1111111111111111" {0 0 0};
T_0.59 ;
    %end;
    .thread T_0;
# The file index is used to find the file name in the following table.
:file_names 5;
    "N/A";
    "<interactive>";
    ".\tb_Mux4Way16.v";
    "./Mux4Way16.v";
    "./Mux16.v";
