#! /c/Source/iverilog-install/bin/vvp
:ivl_version "12.0 (devel)" "(s20150603-1110-g18392a46)";
:ivl_delay_selection "TYPICAL";
:vpi_time_precision + 0;
:vpi_module "C:\iverilog\lib\ivl\system.vpi";
:vpi_module "C:\iverilog\lib\ivl\vhdl_sys.vpi";
:vpi_module "C:\iverilog\lib\ivl\vhdl_textio.vpi";
:vpi_module "C:\iverilog\lib\ivl\v2005_math.vpi";
:vpi_module "C:\iverilog\lib\ivl\va_math.vpi";
S_000002c5673367f0 .scope module, "halfadder" "halfadder" 2 1;
 .timescale 0 0;
    .port_info 0 /INPUT 1 "a";
    .port_info 1 /INPUT 1 "b";
    .port_info 2 /OUTPUT 1 "sum";
    .port_info 3 /OUTPUT 1 "carry";
o000002c5673f6fd8 .functor BUFZ 1, C4<z>; HiZ drive
o000002c5673f7008 .functor BUFZ 1, C4<z>; HiZ drive
L_000002c567337290 .functor XOR 1, o000002c5673f6fd8, o000002c5673f7008, C4<0>, C4<0>;
L_000002c567336fd0 .functor AND 1, o000002c5673f6fd8, o000002c5673f7008, C4<1>, C4<1>;
v000002c567336980_0 .net "a", 0 0, o000002c5673f6fd8;  0 drivers
v000002c567336a20_0 .net "b", 0 0, o000002c5673f7008;  0 drivers
v000002c567336ac0_0 .net "c", 0 0, L_000002c567336fd0;  1 drivers
o000002c5673f7068 .functor BUFZ 1, C4<z>; HiZ drive
v000002c56733e4d0_0 .net "carry", 0 0, o000002c5673f7068;  0 drivers
v000002c56733e570_0 .net "s", 0 0, L_000002c567337290;  1 drivers
o000002c5673f70c8 .functor BUFZ 1, C4<z>; HiZ drive
v000002c56733e610_0 .net "sum", 0 0, o000002c5673f70c8;  0 drivers
    .scope S_000002c5673367f0;
T_0 ;
    %vpi_call 2 10 "$dumpfile", "test.vcd" {0 0 0};
    %end;
    .thread T_0;
# The file index is used to find the file name in the following table.
:file_names 3;
    "N/A";
    "<interactive>";
    ".\half-adder.v";
