#! /c/Source/iverilog-install/bin/vvp
:ivl_version "12.0 (devel)" "(s20150603-1539-g2693dd32b)";
:ivl_delay_selection "TYPICAL";
:vpi_time_precision + 0;
:vpi_module "C:\iverilog\lib\ivl\system.vpi";
:vpi_module "C:\iverilog\lib\ivl\vhdl_sys.vpi";
:vpi_module "C:\iverilog\lib\ivl\vhdl_textio.vpi";
:vpi_module "C:\iverilog\lib\ivl\v2005_math.vpi";
:vpi_module "C:\iverilog\lib\ivl\va_math.vpi";
S_000002bc06b345e0 .scope module, "tb_FullAdder" "tb_FullAdder" 2 17;
 .timescale 0 0;
v000002bc06ba1890_0 .var "a", 0 0;
v000002bc06ba1b10_0 .var "b", 0 0;
v000002bc06ba2330_0 .var "cin", 0 0;
v000002bc06ba1750_0 .net "cout", 0 0, L_000002bc06a1b5f0;  1 drivers
v000002bc06ba20b0_0 .net "s", 0 0, L_000002bc06a1b6d0;  1 drivers
S_000002bc06a1c3f0 .scope module, "mymodule" "FullAdder" 2 24, 3 8 0, S_000002bc06b345e0;
 .timescale 0 0;
    .port_info 0 /OUTPUT 1 "s";
    .port_info 1 /OUTPUT 1 "cout";
    .port_info 2 /INPUT 1 "a";
    .port_info 3 /INPUT 1 "b";
    .port_info 4 /INPUT 1 "cin";
L_000002bc06a1b5f0 .functor OR 1, L_000002bc06a1b510, L_000002bc06a1b2e0, C4<0>, C4<0>;
v000002bc06b2e040_0 .net "a", 0 0, v000002bc06ba1890_0;  1 drivers
v000002bc06b2cfa0_0 .net "b", 0 0, v000002bc06ba1b10_0;  1 drivers
v000002bc06b2d040_0 .net "c1", 0 0, L_000002bc06a1b510;  1 drivers
v000002bc06b2af90_0 .net "c2", 0 0, L_000002bc06a1b2e0;  1 drivers
v000002bc06ba17f0_0 .net "cin", 0 0, v000002bc06ba2330_0;  1 drivers
v000002bc06ba1570_0 .net "cout", 0 0, L_000002bc06a1b5f0;  alias, 1 drivers
v000002bc06ba16b0_0 .net "s", 0 0, L_000002bc06a1b6d0;  alias, 1 drivers
v000002bc06ba1a70_0 .net "s1", 0 0, L_000002bc06a1b900;  1 drivers
S_000002bc06a1d630 .scope module, "ha1" "HalfAdder" 3 14, 4 6 0, S_000002bc06a1c3f0;
 .timescale 0 0;
    .port_info 0 /OUTPUT 1 "s";
    .port_info 1 /OUTPUT 1 "c";
    .port_info 2 /INPUT 1 "a";
    .port_info 3 /INPUT 1 "b";
L_000002bc06a1b900 .functor XOR 1, v000002bc06ba1890_0, v000002bc06ba1b10_0, C4<0>, C4<0>;
L_000002bc06a1b510 .functor AND 1, v000002bc06ba1890_0, v000002bc06ba1b10_0, C4<1>, C4<1>;
v000002bc06a1c580_0 .net "a", 0 0, v000002bc06ba1890_0;  alias, 1 drivers
v000002bc06b30fb0_0 .net "b", 0 0, v000002bc06ba1b10_0;  alias, 1 drivers
v000002bc06b31050_0 .net "c", 0 0, L_000002bc06a1b510;  alias, 1 drivers
v000002bc06b2efa0_0 .net "s", 0 0, L_000002bc06a1b900;  alias, 1 drivers
S_000002bc06a1d7c0 .scope module, "ha2" "HalfAdder" 3 15, 4 6 0, S_000002bc06a1c3f0;
 .timescale 0 0;
    .port_info 0 /OUTPUT 1 "s";
    .port_info 1 /OUTPUT 1 "c";
    .port_info 2 /INPUT 1 "a";
    .port_info 3 /INPUT 1 "b";
L_000002bc06a1b6d0 .functor XOR 1, L_000002bc06a1b900, v000002bc06ba2330_0, C4<0>, C4<0>;
L_000002bc06a1b2e0 .functor AND 1, L_000002bc06a1b900, v000002bc06ba2330_0, C4<1>, C4<1>;
v000002bc06b2f040_0 .net "a", 0 0, L_000002bc06a1b900;  alias, 1 drivers
v000002bc06a1d950_0 .net "b", 0 0, v000002bc06ba2330_0;  alias, 1 drivers
v000002bc06a1d9f0_0 .net "c", 0 0, L_000002bc06a1b2e0;  alias, 1 drivers
v000002bc06b2dfa0_0 .net "s", 0 0, L_000002bc06a1b6d0;  alias, 1 drivers
    .scope S_000002bc06b345e0;
T_0 ;
    %vpi_call 2 28 "$dumpfile", "tb_FullAdder.vcd" {0 0 0};
    %vpi_call 2 29 "$dumpvars", 32'sb00000000000000000000000000000000, S_000002bc06b345e0 {0 0 0};
    %pushi/vec4 0, 0, 1;
    %store/vec4 v000002bc06ba1890_0, 0, 1;
    %pushi/vec4 0, 0, 1;
    %store/vec4 v000002bc06ba1b10_0, 0, 1;
    %pushi/vec4 0, 0, 1;
    %store/vec4 v000002bc06ba2330_0, 0, 1;
    %delay 1, 0;
    %load/vec4 v000002bc06ba20b0_0;
    %cmpi/ne 0, 0, 1;
    %jmp/0xz  T_0.0, 6;
    %vpi_call 2 35 "$display", "ASSERTION FAILED in %m: s != 1'b0" {0 0 0};
    %vpi_call 2 36 "$finish" {0 0 0};
    %jmp T_0.1;
T_0.0 ;
    %vpi_call 2 38 "$display", "Success! %m: s = 1'b0" {0 0 0};
T_0.1 ;
    %load/vec4 v000002bc06ba1750_0;
    %cmpi/ne 0, 0, 1;
    %jmp/0xz  T_0.2, 6;
    %vpi_call 2 35 "$display", "ASSERTION FAILED in %m: cout != 1'b0" {0 0 0};
    %vpi_call 2 36 "$finish" {0 0 0};
    %jmp T_0.3;
T_0.2 ;
    %vpi_call 2 38 "$display", "Success! %m: cout = 1'b0" {0 0 0};
T_0.3 ;
    %pushi/vec4 0, 0, 1;
    %store/vec4 v000002bc06ba1890_0, 0, 1;
    %pushi/vec4 0, 0, 1;
    %store/vec4 v000002bc06ba1b10_0, 0, 1;
    %pushi/vec4 1, 0, 1;
    %store/vec4 v000002bc06ba2330_0, 0, 1;
    %delay 1, 0;
    %load/vec4 v000002bc06ba20b0_0;
    %cmpi/ne 1, 0, 1;
    %jmp/0xz  T_0.4, 6;
    %vpi_call 2 37 "$display", "ASSERTION FAILED in %m: s != 1'b1" {0 0 0};
    %vpi_call 2 38 "$finish" {0 0 0};
    %jmp T_0.5;
T_0.4 ;
    %vpi_call 2 40 "$display", "Success! %m: s = 1'b1" {0 0 0};
T_0.5 ;
    %load/vec4 v000002bc06ba1750_0;
    %cmpi/ne 0, 0, 1;
    %jmp/0xz  T_0.6, 6;
    %vpi_call 2 37 "$display", "ASSERTION FAILED in %m: cout != 1'b0" {0 0 0};
    %vpi_call 2 38 "$finish" {0 0 0};
    %jmp T_0.7;
T_0.6 ;
    %vpi_call 2 40 "$display", "Success! %m: cout = 1'b0" {0 0 0};
T_0.7 ;
    %pushi/vec4 0, 0, 1;
    %store/vec4 v000002bc06ba1890_0, 0, 1;
    %pushi/vec4 1, 0, 1;
    %store/vec4 v000002bc06ba1b10_0, 0, 1;
    %pushi/vec4 0, 0, 1;
    %store/vec4 v000002bc06ba2330_0, 0, 1;
    %delay 1, 0;
    %load/vec4 v000002bc06ba20b0_0;
    %cmpi/ne 1, 0, 1;
    %jmp/0xz  T_0.8, 6;
    %vpi_call 2 39 "$display", "ASSERTION FAILED in %m: s != 1'b1" {0 0 0};
    %vpi_call 2 40 "$finish" {0 0 0};
    %jmp T_0.9;
T_0.8 ;
    %vpi_call 2 42 "$display", "Success! %m: s = 1'b1" {0 0 0};
T_0.9 ;
    %load/vec4 v000002bc06ba1750_0;
    %cmpi/ne 0, 0, 1;
    %jmp/0xz  T_0.10, 6;
    %vpi_call 2 39 "$display", "ASSERTION FAILED in %m: cout != 1'b0" {0 0 0};
    %vpi_call 2 40 "$finish" {0 0 0};
    %jmp T_0.11;
T_0.10 ;
    %vpi_call 2 42 "$display", "Success! %m: cout = 1'b0" {0 0 0};
T_0.11 ;
    %pushi/vec4 0, 0, 1;
    %store/vec4 v000002bc06ba1890_0, 0, 1;
    %pushi/vec4 1, 0, 1;
    %store/vec4 v000002bc06ba1b10_0, 0, 1;
    %pushi/vec4 1, 0, 1;
    %store/vec4 v000002bc06ba2330_0, 0, 1;
    %delay 1, 0;
    %load/vec4 v000002bc06ba20b0_0;
    %cmpi/ne 0, 0, 1;
    %jmp/0xz  T_0.12, 6;
    %vpi_call 2 41 "$display", "ASSERTION FAILED in %m: s != 1'b0" {0 0 0};
    %vpi_call 2 42 "$finish" {0 0 0};
    %jmp T_0.13;
T_0.12 ;
    %vpi_call 2 44 "$display", "Success! %m: s = 1'b0" {0 0 0};
T_0.13 ;
    %load/vec4 v000002bc06ba1750_0;
    %cmpi/ne 1, 0, 1;
    %jmp/0xz  T_0.14, 6;
    %vpi_call 2 41 "$display", "ASSERTION FAILED in %m: cout != 1'b1" {0 0 0};
    %vpi_call 2 42 "$finish" {0 0 0};
    %jmp T_0.15;
T_0.14 ;
    %vpi_call 2 44 "$display", "Success! %m: cout = 1'b1" {0 0 0};
T_0.15 ;
    %pushi/vec4 1, 0, 1;
    %store/vec4 v000002bc06ba1890_0, 0, 1;
    %pushi/vec4 0, 0, 1;
    %store/vec4 v000002bc06ba1b10_0, 0, 1;
    %pushi/vec4 0, 0, 1;
    %store/vec4 v000002bc06ba2330_0, 0, 1;
    %delay 1, 0;
    %load/vec4 v000002bc06ba20b0_0;
    %cmpi/ne 1, 0, 1;
    %jmp/0xz  T_0.16, 6;
    %vpi_call 2 43 "$display", "ASSERTION FAILED in %m: s != 1'b1" {0 0 0};
    %vpi_call 2 44 "$finish" {0 0 0};
    %jmp T_0.17;
T_0.16 ;
    %vpi_call 2 46 "$display", "Success! %m: s = 1'b1" {0 0 0};
T_0.17 ;
    %load/vec4 v000002bc06ba1750_0;
    %cmpi/ne 0, 0, 1;
    %jmp/0xz  T_0.18, 6;
    %vpi_call 2 43 "$display", "ASSERTION FAILED in %m: cout != 1'b0" {0 0 0};
    %vpi_call 2 44 "$finish" {0 0 0};
    %jmp T_0.19;
T_0.18 ;
    %vpi_call 2 46 "$display", "Success! %m: cout = 1'b0" {0 0 0};
T_0.19 ;
    %pushi/vec4 1, 0, 1;
    %store/vec4 v000002bc06ba1890_0, 0, 1;
    %pushi/vec4 0, 0, 1;
    %store/vec4 v000002bc06ba1b10_0, 0, 1;
    %pushi/vec4 1, 0, 1;
    %store/vec4 v000002bc06ba2330_0, 0, 1;
    %delay 1, 0;
    %load/vec4 v000002bc06ba20b0_0;
    %cmpi/ne 0, 0, 1;
    %jmp/0xz  T_0.20, 6;
    %vpi_call 2 45 "$display", "ASSERTION FAILED in %m: s != 1'b0" {0 0 0};
    %vpi_call 2 46 "$finish" {0 0 0};
    %jmp T_0.21;
T_0.20 ;
    %vpi_call 2 48 "$display", "Success! %m: s = 1'b0" {0 0 0};
T_0.21 ;
    %load/vec4 v000002bc06ba1750_0;
    %cmpi/ne 1, 0, 1;
    %jmp/0xz  T_0.22, 6;
    %vpi_call 2 45 "$display", "ASSERTION FAILED in %m: cout != 1'b1" {0 0 0};
    %vpi_call 2 46 "$finish" {0 0 0};
    %jmp T_0.23;
T_0.22 ;
    %vpi_call 2 48 "$display", "Success! %m: cout = 1'b1" {0 0 0};
T_0.23 ;
    %pushi/vec4 1, 0, 1;
    %store/vec4 v000002bc06ba1890_0, 0, 1;
    %pushi/vec4 1, 0, 1;
    %store/vec4 v000002bc06ba1b10_0, 0, 1;
    %pushi/vec4 0, 0, 1;
    %store/vec4 v000002bc06ba2330_0, 0, 1;
    %delay 1, 0;
    %load/vec4 v000002bc06ba20b0_0;
    %cmpi/ne 0, 0, 1;
    %jmp/0xz  T_0.24, 6;
    %vpi_call 2 47 "$display", "ASSERTION FAILED in %m: s != 1'b0" {0 0 0};
    %vpi_call 2 48 "$finish" {0 0 0};
    %jmp T_0.25;
T_0.24 ;
    %vpi_call 2 50 "$display", "Success! %m: s = 1'b0" {0 0 0};
T_0.25 ;
    %load/vec4 v000002bc06ba1750_0;
    %cmpi/ne 1, 0, 1;
    %jmp/0xz  T_0.26, 6;
    %vpi_call 2 47 "$display", "ASSERTION FAILED in %m: cout != 1'b1" {0 0 0};
    %vpi_call 2 48 "$finish" {0 0 0};
    %jmp T_0.27;
T_0.26 ;
    %vpi_call 2 50 "$display", "Success! %m: cout = 1'b1" {0 0 0};
T_0.27 ;
    %pushi/vec4 1, 0, 1;
    %store/vec4 v000002bc06ba1890_0, 0, 1;
    %pushi/vec4 1, 0, 1;
    %store/vec4 v000002bc06ba1b10_0, 0, 1;
    %pushi/vec4 1, 0, 1;
    %store/vec4 v000002bc06ba2330_0, 0, 1;
    %delay 1, 0;
    %load/vec4 v000002bc06ba20b0_0;
    %cmpi/ne 1, 0, 1;
    %jmp/0xz  T_0.28, 6;
    %vpi_call 2 49 "$display", "ASSERTION FAILED in %m: s != 1'b1" {0 0 0};
    %vpi_call 2 50 "$finish" {0 0 0};
    %jmp T_0.29;
T_0.28 ;
    %vpi_call 2 52 "$display", "Success! %m: s = 1'b1" {0 0 0};
T_0.29 ;
    %load/vec4 v000002bc06ba1750_0;
    %cmpi/ne 1, 0, 1;
    %jmp/0xz  T_0.30, 6;
    %vpi_call 2 49 "$display", "ASSERTION FAILED in %m: cout != 1'b1" {0 0 0};
    %vpi_call 2 50 "$finish" {0 0 0};
    %jmp T_0.31;
T_0.30 ;
    %vpi_call 2 52 "$display", "Success! %m: cout = 1'b1" {0 0 0};
T_0.31 ;
    %end;
    .thread T_0;
# The file index is used to find the file name in the following table.
:file_names 5;
    "N/A";
    "<interactive>";
    "tb_FullAdder.v";
    "./FullAdder.v";
    "./HalfAdder.v";
