#! /c/Source/iverilog-install/bin/vvp
:ivl_version "12.0 (devel)" "(s20150603-1539-g2693dd32b)";
:ivl_delay_selection "TYPICAL";
:vpi_time_precision + 0;
:vpi_module "C:\iverilog\lib\ivl\system.vpi";
:vpi_module "C:\iverilog\lib\ivl\vhdl_sys.vpi";
:vpi_module "C:\iverilog\lib\ivl\vhdl_textio.vpi";
:vpi_module "C:\iverilog\lib\ivl\v2005_math.vpi";
:vpi_module "C:\iverilog\lib\ivl\va_math.vpi";
S_000001ae4ba3be40 .scope module, "tb_Mux16" "tb_Mux16" 2 17;
 .timescale 0 0;
v000001ae4bb52380_0 .var "a", 15 0;
v000001ae4bb52420_0 .var "b", 15 0;
v000001ae4bb524c0_0 .net "out", 15 0, L_000001ae4bb5afb0;  1 drivers
v000001ae4bb52560_0 .var "sel", 0 0;
S_000001ae4bad0e80 .scope module, "mymodule" "Mux16" 2 23, 3 6 0, S_000001ae4ba3be40;
 .timescale 0 0;
    .port_info 0 /OUTPUT 16 "out";
    .port_info 1 /INPUT 16 "a";
    .port_info 2 /INPUT 16 "b";
    .port_info 3 /INPUT 1 "sel";
L_000001ae4bac34a0 .functor NOT 1, v000001ae4bb52560_0, C4<0>, C4<0>, C4<0>;
L_000001ae4bac3f20 .functor AND 1, L_000001ae4bb52600, L_000001ae4bac34a0, C4<1>, C4<1>;
L_000001ae4bac4230 .functor AND 1, v000001ae4bb52560_0, L_000001ae4bb54430, C4<1>, C4<1>;
L_000001ae4bac3740 .functor OR 1, L_000001ae4bb55510, L_000001ae4bb54b10, C4<0>, C4<0>;
L_000001ae4bac42a0 .functor AND 1, L_000001ae4bb54d90, L_000001ae4bac34a0, C4<1>, C4<1>;
L_000001ae4bac3ba0 .functor AND 1, v000001ae4bb52560_0, L_000001ae4bb551f0, C4<1>, C4<1>;
L_000001ae4bac3f90 .functor OR 1, L_000001ae4bb544d0, L_000001ae4bb55ab0, C4<0>, C4<0>;
L_000001ae4bac4000 .functor AND 1, L_000001ae4bb55290, L_000001ae4bac34a0, C4<1>, C4<1>;
L_000001ae4bac3b30 .functor AND 1, v000001ae4bb52560_0, L_000001ae4bb55b50, C4<1>, C4<1>;
L_000001ae4bac4070 .functor OR 1, L_000001ae4bb54a70, L_000001ae4bb549d0, C4<0>, C4<0>;
L_000001ae4bac3580 .functor AND 1, L_000001ae4bb553d0, L_000001ae4bac34a0, C4<1>, C4<1>;
L_000001ae4bac3cf0 .functor AND 1, v000001ae4bb52560_0, L_000001ae4bb55bf0, C4<1>, C4<1>;
L_000001ae4bac3c10 .functor OR 1, L_000001ae4bb54070, L_000001ae4bb555b0, C4<0>, C4<0>;
L_000001ae4bac3430 .functor AND 1, L_000001ae4bb54890, L_000001ae4bac34a0, C4<1>, C4<1>;
L_000001ae4bac36d0 .functor AND 1, v000001ae4bb52560_0, L_000001ae4bb556f0, C4<1>, C4<1>;
L_000001ae4bac3890 .functor OR 1, L_000001ae4bb54bb0, L_000001ae4bb550b0, C4<0>, C4<0>;
L_000001ae4bac40e0 .functor AND 1, L_000001ae4bb54750, L_000001ae4bac34a0, C4<1>, C4<1>;
L_000001ae4bac3a50 .functor AND 1, v000001ae4bb52560_0, L_000001ae4bb55c90, C4<1>, C4<1>;
L_000001ae4bac3c80 .functor OR 1, L_000001ae4bb54570, L_000001ae4bb55150, C4<0>, C4<0>;
L_000001ae4bac4310 .functor AND 1, L_000001ae4bb55330, L_000001ae4bac34a0, C4<1>, C4<1>;
L_000001ae4bac3970 .functor AND 1, v000001ae4bb52560_0, L_000001ae4bb54930, C4<1>, C4<1>;
L_000001ae4bac3510 .functor OR 1, L_000001ae4bb55d30, L_000001ae4bb541b0, C4<0>, C4<0>;
L_000001ae4bac39e0 .functor AND 1, L_000001ae4bb54610, L_000001ae4bac34a0, C4<1>, C4<1>;
L_000001ae4bac3ac0 .functor AND 1, v000001ae4bb52560_0, L_000001ae4bb55dd0, C4<1>, C4<1>;
L_000001ae4bac3d60 .functor OR 1, L_000001ae4bb54f70, L_000001ae4bb54c50, C4<0>, C4<0>;
L_000001ae4bb582c0 .functor AND 1, L_000001ae4bb55e70, L_000001ae4bac34a0, C4<1>, C4<1>;
L_000001ae4bb58100 .functor AND 1, v000001ae4bb52560_0, L_000001ae4bb547f0, C4<1>, C4<1>;
L_000001ae4bb58640 .functor OR 1, L_000001ae4bb55470, L_000001ae4bb54cf0, C4<0>, C4<0>;
L_000001ae4bb58e20 .functor AND 1, L_000001ae4bb54e30, L_000001ae4bac34a0, C4<1>, C4<1>;
L_000001ae4bb58e90 .functor AND 1, v000001ae4bb52560_0, L_000001ae4bb55790, C4<1>, C4<1>;
L_000001ae4bb58db0 .functor OR 1, L_000001ae4bb55650, L_000001ae4bb55010, C4<0>, C4<0>;
L_000001ae4bb58480 .functor AND 1, L_000001ae4bb54ed0, L_000001ae4bac34a0, C4<1>, C4<1>;
L_000001ae4bb58790 .functor AND 1, v000001ae4bb52560_0, L_000001ae4bb55830, C4<1>, C4<1>;
L_000001ae4bb58b80 .functor OR 1, L_000001ae4bb546b0, L_000001ae4bb54250, C4<0>, C4<0>;
L_000001ae4bb58f00 .functor AND 1, L_000001ae4bb558d0, L_000001ae4bac34a0, C4<1>, C4<1>;
L_000001ae4bb58b10 .functor AND 1, v000001ae4bb52560_0, L_000001ae4bb55970, C4<1>, C4<1>;
L_000001ae4bb58f70 .functor OR 1, L_000001ae4bb55a10, L_000001ae4bb55f10, C4<0>, C4<0>;
L_000001ae4bb58870 .functor AND 1, L_000001ae4bb54110, L_000001ae4bac34a0, C4<1>, C4<1>;
L_000001ae4bb58560 .functor AND 1, v000001ae4bb52560_0, L_000001ae4bb542f0, C4<1>, C4<1>;
L_000001ae4bb588e0 .functor OR 1, L_000001ae4bb54390, L_000001ae4bb5a150, C4<0>, C4<0>;
L_000001ae4bb586b0 .functor AND 1, L_000001ae4bb5ba50, L_000001ae4bac34a0, C4<1>, C4<1>;
L_000001ae4bb58a30 .functor AND 1, v000001ae4bb52560_0, L_000001ae4bb5a1f0, C4<1>, C4<1>;
L_000001ae4bb584f0 .functor OR 1, L_000001ae4bb5af10, L_000001ae4bb5abf0, C4<0>, C4<0>;
L_000001ae4bb58d40 .functor AND 1, L_000001ae4bb5ac90, L_000001ae4bac34a0, C4<1>, C4<1>;
L_000001ae4bb58170 .functor AND 1, v000001ae4bb52560_0, L_000001ae4bb5a6f0, C4<1>, C4<1>;
L_000001ae4bb58720 .functor OR 1, L_000001ae4bb5aab0, L_000001ae4bb5ad30, C4<0>, C4<0>;
L_000001ae4bb589c0 .functor AND 1, L_000001ae4bb5a5b0, L_000001ae4bac34a0, C4<1>, C4<1>;
L_000001ae4bb58bf0 .functor AND 1, v000001ae4bb52560_0, L_000001ae4bb5b190, C4<1>, C4<1>;
L_000001ae4bb58aa0 .functor OR 1, L_000001ae4bb5b2d0, L_000001ae4bb5b230, C4<0>, C4<0>;
v000001ae4bac7380_0 .net *"_ivl_10", 0 0, L_000001ae4bb54430;  1 drivers
v000001ae4bac7060_0 .net *"_ivl_100", 0 0, L_000001ae4bb54570;  1 drivers
v000001ae4bac7b00_0 .net *"_ivl_102", 0 0, L_000001ae4bb55150;  1 drivers
v000001ae4bac6c00_0 .net *"_ivl_104", 0 0, L_000001ae4bac4310;  1 drivers
v000001ae4bac6e80_0 .net *"_ivl_107", 0 0, L_000001ae4bb55330;  1 drivers
v000001ae4bac7560_0 .net *"_ivl_109", 0 0, L_000001ae4bac3970;  1 drivers
v000001ae4bac6ca0_0 .net *"_ivl_112", 0 0, L_000001ae4bb54930;  1 drivers
v000001ae4bac5c60_0 .net *"_ivl_114", 0 0, L_000001ae4bac3510;  1 drivers
v000001ae4bac5da0_0 .net *"_ivl_117", 0 0, L_000001ae4bb55d30;  1 drivers
v000001ae4bac7240_0 .net *"_ivl_119", 0 0, L_000001ae4bb541b0;  1 drivers
v000001ae4bac79c0_0 .net *"_ivl_12", 0 0, L_000001ae4bac3740;  1 drivers
v000001ae4bac5e40_0 .net *"_ivl_121", 0 0, L_000001ae4bac39e0;  1 drivers
v000001ae4bac5ee0_0 .net *"_ivl_124", 0 0, L_000001ae4bb54610;  1 drivers
v000001ae4bac6de0_0 .net *"_ivl_126", 0 0, L_000001ae4bac3ac0;  1 drivers
v000001ae4bac6d40_0 .net *"_ivl_129", 0 0, L_000001ae4bb55dd0;  1 drivers
v000001ae4bac6660_0 .net *"_ivl_131", 0 0, L_000001ae4bac3d60;  1 drivers
v000001ae4bac6160_0 .net *"_ivl_134", 0 0, L_000001ae4bb54f70;  1 drivers
v000001ae4bac6480_0 .net *"_ivl_136", 0 0, L_000001ae4bb54c50;  1 drivers
v000001ae4bac7600_0 .net *"_ivl_138", 0 0, L_000001ae4bb582c0;  1 drivers
v000001ae4bac6f20_0 .net *"_ivl_141", 0 0, L_000001ae4bb55e70;  1 drivers
v000001ae4bac7100_0 .net *"_ivl_143", 0 0, L_000001ae4bb58100;  1 drivers
v000001ae4bac72e0_0 .net *"_ivl_146", 0 0, L_000001ae4bb547f0;  1 drivers
v000001ae4bac76a0_0 .net *"_ivl_148", 0 0, L_000001ae4bb58640;  1 drivers
v000001ae4bac5f80_0 .net *"_ivl_15", 0 0, L_000001ae4bb55510;  1 drivers
v000001ae4bac62a0_0 .net *"_ivl_151", 0 0, L_000001ae4bb55470;  1 drivers
v000001ae4bac6020_0 .net *"_ivl_153", 0 0, L_000001ae4bb54cf0;  1 drivers
v000001ae4bac6340_0 .net *"_ivl_155", 0 0, L_000001ae4bb58e20;  1 drivers
v000001ae4bac7880_0 .net *"_ivl_158", 0 0, L_000001ae4bb54e30;  1 drivers
v000001ae4bac6700_0 .net *"_ivl_160", 0 0, L_000001ae4bb58e90;  1 drivers
v000001ae4bac63e0_0 .net *"_ivl_163", 0 0, L_000001ae4bb55790;  1 drivers
v000001ae4bac6200_0 .net *"_ivl_165", 0 0, L_000001ae4bb58db0;  1 drivers
v000001ae4bac6520_0 .net *"_ivl_168", 0 0, L_000001ae4bb55650;  1 drivers
v000001ae4bac65c0_0 .net *"_ivl_17", 0 0, L_000001ae4bb54b10;  1 drivers
v000001ae4bac68e0_0 .net *"_ivl_170", 0 0, L_000001ae4bb55010;  1 drivers
v000001ae4bac6980_0 .net *"_ivl_172", 0 0, L_000001ae4bb58480;  1 drivers
v000001ae4bac6a20_0 .net *"_ivl_175", 0 0, L_000001ae4bb54ed0;  1 drivers
v000001ae4ba7b0b0_0 .net *"_ivl_177", 0 0, L_000001ae4bb58790;  1 drivers
v000001ae4ba7a9d0_0 .net *"_ivl_180", 0 0, L_000001ae4bb55830;  1 drivers
v000001ae4ba7a2f0_0 .net *"_ivl_182", 0 0, L_000001ae4bb58b80;  1 drivers
v000001ae4ba79ad0_0 .net *"_ivl_185", 0 0, L_000001ae4bb546b0;  1 drivers
v000001ae4ba7ac50_0 .net *"_ivl_187", 0 0, L_000001ae4bb54250;  1 drivers
v000001ae4ba7a390_0 .net *"_ivl_189", 0 0, L_000001ae4bb58f00;  1 drivers
v000001ae4ba7b6f0_0 .net *"_ivl_19", 0 0, L_000001ae4bac42a0;  1 drivers
v000001ae4ba79e90_0 .net *"_ivl_192", 0 0, L_000001ae4bb558d0;  1 drivers
v000001ae4ba7b510_0 .net *"_ivl_194", 0 0, L_000001ae4bb58b10;  1 drivers
v000001ae4ba7a4d0_0 .net *"_ivl_197", 0 0, L_000001ae4bb55970;  1 drivers
v000001ae4ba79cb0_0 .net *"_ivl_199", 0 0, L_000001ae4bb58f70;  1 drivers
v000001ae4ba7a610_0 .net *"_ivl_2", 0 0, L_000001ae4bac3f20;  1 drivers
v000001ae4ba7a6b0_0 .net *"_ivl_202", 0 0, L_000001ae4bb55a10;  1 drivers
v000001ae4ba7a7f0_0 .net *"_ivl_204", 0 0, L_000001ae4bb55f10;  1 drivers
v000001ae4ba7ad90_0 .net *"_ivl_206", 0 0, L_000001ae4bb58870;  1 drivers
v000001ae4ba831e0_0 .net *"_ivl_209", 0 0, L_000001ae4bb54110;  1 drivers
v000001ae4ba84360_0 .net *"_ivl_211", 0 0, L_000001ae4bb58560;  1 drivers
v000001ae4ba83640_0 .net *"_ivl_214", 0 0, L_000001ae4bb542f0;  1 drivers
v000001ae4ba83960_0 .net *"_ivl_216", 0 0, L_000001ae4bb588e0;  1 drivers
v000001ae4ba83b40_0 .net *"_ivl_219", 0 0, L_000001ae4bb54390;  1 drivers
v000001ae4ba826a0_0 .net *"_ivl_22", 0 0, L_000001ae4bb54d90;  1 drivers
v000001ae4ba84180_0 .net *"_ivl_221", 0 0, L_000001ae4bb5a150;  1 drivers
v000001ae4ba829c0_0 .net *"_ivl_223", 0 0, L_000001ae4bb586b0;  1 drivers
v000001ae4ba83be0_0 .net *"_ivl_226", 0 0, L_000001ae4bb5ba50;  1 drivers
v000001ae4ba83d20_0 .net *"_ivl_228", 0 0, L_000001ae4bb58a30;  1 drivers
v000001ae4ba83e60_0 .net *"_ivl_231", 0 0, L_000001ae4bb5a1f0;  1 drivers
v000001ae4ba82b00_0 .net *"_ivl_233", 0 0, L_000001ae4bb584f0;  1 drivers
v000001ae4ba83fa0_0 .net *"_ivl_236", 0 0, L_000001ae4bb5af10;  1 drivers
v000001ae4ba82a60_0 .net *"_ivl_238", 0 0, L_000001ae4bb5abf0;  1 drivers
v000001ae4ba82c40_0 .net *"_ivl_24", 0 0, L_000001ae4bac3ba0;  1 drivers
v000001ae4ba75bd0_0 .net *"_ivl_240", 0 0, L_000001ae4bb58d40;  1 drivers
v000001ae4ba76490_0 .net *"_ivl_243", 0 0, L_000001ae4bb5ac90;  1 drivers
v000001ae4ba75db0_0 .net *"_ivl_245", 0 0, L_000001ae4bb58170;  1 drivers
v000001ae4ba75ef0_0 .net *"_ivl_248", 0 0, L_000001ae4bb5a6f0;  1 drivers
v000001ae4ba758b0_0 .net *"_ivl_250", 0 0, L_000001ae4bb58720;  1 drivers
v000001ae4ba75f90_0 .net *"_ivl_253", 0 0, L_000001ae4bb5aab0;  1 drivers
v000001ae4ba76170_0 .net *"_ivl_255", 0 0, L_000001ae4bb5ad30;  1 drivers
v000001ae4ba76530_0 .net *"_ivl_257", 0 0, L_000001ae4bb589c0;  1 drivers
v000001ae4bb527e0_0 .net *"_ivl_261", 0 0, L_000001ae4bb5a5b0;  1 drivers
v000001ae4bb526a0_0 .net *"_ivl_263", 0 0, L_000001ae4bb58bf0;  1 drivers
v000001ae4bb53320_0 .net *"_ivl_267", 0 0, L_000001ae4bb5b190;  1 drivers
v000001ae4bb52a60_0 .net *"_ivl_269", 0 0, L_000001ae4bb58aa0;  1 drivers
v000001ae4bb52880_0 .net *"_ivl_27", 0 0, L_000001ae4bb551f0;  1 drivers
v000001ae4bb52920_0 .net *"_ivl_273", 0 0, L_000001ae4bb5b2d0;  1 drivers
v000001ae4bb530a0_0 .net *"_ivl_275", 0 0, L_000001ae4bb5b230;  1 drivers
v000001ae4bb53dc0_0 .net *"_ivl_29", 0 0, L_000001ae4bac3f90;  1 drivers
v000001ae4bb52740_0 .net *"_ivl_32", 0 0, L_000001ae4bb544d0;  1 drivers
v000001ae4bb522e0_0 .net *"_ivl_34", 0 0, L_000001ae4bb55ab0;  1 drivers
v000001ae4bb52ec0_0 .net *"_ivl_36", 0 0, L_000001ae4bac4000;  1 drivers
v000001ae4bb536e0_0 .net *"_ivl_39", 0 0, L_000001ae4bb55290;  1 drivers
v000001ae4bb53140_0 .net *"_ivl_41", 0 0, L_000001ae4bac3b30;  1 drivers
v000001ae4bb52f60_0 .net *"_ivl_44", 0 0, L_000001ae4bb55b50;  1 drivers
v000001ae4bb53460_0 .net *"_ivl_46", 0 0, L_000001ae4bac4070;  1 drivers
v000001ae4bb53780_0 .net *"_ivl_49", 0 0, L_000001ae4bb54a70;  1 drivers
v000001ae4bb53640_0 .net *"_ivl_5", 0 0, L_000001ae4bb52600;  1 drivers
v000001ae4bb529c0_0 .net *"_ivl_51", 0 0, L_000001ae4bb549d0;  1 drivers
v000001ae4bb53d20_0 .net *"_ivl_53", 0 0, L_000001ae4bac3580;  1 drivers
v000001ae4bb52d80_0 .net *"_ivl_56", 0 0, L_000001ae4bb553d0;  1 drivers
v000001ae4bb53820_0 .net *"_ivl_58", 0 0, L_000001ae4bac3cf0;  1 drivers
v000001ae4bb52b00_0 .net *"_ivl_61", 0 0, L_000001ae4bb55bf0;  1 drivers
v000001ae4bb53e60_0 .net *"_ivl_63", 0 0, L_000001ae4bac3c10;  1 drivers
v000001ae4bb52e20_0 .net *"_ivl_66", 0 0, L_000001ae4bb54070;  1 drivers
v000001ae4bb52ba0_0 .net *"_ivl_68", 0 0, L_000001ae4bb555b0;  1 drivers
v000001ae4bb53000_0 .net *"_ivl_7", 0 0, L_000001ae4bac4230;  1 drivers
v000001ae4bb53f00_0 .net *"_ivl_70", 0 0, L_000001ae4bac3430;  1 drivers
v000001ae4bb52c40_0 .net *"_ivl_73", 0 0, L_000001ae4bb54890;  1 drivers
v000001ae4bb52060_0 .net *"_ivl_75", 0 0, L_000001ae4bac36d0;  1 drivers
v000001ae4bb53280_0 .net *"_ivl_78", 0 0, L_000001ae4bb556f0;  1 drivers
v000001ae4bb531e0_0 .net *"_ivl_80", 0 0, L_000001ae4bac3890;  1 drivers
v000001ae4bb533c0_0 .net *"_ivl_83", 0 0, L_000001ae4bb54bb0;  1 drivers
v000001ae4bb53be0_0 .net *"_ivl_85", 0 0, L_000001ae4bb550b0;  1 drivers
v000001ae4bb535a0_0 .net *"_ivl_87", 0 0, L_000001ae4bac40e0;  1 drivers
v000001ae4bb53500_0 .net *"_ivl_90", 0 0, L_000001ae4bb54750;  1 drivers
v000001ae4bb53c80_0 .net *"_ivl_92", 0 0, L_000001ae4bac3a50;  1 drivers
v000001ae4bb52ce0_0 .net *"_ivl_95", 0 0, L_000001ae4bb55c90;  1 drivers
v000001ae4bb538c0_0 .net *"_ivl_97", 0 0, L_000001ae4bac3c80;  1 drivers
v000001ae4bb52100_0 .net "a", 15 0, v000001ae4bb52380_0;  1 drivers
v000001ae4bb53b40_0 .net "a1", 15 0, L_000001ae4bb5baf0;  1 drivers
v000001ae4bb53960_0 .net "b", 15 0, v000001ae4bb52420_0;  1 drivers
v000001ae4bb53a00_0 .net "b1", 15 0, L_000001ae4bb5ae70;  1 drivers
v000001ae4bb53aa0_0 .net "not_sel", 0 0, L_000001ae4bac34a0;  1 drivers
v000001ae4bb521a0_0 .net "out", 15 0, L_000001ae4bb5afb0;  alias, 1 drivers
v000001ae4bb52240_0 .net "sel", 0 0, v000001ae4bb52560_0;  1 drivers
L_000001ae4bb52600 .part v000001ae4bb52380_0, 0, 1;
L_000001ae4bb54430 .part v000001ae4bb52420_0, 0, 1;
L_000001ae4bb55510 .part L_000001ae4bb5baf0, 0, 1;
L_000001ae4bb54b10 .part L_000001ae4bb5ae70, 0, 1;
L_000001ae4bb54d90 .part v000001ae4bb52380_0, 1, 1;
L_000001ae4bb551f0 .part v000001ae4bb52420_0, 1, 1;
L_000001ae4bb544d0 .part L_000001ae4bb5baf0, 1, 1;
L_000001ae4bb55ab0 .part L_000001ae4bb5ae70, 1, 1;
L_000001ae4bb55290 .part v000001ae4bb52380_0, 2, 1;
L_000001ae4bb55b50 .part v000001ae4bb52420_0, 2, 1;
L_000001ae4bb54a70 .part L_000001ae4bb5baf0, 2, 1;
L_000001ae4bb549d0 .part L_000001ae4bb5ae70, 2, 1;
L_000001ae4bb553d0 .part v000001ae4bb52380_0, 3, 1;
L_000001ae4bb55bf0 .part v000001ae4bb52420_0, 3, 1;
L_000001ae4bb54070 .part L_000001ae4bb5baf0, 3, 1;
L_000001ae4bb555b0 .part L_000001ae4bb5ae70, 3, 1;
L_000001ae4bb54890 .part v000001ae4bb52380_0, 4, 1;
L_000001ae4bb556f0 .part v000001ae4bb52420_0, 4, 1;
L_000001ae4bb54bb0 .part L_000001ae4bb5baf0, 4, 1;
L_000001ae4bb550b0 .part L_000001ae4bb5ae70, 4, 1;
L_000001ae4bb54750 .part v000001ae4bb52380_0, 5, 1;
L_000001ae4bb55c90 .part v000001ae4bb52420_0, 5, 1;
L_000001ae4bb54570 .part L_000001ae4bb5baf0, 5, 1;
L_000001ae4bb55150 .part L_000001ae4bb5ae70, 5, 1;
L_000001ae4bb55330 .part v000001ae4bb52380_0, 6, 1;
L_000001ae4bb54930 .part v000001ae4bb52420_0, 6, 1;
L_000001ae4bb55d30 .part L_000001ae4bb5baf0, 6, 1;
L_000001ae4bb541b0 .part L_000001ae4bb5ae70, 6, 1;
L_000001ae4bb54610 .part v000001ae4bb52380_0, 7, 1;
L_000001ae4bb55dd0 .part v000001ae4bb52420_0, 7, 1;
L_000001ae4bb54f70 .part L_000001ae4bb5baf0, 7, 1;
L_000001ae4bb54c50 .part L_000001ae4bb5ae70, 7, 1;
L_000001ae4bb55e70 .part v000001ae4bb52380_0, 8, 1;
L_000001ae4bb547f0 .part v000001ae4bb52420_0, 8, 1;
L_000001ae4bb55470 .part L_000001ae4bb5baf0, 8, 1;
L_000001ae4bb54cf0 .part L_000001ae4bb5ae70, 8, 1;
L_000001ae4bb54e30 .part v000001ae4bb52380_0, 9, 1;
L_000001ae4bb55790 .part v000001ae4bb52420_0, 9, 1;
L_000001ae4bb55650 .part L_000001ae4bb5baf0, 9, 1;
L_000001ae4bb55010 .part L_000001ae4bb5ae70, 9, 1;
L_000001ae4bb54ed0 .part v000001ae4bb52380_0, 10, 1;
L_000001ae4bb55830 .part v000001ae4bb52420_0, 10, 1;
L_000001ae4bb546b0 .part L_000001ae4bb5baf0, 10, 1;
L_000001ae4bb54250 .part L_000001ae4bb5ae70, 10, 1;
L_000001ae4bb558d0 .part v000001ae4bb52380_0, 11, 1;
L_000001ae4bb55970 .part v000001ae4bb52420_0, 11, 1;
L_000001ae4bb55a10 .part L_000001ae4bb5baf0, 11, 1;
L_000001ae4bb55f10 .part L_000001ae4bb5ae70, 11, 1;
L_000001ae4bb54110 .part v000001ae4bb52380_0, 12, 1;
L_000001ae4bb542f0 .part v000001ae4bb52420_0, 12, 1;
L_000001ae4bb54390 .part L_000001ae4bb5baf0, 12, 1;
L_000001ae4bb5a150 .part L_000001ae4bb5ae70, 12, 1;
L_000001ae4bb5ba50 .part v000001ae4bb52380_0, 13, 1;
L_000001ae4bb5a1f0 .part v000001ae4bb52420_0, 13, 1;
L_000001ae4bb5af10 .part L_000001ae4bb5baf0, 13, 1;
L_000001ae4bb5abf0 .part L_000001ae4bb5ae70, 13, 1;
L_000001ae4bb5ac90 .part v000001ae4bb52380_0, 14, 1;
L_000001ae4bb5a6f0 .part v000001ae4bb52420_0, 14, 1;
L_000001ae4bb5aab0 .part L_000001ae4bb5baf0, 14, 1;
L_000001ae4bb5ad30 .part L_000001ae4bb5ae70, 14, 1;
LS_000001ae4bb5baf0_0_0 .concat8 [ 1 1 1 1], L_000001ae4bac3f20, L_000001ae4bac42a0, L_000001ae4bac4000, L_000001ae4bac3580;
LS_000001ae4bb5baf0_0_4 .concat8 [ 1 1 1 1], L_000001ae4bac3430, L_000001ae4bac40e0, L_000001ae4bac4310, L_000001ae4bac39e0;
LS_000001ae4bb5baf0_0_8 .concat8 [ 1 1 1 1], L_000001ae4bb582c0, L_000001ae4bb58e20, L_000001ae4bb58480, L_000001ae4bb58f00;
LS_000001ae4bb5baf0_0_12 .concat8 [ 1 1 1 1], L_000001ae4bb58870, L_000001ae4bb586b0, L_000001ae4bb58d40, L_000001ae4bb589c0;
L_000001ae4bb5baf0 .concat8 [ 4 4 4 4], LS_000001ae4bb5baf0_0_0, LS_000001ae4bb5baf0_0_4, LS_000001ae4bb5baf0_0_8, LS_000001ae4bb5baf0_0_12;
L_000001ae4bb5a5b0 .part v000001ae4bb52380_0, 15, 1;
LS_000001ae4bb5ae70_0_0 .concat8 [ 1 1 1 1], L_000001ae4bac4230, L_000001ae4bac3ba0, L_000001ae4bac3b30, L_000001ae4bac3cf0;
LS_000001ae4bb5ae70_0_4 .concat8 [ 1 1 1 1], L_000001ae4bac36d0, L_000001ae4bac3a50, L_000001ae4bac3970, L_000001ae4bac3ac0;
LS_000001ae4bb5ae70_0_8 .concat8 [ 1 1 1 1], L_000001ae4bb58100, L_000001ae4bb58e90, L_000001ae4bb58790, L_000001ae4bb58b10;
LS_000001ae4bb5ae70_0_12 .concat8 [ 1 1 1 1], L_000001ae4bb58560, L_000001ae4bb58a30, L_000001ae4bb58170, L_000001ae4bb58bf0;
L_000001ae4bb5ae70 .concat8 [ 4 4 4 4], LS_000001ae4bb5ae70_0_0, LS_000001ae4bb5ae70_0_4, LS_000001ae4bb5ae70_0_8, LS_000001ae4bb5ae70_0_12;
L_000001ae4bb5b190 .part v000001ae4bb52420_0, 15, 1;
LS_000001ae4bb5afb0_0_0 .concat8 [ 1 1 1 1], L_000001ae4bac3740, L_000001ae4bac3f90, L_000001ae4bac4070, L_000001ae4bac3c10;
LS_000001ae4bb5afb0_0_4 .concat8 [ 1 1 1 1], L_000001ae4bac3890, L_000001ae4bac3c80, L_000001ae4bac3510, L_000001ae4bac3d60;
LS_000001ae4bb5afb0_0_8 .concat8 [ 1 1 1 1], L_000001ae4bb58640, L_000001ae4bb58db0, L_000001ae4bb58b80, L_000001ae4bb58f70;
LS_000001ae4bb5afb0_0_12 .concat8 [ 1 1 1 1], L_000001ae4bb588e0, L_000001ae4bb584f0, L_000001ae4bb58720, L_000001ae4bb58aa0;
L_000001ae4bb5afb0 .concat8 [ 4 4 4 4], LS_000001ae4bb5afb0_0_0, LS_000001ae4bb5afb0_0_4, LS_000001ae4bb5afb0_0_8, LS_000001ae4bb5afb0_0_12;
L_000001ae4bb5b2d0 .part L_000001ae4bb5baf0, 15, 1;
L_000001ae4bb5b230 .part L_000001ae4bb5ae70, 15, 1;
    .scope S_000001ae4ba3be40;
T_0 ;
    %vpi_call 2 27 "$dumpfile", "tb_Mux16.vcd" {0 0 0};
    %vpi_call 2 28 "$dumpvars", 32'sb00000000000000000000000000000000, S_000001ae4ba3be40 {0 0 0};
    %pushi/vec4 3267, 0, 16;
    %store/vec4 v000001ae4bb52380_0, 0, 16;
    %pushi/vec4 122, 0, 16;
    %store/vec4 v000001ae4bb52420_0, 0, 16;
    %pushi/vec4 1, 0, 1;
    %store/vec4 v000001ae4bb52560_0, 0, 1;
    %delay 1, 0;
    %load/vec4 v000001ae4bb524c0_0;
    %cmpi/ne 122, 0, 16;
    %jmp/0xz  T_0.0, 6;
    %vpi_call 2 34 "$display", "ASSERTION FAILED in %m: out != 16'b0000000001111010" {0 0 0};
    %vpi_call 2 35 "$finish" {0 0 0};
    %jmp T_0.1;
T_0.0 ;
    %vpi_call 2 37 "$display", "Success! %m: out = 16'b0000000001111010" {0 0 0};
T_0.1 ;
    %pushi/vec4 3599, 0, 16;
    %store/vec4 v000001ae4bb52380_0, 0, 16;
    %pushi/vec4 2102, 0, 16;
    %store/vec4 v000001ae4bb52420_0, 0, 16;
    %pushi/vec4 0, 0, 1;
    %store/vec4 v000001ae4bb52560_0, 0, 1;
    %delay 1, 0;
    %load/vec4 v000001ae4bb524c0_0;
    %cmpi/ne 3599, 0, 16;
    %jmp/0xz  T_0.2, 6;
    %vpi_call 2 36 "$display", "ASSERTION FAILED in %m: out != 16'b0000111000001111" {0 0 0};
    %vpi_call 2 37 "$finish" {0 0 0};
    %jmp T_0.3;
T_0.2 ;
    %vpi_call 2 39 "$display", "Success! %m: out = 16'b0000111000001111" {0 0 0};
T_0.3 ;
    %pushi/vec4 6412, 0, 16;
    %store/vec4 v000001ae4bb52380_0, 0, 16;
    %pushi/vec4 19560, 0, 16;
    %store/vec4 v000001ae4bb52420_0, 0, 16;
    %pushi/vec4 0, 0, 1;
    %store/vec4 v000001ae4bb52560_0, 0, 1;
    %delay 1, 0;
    %load/vec4 v000001ae4bb524c0_0;
    %cmpi/ne 6412, 0, 16;
    %jmp/0xz  T_0.4, 6;
    %vpi_call 2 38 "$display", "ASSERTION FAILED in %m: out != 16'b0001100100001100" {0 0 0};
    %vpi_call 2 39 "$finish" {0 0 0};
    %jmp T_0.5;
T_0.4 ;
    %vpi_call 2 41 "$display", "Success! %m: out = 16'b0001100100001100" {0 0 0};
T_0.5 ;
    %pushi/vec4 6755, 0, 16;
    %store/vec4 v000001ae4bb52380_0, 0, 16;
    %pushi/vec4 40534, 0, 16;
    %store/vec4 v000001ae4bb52420_0, 0, 16;
    %pushi/vec4 0, 0, 1;
    %store/vec4 v000001ae4bb52560_0, 0, 1;
    %delay 1, 0;
    %load/vec4 v000001ae4bb524c0_0;
    %cmpi/ne 6755, 0, 16;
    %jmp/0xz  T_0.6, 6;
    %vpi_call 2 40 "$display", "ASSERTION FAILED in %m: out != 16'b0001101001100011" {0 0 0};
    %vpi_call 2 41 "$finish" {0 0 0};
    %jmp T_0.7;
T_0.6 ;
    %vpi_call 2 43 "$display", "Success! %m: out = 16'b0001101001100011" {0 0 0};
T_0.7 ;
    %pushi/vec4 8143, 0, 16;
    %store/vec4 v000001ae4bb52380_0, 0, 16;
    %pushi/vec4 12885, 0, 16;
    %store/vec4 v000001ae4bb52420_0, 0, 16;
    %pushi/vec4 1, 0, 1;
    %store/vec4 v000001ae4bb52560_0, 0, 1;
    %delay 1, 0;
    %load/vec4 v000001ae4bb524c0_0;
    %cmpi/ne 12885, 0, 16;
    %jmp/0xz  T_0.8, 6;
    %vpi_call 2 42 "$display", "ASSERTION FAILED in %m: out != 16'b0011001001010101" {0 0 0};
    %vpi_call 2 43 "$finish" {0 0 0};
    %jmp T_0.9;
T_0.8 ;
    %vpi_call 2 45 "$display", "Success! %m: out = 16'b0011001001010101" {0 0 0};
T_0.9 ;
    %pushi/vec4 16009, 0, 16;
    %store/vec4 v000001ae4bb52380_0, 0, 16;
    %pushi/vec4 41223, 0, 16;
    %store/vec4 v000001ae4bb52420_0, 0, 16;
    %pushi/vec4 1, 0, 1;
    %store/vec4 v000001ae4bb52560_0, 0, 1;
    %delay 1, 0;
    %load/vec4 v000001ae4bb524c0_0;
    %cmpi/ne 41223, 0, 16;
    %jmp/0xz  T_0.10, 6;
    %vpi_call 2 44 "$display", "ASSERTION FAILED in %m: out != 16'b1010000100000111" {0 0 0};
    %vpi_call 2 45 "$finish" {0 0 0};
    %jmp T_0.11;
T_0.10 ;
    %vpi_call 2 47 "$display", "Success! %m: out = 16'b1010000100000111" {0 0 0};
T_0.11 ;
    %pushi/vec4 21633, 0, 16;
    %store/vec4 v000001ae4bb52380_0, 0, 16;
    %pushi/vec4 2554, 0, 16;
    %store/vec4 v000001ae4bb52420_0, 0, 16;
    %pushi/vec4 0, 0, 1;
    %store/vec4 v000001ae4bb52560_0, 0, 1;
    %delay 1, 0;
    %load/vec4 v000001ae4bb524c0_0;
    %cmpi/ne 21633, 0, 16;
    %jmp/0xz  T_0.12, 6;
    %vpi_call 2 46 "$display", "ASSERTION FAILED in %m: out != 16'b0101010010000001" {0 0 0};
    %vpi_call 2 47 "$finish" {0 0 0};
    %jmp T_0.13;
T_0.12 ;
    %vpi_call 2 49 "$display", "Success! %m: out = 16'b0101010010000001" {0 0 0};
T_0.13 ;
    %pushi/vec4 23321, 0, 16;
    %store/vec4 v000001ae4bb52380_0, 0, 16;
    %pushi/vec4 62842, 0, 16;
    %store/vec4 v000001ae4bb52420_0, 0, 16;
    %pushi/vec4 0, 0, 1;
    %store/vec4 v000001ae4bb52560_0, 0, 1;
    %delay 1, 0;
    %load/vec4 v000001ae4bb524c0_0;
    %cmpi/ne 23321, 0, 16;
    %jmp/0xz  T_0.14, 6;
    %vpi_call 2 48 "$display", "ASSERTION FAILED in %m: out != 16'b0101101100011001" {0 0 0};
    %vpi_call 2 49 "$finish" {0 0 0};
    %jmp T_0.15;
T_0.14 ;
    %vpi_call 2 51 "$display", "Success! %m: out = 16'b0101101100011001" {0 0 0};
T_0.15 ;
    %pushi/vec4 23416, 0, 16;
    %store/vec4 v000001ae4bb52380_0, 0, 16;
    %pushi/vec4 33798, 0, 16;
    %store/vec4 v000001ae4bb52420_0, 0, 16;
    %pushi/vec4 1, 0, 1;
    %store/vec4 v000001ae4bb52560_0, 0, 1;
    %delay 1, 0;
    %load/vec4 v000001ae4bb524c0_0;
    %cmpi/ne 33798, 0, 16;
    %jmp/0xz  T_0.16, 6;
    %vpi_call 2 50 "$display", "ASSERTION FAILED in %m: out != 16'b1000010000000110" {0 0 0};
    %vpi_call 2 51 "$finish" {0 0 0};
    %jmp T_0.17;
T_0.16 ;
    %vpi_call 2 53 "$display", "Success! %m: out = 16'b1000010000000110" {0 0 0};
T_0.17 ;
    %pushi/vec4 24941, 0, 16;
    %store/vec4 v000001ae4bb52380_0, 0, 16;
    %pushi/vec4 33355, 0, 16;
    %store/vec4 v000001ae4bb52420_0, 0, 16;
    %pushi/vec4 1, 0, 1;
    %store/vec4 v000001ae4bb52560_0, 0, 1;
    %delay 1, 0;
    %load/vec4 v000001ae4bb524c0_0;
    %cmpi/ne 33355, 0, 16;
    %jmp/0xz  T_0.18, 6;
    %vpi_call 2 52 "$display", "ASSERTION FAILED in %m: out != 16'b1000001001001011" {0 0 0};
    %vpi_call 2 53 "$finish" {0 0 0};
    %jmp T_0.19;
T_0.18 ;
    %vpi_call 2 55 "$display", "Success! %m: out = 16'b1000001001001011" {0 0 0};
T_0.19 ;
    %pushi/vec4 27138, 0, 16;
    %store/vec4 v000001ae4bb52380_0, 0, 16;
    %pushi/vec4 3670, 0, 16;
    %store/vec4 v000001ae4bb52420_0, 0, 16;
    %pushi/vec4 1, 0, 1;
    %store/vec4 v000001ae4bb52560_0, 0, 1;
    %delay 1, 0;
    %load/vec4 v000001ae4bb524c0_0;
    %cmpi/ne 3670, 0, 16;
    %jmp/0xz  T_0.20, 6;
    %vpi_call 2 54 "$display", "ASSERTION FAILED in %m: out != 16'b0000111001010110" {0 0 0};
    %vpi_call 2 55 "$finish" {0 0 0};
    %jmp T_0.21;
T_0.20 ;
    %vpi_call 2 57 "$display", "Success! %m: out = 16'b0000111001010110" {0 0 0};
T_0.21 ;
    %pushi/vec4 28002, 0, 16;
    %store/vec4 v000001ae4bb52380_0, 0, 16;
    %pushi/vec4 41097, 0, 16;
    %store/vec4 v000001ae4bb52420_0, 0, 16;
    %pushi/vec4 0, 0, 1;
    %store/vec4 v000001ae4bb52560_0, 0, 1;
    %delay 1, 0;
    %load/vec4 v000001ae4bb524c0_0;
    %cmpi/ne 28002, 0, 16;
    %jmp/0xz  T_0.22, 6;
    %vpi_call 2 56 "$display", "ASSERTION FAILED in %m: out != 16'b0110110101100010" {0 0 0};
    %vpi_call 2 57 "$finish" {0 0 0};
    %jmp T_0.23;
T_0.22 ;
    %vpi_call 2 59 "$display", "Success! %m: out = 16'b0110110101100010" {0 0 0};
T_0.23 ;
    %pushi/vec4 32794, 0, 16;
    %store/vec4 v000001ae4bb52380_0, 0, 16;
    %pushi/vec4 3446, 0, 16;
    %store/vec4 v000001ae4bb52420_0, 0, 16;
    %pushi/vec4 1, 0, 1;
    %store/vec4 v000001ae4bb52560_0, 0, 1;
    %delay 1, 0;
    %load/vec4 v000001ae4bb524c0_0;
    %cmpi/ne 3446, 0, 16;
    %jmp/0xz  T_0.24, 6;
    %vpi_call 2 58 "$display", "ASSERTION FAILED in %m: out != 16'b0000110101110110" {0 0 0};
    %vpi_call 2 59 "$finish" {0 0 0};
    %jmp T_0.25;
T_0.24 ;
    %vpi_call 2 61 "$display", "Success! %m: out = 16'b0000110101110110" {0 0 0};
T_0.25 ;
    %pushi/vec4 34131, 0, 16;
    %store/vec4 v000001ae4bb52380_0, 0, 16;
    %pushi/vec4 40464, 0, 16;
    %store/vec4 v000001ae4bb52420_0, 0, 16;
    %pushi/vec4 1, 0, 1;
    %store/vec4 v000001ae4bb52560_0, 0, 1;
    %delay 1, 0;
    %load/vec4 v000001ae4bb524c0_0;
    %cmpi/ne 40464, 0, 16;
    %jmp/0xz  T_0.26, 6;
    %vpi_call 2 60 "$display", "ASSERTION FAILED in %m: out != 16'b1001111000010000" {0 0 0};
    %vpi_call 2 61 "$finish" {0 0 0};
    %jmp T_0.27;
T_0.26 ;
    %vpi_call 2 63 "$display", "Success! %m: out = 16'b1001111000010000" {0 0 0};
T_0.27 ;
    %pushi/vec4 37080, 0, 16;
    %store/vec4 v000001ae4bb52380_0, 0, 16;
    %pushi/vec4 4776, 0, 16;
    %store/vec4 v000001ae4bb52420_0, 0, 16;
    %pushi/vec4 1, 0, 1;
    %store/vec4 v000001ae4bb52560_0, 0, 1;
    %delay 1, 0;
    %load/vec4 v000001ae4bb524c0_0;
    %cmpi/ne 4776, 0, 16;
    %jmp/0xz  T_0.28, 6;
    %vpi_call 2 62 "$display", "ASSERTION FAILED in %m: out != 16'b0001001010101000" {0 0 0};
    %vpi_call 2 63 "$finish" {0 0 0};
    %jmp T_0.29;
T_0.28 ;
    %vpi_call 2 65 "$display", "Success! %m: out = 16'b0001001010101000" {0 0 0};
T_0.29 ;
    %pushi/vec4 38400, 0, 16;
    %store/vec4 v000001ae4bb52380_0, 0, 16;
    %pushi/vec4 24763, 0, 16;
    %store/vec4 v000001ae4bb52420_0, 0, 16;
    %pushi/vec4 1, 0, 1;
    %store/vec4 v000001ae4bb52560_0, 0, 1;
    %delay 1, 0;
    %load/vec4 v000001ae4bb524c0_0;
    %cmpi/ne 24763, 0, 16;
    %jmp/0xz  T_0.30, 6;
    %vpi_call 2 64 "$display", "ASSERTION FAILED in %m: out != 16'b0110000010111011" {0 0 0};
    %vpi_call 2 65 "$finish" {0 0 0};
    %jmp T_0.31;
T_0.30 ;
    %vpi_call 2 67 "$display", "Success! %m: out = 16'b0110000010111011" {0 0 0};
T_0.31 ;
    %pushi/vec4 38882, 0, 16;
    %store/vec4 v000001ae4bb52380_0, 0, 16;
    %pushi/vec4 53236, 0, 16;
    %store/vec4 v000001ae4bb52420_0, 0, 16;
    %pushi/vec4 0, 0, 1;
    %store/vec4 v000001ae4bb52560_0, 0, 1;
    %delay 1, 0;
    %load/vec4 v000001ae4bb524c0_0;
    %cmpi/ne 38882, 0, 16;
    %jmp/0xz  T_0.32, 6;
    %vpi_call 2 66 "$display", "ASSERTION FAILED in %m: out != 16'b1001011111100010" {0 0 0};
    %vpi_call 2 67 "$finish" {0 0 0};
    %jmp T_0.33;
T_0.32 ;
    %vpi_call 2 69 "$display", "Success! %m: out = 16'b1001011111100010" {0 0 0};
T_0.33 ;
    %pushi/vec4 41141, 0, 16;
    %store/vec4 v000001ae4bb52380_0, 0, 16;
    %pushi/vec4 48186, 0, 16;
    %store/vec4 v000001ae4bb52420_0, 0, 16;
    %pushi/vec4 1, 0, 1;
    %store/vec4 v000001ae4bb52560_0, 0, 1;
    %delay 1, 0;
    %load/vec4 v000001ae4bb524c0_0;
    %cmpi/ne 48186, 0, 16;
    %jmp/0xz  T_0.34, 6;
    %vpi_call 2 68 "$display", "ASSERTION FAILED in %m: out != 16'b1011110000111010" {0 0 0};
    %vpi_call 2 69 "$finish" {0 0 0};
    %jmp T_0.35;
T_0.34 ;
    %vpi_call 2 71 "$display", "Success! %m: out = 16'b1011110000111010" {0 0 0};
T_0.35 ;
    %pushi/vec4 42963, 0, 16;
    %store/vec4 v000001ae4bb52380_0, 0, 16;
    %pushi/vec4 45267, 0, 16;
    %store/vec4 v000001ae4bb52420_0, 0, 16;
    %pushi/vec4 0, 0, 1;
    %store/vec4 v000001ae4bb52560_0, 0, 1;
    %delay 1, 0;
    %load/vec4 v000001ae4bb524c0_0;
    %cmpi/ne 42963, 0, 16;
    %jmp/0xz  T_0.36, 6;
    %vpi_call 2 70 "$display", "ASSERTION FAILED in %m: out != 16'b1010011111010011" {0 0 0};
    %vpi_call 2 71 "$finish" {0 0 0};
    %jmp T_0.37;
T_0.36 ;
    %vpi_call 2 73 "$display", "Success! %m: out = 16'b1010011111010011" {0 0 0};
T_0.37 ;
    %pushi/vec4 44605, 0, 16;
    %store/vec4 v000001ae4bb52380_0, 0, 16;
    %pushi/vec4 42003, 0, 16;
    %store/vec4 v000001ae4bb52420_0, 0, 16;
    %pushi/vec4 1, 0, 1;
    %store/vec4 v000001ae4bb52560_0, 0, 1;
    %delay 1, 0;
    %load/vec4 v000001ae4bb524c0_0;
    %cmpi/ne 42003, 0, 16;
    %jmp/0xz  T_0.38, 6;
    %vpi_call 2 72 "$display", "ASSERTION FAILED in %m: out != 16'b1010010000010011" {0 0 0};
    %vpi_call 2 73 "$finish" {0 0 0};
    %jmp T_0.39;
T_0.38 ;
    %vpi_call 2 75 "$display", "Success! %m: out = 16'b1010010000010011" {0 0 0};
T_0.39 ;
    %pushi/vec4 45770, 0, 16;
    %store/vec4 v000001ae4bb52380_0, 0, 16;
    %pushi/vec4 44968, 0, 16;
    %store/vec4 v000001ae4bb52420_0, 0, 16;
    %pushi/vec4 1, 0, 1;
    %store/vec4 v000001ae4bb52560_0, 0, 1;
    %delay 1, 0;
    %load/vec4 v000001ae4bb524c0_0;
    %cmpi/ne 44968, 0, 16;
    %jmp/0xz  T_0.40, 6;
    %vpi_call 2 74 "$display", "ASSERTION FAILED in %m: out != 16'b1010111110101000" {0 0 0};
    %vpi_call 2 75 "$finish" {0 0 0};
    %jmp T_0.41;
T_0.40 ;
    %vpi_call 2 77 "$display", "Success! %m: out = 16'b1010111110101000" {0 0 0};
T_0.41 ;
    %pushi/vec4 46270, 0, 16;
    %store/vec4 v000001ae4bb52380_0, 0, 16;
    %pushi/vec4 55027, 0, 16;
    %store/vec4 v000001ae4bb52420_0, 0, 16;
    %pushi/vec4 1, 0, 1;
    %store/vec4 v000001ae4bb52560_0, 0, 1;
    %delay 1, 0;
    %load/vec4 v000001ae4bb524c0_0;
    %cmpi/ne 55027, 0, 16;
    %jmp/0xz  T_0.42, 6;
    %vpi_call 2 76 "$display", "ASSERTION FAILED in %m: out != 16'b1101011011110011" {0 0 0};
    %vpi_call 2 77 "$finish" {0 0 0};
    %jmp T_0.43;
T_0.42 ;
    %vpi_call 2 79 "$display", "Success! %m: out = 16'b1101011011110011" {0 0 0};
T_0.43 ;
    %pushi/vec4 47035, 0, 16;
    %store/vec4 v000001ae4bb52380_0, 0, 16;
    %pushi/vec4 62417, 0, 16;
    %store/vec4 v000001ae4bb52420_0, 0, 16;
    %pushi/vec4 1, 0, 1;
    %store/vec4 v000001ae4bb52560_0, 0, 1;
    %delay 1, 0;
    %load/vec4 v000001ae4bb524c0_0;
    %cmpi/ne 62417, 0, 16;
    %jmp/0xz  T_0.44, 6;
    %vpi_call 2 78 "$display", "ASSERTION FAILED in %m: out != 16'b1111001111010001" {0 0 0};
    %vpi_call 2 79 "$finish" {0 0 0};
    %jmp T_0.45;
T_0.44 ;
    %vpi_call 2 81 "$display", "Success! %m: out = 16'b1111001111010001" {0 0 0};
T_0.45 ;
    %pushi/vec4 48830, 0, 16;
    %store/vec4 v000001ae4bb52380_0, 0, 16;
    %pushi/vec4 37058, 0, 16;
    %store/vec4 v000001ae4bb52420_0, 0, 16;
    %pushi/vec4 0, 0, 1;
    %store/vec4 v000001ae4bb52560_0, 0, 1;
    %delay 1, 0;
    %load/vec4 v000001ae4bb524c0_0;
    %cmpi/ne 48830, 0, 16;
    %jmp/0xz  T_0.46, 6;
    %vpi_call 2 80 "$display", "ASSERTION FAILED in %m: out != 16'b1011111010111110" {0 0 0};
    %vpi_call 2 81 "$finish" {0 0 0};
    %jmp T_0.47;
T_0.46 ;
    %vpi_call 2 83 "$display", "Success! %m: out = 16'b1011111010111110" {0 0 0};
T_0.47 ;
    %pushi/vec4 50350, 0, 16;
    %store/vec4 v000001ae4bb52380_0, 0, 16;
    %pushi/vec4 30306, 0, 16;
    %store/vec4 v000001ae4bb52420_0, 0, 16;
    %pushi/vec4 0, 0, 1;
    %store/vec4 v000001ae4bb52560_0, 0, 1;
    %delay 1, 0;
    %load/vec4 v000001ae4bb524c0_0;
    %cmpi/ne 50350, 0, 16;
    %jmp/0xz  T_0.48, 6;
    %vpi_call 2 82 "$display", "ASSERTION FAILED in %m: out != 16'b1100010010101110" {0 0 0};
    %vpi_call 2 83 "$finish" {0 0 0};
    %jmp T_0.49;
T_0.48 ;
    %vpi_call 2 85 "$display", "Success! %m: out = 16'b1100010010101110" {0 0 0};
T_0.49 ;
    %pushi/vec4 56042, 0, 16;
    %store/vec4 v000001ae4bb52380_0, 0, 16;
    %pushi/vec4 36426, 0, 16;
    %store/vec4 v000001ae4bb52420_0, 0, 16;
    %pushi/vec4 0, 0, 1;
    %store/vec4 v000001ae4bb52560_0, 0, 1;
    %delay 1, 0;
    %load/vec4 v000001ae4bb524c0_0;
    %cmpi/ne 56042, 0, 16;
    %jmp/0xz  T_0.50, 6;
    %vpi_call 2 84 "$display", "ASSERTION FAILED in %m: out != 16'b1101101011101010" {0 0 0};
    %vpi_call 2 85 "$finish" {0 0 0};
    %jmp T_0.51;
T_0.50 ;
    %vpi_call 2 87 "$display", "Success! %m: out = 16'b1101101011101010" {0 0 0};
T_0.51 ;
    %pushi/vec4 56245, 0, 16;
    %store/vec4 v000001ae4bb52380_0, 0, 16;
    %pushi/vec4 13536, 0, 16;
    %store/vec4 v000001ae4bb52420_0, 0, 16;
    %pushi/vec4 1, 0, 1;
    %store/vec4 v000001ae4bb52560_0, 0, 1;
    %delay 1, 0;
    %load/vec4 v000001ae4bb524c0_0;
    %cmpi/ne 13536, 0, 16;
    %jmp/0xz  T_0.52, 6;
    %vpi_call 2 86 "$display", "ASSERTION FAILED in %m: out != 16'b0011010011100000" {0 0 0};
    %vpi_call 2 87 "$finish" {0 0 0};
    %jmp T_0.53;
T_0.52 ;
    %vpi_call 2 89 "$display", "Success! %m: out = 16'b0011010011100000" {0 0 0};
T_0.53 ;
    %pushi/vec4 56355, 0, 16;
    %store/vec4 v000001ae4bb52380_0, 0, 16;
    %pushi/vec4 25103, 0, 16;
    %store/vec4 v000001ae4bb52420_0, 0, 16;
    %pushi/vec4 1, 0, 1;
    %store/vec4 v000001ae4bb52560_0, 0, 1;
    %delay 1, 0;
    %load/vec4 v000001ae4bb524c0_0;
    %cmpi/ne 25103, 0, 16;
    %jmp/0xz  T_0.54, 6;
    %vpi_call 2 88 "$display", "ASSERTION FAILED in %m: out != 16'b0110001000001111" {0 0 0};
    %vpi_call 2 89 "$finish" {0 0 0};
    %jmp T_0.55;
T_0.54 ;
    %vpi_call 2 91 "$display", "Success! %m: out = 16'b0110001000001111" {0 0 0};
T_0.55 ;
    %pushi/vec4 59855, 0, 16;
    %store/vec4 v000001ae4bb52380_0, 0, 16;
    %pushi/vec4 41782, 0, 16;
    %store/vec4 v000001ae4bb52420_0, 0, 16;
    %pushi/vec4 0, 0, 1;
    %store/vec4 v000001ae4bb52560_0, 0, 1;
    %delay 1, 0;
    %load/vec4 v000001ae4bb524c0_0;
    %cmpi/ne 59855, 0, 16;
    %jmp/0xz  T_0.56, 6;
    %vpi_call 2 90 "$display", "ASSERTION FAILED in %m: out != 16'b1110100111001111" {0 0 0};
    %vpi_call 2 91 "$finish" {0 0 0};
    %jmp T_0.57;
T_0.56 ;
    %vpi_call 2 93 "$display", "Success! %m: out = 16'b1110100111001111" {0 0 0};
T_0.57 ;
    %pushi/vec4 61662, 0, 16;
    %store/vec4 v000001ae4bb52380_0, 0, 16;
    %pushi/vec4 19226, 0, 16;
    %store/vec4 v000001ae4bb52420_0, 0, 16;
    %pushi/vec4 0, 0, 1;
    %store/vec4 v000001ae4bb52560_0, 0, 1;
    %delay 1, 0;
    %load/vec4 v000001ae4bb524c0_0;
    %cmpi/ne 61662, 0, 16;
    %jmp/0xz  T_0.58, 6;
    %vpi_call 2 92 "$display", "ASSERTION FAILED in %m: out != 16'b1111000011011110" {0 0 0};
    %vpi_call 2 93 "$finish" {0 0 0};
    %jmp T_0.59;
T_0.58 ;
    %vpi_call 2 95 "$display", "Success! %m: out = 16'b1111000011011110" {0 0 0};
T_0.59 ;
    %end;
    .thread T_0;
# The file index is used to find the file name in the following table.
:file_names 4;
    "N/A";
    "<interactive>";
    "tb_Mux16.v";
    "./Mux16.v";
