#! /c/Source/iverilog-install/bin/vvp
:ivl_version "12.0 (devel)" "(s20150603-1539-g2693dd32b)";
:ivl_delay_selection "TYPICAL";
:vpi_time_precision + 0;
:vpi_module "C:\iverilog\lib\ivl\system.vpi";
:vpi_module "C:\iverilog\lib\ivl\vhdl_sys.vpi";
:vpi_module "C:\iverilog\lib\ivl\vhdl_textio.vpi";
:vpi_module "C:\iverilog\lib\ivl\v2005_math.vpi";
:vpi_module "C:\iverilog\lib\ivl\va_math.vpi";
S_000001969186a5d0 .scope module, "tb_Or8Way" "tb_Or8Way" 2 17;
 .timescale 0 0;
v00000196919691c0_0 .var "a", 0 0;
v0000019691969800_0 .var "b", 0 0;
v0000019691969c60_0 .var "c", 0 0;
v0000019691969f80_0 .var "d", 0 0;
v0000019691969da0_0 .var "e", 0 0;
v00000196919694e0_0 .var "f", 0 0;
v00000196919696c0_0 .var "g", 0 0;
v0000019691969080_0 .var "h", 0 0;
v0000019691969440_0 .net "out", 0 0, L_00000196918f0570;  1 drivers
S_000001969186b900 .scope module, "mymodule" "Or8Way" 2 28, 3 6 0, S_000001969186a5d0;
 .timescale 0 0;
    .port_info 0 /OUTPUT 1 "out";
    .port_info 1 /INPUT 1 "in0";
    .port_info 2 /INPUT 1 "in1";
    .port_info 3 /INPUT 1 "in2";
    .port_info 4 /INPUT 1 "in3";
    .port_info 5 /INPUT 1 "in4";
    .port_info 6 /INPUT 1 "in5";
    .port_info 7 /INPUT 1 "in6";
    .port_info 8 /INPUT 1 "in7";
L_00000196918f08f0 .functor OR 1, v00000196919691c0_0, v0000019691969800_0, C4<0>, C4<0>;
L_00000196918f0960 .functor OR 1, v0000019691969c60_0, v0000019691969f80_0, C4<0>, C4<0>;
L_00000196918f0a40 .functor OR 1, v0000019691969da0_0, v00000196919694e0_0, C4<0>, C4<0>;
L_00000196918f0ab0 .functor OR 1, v00000196919696c0_0, v0000019691969080_0, C4<0>, C4<0>;
L_00000196918f02d0 .functor OR 1, L_00000196918f08f0, L_00000196918f0960, C4<0>, C4<0>;
L_00000196918f00a0 .functor OR 1, L_00000196918f0a40, L_00000196918f0ab0, C4<0>, C4<0>;
L_00000196918f0570 .functor OR 1, L_00000196918f02d0, L_00000196918f00a0, C4<0>, C4<0>;
v000001969186ba90_0 .net "in0", 0 0, v00000196919691c0_0;  1 drivers
v000001969186bb30_0 .net "in1", 0 0, v0000019691969800_0;  1 drivers
v00000196918a5f90_0 .net "in2", 0 0, v0000019691969c60_0;  1 drivers
v00000196918a6030_0 .net "in3", 0 0, v0000019691969f80_0;  1 drivers
v00000196918b30c0_0 .net "in4", 0 0, v0000019691969da0_0;  1 drivers
v00000196918b3160_0 .net "in5", 0 0, v00000196919694e0_0;  1 drivers
v00000196918b27e0_0 .net "in6", 0 0, v00000196919696c0_0;  1 drivers
v00000196918b2880_0 .net "in7", 0 0, v0000019691969080_0;  1 drivers
v00000196919698a0_0 .net "or0", 0 0, L_00000196918f08f0;  1 drivers
v0000019691969e40_0 .net "or1", 0 0, L_00000196918f0960;  1 drivers
v0000019691969d00_0 .net "or12", 0 0, L_00000196918f02d0;  1 drivers
v0000019691969760_0 .net "or2", 0 0, L_00000196918f0a40;  1 drivers
v0000019691969ee0_0 .net "or3", 0 0, L_00000196918f0ab0;  1 drivers
v0000019691969940_0 .net "or34", 0 0, L_00000196918f00a0;  1 drivers
v0000019691969580_0 .net "out", 0 0, L_00000196918f0570;  alias, 1 drivers
    .scope S_000001969186a5d0;
T_0 ;
    %vpi_call 2 32 "$dumpfile", "tb_Or8Way.vcd" {0 0 0};
    %vpi_call 2 33 "$dumpvars", 32'sb00000000000000000000000000000000, S_000001969186a5d0 {0 0 0};
    %pushi/vec4 0, 0, 1;
    %store/vec4 v00000196919691c0_0, 0, 1;
    %pushi/vec4 0, 0, 1;
    %store/vec4 v0000019691969800_0, 0, 1;
    %pushi/vec4 0, 0, 1;
    %store/vec4 v0000019691969c60_0, 0, 1;
    %pushi/vec4 0, 0, 1;
    %store/vec4 v0000019691969f80_0, 0, 1;
    %pushi/vec4 0, 0, 1;
    %store/vec4 v0000019691969da0_0, 0, 1;
    %pushi/vec4 0, 0, 1;
    %store/vec4 v00000196919694e0_0, 0, 1;
    %pushi/vec4 0, 0, 1;
    %store/vec4 v00000196919696c0_0, 0, 1;
    %pushi/vec4 0, 0, 1;
    %store/vec4 v0000019691969080_0, 0, 1;
    %delay 1, 0;
    %load/vec4 v0000019691969440_0;
    %cmpi/ne 0, 0, 1;
    %jmp/0xz  T_0.0, 6;
    %vpi_call 2 39 "$display", "ASSERTION FAILED in %m: out != 1'b0" {0 0 0};
    %vpi_call 2 40 "$finish" {0 0 0};
    %jmp T_0.1;
T_0.0 ;
    %vpi_call 2 42 "$display", "Success! %m: out = 1'b0" {0 0 0};
T_0.1 ;
    %pushi/vec4 0, 0, 1;
    %store/vec4 v00000196919691c0_0, 0, 1;
    %pushi/vec4 0, 0, 1;
    %store/vec4 v0000019691969800_0, 0, 1;
    %pushi/vec4 0, 0, 1;
    %store/vec4 v0000019691969c60_0, 0, 1;
    %pushi/vec4 0, 0, 1;
    %store/vec4 v0000019691969f80_0, 0, 1;
    %pushi/vec4 0, 0, 1;
    %store/vec4 v0000019691969da0_0, 0, 1;
    %pushi/vec4 0, 0, 1;
    %store/vec4 v00000196919694e0_0, 0, 1;
    %pushi/vec4 1, 0, 1;
    %store/vec4 v00000196919696c0_0, 0, 1;
    %pushi/vec4 0, 0, 1;
    %store/vec4 v0000019691969080_0, 0, 1;
    %delay 1, 0;
    %load/vec4 v0000019691969440_0;
    %cmpi/ne 1, 0, 1;
    %jmp/0xz  T_0.2, 6;
    %vpi_call 2 41 "$display", "ASSERTION FAILED in %m: out != 1'b1" {0 0 0};
    %vpi_call 2 42 "$finish" {0 0 0};
    %jmp T_0.3;
T_0.2 ;
    %vpi_call 2 44 "$display", "Success! %m: out = 1'b1" {0 0 0};
T_0.3 ;
    %pushi/vec4 0, 0, 1;
    %store/vec4 v00000196919691c0_0, 0, 1;
    %pushi/vec4 0, 0, 1;
    %store/vec4 v0000019691969800_0, 0, 1;
    %pushi/vec4 0, 0, 1;
    %store/vec4 v0000019691969c60_0, 0, 1;
    %pushi/vec4 0, 0, 1;
    %store/vec4 v0000019691969f80_0, 0, 1;
    %pushi/vec4 0, 0, 1;
    %store/vec4 v0000019691969da0_0, 0, 1;
    %pushi/vec4 1, 0, 1;
    %store/vec4 v00000196919694e0_0, 0, 1;
    %pushi/vec4 0, 0, 1;
    %store/vec4 v00000196919696c0_0, 0, 1;
    %pushi/vec4 1, 0, 1;
    %store/vec4 v0000019691969080_0, 0, 1;
    %delay 1, 0;
    %load/vec4 v0000019691969440_0;
    %cmpi/ne 1, 0, 1;
    %jmp/0xz  T_0.4, 6;
    %vpi_call 2 43 "$display", "ASSERTION FAILED in %m: out != 1'b1" {0 0 0};
    %vpi_call 2 44 "$finish" {0 0 0};
    %jmp T_0.5;
T_0.4 ;
    %vpi_call 2 46 "$display", "Success! %m: out = 1'b1" {0 0 0};
T_0.5 ;
    %pushi/vec4 0, 0, 1;
    %store/vec4 v00000196919691c0_0, 0, 1;
    %pushi/vec4 0, 0, 1;
    %store/vec4 v0000019691969800_0, 0, 1;
    %pushi/vec4 0, 0, 1;
    %store/vec4 v0000019691969c60_0, 0, 1;
    %pushi/vec4 0, 0, 1;
    %store/vec4 v0000019691969f80_0, 0, 1;
    %pushi/vec4 1, 0, 1;
    %store/vec4 v0000019691969da0_0, 0, 1;
    %pushi/vec4 1, 0, 1;
    %store/vec4 v00000196919694e0_0, 0, 1;
    %pushi/vec4 0, 0, 1;
    %store/vec4 v00000196919696c0_0, 0, 1;
    %pushi/vec4 0, 0, 1;
    %store/vec4 v0000019691969080_0, 0, 1;
    %delay 1, 0;
    %load/vec4 v0000019691969440_0;
    %cmpi/ne 1, 0, 1;
    %jmp/0xz  T_0.6, 6;
    %vpi_call 2 45 "$display", "ASSERTION FAILED in %m: out != 1'b1" {0 0 0};
    %vpi_call 2 46 "$finish" {0 0 0};
    %jmp T_0.7;
T_0.6 ;
    %vpi_call 2 48 "$display", "Success! %m: out = 1'b1" {0 0 0};
T_0.7 ;
    %pushi/vec4 0, 0, 1;
    %store/vec4 v00000196919691c0_0, 0, 1;
    %pushi/vec4 0, 0, 1;
    %store/vec4 v0000019691969800_0, 0, 1;
    %pushi/vec4 0, 0, 1;
    %store/vec4 v0000019691969c60_0, 0, 1;
    %pushi/vec4 1, 0, 1;
    %store/vec4 v0000019691969f80_0, 0, 1;
    %pushi/vec4 1, 0, 1;
    %store/vec4 v0000019691969da0_0, 0, 1;
    %pushi/vec4 1, 0, 1;
    %store/vec4 v00000196919694e0_0, 0, 1;
    %pushi/vec4 0, 0, 1;
    %store/vec4 v00000196919696c0_0, 0, 1;
    %pushi/vec4 0, 0, 1;
    %store/vec4 v0000019691969080_0, 0, 1;
    %delay 1, 0;
    %load/vec4 v0000019691969440_0;
    %cmpi/ne 1, 0, 1;
    %jmp/0xz  T_0.8, 6;
    %vpi_call 2 47 "$display", "ASSERTION FAILED in %m: out != 1'b1" {0 0 0};
    %vpi_call 2 48 "$finish" {0 0 0};
    %jmp T_0.9;
T_0.8 ;
    %vpi_call 2 50 "$display", "Success! %m: out = 1'b1" {0 0 0};
T_0.9 ;
    %pushi/vec4 0, 0, 1;
    %store/vec4 v00000196919691c0_0, 0, 1;
    %pushi/vec4 0, 0, 1;
    %store/vec4 v0000019691969800_0, 0, 1;
    %pushi/vec4 1, 0, 1;
    %store/vec4 v0000019691969c60_0, 0, 1;
    %pushi/vec4 0, 0, 1;
    %store/vec4 v0000019691969f80_0, 0, 1;
    %pushi/vec4 0, 0, 1;
    %store/vec4 v0000019691969da0_0, 0, 1;
    %pushi/vec4 0, 0, 1;
    %store/vec4 v00000196919694e0_0, 0, 1;
    %pushi/vec4 0, 0, 1;
    %store/vec4 v00000196919696c0_0, 0, 1;
    %pushi/vec4 1, 0, 1;
    %store/vec4 v0000019691969080_0, 0, 1;
    %delay 1, 0;
    %load/vec4 v0000019691969440_0;
    %cmpi/ne 1, 0, 1;
    %jmp/0xz  T_0.10, 6;
    %vpi_call 2 49 "$display", "ASSERTION FAILED in %m: out != 1'b1" {0 0 0};
    %vpi_call 2 50 "$finish" {0 0 0};
    %jmp T_0.11;
T_0.10 ;
    %vpi_call 2 52 "$display", "Success! %m: out = 1'b1" {0 0 0};
T_0.11 ;
    %pushi/vec4 0, 0, 1;
    %store/vec4 v00000196919691c0_0, 0, 1;
    %pushi/vec4 0, 0, 1;
    %store/vec4 v0000019691969800_0, 0, 1;
    %pushi/vec4 1, 0, 1;
    %store/vec4 v0000019691969c60_0, 0, 1;
    %pushi/vec4 0, 0, 1;
    %store/vec4 v0000019691969f80_0, 0, 1;
    %pushi/vec4 0, 0, 1;
    %store/vec4 v0000019691969da0_0, 0, 1;
    %pushi/vec4 0, 0, 1;
    %store/vec4 v00000196919694e0_0, 0, 1;
    %pushi/vec4 1, 0, 1;
    %store/vec4 v00000196919696c0_0, 0, 1;
    %pushi/vec4 0, 0, 1;
    %store/vec4 v0000019691969080_0, 0, 1;
    %delay 1, 0;
    %load/vec4 v0000019691969440_0;
    %cmpi/ne 1, 0, 1;
    %jmp/0xz  T_0.12, 6;
    %vpi_call 2 51 "$display", "ASSERTION FAILED in %m: out != 1'b1" {0 0 0};
    %vpi_call 2 52 "$finish" {0 0 0};
    %jmp T_0.13;
T_0.12 ;
    %vpi_call 2 54 "$display", "Success! %m: out = 1'b1" {0 0 0};
T_0.13 ;
    %pushi/vec4 0, 0, 1;
    %store/vec4 v00000196919691c0_0, 0, 1;
    %pushi/vec4 0, 0, 1;
    %store/vec4 v0000019691969800_0, 0, 1;
    %pushi/vec4 1, 0, 1;
    %store/vec4 v0000019691969c60_0, 0, 1;
    %pushi/vec4 0, 0, 1;
    %store/vec4 v0000019691969f80_0, 0, 1;
    %pushi/vec4 0, 0, 1;
    %store/vec4 v0000019691969da0_0, 0, 1;
    %pushi/vec4 1, 0, 1;
    %store/vec4 v00000196919694e0_0, 0, 1;
    %pushi/vec4 1, 0, 1;
    %store/vec4 v00000196919696c0_0, 0, 1;
    %pushi/vec4 0, 0, 1;
    %store/vec4 v0000019691969080_0, 0, 1;
    %delay 1, 0;
    %load/vec4 v0000019691969440_0;
    %cmpi/ne 1, 0, 1;
    %jmp/0xz  T_0.14, 6;
    %vpi_call 2 53 "$display", "ASSERTION FAILED in %m: out != 1'b1" {0 0 0};
    %vpi_call 2 54 "$finish" {0 0 0};
    %jmp T_0.15;
T_0.14 ;
    %vpi_call 2 56 "$display", "Success! %m: out = 1'b1" {0 0 0};
T_0.15 ;
    %pushi/vec4 0, 0, 1;
    %store/vec4 v00000196919691c0_0, 0, 1;
    %pushi/vec4 0, 0, 1;
    %store/vec4 v0000019691969800_0, 0, 1;
    %pushi/vec4 1, 0, 1;
    %store/vec4 v0000019691969c60_0, 0, 1;
    %pushi/vec4 0, 0, 1;
    %store/vec4 v0000019691969f80_0, 0, 1;
    %pushi/vec4 1, 0, 1;
    %store/vec4 v0000019691969da0_0, 0, 1;
    %pushi/vec4 1, 0, 1;
    %store/vec4 v00000196919694e0_0, 0, 1;
    %pushi/vec4 1, 0, 1;
    %store/vec4 v00000196919696c0_0, 0, 1;
    %pushi/vec4 1, 0, 1;
    %store/vec4 v0000019691969080_0, 0, 1;
    %delay 1, 0;
    %load/vec4 v0000019691969440_0;
    %cmpi/ne 1, 0, 1;
    %jmp/0xz  T_0.16, 6;
    %vpi_call 2 55 "$display", "ASSERTION FAILED in %m: out != 1'b1" {0 0 0};
    %vpi_call 2 56 "$finish" {0 0 0};
    %jmp T_0.17;
T_0.16 ;
    %vpi_call 2 58 "$display", "Success! %m: out = 1'b1" {0 0 0};
T_0.17 ;
    %pushi/vec4 0, 0, 1;
    %store/vec4 v00000196919691c0_0, 0, 1;
    %pushi/vec4 1, 0, 1;
    %store/vec4 v0000019691969800_0, 0, 1;
    %pushi/vec4 0, 0, 1;
    %store/vec4 v0000019691969c60_0, 0, 1;
    %pushi/vec4 0, 0, 1;
    %store/vec4 v0000019691969f80_0, 0, 1;
    %pushi/vec4 1, 0, 1;
    %store/vec4 v0000019691969da0_0, 0, 1;
    %pushi/vec4 0, 0, 1;
    %store/vec4 v00000196919694e0_0, 0, 1;
    %pushi/vec4 0, 0, 1;
    %store/vec4 v00000196919696c0_0, 0, 1;
    %pushi/vec4 0, 0, 1;
    %store/vec4 v0000019691969080_0, 0, 1;
    %delay 1, 0;
    %load/vec4 v0000019691969440_0;
    %cmpi/ne 1, 0, 1;
    %jmp/0xz  T_0.18, 6;
    %vpi_call 2 57 "$display", "ASSERTION FAILED in %m: out != 1'b1" {0 0 0};
    %vpi_call 2 58 "$finish" {0 0 0};
    %jmp T_0.19;
T_0.18 ;
    %vpi_call 2 60 "$display", "Success! %m: out = 1'b1" {0 0 0};
T_0.19 ;
    %pushi/vec4 0, 0, 1;
    %store/vec4 v00000196919691c0_0, 0, 1;
    %pushi/vec4 1, 0, 1;
    %store/vec4 v0000019691969800_0, 0, 1;
    %pushi/vec4 0, 0, 1;
    %store/vec4 v0000019691969c60_0, 0, 1;
    %pushi/vec4 0, 0, 1;
    %store/vec4 v0000019691969f80_0, 0, 1;
    %pushi/vec4 1, 0, 1;
    %store/vec4 v0000019691969da0_0, 0, 1;
    %pushi/vec4 1, 0, 1;
    %store/vec4 v00000196919694e0_0, 0, 1;
    %pushi/vec4 1, 0, 1;
    %store/vec4 v00000196919696c0_0, 0, 1;
    %pushi/vec4 0, 0, 1;
    %store/vec4 v0000019691969080_0, 0, 1;
    %delay 1, 0;
    %load/vec4 v0000019691969440_0;
    %cmpi/ne 1, 0, 1;
    %jmp/0xz  T_0.20, 6;
    %vpi_call 2 59 "$display", "ASSERTION FAILED in %m: out != 1'b1" {0 0 0};
    %vpi_call 2 60 "$finish" {0 0 0};
    %jmp T_0.21;
T_0.20 ;
    %vpi_call 2 62 "$display", "Success! %m: out = 1'b1" {0 0 0};
T_0.21 ;
    %pushi/vec4 0, 0, 1;
    %store/vec4 v00000196919691c0_0, 0, 1;
    %pushi/vec4 1, 0, 1;
    %store/vec4 v0000019691969800_0, 0, 1;
    %pushi/vec4 0, 0, 1;
    %store/vec4 v0000019691969c60_0, 0, 1;
    %pushi/vec4 1, 0, 1;
    %store/vec4 v0000019691969f80_0, 0, 1;
    %pushi/vec4 0, 0, 1;
    %store/vec4 v0000019691969da0_0, 0, 1;
    %pushi/vec4 1, 0, 1;
    %store/vec4 v00000196919694e0_0, 0, 1;
    %pushi/vec4 0, 0, 1;
    %store/vec4 v00000196919696c0_0, 0, 1;
    %pushi/vec4 1, 0, 1;
    %store/vec4 v0000019691969080_0, 0, 1;
    %delay 1, 0;
    %load/vec4 v0000019691969440_0;
    %cmpi/ne 1, 0, 1;
    %jmp/0xz  T_0.22, 6;
    %vpi_call 2 61 "$display", "ASSERTION FAILED in %m: out != 1'b1" {0 0 0};
    %vpi_call 2 62 "$finish" {0 0 0};
    %jmp T_0.23;
T_0.22 ;
    %vpi_call 2 64 "$display", "Success! %m: out = 1'b1" {0 0 0};
T_0.23 ;
    %pushi/vec4 0, 0, 1;
    %store/vec4 v00000196919691c0_0, 0, 1;
    %pushi/vec4 1, 0, 1;
    %store/vec4 v0000019691969800_0, 0, 1;
    %pushi/vec4 1, 0, 1;
    %store/vec4 v0000019691969c60_0, 0, 1;
    %pushi/vec4 0, 0, 1;
    %store/vec4 v0000019691969f80_0, 0, 1;
    %pushi/vec4 1, 0, 1;
    %store/vec4 v0000019691969da0_0, 0, 1;
    %pushi/vec4 1, 0, 1;
    %store/vec4 v00000196919694e0_0, 0, 1;
    %pushi/vec4 0, 0, 1;
    %store/vec4 v00000196919696c0_0, 0, 1;
    %pushi/vec4 1, 0, 1;
    %store/vec4 v0000019691969080_0, 0, 1;
    %delay 1, 0;
    %load/vec4 v0000019691969440_0;
    %cmpi/ne 1, 0, 1;
    %jmp/0xz  T_0.24, 6;
    %vpi_call 2 63 "$display", "ASSERTION FAILED in %m: out != 1'b1" {0 0 0};
    %vpi_call 2 64 "$finish" {0 0 0};
    %jmp T_0.25;
T_0.24 ;
    %vpi_call 2 66 "$display", "Success! %m: out = 1'b1" {0 0 0};
T_0.25 ;
    %pushi/vec4 0, 0, 1;
    %store/vec4 v00000196919691c0_0, 0, 1;
    %pushi/vec4 1, 0, 1;
    %store/vec4 v0000019691969800_0, 0, 1;
    %pushi/vec4 1, 0, 1;
    %store/vec4 v0000019691969c60_0, 0, 1;
    %pushi/vec4 1, 0, 1;
    %store/vec4 v0000019691969f80_0, 0, 1;
    %pushi/vec4 0, 0, 1;
    %store/vec4 v0000019691969da0_0, 0, 1;
    %pushi/vec4 0, 0, 1;
    %store/vec4 v00000196919694e0_0, 0, 1;
    %pushi/vec4 0, 0, 1;
    %store/vec4 v00000196919696c0_0, 0, 1;
    %pushi/vec4 1, 0, 1;
    %store/vec4 v0000019691969080_0, 0, 1;
    %delay 1, 0;
    %load/vec4 v0000019691969440_0;
    %cmpi/ne 1, 0, 1;
    %jmp/0xz  T_0.26, 6;
    %vpi_call 2 65 "$display", "ASSERTION FAILED in %m: out != 1'b1" {0 0 0};
    %vpi_call 2 66 "$finish" {0 0 0};
    %jmp T_0.27;
T_0.26 ;
    %vpi_call 2 68 "$display", "Success! %m: out = 1'b1" {0 0 0};
T_0.27 ;
    %pushi/vec4 0, 0, 1;
    %store/vec4 v00000196919691c0_0, 0, 1;
    %pushi/vec4 1, 0, 1;
    %store/vec4 v0000019691969800_0, 0, 1;
    %pushi/vec4 1, 0, 1;
    %store/vec4 v0000019691969c60_0, 0, 1;
    %pushi/vec4 1, 0, 1;
    %store/vec4 v0000019691969f80_0, 0, 1;
    %pushi/vec4 0, 0, 1;
    %store/vec4 v0000019691969da0_0, 0, 1;
    %pushi/vec4 1, 0, 1;
    %store/vec4 v00000196919694e0_0, 0, 1;
    %pushi/vec4 0, 0, 1;
    %store/vec4 v00000196919696c0_0, 0, 1;
    %pushi/vec4 1, 0, 1;
    %store/vec4 v0000019691969080_0, 0, 1;
    %delay 1, 0;
    %load/vec4 v0000019691969440_0;
    %cmpi/ne 1, 0, 1;
    %jmp/0xz  T_0.28, 6;
    %vpi_call 2 67 "$display", "ASSERTION FAILED in %m: out != 1'b1" {0 0 0};
    %vpi_call 2 68 "$finish" {0 0 0};
    %jmp T_0.29;
T_0.28 ;
    %vpi_call 2 70 "$display", "Success! %m: out = 1'b1" {0 0 0};
T_0.29 ;
    %pushi/vec4 0, 0, 1;
    %store/vec4 v00000196919691c0_0, 0, 1;
    %pushi/vec4 1, 0, 1;
    %store/vec4 v0000019691969800_0, 0, 1;
    %pushi/vec4 1, 0, 1;
    %store/vec4 v0000019691969c60_0, 0, 1;
    %pushi/vec4 1, 0, 1;
    %store/vec4 v0000019691969f80_0, 0, 1;
    %pushi/vec4 1, 0, 1;
    %store/vec4 v0000019691969da0_0, 0, 1;
    %pushi/vec4 0, 0, 1;
    %store/vec4 v00000196919694e0_0, 0, 1;
    %pushi/vec4 0, 0, 1;
    %store/vec4 v00000196919696c0_0, 0, 1;
    %pushi/vec4 0, 0, 1;
    %store/vec4 v0000019691969080_0, 0, 1;
    %delay 1, 0;
    %load/vec4 v0000019691969440_0;
    %cmpi/ne 1, 0, 1;
    %jmp/0xz  T_0.30, 6;
    %vpi_call 2 69 "$display", "ASSERTION FAILED in %m: out != 1'b1" {0 0 0};
    %vpi_call 2 70 "$finish" {0 0 0};
    %jmp T_0.31;
T_0.30 ;
    %vpi_call 2 72 "$display", "Success! %m: out = 1'b1" {0 0 0};
T_0.31 ;
    %pushi/vec4 0, 0, 1;
    %store/vec4 v00000196919691c0_0, 0, 1;
    %pushi/vec4 1, 0, 1;
    %store/vec4 v0000019691969800_0, 0, 1;
    %pushi/vec4 1, 0, 1;
    %store/vec4 v0000019691969c60_0, 0, 1;
    %pushi/vec4 1, 0, 1;
    %store/vec4 v0000019691969f80_0, 0, 1;
    %pushi/vec4 1, 0, 1;
    %store/vec4 v0000019691969da0_0, 0, 1;
    %pushi/vec4 0, 0, 1;
    %store/vec4 v00000196919694e0_0, 0, 1;
    %pushi/vec4 1, 0, 1;
    %store/vec4 v00000196919696c0_0, 0, 1;
    %pushi/vec4 0, 0, 1;
    %store/vec4 v0000019691969080_0, 0, 1;
    %delay 1, 0;
    %load/vec4 v0000019691969440_0;
    %cmpi/ne 1, 0, 1;
    %jmp/0xz  T_0.32, 6;
    %vpi_call 2 71 "$display", "ASSERTION FAILED in %m: out != 1'b1" {0 0 0};
    %vpi_call 2 72 "$finish" {0 0 0};
    %jmp T_0.33;
T_0.32 ;
    %vpi_call 2 74 "$display", "Success! %m: out = 1'b1" {0 0 0};
T_0.33 ;
    %pushi/vec4 1, 0, 1;
    %store/vec4 v00000196919691c0_0, 0, 1;
    %pushi/vec4 0, 0, 1;
    %store/vec4 v0000019691969800_0, 0, 1;
    %pushi/vec4 0, 0, 1;
    %store/vec4 v0000019691969c60_0, 0, 1;
    %pushi/vec4 1, 0, 1;
    %store/vec4 v0000019691969f80_0, 0, 1;
    %pushi/vec4 0, 0, 1;
    %store/vec4 v0000019691969da0_0, 0, 1;
    %pushi/vec4 0, 0, 1;
    %store/vec4 v00000196919694e0_0, 0, 1;
    %pushi/vec4 1, 0, 1;
    %store/vec4 v00000196919696c0_0, 0, 1;
    %pushi/vec4 1, 0, 1;
    %store/vec4 v0000019691969080_0, 0, 1;
    %delay 1, 0;
    %load/vec4 v0000019691969440_0;
    %cmpi/ne 1, 0, 1;
    %jmp/0xz  T_0.34, 6;
    %vpi_call 2 73 "$display", "ASSERTION FAILED in %m: out != 1'b1" {0 0 0};
    %vpi_call 2 74 "$finish" {0 0 0};
    %jmp T_0.35;
T_0.34 ;
    %vpi_call 2 76 "$display", "Success! %m: out = 1'b1" {0 0 0};
T_0.35 ;
    %pushi/vec4 1, 0, 1;
    %store/vec4 v00000196919691c0_0, 0, 1;
    %pushi/vec4 0, 0, 1;
    %store/vec4 v0000019691969800_0, 0, 1;
    %pushi/vec4 0, 0, 1;
    %store/vec4 v0000019691969c60_0, 0, 1;
    %pushi/vec4 1, 0, 1;
    %store/vec4 v0000019691969f80_0, 0, 1;
    %pushi/vec4 1, 0, 1;
    %store/vec4 v0000019691969da0_0, 0, 1;
    %pushi/vec4 1, 0, 1;
    %store/vec4 v00000196919694e0_0, 0, 1;
    %pushi/vec4 1, 0, 1;
    %store/vec4 v00000196919696c0_0, 0, 1;
    %pushi/vec4 1, 0, 1;
    %store/vec4 v0000019691969080_0, 0, 1;
    %delay 1, 0;
    %load/vec4 v0000019691969440_0;
    %cmpi/ne 1, 0, 1;
    %jmp/0xz  T_0.36, 6;
    %vpi_call 2 75 "$display", "ASSERTION FAILED in %m: out != 1'b1" {0 0 0};
    %vpi_call 2 76 "$finish" {0 0 0};
    %jmp T_0.37;
T_0.36 ;
    %vpi_call 2 78 "$display", "Success! %m: out = 1'b1" {0 0 0};
T_0.37 ;
    %pushi/vec4 1, 0, 1;
    %store/vec4 v00000196919691c0_0, 0, 1;
    %pushi/vec4 0, 0, 1;
    %store/vec4 v0000019691969800_0, 0, 1;
    %pushi/vec4 1, 0, 1;
    %store/vec4 v0000019691969c60_0, 0, 1;
    %pushi/vec4 0, 0, 1;
    %store/vec4 v0000019691969f80_0, 0, 1;
    %pushi/vec4 1, 0, 1;
    %store/vec4 v0000019691969da0_0, 0, 1;
    %pushi/vec4 0, 0, 1;
    %store/vec4 v00000196919694e0_0, 0, 1;
    %pushi/vec4 1, 0, 1;
    %store/vec4 v00000196919696c0_0, 0, 1;
    %pushi/vec4 0, 0, 1;
    %store/vec4 v0000019691969080_0, 0, 1;
    %delay 1, 0;
    %load/vec4 v0000019691969440_0;
    %cmpi/ne 1, 0, 1;
    %jmp/0xz  T_0.38, 6;
    %vpi_call 2 77 "$display", "ASSERTION FAILED in %m: out != 1'b1" {0 0 0};
    %vpi_call 2 78 "$finish" {0 0 0};
    %jmp T_0.39;
T_0.38 ;
    %vpi_call 2 80 "$display", "Success! %m: out = 1'b1" {0 0 0};
T_0.39 ;
    %pushi/vec4 1, 0, 1;
    %store/vec4 v00000196919691c0_0, 0, 1;
    %pushi/vec4 0, 0, 1;
    %store/vec4 v0000019691969800_0, 0, 1;
    %pushi/vec4 1, 0, 1;
    %store/vec4 v0000019691969c60_0, 0, 1;
    %pushi/vec4 1, 0, 1;
    %store/vec4 v0000019691969f80_0, 0, 1;
    %pushi/vec4 0, 0, 1;
    %store/vec4 v0000019691969da0_0, 0, 1;
    %pushi/vec4 1, 0, 1;
    %store/vec4 v00000196919694e0_0, 0, 1;
    %pushi/vec4 0, 0, 1;
    %store/vec4 v00000196919696c0_0, 0, 1;
    %pushi/vec4 1, 0, 1;
    %store/vec4 v0000019691969080_0, 0, 1;
    %delay 1, 0;
    %load/vec4 v0000019691969440_0;
    %cmpi/ne 1, 0, 1;
    %jmp/0xz  T_0.40, 6;
    %vpi_call 2 79 "$display", "ASSERTION FAILED in %m: out != 1'b1" {0 0 0};
    %vpi_call 2 80 "$finish" {0 0 0};
    %jmp T_0.41;
T_0.40 ;
    %vpi_call 2 82 "$display", "Success! %m: out = 1'b1" {0 0 0};
T_0.41 ;
    %pushi/vec4 1, 0, 1;
    %store/vec4 v00000196919691c0_0, 0, 1;
    %pushi/vec4 0, 0, 1;
    %store/vec4 v0000019691969800_0, 0, 1;
    %pushi/vec4 1, 0, 1;
    %store/vec4 v0000019691969c60_0, 0, 1;
    %pushi/vec4 1, 0, 1;
    %store/vec4 v0000019691969f80_0, 0, 1;
    %pushi/vec4 0, 0, 1;
    %store/vec4 v0000019691969da0_0, 0, 1;
    %pushi/vec4 1, 0, 1;
    %store/vec4 v00000196919694e0_0, 0, 1;
    %pushi/vec4 0, 0, 1;
    %store/vec4 v00000196919696c0_0, 0, 1;
    %pushi/vec4 1, 0, 1;
    %store/vec4 v0000019691969080_0, 0, 1;
    %delay 1, 0;
    %load/vec4 v0000019691969440_0;
    %cmpi/ne 1, 0, 1;
    %jmp/0xz  T_0.42, 6;
    %vpi_call 2 81 "$display", "ASSERTION FAILED in %m: out != 1'b1" {0 0 0};
    %vpi_call 2 82 "$finish" {0 0 0};
    %jmp T_0.43;
T_0.42 ;
    %vpi_call 2 84 "$display", "Success! %m: out = 1'b1" {0 0 0};
T_0.43 ;
    %pushi/vec4 1, 0, 1;
    %store/vec4 v00000196919691c0_0, 0, 1;
    %pushi/vec4 1, 0, 1;
    %store/vec4 v0000019691969800_0, 0, 1;
    %pushi/vec4 0, 0, 1;
    %store/vec4 v0000019691969c60_0, 0, 1;
    %pushi/vec4 0, 0, 1;
    %store/vec4 v0000019691969f80_0, 0, 1;
    %pushi/vec4 0, 0, 1;
    %store/vec4 v0000019691969da0_0, 0, 1;
    %pushi/vec4 0, 0, 1;
    %store/vec4 v00000196919694e0_0, 0, 1;
    %pushi/vec4 0, 0, 1;
    %store/vec4 v00000196919696c0_0, 0, 1;
    %pushi/vec4 0, 0, 1;
    %store/vec4 v0000019691969080_0, 0, 1;
    %delay 1, 0;
    %load/vec4 v0000019691969440_0;
    %cmpi/ne 1, 0, 1;
    %jmp/0xz  T_0.44, 6;
    %vpi_call 2 83 "$display", "ASSERTION FAILED in %m: out != 1'b1" {0 0 0};
    %vpi_call 2 84 "$finish" {0 0 0};
    %jmp T_0.45;
T_0.44 ;
    %vpi_call 2 86 "$display", "Success! %m: out = 1'b1" {0 0 0};
T_0.45 ;
    %pushi/vec4 1, 0, 1;
    %store/vec4 v00000196919691c0_0, 0, 1;
    %pushi/vec4 1, 0, 1;
    %store/vec4 v0000019691969800_0, 0, 1;
    %pushi/vec4 0, 0, 1;
    %store/vec4 v0000019691969c60_0, 0, 1;
    %pushi/vec4 0, 0, 1;
    %store/vec4 v0000019691969f80_0, 0, 1;
    %pushi/vec4 1, 0, 1;
    %store/vec4 v0000019691969da0_0, 0, 1;
    %pushi/vec4 0, 0, 1;
    %store/vec4 v00000196919694e0_0, 0, 1;
    %pushi/vec4 0, 0, 1;
    %store/vec4 v00000196919696c0_0, 0, 1;
    %pushi/vec4 1, 0, 1;
    %store/vec4 v0000019691969080_0, 0, 1;
    %delay 1, 0;
    %load/vec4 v0000019691969440_0;
    %cmpi/ne 1, 0, 1;
    %jmp/0xz  T_0.46, 6;
    %vpi_call 2 85 "$display", "ASSERTION FAILED in %m: out != 1'b1" {0 0 0};
    %vpi_call 2 86 "$finish" {0 0 0};
    %jmp T_0.47;
T_0.46 ;
    %vpi_call 2 88 "$display", "Success! %m: out = 1'b1" {0 0 0};
T_0.47 ;
    %pushi/vec4 1, 0, 1;
    %store/vec4 v00000196919691c0_0, 0, 1;
    %pushi/vec4 1, 0, 1;
    %store/vec4 v0000019691969800_0, 0, 1;
    %pushi/vec4 0, 0, 1;
    %store/vec4 v0000019691969c60_0, 0, 1;
    %pushi/vec4 1, 0, 1;
    %store/vec4 v0000019691969f80_0, 0, 1;
    %pushi/vec4 1, 0, 1;
    %store/vec4 v0000019691969da0_0, 0, 1;
    %pushi/vec4 0, 0, 1;
    %store/vec4 v00000196919694e0_0, 0, 1;
    %pushi/vec4 0, 0, 1;
    %store/vec4 v00000196919696c0_0, 0, 1;
    %pushi/vec4 0, 0, 1;
    %store/vec4 v0000019691969080_0, 0, 1;
    %delay 1, 0;
    %load/vec4 v0000019691969440_0;
    %cmpi/ne 1, 0, 1;
    %jmp/0xz  T_0.48, 6;
    %vpi_call 2 87 "$display", "ASSERTION FAILED in %m: out != 1'b1" {0 0 0};
    %vpi_call 2 88 "$finish" {0 0 0};
    %jmp T_0.49;
T_0.48 ;
    %vpi_call 2 90 "$display", "Success! %m: out = 1'b1" {0 0 0};
T_0.49 ;
    %pushi/vec4 1, 0, 1;
    %store/vec4 v00000196919691c0_0, 0, 1;
    %pushi/vec4 1, 0, 1;
    %store/vec4 v0000019691969800_0, 0, 1;
    %pushi/vec4 0, 0, 1;
    %store/vec4 v0000019691969c60_0, 0, 1;
    %pushi/vec4 1, 0, 1;
    %store/vec4 v0000019691969f80_0, 0, 1;
    %pushi/vec4 1, 0, 1;
    %store/vec4 v0000019691969da0_0, 0, 1;
    %pushi/vec4 1, 0, 1;
    %store/vec4 v00000196919694e0_0, 0, 1;
    %pushi/vec4 0, 0, 1;
    %store/vec4 v00000196919696c0_0, 0, 1;
    %pushi/vec4 0, 0, 1;
    %store/vec4 v0000019691969080_0, 0, 1;
    %delay 1, 0;
    %load/vec4 v0000019691969440_0;
    %cmpi/ne 1, 0, 1;
    %jmp/0xz  T_0.50, 6;
    %vpi_call 2 89 "$display", "ASSERTION FAILED in %m: out != 1'b1" {0 0 0};
    %vpi_call 2 90 "$finish" {0 0 0};
    %jmp T_0.51;
T_0.50 ;
    %vpi_call 2 92 "$display", "Success! %m: out = 1'b1" {0 0 0};
T_0.51 ;
    %pushi/vec4 1, 0, 1;
    %store/vec4 v00000196919691c0_0, 0, 1;
    %pushi/vec4 1, 0, 1;
    %store/vec4 v0000019691969800_0, 0, 1;
    %pushi/vec4 1, 0, 1;
    %store/vec4 v0000019691969c60_0, 0, 1;
    %pushi/vec4 0, 0, 1;
    %store/vec4 v0000019691969f80_0, 0, 1;
    %pushi/vec4 0, 0, 1;
    %store/vec4 v0000019691969da0_0, 0, 1;
    %pushi/vec4 1, 0, 1;
    %store/vec4 v00000196919694e0_0, 0, 1;
    %pushi/vec4 1, 0, 1;
    %store/vec4 v00000196919696c0_0, 0, 1;
    %pushi/vec4 1, 0, 1;
    %store/vec4 v0000019691969080_0, 0, 1;
    %delay 1, 0;
    %load/vec4 v0000019691969440_0;
    %cmpi/ne 1, 0, 1;
    %jmp/0xz  T_0.52, 6;
    %vpi_call 2 91 "$display", "ASSERTION FAILED in %m: out != 1'b1" {0 0 0};
    %vpi_call 2 92 "$finish" {0 0 0};
    %jmp T_0.53;
T_0.52 ;
    %vpi_call 2 94 "$display", "Success! %m: out = 1'b1" {0 0 0};
T_0.53 ;
    %pushi/vec4 1, 0, 1;
    %store/vec4 v00000196919691c0_0, 0, 1;
    %pushi/vec4 1, 0, 1;
    %store/vec4 v0000019691969800_0, 0, 1;
    %pushi/vec4 1, 0, 1;
    %store/vec4 v0000019691969c60_0, 0, 1;
    %pushi/vec4 0, 0, 1;
    %store/vec4 v0000019691969f80_0, 0, 1;
    %pushi/vec4 1, 0, 1;
    %store/vec4 v0000019691969da0_0, 0, 1;
    %pushi/vec4 0, 0, 1;
    %store/vec4 v00000196919694e0_0, 0, 1;
    %pushi/vec4 1, 0, 1;
    %store/vec4 v00000196919696c0_0, 0, 1;
    %pushi/vec4 0, 0, 1;
    %store/vec4 v0000019691969080_0, 0, 1;
    %delay 1, 0;
    %load/vec4 v0000019691969440_0;
    %cmpi/ne 1, 0, 1;
    %jmp/0xz  T_0.54, 6;
    %vpi_call 2 93 "$display", "ASSERTION FAILED in %m: out != 1'b1" {0 0 0};
    %vpi_call 2 94 "$finish" {0 0 0};
    %jmp T_0.55;
T_0.54 ;
    %vpi_call 2 96 "$display", "Success! %m: out = 1'b1" {0 0 0};
T_0.55 ;
    %pushi/vec4 1, 0, 1;
    %store/vec4 v00000196919691c0_0, 0, 1;
    %pushi/vec4 1, 0, 1;
    %store/vec4 v0000019691969800_0, 0, 1;
    %pushi/vec4 1, 0, 1;
    %store/vec4 v0000019691969c60_0, 0, 1;
    %pushi/vec4 1, 0, 1;
    %store/vec4 v0000019691969f80_0, 0, 1;
    %pushi/vec4 1, 0, 1;
    %store/vec4 v0000019691969da0_0, 0, 1;
    %pushi/vec4 0, 0, 1;
    %store/vec4 v00000196919694e0_0, 0, 1;
    %pushi/vec4 1, 0, 1;
    %store/vec4 v00000196919696c0_0, 0, 1;
    %pushi/vec4 1, 0, 1;
    %store/vec4 v0000019691969080_0, 0, 1;
    %delay 1, 0;
    %load/vec4 v0000019691969440_0;
    %cmpi/ne 1, 0, 1;
    %jmp/0xz  T_0.56, 6;
    %vpi_call 2 95 "$display", "ASSERTION FAILED in %m: out != 1'b1" {0 0 0};
    %vpi_call 2 96 "$finish" {0 0 0};
    %jmp T_0.57;
T_0.56 ;
    %vpi_call 2 98 "$display", "Success! %m: out = 1'b1" {0 0 0};
T_0.57 ;
    %pushi/vec4 1, 0, 1;
    %store/vec4 v00000196919691c0_0, 0, 1;
    %pushi/vec4 1, 0, 1;
    %store/vec4 v0000019691969800_0, 0, 1;
    %pushi/vec4 1, 0, 1;
    %store/vec4 v0000019691969c60_0, 0, 1;
    %pushi/vec4 1, 0, 1;
    %store/vec4 v0000019691969f80_0, 0, 1;
    %pushi/vec4 1, 0, 1;
    %store/vec4 v0000019691969da0_0, 0, 1;
    %pushi/vec4 1, 0, 1;
    %store/vec4 v00000196919694e0_0, 0, 1;
    %pushi/vec4 1, 0, 1;
    %store/vec4 v00000196919696c0_0, 0, 1;
    %pushi/vec4 1, 0, 1;
    %store/vec4 v0000019691969080_0, 0, 1;
    %delay 1, 0;
    %load/vec4 v0000019691969440_0;
    %cmpi/ne 1, 0, 1;
    %jmp/0xz  T_0.58, 6;
    %vpi_call 2 97 "$display", "ASSERTION FAILED in %m: out != 1'b1" {0 0 0};
    %vpi_call 2 98 "$finish" {0 0 0};
    %jmp T_0.59;
T_0.58 ;
    %vpi_call 2 100 "$display", "Success! %m: out = 1'b1" {0 0 0};
T_0.59 ;
    %end;
    .thread T_0;
# The file index is used to find the file name in the following table.
:file_names 4;
    "N/A";
    "<interactive>";
    ".\tb_Or8Way.v";
    "./Or8Way.v";
