#! /c/Source/iverilog-install/bin/vvp
:ivl_version "12.0 (devel)" "(s20150603-1539-g2693dd32b)";
:ivl_delay_selection "TYPICAL";
:vpi_time_precision + 0;
:vpi_module "C:\iverilog\lib\ivl\system.vpi";
:vpi_module "C:\iverilog\lib\ivl\vhdl_sys.vpi";
:vpi_module "C:\iverilog\lib\ivl\vhdl_textio.vpi";
:vpi_module "C:\iverilog\lib\ivl\v2005_math.vpi";
:vpi_module "C:\iverilog\lib\ivl\va_math.vpi";
S_0000021a81c04590 .scope module, "tb_Mux4Way" "tb_Mux4Way" 2 17;
 .timescale 0 0;
v0000021a81ca7ab0_0 .var "a", 0 0;
v0000021a81ca75b0_0 .var "b", 0 0;
v0000021a81ca84b0_0 .var "c", 0 0;
v0000021a81ca78d0_0 .var "d", 0 0;
v0000021a81ca85f0_0 .net "out", 0 0, L_0000021a81bf8890;  1 drivers
v0000021a81ca7c90_0 .var "sel", 1 0;
S_0000021a81bbda20 .scope module, "mymodule" "Mux4Way" 2 25, 3 8 0, S_0000021a81c04590;
 .timescale 0 0;
    .port_info 0 /OUTPUT 1 "out";
    .port_info 1 /INPUT 1 "in0";
    .port_info 2 /INPUT 1 "in1";
    .port_info 3 /INPUT 1 "in2";
    .port_info 4 /INPUT 1 "in3";
    .port_info 5 /INPUT 2 "sel";
v0000021a81ca6c80_0 .net "in0", 0 0, v0000021a81ca7ab0_0;  1 drivers
v0000021a81ca6d20_0 .net "in1", 0 0, v0000021a81ca75b0_0;  1 drivers
v0000021a81ca63c0_0 .net "in2", 0 0, v0000021a81ca84b0_0;  1 drivers
v0000021a81ca6500_0 .net "in3", 0 0, v0000021a81ca78d0_0;  1 drivers
v0000021a81ca66e0_0 .net "mux01", 0 0, L_0000021a81bf9000;  1 drivers
v0000021a81ca6dc0_0 .net "mux23", 0 0, L_0000021a81bf89e0;  1 drivers
v0000021a81ca7bf0_0 .net "out", 0 0, L_0000021a81bf8890;  alias, 1 drivers
v0000021a81ca7510_0 .net "sel", 1 0, v0000021a81ca7c90_0;  1 drivers
L_0000021a81ca8410 .part v0000021a81ca7c90_0, 0, 1;
L_0000021a81ca8cd0 .part v0000021a81ca7c90_0, 0, 1;
L_0000021a81ca7970 .part v0000021a81ca7c90_0, 1, 1;
S_0000021a81bbdbb0 .scope module, "mux_module0" "Mux" 3 14, 4 6 0, S_0000021a81bbda20;
 .timescale 0 0;
    .port_info 0 /OUTPUT 1 "out";
    .port_info 1 /INPUT 1 "a";
    .port_info 2 /INPUT 1 "b";
    .port_info 3 /INPUT 1 "sel";
L_0000021a81bf8c10 .functor NOT 1, L_0000021a81ca8410, C4<0>, C4<0>, C4<0>;
L_0000021a81bf8900 .functor AND 1, v0000021a81ca7ab0_0, L_0000021a81bf8c10, C4<1>, C4<1>;
L_0000021a81bf8dd0 .functor AND 1, L_0000021a81ca8410, v0000021a81ca75b0_0, C4<1>, C4<1>;
L_0000021a81bf9000 .functor OR 1, L_0000021a81bf8900, L_0000021a81bf8dd0, C4<0>, C4<0>;
v0000021a81bf9be0_0 .net "a", 0 0, v0000021a81ca7ab0_0;  alias, 1 drivers
v0000021a81c04720_0 .net "a1", 0 0, L_0000021a81bf8900;  1 drivers
v0000021a81ca6e60_0 .net "b", 0 0, v0000021a81ca75b0_0;  alias, 1 drivers
v0000021a81ca6280_0 .net "b1", 0 0, L_0000021a81bf8dd0;  1 drivers
v0000021a81ca68c0_0 .net "not_sel", 0 0, L_0000021a81bf8c10;  1 drivers
v0000021a81ca6820_0 .net "out", 0 0, L_0000021a81bf9000;  alias, 1 drivers
v0000021a81ca6960_0 .net "sel", 0 0, L_0000021a81ca8410;  1 drivers
S_0000021a81c06300 .scope module, "mux_module1" "Mux" 3 15, 4 6 0, S_0000021a81bbda20;
 .timescale 0 0;
    .port_info 0 /OUTPUT 1 "out";
    .port_info 1 /INPUT 1 "a";
    .port_info 2 /INPUT 1 "b";
    .port_info 3 /INPUT 1 "sel";
L_0000021a81bf91c0 .functor NOT 1, L_0000021a81ca8cd0, C4<0>, C4<0>, C4<0>;
L_0000021a81bf8a50 .functor AND 1, v0000021a81ca84b0_0, L_0000021a81bf91c0, C4<1>, C4<1>;
L_0000021a81bf9540 .functor AND 1, L_0000021a81ca8cd0, v0000021a81ca78d0_0, C4<1>, C4<1>;
L_0000021a81bf89e0 .functor OR 1, L_0000021a81bf8a50, L_0000021a81bf9540, C4<0>, C4<0>;
v0000021a81ca6460_0 .net "a", 0 0, v0000021a81ca84b0_0;  alias, 1 drivers
v0000021a81ca6f00_0 .net "a1", 0 0, L_0000021a81bf8a50;  1 drivers
v0000021a81ca61e0_0 .net "b", 0 0, v0000021a81ca78d0_0;  alias, 1 drivers
v0000021a81ca6320_0 .net "b1", 0 0, L_0000021a81bf9540;  1 drivers
v0000021a81ca65a0_0 .net "not_sel", 0 0, L_0000021a81bf91c0;  1 drivers
v0000021a81ca6780_0 .net "out", 0 0, L_0000021a81bf89e0;  alias, 1 drivers
v0000021a81ca6000_0 .net "sel", 0 0, L_0000021a81ca8cd0;  1 drivers
S_0000021a81c06490 .scope module, "mux_moduleOut" "Mux" 3 16, 4 6 0, S_0000021a81bbda20;
 .timescale 0 0;
    .port_info 0 /OUTPUT 1 "out";
    .port_info 1 /INPUT 1 "a";
    .port_info 2 /INPUT 1 "b";
    .port_info 3 /INPUT 1 "sel";
L_0000021a81bf8e40 .functor NOT 1, L_0000021a81ca7970, C4<0>, C4<0>, C4<0>;
L_0000021a81bf8eb0 .functor AND 1, L_0000021a81bf9000, L_0000021a81bf8e40, C4<1>, C4<1>;
L_0000021a81bf9150 .functor AND 1, L_0000021a81ca7970, L_0000021a81bf89e0, C4<1>, C4<1>;
L_0000021a81bf8890 .functor OR 1, L_0000021a81bf8eb0, L_0000021a81bf9150, C4<0>, C4<0>;
v0000021a81ca6be0_0 .net "a", 0 0, L_0000021a81bf9000;  alias, 1 drivers
v0000021a81ca6a00_0 .net "a1", 0 0, L_0000021a81bf8eb0;  1 drivers
v0000021a81ca6aa0_0 .net "b", 0 0, L_0000021a81bf89e0;  alias, 1 drivers
v0000021a81ca6b40_0 .net "b1", 0 0, L_0000021a81bf9150;  1 drivers
v0000021a81ca6140_0 .net "not_sel", 0 0, L_0000021a81bf8e40;  1 drivers
v0000021a81ca60a0_0 .net "out", 0 0, L_0000021a81bf8890;  alias, 1 drivers
v0000021a81ca6640_0 .net "sel", 0 0, L_0000021a81ca7970;  1 drivers
    .scope S_0000021a81c04590;
T_0 ;
    %vpi_call 2 29 "$dumpfile", "tb_Mux4Way.vcd" {0 0 0};
    %vpi_call 2 30 "$dumpvars", 32'sb00000000000000000000000000000000, S_0000021a81c04590 {0 0 0};
    %pushi/vec4 0, 0, 1;
    %store/vec4 v0000021a81ca7ab0_0, 0, 1;
    %pushi/vec4 0, 0, 1;
    %store/vec4 v0000021a81ca75b0_0, 0, 1;
    %pushi/vec4 0, 0, 1;
    %store/vec4 v0000021a81ca84b0_0, 0, 1;
    %pushi/vec4 0, 0, 1;
    %store/vec4 v0000021a81ca78d0_0, 0, 1;
    %pushi/vec4 0, 0, 2;
    %store/vec4 v0000021a81ca7c90_0, 0, 2;
    %delay 1, 0;
    %load/vec4 v0000021a81ca85f0_0;
    %cmpi/ne 0, 0, 1;
    %jmp/0xz  T_0.0, 6;
    %vpi_call 2 36 "$display", "ASSERTION FAILED in %m: out != 1'b0" {0 0 0};
    %vpi_call 2 37 "$finish" {0 0 0};
    %jmp T_0.1;
T_0.0 ;
    %vpi_call 2 39 "$display", "Success! %m: out = 1'b0" {0 0 0};
T_0.1 ;
    %pushi/vec4 0, 0, 1;
    %store/vec4 v0000021a81ca7ab0_0, 0, 1;
    %pushi/vec4 0, 0, 1;
    %store/vec4 v0000021a81ca75b0_0, 0, 1;
    %pushi/vec4 0, 0, 1;
    %store/vec4 v0000021a81ca84b0_0, 0, 1;
    %pushi/vec4 0, 0, 1;
    %store/vec4 v0000021a81ca78d0_0, 0, 1;
    %pushi/vec4 0, 0, 2;
    %store/vec4 v0000021a81ca7c90_0, 0, 2;
    %delay 1, 0;
    %load/vec4 v0000021a81ca85f0_0;
    %cmpi/ne 0, 0, 1;
    %jmp/0xz  T_0.2, 6;
    %vpi_call 2 38 "$display", "ASSERTION FAILED in %m: out != 1'b0" {0 0 0};
    %vpi_call 2 39 "$finish" {0 0 0};
    %jmp T_0.3;
T_0.2 ;
    %vpi_call 2 41 "$display", "Success! %m: out = 1'b0" {0 0 0};
T_0.3 ;
    %pushi/vec4 0, 0, 1;
    %store/vec4 v0000021a81ca7ab0_0, 0, 1;
    %pushi/vec4 0, 0, 1;
    %store/vec4 v0000021a81ca75b0_0, 0, 1;
    %pushi/vec4 0, 0, 1;
    %store/vec4 v0000021a81ca84b0_0, 0, 1;
    %pushi/vec4 1, 0, 1;
    %store/vec4 v0000021a81ca78d0_0, 0, 1;
    %pushi/vec4 0, 0, 2;
    %store/vec4 v0000021a81ca7c90_0, 0, 2;
    %delay 1, 0;
    %load/vec4 v0000021a81ca85f0_0;
    %cmpi/ne 0, 0, 1;
    %jmp/0xz  T_0.4, 6;
    %vpi_call 2 40 "$display", "ASSERTION FAILED in %m: out != 1'b0" {0 0 0};
    %vpi_call 2 41 "$finish" {0 0 0};
    %jmp T_0.5;
T_0.4 ;
    %vpi_call 2 43 "$display", "Success! %m: out = 1'b0" {0 0 0};
T_0.5 ;
    %pushi/vec4 0, 0, 1;
    %store/vec4 v0000021a81ca7ab0_0, 0, 1;
    %pushi/vec4 0, 0, 1;
    %store/vec4 v0000021a81ca75b0_0, 0, 1;
    %pushi/vec4 0, 0, 1;
    %store/vec4 v0000021a81ca84b0_0, 0, 1;
    %pushi/vec4 1, 0, 1;
    %store/vec4 v0000021a81ca78d0_0, 0, 1;
    %pushi/vec4 0, 0, 2;
    %store/vec4 v0000021a81ca7c90_0, 0, 2;
    %delay 1, 0;
    %load/vec4 v0000021a81ca85f0_0;
    %cmpi/ne 0, 0, 1;
    %jmp/0xz  T_0.6, 6;
    %vpi_call 2 42 "$display", "ASSERTION FAILED in %m: out != 1'b0" {0 0 0};
    %vpi_call 2 43 "$finish" {0 0 0};
    %jmp T_0.7;
T_0.6 ;
    %vpi_call 2 45 "$display", "Success! %m: out = 1'b0" {0 0 0};
T_0.7 ;
    %pushi/vec4 0, 0, 1;
    %store/vec4 v0000021a81ca7ab0_0, 0, 1;
    %pushi/vec4 0, 0, 1;
    %store/vec4 v0000021a81ca75b0_0, 0, 1;
    %pushi/vec4 0, 0, 1;
    %store/vec4 v0000021a81ca84b0_0, 0, 1;
    %pushi/vec4 1, 0, 1;
    %store/vec4 v0000021a81ca78d0_0, 0, 1;
    %pushi/vec4 1, 0, 2;
    %store/vec4 v0000021a81ca7c90_0, 0, 2;
    %delay 1, 0;
    %load/vec4 v0000021a81ca85f0_0;
    %cmpi/ne 0, 0, 1;
    %jmp/0xz  T_0.8, 6;
    %vpi_call 2 44 "$display", "ASSERTION FAILED in %m: out != 1'b0" {0 0 0};
    %vpi_call 2 45 "$finish" {0 0 0};
    %jmp T_0.9;
T_0.8 ;
    %vpi_call 2 47 "$display", "Success! %m: out = 1'b0" {0 0 0};
T_0.9 ;
    %pushi/vec4 0, 0, 1;
    %store/vec4 v0000021a81ca7ab0_0, 0, 1;
    %pushi/vec4 0, 0, 1;
    %store/vec4 v0000021a81ca75b0_0, 0, 1;
    %pushi/vec4 0, 0, 1;
    %store/vec4 v0000021a81ca84b0_0, 0, 1;
    %pushi/vec4 1, 0, 1;
    %store/vec4 v0000021a81ca78d0_0, 0, 1;
    %pushi/vec4 2, 0, 2;
    %store/vec4 v0000021a81ca7c90_0, 0, 2;
    %delay 1, 0;
    %load/vec4 v0000021a81ca85f0_0;
    %cmpi/ne 0, 0, 1;
    %jmp/0xz  T_0.10, 6;
    %vpi_call 2 46 "$display", "ASSERTION FAILED in %m: out != 1'b0" {0 0 0};
    %vpi_call 2 47 "$finish" {0 0 0};
    %jmp T_0.11;
T_0.10 ;
    %vpi_call 2 49 "$display", "Success! %m: out = 1'b0" {0 0 0};
T_0.11 ;
    %pushi/vec4 0, 0, 1;
    %store/vec4 v0000021a81ca7ab0_0, 0, 1;
    %pushi/vec4 0, 0, 1;
    %store/vec4 v0000021a81ca75b0_0, 0, 1;
    %pushi/vec4 1, 0, 1;
    %store/vec4 v0000021a81ca84b0_0, 0, 1;
    %pushi/vec4 0, 0, 1;
    %store/vec4 v0000021a81ca78d0_0, 0, 1;
    %pushi/vec4 0, 0, 2;
    %store/vec4 v0000021a81ca7c90_0, 0, 2;
    %delay 1, 0;
    %load/vec4 v0000021a81ca85f0_0;
    %cmpi/ne 0, 0, 1;
    %jmp/0xz  T_0.12, 6;
    %vpi_call 2 48 "$display", "ASSERTION FAILED in %m: out != 1'b0" {0 0 0};
    %vpi_call 2 49 "$finish" {0 0 0};
    %jmp T_0.13;
T_0.12 ;
    %vpi_call 2 51 "$display", "Success! %m: out = 1'b0" {0 0 0};
T_0.13 ;
    %pushi/vec4 0, 0, 1;
    %store/vec4 v0000021a81ca7ab0_0, 0, 1;
    %pushi/vec4 0, 0, 1;
    %store/vec4 v0000021a81ca75b0_0, 0, 1;
    %pushi/vec4 1, 0, 1;
    %store/vec4 v0000021a81ca84b0_0, 0, 1;
    %pushi/vec4 0, 0, 1;
    %store/vec4 v0000021a81ca78d0_0, 0, 1;
    %pushi/vec4 1, 0, 2;
    %store/vec4 v0000021a81ca7c90_0, 0, 2;
    %delay 1, 0;
    %load/vec4 v0000021a81ca85f0_0;
    %cmpi/ne 0, 0, 1;
    %jmp/0xz  T_0.14, 6;
    %vpi_call 2 50 "$display", "ASSERTION FAILED in %m: out != 1'b0" {0 0 0};
    %vpi_call 2 51 "$finish" {0 0 0};
    %jmp T_0.15;
T_0.14 ;
    %vpi_call 2 53 "$display", "Success! %m: out = 1'b0" {0 0 0};
T_0.15 ;
    %pushi/vec4 0, 0, 1;
    %store/vec4 v0000021a81ca7ab0_0, 0, 1;
    %pushi/vec4 0, 0, 1;
    %store/vec4 v0000021a81ca75b0_0, 0, 1;
    %pushi/vec4 1, 0, 1;
    %store/vec4 v0000021a81ca84b0_0, 0, 1;
    %pushi/vec4 0, 0, 1;
    %store/vec4 v0000021a81ca78d0_0, 0, 1;
    %pushi/vec4 3, 0, 2;
    %store/vec4 v0000021a81ca7c90_0, 0, 2;
    %delay 1, 0;
    %load/vec4 v0000021a81ca85f0_0;
    %cmpi/ne 0, 0, 1;
    %jmp/0xz  T_0.16, 6;
    %vpi_call 2 52 "$display", "ASSERTION FAILED in %m: out != 1'b0" {0 0 0};
    %vpi_call 2 53 "$finish" {0 0 0};
    %jmp T_0.17;
T_0.16 ;
    %vpi_call 2 55 "$display", "Success! %m: out = 1'b0" {0 0 0};
T_0.17 ;
    %pushi/vec4 0, 0, 1;
    %store/vec4 v0000021a81ca7ab0_0, 0, 1;
    %pushi/vec4 1, 0, 1;
    %store/vec4 v0000021a81ca75b0_0, 0, 1;
    %pushi/vec4 0, 0, 1;
    %store/vec4 v0000021a81ca84b0_0, 0, 1;
    %pushi/vec4 1, 0, 1;
    %store/vec4 v0000021a81ca78d0_0, 0, 1;
    %pushi/vec4 0, 0, 2;
    %store/vec4 v0000021a81ca7c90_0, 0, 2;
    %delay 1, 0;
    %load/vec4 v0000021a81ca85f0_0;
    %cmpi/ne 0, 0, 1;
    %jmp/0xz  T_0.18, 6;
    %vpi_call 2 54 "$display", "ASSERTION FAILED in %m: out != 1'b0" {0 0 0};
    %vpi_call 2 55 "$finish" {0 0 0};
    %jmp T_0.19;
T_0.18 ;
    %vpi_call 2 57 "$display", "Success! %m: out = 1'b0" {0 0 0};
T_0.19 ;
    %pushi/vec4 0, 0, 1;
    %store/vec4 v0000021a81ca7ab0_0, 0, 1;
    %pushi/vec4 1, 0, 1;
    %store/vec4 v0000021a81ca75b0_0, 0, 1;
    %pushi/vec4 0, 0, 1;
    %store/vec4 v0000021a81ca84b0_0, 0, 1;
    %pushi/vec4 1, 0, 1;
    %store/vec4 v0000021a81ca78d0_0, 0, 1;
    %pushi/vec4 0, 0, 2;
    %store/vec4 v0000021a81ca7c90_0, 0, 2;
    %delay 1, 0;
    %load/vec4 v0000021a81ca85f0_0;
    %cmpi/ne 0, 0, 1;
    %jmp/0xz  T_0.20, 6;
    %vpi_call 2 56 "$display", "ASSERTION FAILED in %m: out != 1'b0" {0 0 0};
    %vpi_call 2 57 "$finish" {0 0 0};
    %jmp T_0.21;
T_0.20 ;
    %vpi_call 2 59 "$display", "Success! %m: out = 1'b0" {0 0 0};
T_0.21 ;
    %pushi/vec4 0, 0, 1;
    %store/vec4 v0000021a81ca7ab0_0, 0, 1;
    %pushi/vec4 1, 0, 1;
    %store/vec4 v0000021a81ca75b0_0, 0, 1;
    %pushi/vec4 0, 0, 1;
    %store/vec4 v0000021a81ca84b0_0, 0, 1;
    %pushi/vec4 1, 0, 1;
    %store/vec4 v0000021a81ca78d0_0, 0, 1;
    %pushi/vec4 0, 0, 2;
    %store/vec4 v0000021a81ca7c90_0, 0, 2;
    %delay 1, 0;
    %load/vec4 v0000021a81ca85f0_0;
    %cmpi/ne 0, 0, 1;
    %jmp/0xz  T_0.22, 6;
    %vpi_call 2 58 "$display", "ASSERTION FAILED in %m: out != 1'b0" {0 0 0};
    %vpi_call 2 59 "$finish" {0 0 0};
    %jmp T_0.23;
T_0.22 ;
    %vpi_call 2 61 "$display", "Success! %m: out = 1'b0" {0 0 0};
T_0.23 ;
    %pushi/vec4 0, 0, 1;
    %store/vec4 v0000021a81ca7ab0_0, 0, 1;
    %pushi/vec4 1, 0, 1;
    %store/vec4 v0000021a81ca75b0_0, 0, 1;
    %pushi/vec4 1, 0, 1;
    %store/vec4 v0000021a81ca84b0_0, 0, 1;
    %pushi/vec4 0, 0, 1;
    %store/vec4 v0000021a81ca78d0_0, 0, 1;
    %pushi/vec4 2, 0, 2;
    %store/vec4 v0000021a81ca7c90_0, 0, 2;
    %delay 1, 0;
    %load/vec4 v0000021a81ca85f0_0;
    %cmpi/ne 1, 0, 1;
    %jmp/0xz  T_0.24, 6;
    %vpi_call 2 60 "$display", "ASSERTION FAILED in %m: out != 1'b1" {0 0 0};
    %vpi_call 2 61 "$finish" {0 0 0};
    %jmp T_0.25;
T_0.24 ;
    %vpi_call 2 63 "$display", "Success! %m: out = 1'b1" {0 0 0};
T_0.25 ;
    %pushi/vec4 0, 0, 1;
    %store/vec4 v0000021a81ca7ab0_0, 0, 1;
    %pushi/vec4 1, 0, 1;
    %store/vec4 v0000021a81ca75b0_0, 0, 1;
    %pushi/vec4 1, 0, 1;
    %store/vec4 v0000021a81ca84b0_0, 0, 1;
    %pushi/vec4 0, 0, 1;
    %store/vec4 v0000021a81ca78d0_0, 0, 1;
    %pushi/vec4 3, 0, 2;
    %store/vec4 v0000021a81ca7c90_0, 0, 2;
    %delay 1, 0;
    %load/vec4 v0000021a81ca85f0_0;
    %cmpi/ne 0, 0, 1;
    %jmp/0xz  T_0.26, 6;
    %vpi_call 2 62 "$display", "ASSERTION FAILED in %m: out != 1'b0" {0 0 0};
    %vpi_call 2 63 "$finish" {0 0 0};
    %jmp T_0.27;
T_0.26 ;
    %vpi_call 2 65 "$display", "Success! %m: out = 1'b0" {0 0 0};
T_0.27 ;
    %pushi/vec4 1, 0, 1;
    %store/vec4 v0000021a81ca7ab0_0, 0, 1;
    %pushi/vec4 0, 0, 1;
    %store/vec4 v0000021a81ca75b0_0, 0, 1;
    %pushi/vec4 0, 0, 1;
    %store/vec4 v0000021a81ca84b0_0, 0, 1;
    %pushi/vec4 0, 0, 1;
    %store/vec4 v0000021a81ca78d0_0, 0, 1;
    %pushi/vec4 1, 0, 2;
    %store/vec4 v0000021a81ca7c90_0, 0, 2;
    %delay 1, 0;
    %load/vec4 v0000021a81ca85f0_0;
    %cmpi/ne 0, 0, 1;
    %jmp/0xz  T_0.28, 6;
    %vpi_call 2 64 "$display", "ASSERTION FAILED in %m: out != 1'b0" {0 0 0};
    %vpi_call 2 65 "$finish" {0 0 0};
    %jmp T_0.29;
T_0.28 ;
    %vpi_call 2 67 "$display", "Success! %m: out = 1'b0" {0 0 0};
T_0.29 ;
    %pushi/vec4 1, 0, 1;
    %store/vec4 v0000021a81ca7ab0_0, 0, 1;
    %pushi/vec4 0, 0, 1;
    %store/vec4 v0000021a81ca75b0_0, 0, 1;
    %pushi/vec4 0, 0, 1;
    %store/vec4 v0000021a81ca84b0_0, 0, 1;
    %pushi/vec4 0, 0, 1;
    %store/vec4 v0000021a81ca78d0_0, 0, 1;
    %pushi/vec4 1, 0, 2;
    %store/vec4 v0000021a81ca7c90_0, 0, 2;
    %delay 1, 0;
    %load/vec4 v0000021a81ca85f0_0;
    %cmpi/ne 0, 0, 1;
    %jmp/0xz  T_0.30, 6;
    %vpi_call 2 66 "$display", "ASSERTION FAILED in %m: out != 1'b0" {0 0 0};
    %vpi_call 2 67 "$finish" {0 0 0};
    %jmp T_0.31;
T_0.30 ;
    %vpi_call 2 69 "$display", "Success! %m: out = 1'b0" {0 0 0};
T_0.31 ;
    %pushi/vec4 1, 0, 1;
    %store/vec4 v0000021a81ca7ab0_0, 0, 1;
    %pushi/vec4 0, 0, 1;
    %store/vec4 v0000021a81ca75b0_0, 0, 1;
    %pushi/vec4 0, 0, 1;
    %store/vec4 v0000021a81ca84b0_0, 0, 1;
    %pushi/vec4 0, 0, 1;
    %store/vec4 v0000021a81ca78d0_0, 0, 1;
    %pushi/vec4 1, 0, 2;
    %store/vec4 v0000021a81ca7c90_0, 0, 2;
    %delay 1, 0;
    %load/vec4 v0000021a81ca85f0_0;
    %cmpi/ne 0, 0, 1;
    %jmp/0xz  T_0.32, 6;
    %vpi_call 2 68 "$display", "ASSERTION FAILED in %m: out != 1'b0" {0 0 0};
    %vpi_call 2 69 "$finish" {0 0 0};
    %jmp T_0.33;
T_0.32 ;
    %vpi_call 2 71 "$display", "Success! %m: out = 1'b0" {0 0 0};
T_0.33 ;
    %pushi/vec4 1, 0, 1;
    %store/vec4 v0000021a81ca7ab0_0, 0, 1;
    %pushi/vec4 0, 0, 1;
    %store/vec4 v0000021a81ca75b0_0, 0, 1;
    %pushi/vec4 0, 0, 1;
    %store/vec4 v0000021a81ca84b0_0, 0, 1;
    %pushi/vec4 0, 0, 1;
    %store/vec4 v0000021a81ca78d0_0, 0, 1;
    %pushi/vec4 2, 0, 2;
    %store/vec4 v0000021a81ca7c90_0, 0, 2;
    %delay 1, 0;
    %load/vec4 v0000021a81ca85f0_0;
    %cmpi/ne 0, 0, 1;
    %jmp/0xz  T_0.34, 6;
    %vpi_call 2 70 "$display", "ASSERTION FAILED in %m: out != 1'b0" {0 0 0};
    %vpi_call 2 71 "$finish" {0 0 0};
    %jmp T_0.35;
T_0.34 ;
    %vpi_call 2 73 "$display", "Success! %m: out = 1'b0" {0 0 0};
T_0.35 ;
    %pushi/vec4 1, 0, 1;
    %store/vec4 v0000021a81ca7ab0_0, 0, 1;
    %pushi/vec4 0, 0, 1;
    %store/vec4 v0000021a81ca75b0_0, 0, 1;
    %pushi/vec4 0, 0, 1;
    %store/vec4 v0000021a81ca84b0_0, 0, 1;
    %pushi/vec4 1, 0, 1;
    %store/vec4 v0000021a81ca78d0_0, 0, 1;
    %pushi/vec4 1, 0, 2;
    %store/vec4 v0000021a81ca7c90_0, 0, 2;
    %delay 1, 0;
    %load/vec4 v0000021a81ca85f0_0;
    %cmpi/ne 0, 0, 1;
    %jmp/0xz  T_0.36, 6;
    %vpi_call 2 72 "$display", "ASSERTION FAILED in %m: out != 1'b0" {0 0 0};
    %vpi_call 2 73 "$finish" {0 0 0};
    %jmp T_0.37;
T_0.36 ;
    %vpi_call 2 75 "$display", "Success! %m: out = 1'b0" {0 0 0};
T_0.37 ;
    %pushi/vec4 1, 0, 1;
    %store/vec4 v0000021a81ca7ab0_0, 0, 1;
    %pushi/vec4 0, 0, 1;
    %store/vec4 v0000021a81ca75b0_0, 0, 1;
    %pushi/vec4 0, 0, 1;
    %store/vec4 v0000021a81ca84b0_0, 0, 1;
    %pushi/vec4 1, 0, 1;
    %store/vec4 v0000021a81ca78d0_0, 0, 1;
    %pushi/vec4 2, 0, 2;
    %store/vec4 v0000021a81ca7c90_0, 0, 2;
    %delay 1, 0;
    %load/vec4 v0000021a81ca85f0_0;
    %cmpi/ne 0, 0, 1;
    %jmp/0xz  T_0.38, 6;
    %vpi_call 2 74 "$display", "ASSERTION FAILED in %m: out != 1'b0" {0 0 0};
    %vpi_call 2 75 "$finish" {0 0 0};
    %jmp T_0.39;
T_0.38 ;
    %vpi_call 2 77 "$display", "Success! %m: out = 1'b0" {0 0 0};
T_0.39 ;
    %pushi/vec4 1, 0, 1;
    %store/vec4 v0000021a81ca7ab0_0, 0, 1;
    %pushi/vec4 0, 0, 1;
    %store/vec4 v0000021a81ca75b0_0, 0, 1;
    %pushi/vec4 0, 0, 1;
    %store/vec4 v0000021a81ca84b0_0, 0, 1;
    %pushi/vec4 1, 0, 1;
    %store/vec4 v0000021a81ca78d0_0, 0, 1;
    %pushi/vec4 3, 0, 2;
    %store/vec4 v0000021a81ca7c90_0, 0, 2;
    %delay 1, 0;
    %load/vec4 v0000021a81ca85f0_0;
    %cmpi/ne 1, 0, 1;
    %jmp/0xz  T_0.40, 6;
    %vpi_call 2 76 "$display", "ASSERTION FAILED in %m: out != 1'b1" {0 0 0};
    %vpi_call 2 77 "$finish" {0 0 0};
    %jmp T_0.41;
T_0.40 ;
    %vpi_call 2 79 "$display", "Success! %m: out = 1'b1" {0 0 0};
T_0.41 ;
    %pushi/vec4 1, 0, 1;
    %store/vec4 v0000021a81ca7ab0_0, 0, 1;
    %pushi/vec4 0, 0, 1;
    %store/vec4 v0000021a81ca75b0_0, 0, 1;
    %pushi/vec4 1, 0, 1;
    %store/vec4 v0000021a81ca84b0_0, 0, 1;
    %pushi/vec4 0, 0, 1;
    %store/vec4 v0000021a81ca78d0_0, 0, 1;
    %pushi/vec4 0, 0, 2;
    %store/vec4 v0000021a81ca7c90_0, 0, 2;
    %delay 1, 0;
    %load/vec4 v0000021a81ca85f0_0;
    %cmpi/ne 1, 0, 1;
    %jmp/0xz  T_0.42, 6;
    %vpi_call 2 78 "$display", "ASSERTION FAILED in %m: out != 1'b1" {0 0 0};
    %vpi_call 2 79 "$finish" {0 0 0};
    %jmp T_0.43;
T_0.42 ;
    %vpi_call 2 81 "$display", "Success! %m: out = 1'b1" {0 0 0};
T_0.43 ;
    %pushi/vec4 1, 0, 1;
    %store/vec4 v0000021a81ca7ab0_0, 0, 1;
    %pushi/vec4 0, 0, 1;
    %store/vec4 v0000021a81ca75b0_0, 0, 1;
    %pushi/vec4 1, 0, 1;
    %store/vec4 v0000021a81ca84b0_0, 0, 1;
    %pushi/vec4 0, 0, 1;
    %store/vec4 v0000021a81ca78d0_0, 0, 1;
    %pushi/vec4 2, 0, 2;
    %store/vec4 v0000021a81ca7c90_0, 0, 2;
    %delay 1, 0;
    %load/vec4 v0000021a81ca85f0_0;
    %cmpi/ne 1, 0, 1;
    %jmp/0xz  T_0.44, 6;
    %vpi_call 2 80 "$display", "ASSERTION FAILED in %m: out != 1'b1" {0 0 0};
    %vpi_call 2 81 "$finish" {0 0 0};
    %jmp T_0.45;
T_0.44 ;
    %vpi_call 2 83 "$display", "Success! %m: out = 1'b1" {0 0 0};
T_0.45 ;
    %pushi/vec4 1, 0, 1;
    %store/vec4 v0000021a81ca7ab0_0, 0, 1;
    %pushi/vec4 1, 0, 1;
    %store/vec4 v0000021a81ca75b0_0, 0, 1;
    %pushi/vec4 0, 0, 1;
    %store/vec4 v0000021a81ca84b0_0, 0, 1;
    %pushi/vec4 0, 0, 1;
    %store/vec4 v0000021a81ca78d0_0, 0, 1;
    %pushi/vec4 2, 0, 2;
    %store/vec4 v0000021a81ca7c90_0, 0, 2;
    %delay 1, 0;
    %load/vec4 v0000021a81ca85f0_0;
    %cmpi/ne 0, 0, 1;
    %jmp/0xz  T_0.46, 6;
    %vpi_call 2 82 "$display", "ASSERTION FAILED in %m: out != 1'b0" {0 0 0};
    %vpi_call 2 83 "$finish" {0 0 0};
    %jmp T_0.47;
T_0.46 ;
    %vpi_call 2 85 "$display", "Success! %m: out = 1'b0" {0 0 0};
T_0.47 ;
    %pushi/vec4 1, 0, 1;
    %store/vec4 v0000021a81ca7ab0_0, 0, 1;
    %pushi/vec4 1, 0, 1;
    %store/vec4 v0000021a81ca75b0_0, 0, 1;
    %pushi/vec4 0, 0, 1;
    %store/vec4 v0000021a81ca84b0_0, 0, 1;
    %pushi/vec4 0, 0, 1;
    %store/vec4 v0000021a81ca78d0_0, 0, 1;
    %pushi/vec4 2, 0, 2;
    %store/vec4 v0000021a81ca7c90_0, 0, 2;
    %delay 1, 0;
    %load/vec4 v0000021a81ca85f0_0;
    %cmpi/ne 0, 0, 1;
    %jmp/0xz  T_0.48, 6;
    %vpi_call 2 84 "$display", "ASSERTION FAILED in %m: out != 1'b0" {0 0 0};
    %vpi_call 2 85 "$finish" {0 0 0};
    %jmp T_0.49;
T_0.48 ;
    %vpi_call 2 87 "$display", "Success! %m: out = 1'b0" {0 0 0};
T_0.49 ;
    %pushi/vec4 1, 0, 1;
    %store/vec4 v0000021a81ca7ab0_0, 0, 1;
    %pushi/vec4 1, 0, 1;
    %store/vec4 v0000021a81ca75b0_0, 0, 1;
    %pushi/vec4 1, 0, 1;
    %store/vec4 v0000021a81ca84b0_0, 0, 1;
    %pushi/vec4 1, 0, 1;
    %store/vec4 v0000021a81ca78d0_0, 0, 1;
    %pushi/vec4 1, 0, 2;
    %store/vec4 v0000021a81ca7c90_0, 0, 2;
    %delay 1, 0;
    %load/vec4 v0000021a81ca85f0_0;
    %cmpi/ne 1, 0, 1;
    %jmp/0xz  T_0.50, 6;
    %vpi_call 2 86 "$display", "ASSERTION FAILED in %m: out != 1'b1" {0 0 0};
    %vpi_call 2 87 "$finish" {0 0 0};
    %jmp T_0.51;
T_0.50 ;
    %vpi_call 2 89 "$display", "Success! %m: out = 1'b1" {0 0 0};
T_0.51 ;
    %pushi/vec4 1, 0, 1;
    %store/vec4 v0000021a81ca7ab0_0, 0, 1;
    %pushi/vec4 1, 0, 1;
    %store/vec4 v0000021a81ca75b0_0, 0, 1;
    %pushi/vec4 1, 0, 1;
    %store/vec4 v0000021a81ca84b0_0, 0, 1;
    %pushi/vec4 1, 0, 1;
    %store/vec4 v0000021a81ca78d0_0, 0, 1;
    %pushi/vec4 2, 0, 2;
    %store/vec4 v0000021a81ca7c90_0, 0, 2;
    %delay 1, 0;
    %load/vec4 v0000021a81ca85f0_0;
    %cmpi/ne 1, 0, 1;
    %jmp/0xz  T_0.52, 6;
    %vpi_call 2 88 "$display", "ASSERTION FAILED in %m: out != 1'b1" {0 0 0};
    %vpi_call 2 89 "$finish" {0 0 0};
    %jmp T_0.53;
T_0.52 ;
    %vpi_call 2 91 "$display", "Success! %m: out = 1'b1" {0 0 0};
T_0.53 ;
    %pushi/vec4 1, 0, 1;
    %store/vec4 v0000021a81ca7ab0_0, 0, 1;
    %pushi/vec4 1, 0, 1;
    %store/vec4 v0000021a81ca75b0_0, 0, 1;
    %pushi/vec4 1, 0, 1;
    %store/vec4 v0000021a81ca84b0_0, 0, 1;
    %pushi/vec4 1, 0, 1;
    %store/vec4 v0000021a81ca78d0_0, 0, 1;
    %pushi/vec4 2, 0, 2;
    %store/vec4 v0000021a81ca7c90_0, 0, 2;
    %delay 1, 0;
    %load/vec4 v0000021a81ca85f0_0;
    %cmpi/ne 1, 0, 1;
    %jmp/0xz  T_0.54, 6;
    %vpi_call 2 90 "$display", "ASSERTION FAILED in %m: out != 1'b1" {0 0 0};
    %vpi_call 2 91 "$finish" {0 0 0};
    %jmp T_0.55;
T_0.54 ;
    %vpi_call 2 93 "$display", "Success! %m: out = 1'b1" {0 0 0};
T_0.55 ;
    %pushi/vec4 1, 0, 1;
    %store/vec4 v0000021a81ca7ab0_0, 0, 1;
    %pushi/vec4 1, 0, 1;
    %store/vec4 v0000021a81ca75b0_0, 0, 1;
    %pushi/vec4 1, 0, 1;
    %store/vec4 v0000021a81ca84b0_0, 0, 1;
    %pushi/vec4 1, 0, 1;
    %store/vec4 v0000021a81ca78d0_0, 0, 1;
    %pushi/vec4 2, 0, 2;
    %store/vec4 v0000021a81ca7c90_0, 0, 2;
    %delay 1, 0;
    %load/vec4 v0000021a81ca85f0_0;
    %cmpi/ne 1, 0, 1;
    %jmp/0xz  T_0.56, 6;
    %vpi_call 2 92 "$display", "ASSERTION FAILED in %m: out != 1'b1" {0 0 0};
    %vpi_call 2 93 "$finish" {0 0 0};
    %jmp T_0.57;
T_0.56 ;
    %vpi_call 2 95 "$display", "Success! %m: out = 1'b1" {0 0 0};
T_0.57 ;
    %pushi/vec4 1, 0, 1;
    %store/vec4 v0000021a81ca7ab0_0, 0, 1;
    %pushi/vec4 1, 0, 1;
    %store/vec4 v0000021a81ca75b0_0, 0, 1;
    %pushi/vec4 1, 0, 1;
    %store/vec4 v0000021a81ca84b0_0, 0, 1;
    %pushi/vec4 1, 0, 1;
    %store/vec4 v0000021a81ca78d0_0, 0, 1;
    %pushi/vec4 3, 0, 2;
    %store/vec4 v0000021a81ca7c90_0, 0, 2;
    %delay 1, 0;
    %load/vec4 v0000021a81ca85f0_0;
    %cmpi/ne 1, 0, 1;
    %jmp/0xz  T_0.58, 6;
    %vpi_call 2 94 "$display", "ASSERTION FAILED in %m: out != 1'b1" {0 0 0};
    %vpi_call 2 95 "$finish" {0 0 0};
    %jmp T_0.59;
T_0.58 ;
    %vpi_call 2 97 "$display", "Success! %m: out = 1'b1" {0 0 0};
T_0.59 ;
    %end;
    .thread T_0;
# The file index is used to find the file name in the following table.
:file_names 5;
    "N/A";
    "<interactive>";
    ".\tb_Mux4Way.v";
    "./Mux4Way.v";
    "./Mux.v";
