#! /c/Source/iverilog-install/bin/vvp
:ivl_version "12.0 (devel)" "(s20150603-1539-g2693dd32b)";
:ivl_delay_selection "TYPICAL";
:vpi_time_precision + 0;
:vpi_module "C:\iverilog\lib\ivl\system.vpi";
:vpi_module "C:\iverilog\lib\ivl\vhdl_sys.vpi";
:vpi_module "C:\iverilog\lib\ivl\vhdl_textio.vpi";
:vpi_module "C:\iverilog\lib\ivl\v2005_math.vpi";
:vpi_module "C:\iverilog\lib\ivl\va_math.vpi";
S_0000016011d68c20 .scope module, "tb_Not16" "tb_Not16" 2 17;
 .timescale 0 0;
v0000016011d40dc0_0 .var "in", 15 0;
v0000016011d41ae0_0 .net "out", 15 0, L_0000016011d3b920;  1 drivers
S_0000016011d93c80 .scope module, "mymodule" "Not16" 2 21, 3 6 0, S_0000016011d68c20;
 .timescale 0 0;
    .port_info 0 /OUTPUT 16 "out";
    .port_info 1 /INPUT 16 "in";
v0000016011d42bc0_0 .net *"_ivl_0", 0 0, L_0000016011d5a640;  1 drivers
v0000016011d42c60_0 .net *"_ivl_12", 0 0, L_0000016011d5a8e0;  1 drivers
v0000016011d41ea0_0 .net *"_ivl_15", 0 0, L_0000016011d59a00;  1 drivers
v0000016011d414a0_0 .net *"_ivl_18", 0 0, L_0000016011d59ae0;  1 drivers
v0000016011d41860_0 .net *"_ivl_21", 0 0, L_0000016011deed50;  1 drivers
v0000016011d41fe0_0 .net *"_ivl_24", 0 0, L_0000016011dee730;  1 drivers
v0000016011d41540_0 .net *"_ivl_27", 0 0, L_0000016011dee880;  1 drivers
v0000016011d41900_0 .net *"_ivl_3", 0 0, L_0000016011d59a70;  1 drivers
v0000016011d415e0_0 .net *"_ivl_30", 0 0, L_0000016011dee8f0;  1 drivers
v0000016011d42a80_0 .net *"_ivl_33", 0 0, L_0000016011deece0;  1 drivers
v0000016011d41a40_0 .net *"_ivl_36", 0 0, L_0000016011deedc0;  1 drivers
v0000016011d42760_0 .net *"_ivl_39", 0 0, L_0000016011deec70;  1 drivers
v0000016011d42b20_0 .net *"_ivl_42", 0 0, L_0000016011dee7a0;  1 drivers
v0000016011d42580_0 .net *"_ivl_45", 0 0, L_0000016011dee2d0;  1 drivers
v0000016011d40e60_0 .net *"_ivl_6", 0 0, L_0000016011d5a6b0;  1 drivers
v0000016011d41720_0 .net *"_ivl_9", 0 0, L_0000016011d5a870;  1 drivers
v0000016011d417c0_0 .net "in", 15 0, v0000016011d40dc0_0;  1 drivers
v0000016011d426c0_0 .net "out", 15 0, L_0000016011d3b920;  alias, 1 drivers
L_0000016011d41b80 .part v0000016011d40dc0_0, 0, 1;
L_0000016011d41c20 .part v0000016011d40dc0_0, 1, 1;
L_0000016011d41f40 .part v0000016011d40dc0_0, 2, 1;
L_0000016011d42300 .part v0000016011d40dc0_0, 3, 1;
L_0000016011d42080 .part v0000016011d40dc0_0, 4, 1;
L_0000016011d42120 .part v0000016011d40dc0_0, 5, 1;
L_0000016011d421c0 .part v0000016011d40dc0_0, 6, 1;
L_0000016011d42260 .part v0000016011d40dc0_0, 7, 1;
L_0000016011d424e0 .part v0000016011d40dc0_0, 8, 1;
L_0000016011d42800 .part v0000016011d40dc0_0, 9, 1;
L_0000016011d3be20 .part v0000016011d40dc0_0, 10, 1;
L_0000016011d3b240 .part v0000016011d40dc0_0, 11, 1;
L_0000016011d3b4c0 .part v0000016011d40dc0_0, 12, 1;
L_0000016011d3b7e0 .part v0000016011d40dc0_0, 13, 1;
L_0000016011d3b880 .part v0000016011d40dc0_0, 14, 1;
LS_0000016011d3b920_0_0 .concat8 [ 1 1 1 1], L_0000016011d5a640, L_0000016011d59a70, L_0000016011d5a6b0, L_0000016011d5a870;
LS_0000016011d3b920_0_4 .concat8 [ 1 1 1 1], L_0000016011d5a8e0, L_0000016011d59a00, L_0000016011d59ae0, L_0000016011deed50;
LS_0000016011d3b920_0_8 .concat8 [ 1 1 1 1], L_0000016011dee730, L_0000016011dee880, L_0000016011dee8f0, L_0000016011deece0;
LS_0000016011d3b920_0_12 .concat8 [ 1 1 1 1], L_0000016011deedc0, L_0000016011deec70, L_0000016011dee7a0, L_0000016011dee2d0;
L_0000016011d3b920 .concat8 [ 4 4 4 4], LS_0000016011d3b920_0_0, LS_0000016011d3b920_0_4, LS_0000016011d3b920_0_8, LS_0000016011d3b920_0_12;
L_0000016011d3bce0 .part v0000016011d40dc0_0, 15, 1;
S_0000016011d93e10 .scope generate, "genblk1[0]" "genblk1[0]" 3 12, 3 12 0, S_0000016011d93c80;
 .timescale 0 0;
P_0000016011d7e900 .param/l "i" 0 3 12, +C4<00>;
L_0000016011d5a640 .functor NOT 1, L_0000016011d41b80, C4<0>, C4<0>, C4<0>;
v0000016011d429e0_0 .net *"_ivl_1", 0 0, L_0000016011d41b80;  1 drivers
S_0000016011d13380 .scope generate, "genblk1[1]" "genblk1[1]" 3 12, 3 12 0, S_0000016011d93c80;
 .timescale 0 0;
P_0000016011d7ebc0 .param/l "i" 0 3 12, +C4<01>;
L_0000016011d59a70 .functor NOT 1, L_0000016011d41c20, C4<0>, C4<0>, C4<0>;
v0000016011d41d60_0 .net *"_ivl_1", 0 0, L_0000016011d41c20;  1 drivers
S_0000016011d13510 .scope generate, "genblk1[2]" "genblk1[2]" 3 12, 3 12 0, S_0000016011d93c80;
 .timescale 0 0;
P_0000016011d7e940 .param/l "i" 0 3 12, +C4<010>;
L_0000016011d5a6b0 .functor NOT 1, L_0000016011d41f40, C4<0>, C4<0>, C4<0>;
v0000016011d41220_0 .net *"_ivl_1", 0 0, L_0000016011d41f40;  1 drivers
S_0000016011deb8a0 .scope generate, "genblk1[3]" "genblk1[3]" 3 12, 3 12 0, S_0000016011d93c80;
 .timescale 0 0;
P_0000016011d7ea00 .param/l "i" 0 3 12, +C4<011>;
L_0000016011d5a870 .functor NOT 1, L_0000016011d42300, C4<0>, C4<0>, C4<0>;
v0000016011d41040_0 .net *"_ivl_1", 0 0, L_0000016011d42300;  1 drivers
S_0000016011deba30 .scope generate, "genblk1[4]" "genblk1[4]" 3 12, 3 12 0, S_0000016011d93c80;
 .timescale 0 0;
P_0000016011d7ec40 .param/l "i" 0 3 12, +C4<0100>;
L_0000016011d5a8e0 .functor NOT 1, L_0000016011d42080, C4<0>, C4<0>, C4<0>;
v0000016011d412c0_0 .net *"_ivl_1", 0 0, L_0000016011d42080;  1 drivers
S_0000016011debbc0 .scope generate, "genblk1[5]" "genblk1[5]" 3 12, 3 12 0, S_0000016011d93c80;
 .timescale 0 0;
P_0000016011d7dcc0 .param/l "i" 0 3 12, +C4<0101>;
L_0000016011d59a00 .functor NOT 1, L_0000016011d42120, C4<0>, C4<0>, C4<0>;
v0000016011d41180_0 .net *"_ivl_1", 0 0, L_0000016011d42120;  1 drivers
S_0000016011debd50 .scope generate, "genblk1[6]" "genblk1[6]" 3 12, 3 12 0, S_0000016011d93c80;
 .timescale 0 0;
P_0000016011d7f900 .param/l "i" 0 3 12, +C4<0110>;
L_0000016011d59ae0 .functor NOT 1, L_0000016011d421c0, C4<0>, C4<0>, C4<0>;
v0000016011d410e0_0 .net *"_ivl_1", 0 0, L_0000016011d421c0;  1 drivers
S_0000016011debee0 .scope generate, "genblk1[7]" "genblk1[7]" 3 12, 3 12 0, S_0000016011d93c80;
 .timescale 0 0;
P_0000016011d7ee80 .param/l "i" 0 3 12, +C4<0111>;
L_0000016011deed50 .functor NOT 1, L_0000016011d42260, C4<0>, C4<0>, C4<0>;
v0000016011d42940_0 .net *"_ivl_1", 0 0, L_0000016011d42260;  1 drivers
S_0000016011dec070 .scope generate, "genblk1[8]" "genblk1[8]" 3 12, 3 12 0, S_0000016011d93c80;
 .timescale 0 0;
P_0000016011d7ecc0 .param/l "i" 0 3 12, +C4<01000>;
L_0000016011dee730 .functor NOT 1, L_0000016011d424e0, C4<0>, C4<0>, C4<0>;
v0000016011d423a0_0 .net *"_ivl_1", 0 0, L_0000016011d424e0;  1 drivers
S_0000016011dec200 .scope generate, "genblk1[9]" "genblk1[9]" 3 12, 3 12 0, S_0000016011d93c80;
 .timescale 0 0;
P_0000016011d7f6c0 .param/l "i" 0 3 12, +C4<01001>;
L_0000016011dee880 .functor NOT 1, L_0000016011d42800, C4<0>, C4<0>, C4<0>;
v0000016011d42440_0 .net *"_ivl_1", 0 0, L_0000016011d42800;  1 drivers
S_0000016011dec390 .scope generate, "genblk1[10]" "genblk1[10]" 3 12, 3 12 0, S_0000016011d93c80;
 .timescale 0 0;
P_0000016011d7f580 .param/l "i" 0 3 12, +C4<01010>;
L_0000016011dee8f0 .functor NOT 1, L_0000016011d3be20, C4<0>, C4<0>, C4<0>;
v0000016011d41cc0_0 .net *"_ivl_1", 0 0, L_0000016011d3be20;  1 drivers
S_0000016011dec930 .scope generate, "genblk1[11]" "genblk1[11]" 3 12, 3 12 0, S_0000016011d93c80;
 .timescale 0 0;
P_0000016011d7ee40 .param/l "i" 0 3 12, +C4<01011>;
L_0000016011deece0 .functor NOT 1, L_0000016011d3b240, C4<0>, C4<0>, C4<0>;
v0000016011d41360_0 .net *"_ivl_1", 0 0, L_0000016011d3b240;  1 drivers
S_0000016011decac0 .scope generate, "genblk1[12]" "genblk1[12]" 3 12, 3 12 0, S_0000016011d93c80;
 .timescale 0 0;
P_0000016011d7ed40 .param/l "i" 0 3 12, +C4<01100>;
L_0000016011deedc0 .functor NOT 1, L_0000016011d3b4c0, C4<0>, C4<0>, C4<0>;
v0000016011d41e00_0 .net *"_ivl_1", 0 0, L_0000016011d3b4c0;  1 drivers
S_0000016011decc50 .scope generate, "genblk1[13]" "genblk1[13]" 3 12, 3 12 0, S_0000016011d93c80;
 .timescale 0 0;
P_0000016011d7fbc0 .param/l "i" 0 3 12, +C4<01101>;
L_0000016011deec70 .functor NOT 1, L_0000016011d3b7e0, C4<0>, C4<0>, C4<0>;
v0000016011d41400_0 .net *"_ivl_1", 0 0, L_0000016011d3b7e0;  1 drivers
S_0000016011decfc0 .scope generate, "genblk1[14]" "genblk1[14]" 3 12, 3 12 0, S_0000016011d93c80;
 .timescale 0 0;
P_0000016011d7f200 .param/l "i" 0 3 12, +C4<01110>;
L_0000016011dee7a0 .functor NOT 1, L_0000016011d3b880, C4<0>, C4<0>, C4<0>;
v0000016011d419a0_0 .net *"_ivl_1", 0 0, L_0000016011d3b880;  1 drivers
S_0000016011ded2e0 .scope generate, "genblk1[15]" "genblk1[15]" 3 12, 3 12 0, S_0000016011d93c80;
 .timescale 0 0;
P_0000016011d7fac0 .param/l "i" 0 3 12, +C4<01111>;
L_0000016011dee2d0 .functor NOT 1, L_0000016011d3bce0, C4<0>, C4<0>, C4<0>;
v0000016011d42620_0 .net *"_ivl_1", 0 0, L_0000016011d3bce0;  1 drivers
    .scope S_0000016011d68c20;
T_0 ;
    %vpi_call 2 25 "$dumpfile", "tb_Not16.vcd" {0 0 0};
    %vpi_call 2 26 "$dumpvars", 32'sb00000000000000000000000000000000, S_0000016011d68c20 {0 0 0};
    %pushi/vec4 1774, 0, 16;
    %store/vec4 v0000016011d40dc0_0, 0, 16;
    %delay 1, 0;
    %load/vec4 v0000016011d41ae0_0;
    %cmpi/ne 63761, 0, 16;
    %jmp/0xz  T_0.0, 6;
    %vpi_call 2 32 "$display", "ASSERTION FAILED in %m: out != 16'b1111100100010001" {0 0 0};
    %vpi_call 2 33 "$finish" {0 0 0};
    %jmp T_0.1;
T_0.0 ;
    %vpi_call 2 35 "$display", "Success! %m: out = 16'b1111100100010001" {0 0 0};
T_0.1 ;
    %pushi/vec4 3814, 0, 16;
    %store/vec4 v0000016011d40dc0_0, 0, 16;
    %delay 1, 0;
    %load/vec4 v0000016011d41ae0_0;
    %cmpi/ne 61721, 0, 16;
    %jmp/0xz  T_0.2, 6;
    %vpi_call 2 34 "$display", "ASSERTION FAILED in %m: out != 16'b1111000100011001" {0 0 0};
    %vpi_call 2 35 "$finish" {0 0 0};
    %jmp T_0.3;
T_0.2 ;
    %vpi_call 2 37 "$display", "Success! %m: out = 16'b1111000100011001" {0 0 0};
T_0.3 ;
    %pushi/vec4 4020, 0, 16;
    %store/vec4 v0000016011d40dc0_0, 0, 16;
    %delay 1, 0;
    %load/vec4 v0000016011d41ae0_0;
    %cmpi/ne 61515, 0, 16;
    %jmp/0xz  T_0.4, 6;
    %vpi_call 2 36 "$display", "ASSERTION FAILED in %m: out != 16'b1111000001001011" {0 0 0};
    %vpi_call 2 37 "$finish" {0 0 0};
    %jmp T_0.5;
T_0.4 ;
    %vpi_call 2 39 "$display", "Success! %m: out = 16'b1111000001001011" {0 0 0};
T_0.5 ;
    %pushi/vec4 8812, 0, 16;
    %store/vec4 v0000016011d40dc0_0, 0, 16;
    %delay 1, 0;
    %load/vec4 v0000016011d41ae0_0;
    %cmpi/ne 56723, 0, 16;
    %jmp/0xz  T_0.6, 6;
    %vpi_call 2 38 "$display", "ASSERTION FAILED in %m: out != 16'b1101110110010011" {0 0 0};
    %vpi_call 2 39 "$finish" {0 0 0};
    %jmp T_0.7;
T_0.6 ;
    %vpi_call 2 41 "$display", "Success! %m: out = 16'b1101110110010011" {0 0 0};
T_0.7 ;
    %pushi/vec4 14202, 0, 16;
    %store/vec4 v0000016011d40dc0_0, 0, 16;
    %delay 1, 0;
    %load/vec4 v0000016011d41ae0_0;
    %cmpi/ne 51333, 0, 16;
    %jmp/0xz  T_0.8, 6;
    %vpi_call 2 40 "$display", "ASSERTION FAILED in %m: out != 16'b1100100010000101" {0 0 0};
    %vpi_call 2 41 "$finish" {0 0 0};
    %jmp T_0.9;
T_0.8 ;
    %vpi_call 2 43 "$display", "Success! %m: out = 16'b1100100010000101" {0 0 0};
T_0.9 ;
    %pushi/vec4 14358, 0, 16;
    %store/vec4 v0000016011d40dc0_0, 0, 16;
    %delay 1, 0;
    %load/vec4 v0000016011d41ae0_0;
    %cmpi/ne 51177, 0, 16;
    %jmp/0xz  T_0.10, 6;
    %vpi_call 2 42 "$display", "ASSERTION FAILED in %m: out != 16'b1100011111101001" {0 0 0};
    %vpi_call 2 43 "$finish" {0 0 0};
    %jmp T_0.11;
T_0.10 ;
    %vpi_call 2 45 "$display", "Success! %m: out = 16'b1100011111101001" {0 0 0};
T_0.11 ;
    %pushi/vec4 14525, 0, 16;
    %store/vec4 v0000016011d40dc0_0, 0, 16;
    %delay 1, 0;
    %load/vec4 v0000016011d41ae0_0;
    %cmpi/ne 51010, 0, 16;
    %jmp/0xz  T_0.12, 6;
    %vpi_call 2 44 "$display", "ASSERTION FAILED in %m: out != 16'b1100011101000010" {0 0 0};
    %vpi_call 2 45 "$finish" {0 0 0};
    %jmp T_0.13;
T_0.12 ;
    %vpi_call 2 47 "$display", "Success! %m: out = 16'b1100011101000010" {0 0 0};
T_0.13 ;
    %pushi/vec4 14713, 0, 16;
    %store/vec4 v0000016011d40dc0_0, 0, 16;
    %delay 1, 0;
    %load/vec4 v0000016011d41ae0_0;
    %cmpi/ne 50822, 0, 16;
    %jmp/0xz  T_0.14, 6;
    %vpi_call 2 46 "$display", "ASSERTION FAILED in %m: out != 16'b1100011010000110" {0 0 0};
    %vpi_call 2 47 "$finish" {0 0 0};
    %jmp T_0.15;
T_0.14 ;
    %vpi_call 2 49 "$display", "Success! %m: out = 16'b1100011010000110" {0 0 0};
T_0.15 ;
    %pushi/vec4 18439, 0, 16;
    %store/vec4 v0000016011d40dc0_0, 0, 16;
    %delay 1, 0;
    %load/vec4 v0000016011d41ae0_0;
    %cmpi/ne 47096, 0, 16;
    %jmp/0xz  T_0.16, 6;
    %vpi_call 2 48 "$display", "ASSERTION FAILED in %m: out != 16'b1011011111111000" {0 0 0};
    %vpi_call 2 49 "$finish" {0 0 0};
    %jmp T_0.17;
T_0.16 ;
    %vpi_call 2 51 "$display", "Success! %m: out = 16'b1011011111111000" {0 0 0};
T_0.17 ;
    %pushi/vec4 25145, 0, 16;
    %store/vec4 v0000016011d40dc0_0, 0, 16;
    %delay 1, 0;
    %load/vec4 v0000016011d41ae0_0;
    %cmpi/ne 40390, 0, 16;
    %jmp/0xz  T_0.18, 6;
    %vpi_call 2 50 "$display", "ASSERTION FAILED in %m: out != 16'b1001110111000110" {0 0 0};
    %vpi_call 2 51 "$finish" {0 0 0};
    %jmp T_0.19;
T_0.18 ;
    %vpi_call 2 53 "$display", "Success! %m: out = 16'b1001110111000110" {0 0 0};
T_0.19 ;
    %pushi/vec4 30119, 0, 16;
    %store/vec4 v0000016011d40dc0_0, 0, 16;
    %delay 1, 0;
    %load/vec4 v0000016011d41ae0_0;
    %cmpi/ne 35416, 0, 16;
    %jmp/0xz  T_0.20, 6;
    %vpi_call 2 52 "$display", "ASSERTION FAILED in %m: out != 16'b1000101001011000" {0 0 0};
    %vpi_call 2 53 "$finish" {0 0 0};
    %jmp T_0.21;
T_0.20 ;
    %vpi_call 2 55 "$display", "Success! %m: out = 16'b1000101001011000" {0 0 0};
T_0.21 ;
    %pushi/vec4 30218, 0, 16;
    %store/vec4 v0000016011d40dc0_0, 0, 16;
    %delay 1, 0;
    %load/vec4 v0000016011d41ae0_0;
    %cmpi/ne 35317, 0, 16;
    %jmp/0xz  T_0.22, 6;
    %vpi_call 2 54 "$display", "ASSERTION FAILED in %m: out != 16'b1000100111110101" {0 0 0};
    %vpi_call 2 55 "$finish" {0 0 0};
    %jmp T_0.23;
T_0.22 ;
    %vpi_call 2 57 "$display", "Success! %m: out = 16'b1000100111110101" {0 0 0};
T_0.23 ;
    %pushi/vec4 31931, 0, 16;
    %store/vec4 v0000016011d40dc0_0, 0, 16;
    %delay 1, 0;
    %load/vec4 v0000016011d41ae0_0;
    %cmpi/ne 33604, 0, 16;
    %jmp/0xz  T_0.24, 6;
    %vpi_call 2 56 "$display", "ASSERTION FAILED in %m: out != 16'b1000001101000100" {0 0 0};
    %vpi_call 2 57 "$finish" {0 0 0};
    %jmp T_0.25;
T_0.24 ;
    %vpi_call 2 59 "$display", "Success! %m: out = 16'b1000001101000100" {0 0 0};
T_0.25 ;
    %pushi/vec4 33232, 0, 16;
    %store/vec4 v0000016011d40dc0_0, 0, 16;
    %delay 1, 0;
    %load/vec4 v0000016011d41ae0_0;
    %cmpi/ne 32303, 0, 16;
    %jmp/0xz  T_0.26, 6;
    %vpi_call 2 58 "$display", "ASSERTION FAILED in %m: out != 16'b0111111000101111" {0 0 0};
    %vpi_call 2 59 "$finish" {0 0 0};
    %jmp T_0.27;
T_0.26 ;
    %vpi_call 2 61 "$display", "Success! %m: out = 16'b0111111000101111" {0 0 0};
T_0.27 ;
    %pushi/vec4 34290, 0, 16;
    %store/vec4 v0000016011d40dc0_0, 0, 16;
    %delay 1, 0;
    %load/vec4 v0000016011d41ae0_0;
    %cmpi/ne 31245, 0, 16;
    %jmp/0xz  T_0.28, 6;
    %vpi_call 2 60 "$display", "ASSERTION FAILED in %m: out != 16'b0111101000001101" {0 0 0};
    %vpi_call 2 61 "$finish" {0 0 0};
    %jmp T_0.29;
T_0.28 ;
    %vpi_call 2 63 "$display", "Success! %m: out = 16'b0111101000001101" {0 0 0};
T_0.29 ;
    %pushi/vec4 36043, 0, 16;
    %store/vec4 v0000016011d40dc0_0, 0, 16;
    %delay 1, 0;
    %load/vec4 v0000016011d41ae0_0;
    %cmpi/ne 29492, 0, 16;
    %jmp/0xz  T_0.30, 6;
    %vpi_call 2 62 "$display", "ASSERTION FAILED in %m: out != 16'b0111001100110100" {0 0 0};
    %vpi_call 2 63 "$finish" {0 0 0};
    %jmp T_0.31;
T_0.30 ;
    %vpi_call 2 65 "$display", "Success! %m: out = 16'b0111001100110100" {0 0 0};
T_0.31 ;
    %pushi/vec4 36549, 0, 16;
    %store/vec4 v0000016011d40dc0_0, 0, 16;
    %delay 1, 0;
    %load/vec4 v0000016011d41ae0_0;
    %cmpi/ne 28986, 0, 16;
    %jmp/0xz  T_0.32, 6;
    %vpi_call 2 64 "$display", "ASSERTION FAILED in %m: out != 16'b0111000100111010" {0 0 0};
    %vpi_call 2 65 "$finish" {0 0 0};
    %jmp T_0.33;
T_0.32 ;
    %vpi_call 2 67 "$display", "Success! %m: out = 16'b0111000100111010" {0 0 0};
T_0.33 ;
    %pushi/vec4 38972, 0, 16;
    %store/vec4 v0000016011d40dc0_0, 0, 16;
    %delay 1, 0;
    %load/vec4 v0000016011d41ae0_0;
    %cmpi/ne 26563, 0, 16;
    %jmp/0xz  T_0.34, 6;
    %vpi_call 2 66 "$display", "ASSERTION FAILED in %m: out != 16'b0110011111000011" {0 0 0};
    %vpi_call 2 67 "$finish" {0 0 0};
    %jmp T_0.35;
T_0.34 ;
    %vpi_call 2 69 "$display", "Success! %m: out = 16'b0110011111000011" {0 0 0};
T_0.35 ;
    %pushi/vec4 39111, 0, 16;
    %store/vec4 v0000016011d40dc0_0, 0, 16;
    %delay 1, 0;
    %load/vec4 v0000016011d41ae0_0;
    %cmpi/ne 26424, 0, 16;
    %jmp/0xz  T_0.36, 6;
    %vpi_call 2 68 "$display", "ASSERTION FAILED in %m: out != 16'b0110011100111000" {0 0 0};
    %vpi_call 2 69 "$finish" {0 0 0};
    %jmp T_0.37;
T_0.36 ;
    %vpi_call 2 71 "$display", "Success! %m: out = 16'b0110011100111000" {0 0 0};
T_0.37 ;
    %pushi/vec4 40157, 0, 16;
    %store/vec4 v0000016011d40dc0_0, 0, 16;
    %delay 1, 0;
    %load/vec4 v0000016011d41ae0_0;
    %cmpi/ne 25378, 0, 16;
    %jmp/0xz  T_0.38, 6;
    %vpi_call 2 70 "$display", "ASSERTION FAILED in %m: out != 16'b0110001100100010" {0 0 0};
    %vpi_call 2 71 "$finish" {0 0 0};
    %jmp T_0.39;
T_0.38 ;
    %vpi_call 2 73 "$display", "Success! %m: out = 16'b0110001100100010" {0 0 0};
T_0.39 ;
    %pushi/vec4 42698, 0, 16;
    %store/vec4 v0000016011d40dc0_0, 0, 16;
    %delay 1, 0;
    %load/vec4 v0000016011d41ae0_0;
    %cmpi/ne 22837, 0, 16;
    %jmp/0xz  T_0.40, 6;
    %vpi_call 2 72 "$display", "ASSERTION FAILED in %m: out != 16'b0101100100110101" {0 0 0};
    %vpi_call 2 73 "$finish" {0 0 0};
    %jmp T_0.41;
T_0.40 ;
    %vpi_call 2 75 "$display", "Success! %m: out = 16'b0101100100110101" {0 0 0};
T_0.41 ;
    %pushi/vec4 49519, 0, 16;
    %store/vec4 v0000016011d40dc0_0, 0, 16;
    %delay 1, 0;
    %load/vec4 v0000016011d41ae0_0;
    %cmpi/ne 16016, 0, 16;
    %jmp/0xz  T_0.42, 6;
    %vpi_call 2 74 "$display", "ASSERTION FAILED in %m: out != 16'b0011111010010000" {0 0 0};
    %vpi_call 2 75 "$finish" {0 0 0};
    %jmp T_0.43;
T_0.42 ;
    %vpi_call 2 77 "$display", "Success! %m: out = 16'b0011111010010000" {0 0 0};
T_0.43 ;
    %pushi/vec4 51365, 0, 16;
    %store/vec4 v0000016011d40dc0_0, 0, 16;
    %delay 1, 0;
    %load/vec4 v0000016011d41ae0_0;
    %cmpi/ne 14170, 0, 16;
    %jmp/0xz  T_0.44, 6;
    %vpi_call 2 76 "$display", "ASSERTION FAILED in %m: out != 16'b0011011101011010" {0 0 0};
    %vpi_call 2 77 "$finish" {0 0 0};
    %jmp T_0.45;
T_0.44 ;
    %vpi_call 2 79 "$display", "Success! %m: out = 16'b0011011101011010" {0 0 0};
T_0.45 ;
    %pushi/vec4 52094, 0, 16;
    %store/vec4 v0000016011d40dc0_0, 0, 16;
    %delay 1, 0;
    %load/vec4 v0000016011d41ae0_0;
    %cmpi/ne 13441, 0, 16;
    %jmp/0xz  T_0.46, 6;
    %vpi_call 2 78 "$display", "ASSERTION FAILED in %m: out != 16'b0011010010000001" {0 0 0};
    %vpi_call 2 79 "$finish" {0 0 0};
    %jmp T_0.47;
T_0.46 ;
    %vpi_call 2 81 "$display", "Success! %m: out = 16'b0011010010000001" {0 0 0};
T_0.47 ;
    %pushi/vec4 56788, 0, 16;
    %store/vec4 v0000016011d40dc0_0, 0, 16;
    %delay 1, 0;
    %load/vec4 v0000016011d41ae0_0;
    %cmpi/ne 8747, 0, 16;
    %jmp/0xz  T_0.48, 6;
    %vpi_call 2 80 "$display", "ASSERTION FAILED in %m: out != 16'b0010001000101011" {0 0 0};
    %vpi_call 2 81 "$finish" {0 0 0};
    %jmp T_0.49;
T_0.48 ;
    %vpi_call 2 83 "$display", "Success! %m: out = 16'b0010001000101011" {0 0 0};
T_0.49 ;
    %pushi/vec4 56960, 0, 16;
    %store/vec4 v0000016011d40dc0_0, 0, 16;
    %delay 1, 0;
    %load/vec4 v0000016011d41ae0_0;
    %cmpi/ne 8575, 0, 16;
    %jmp/0xz  T_0.50, 6;
    %vpi_call 2 82 "$display", "ASSERTION FAILED in %m: out != 16'b0010000101111111" {0 0 0};
    %vpi_call 2 83 "$finish" {0 0 0};
    %jmp T_0.51;
T_0.50 ;
    %vpi_call 2 85 "$display", "Success! %m: out = 16'b0010000101111111" {0 0 0};
T_0.51 ;
    %pushi/vec4 61088, 0, 16;
    %store/vec4 v0000016011d40dc0_0, 0, 16;
    %delay 1, 0;
    %load/vec4 v0000016011d41ae0_0;
    %cmpi/ne 4447, 0, 16;
    %jmp/0xz  T_0.52, 6;
    %vpi_call 2 84 "$display", "ASSERTION FAILED in %m: out != 16'b0001000101011111" {0 0 0};
    %vpi_call 2 85 "$finish" {0 0 0};
    %jmp T_0.53;
T_0.52 ;
    %vpi_call 2 87 "$display", "Success! %m: out = 16'b0001000101011111" {0 0 0};
T_0.53 ;
    %pushi/vec4 62196, 0, 16;
    %store/vec4 v0000016011d40dc0_0, 0, 16;
    %delay 1, 0;
    %load/vec4 v0000016011d41ae0_0;
    %cmpi/ne 3339, 0, 16;
    %jmp/0xz  T_0.54, 6;
    %vpi_call 2 86 "$display", "ASSERTION FAILED in %m: out != 16'b0000110100001011" {0 0 0};
    %vpi_call 2 87 "$finish" {0 0 0};
    %jmp T_0.55;
T_0.54 ;
    %vpi_call 2 89 "$display", "Success! %m: out = 16'b0000110100001011" {0 0 0};
T_0.55 ;
    %pushi/vec4 64131, 0, 16;
    %store/vec4 v0000016011d40dc0_0, 0, 16;
    %delay 1, 0;
    %load/vec4 v0000016011d41ae0_0;
    %cmpi/ne 1404, 0, 16;
    %jmp/0xz  T_0.56, 6;
    %vpi_call 2 88 "$display", "ASSERTION FAILED in %m: out != 16'b0000010101111100" {0 0 0};
    %vpi_call 2 89 "$finish" {0 0 0};
    %jmp T_0.57;
T_0.56 ;
    %vpi_call 2 91 "$display", "Success! %m: out = 16'b0000010101111100" {0 0 0};
T_0.57 ;
    %pushi/vec4 64656, 0, 16;
    %store/vec4 v0000016011d40dc0_0, 0, 16;
    %delay 1, 0;
    %load/vec4 v0000016011d41ae0_0;
    %cmpi/ne 879, 0, 16;
    %jmp/0xz  T_0.58, 6;
    %vpi_call 2 90 "$display", "ASSERTION FAILED in %m: out != 16'b0000001101101111" {0 0 0};
    %vpi_call 2 91 "$finish" {0 0 0};
    %jmp T_0.59;
T_0.58 ;
    %vpi_call 2 93 "$display", "Success! %m: out = 16'b0000001101101111" {0 0 0};
T_0.59 ;
    %end;
    .thread T_0;
# The file index is used to find the file name in the following table.
:file_names 4;
    "N/A";
    "<interactive>";
    ".\tb_Not16.v";
    "./Not16.v";
