#! /c/Source/iverilog-install/bin/vvp
:ivl_version "12.0 (devel)" "(s20150603-1539-g2693dd32b)";
:ivl_delay_selection "TYPICAL";
:vpi_time_precision + 0;
:vpi_module "C:\iverilog\lib\ivl\system.vpi";
:vpi_module "C:\iverilog\lib\ivl\vhdl_sys.vpi";
:vpi_module "C:\iverilog\lib\ivl\vhdl_textio.vpi";
:vpi_module "C:\iverilog\lib\ivl\v2005_math.vpi";
:vpi_module "C:\iverilog\lib\ivl\va_math.vpi";
S_0000024b29728db0 .scope module, "tb_Or16" "tb_Or16" 2 17;
 .timescale 0 0;
v0000024b297a2410_0 .var "a", 15 0;
v0000024b297a2a50_0 .var "b", 15 0;
v0000024b297a1e70_0 .net "out", 15 0, L_0000024b297a2870;  1 drivers
S_0000024b2971eda0 .scope module, "mymodule" "Or16" 2 22, 3 6 0, S_0000024b29728db0;
 .timescale 0 0;
    .port_info 0 /OUTPUT 16 "out";
    .port_info 1 /INPUT 16 "in1";
    .port_info 2 /INPUT 16 "in2";
v0000024b296f2450_0 .net *"_ivl_0", 0 0, L_0000024b296f0900;  1 drivers
v0000024b296ee690_0 .net *"_ivl_12", 0 0, L_0000024b296f0820;  1 drivers
v0000024b296ee2d0_0 .net *"_ivl_16", 0 0, L_0000024b296f0c80;  1 drivers
v0000024b296ee0f0_0 .net *"_ivl_20", 0 0, L_0000024b296f1700;  1 drivers
v0000024b296ee870_0 .net *"_ivl_24", 0 0, L_0000024b296f09e0;  1 drivers
v0000024b296eeaf0_0 .net *"_ivl_28", 0 0, L_0000024b296f0f20;  1 drivers
v0000024b296eddd0_0 .net *"_ivl_32", 0 0, L_0000024b296f0b30;  1 drivers
v0000024b297a2cd0_0 .net *"_ivl_36", 0 0, L_0000024b296f0890;  1 drivers
v0000024b297a1470_0 .net *"_ivl_4", 0 0, L_0000024b296f0e40;  1 drivers
v0000024b297a1510_0 .net *"_ivl_40", 0 0, L_0000024b296f0c10;  1 drivers
v0000024b297a2370_0 .net *"_ivl_44", 0 0, L_0000024b296f1000;  1 drivers
v0000024b297a27d0_0 .net *"_ivl_48", 0 0, L_0000024b296f0f90;  1 drivers
v0000024b297a13d0_0 .net *"_ivl_52", 0 0, L_0000024b296f10e0;  1 drivers
v0000024b297a2230_0 .net *"_ivl_56", 0 0, L_0000024b296f13f0;  1 drivers
v0000024b297a1650_0 .net *"_ivl_60", 0 0, L_0000024b296f0cf0;  1 drivers
v0000024b297a2b90_0 .net *"_ivl_8", 0 0, L_0000024b296f1070;  1 drivers
v0000024b297a1dd0_0 .net "in1", 15 0, v0000024b297a2410_0;  1 drivers
v0000024b297a16f0_0 .net "in2", 15 0, v0000024b297a2a50_0;  1 drivers
v0000024b297a1ab0_0 .net "out", 15 0, L_0000024b297a2870;  alias, 1 drivers
L_0000024b297a1b50 .part v0000024b297a2410_0, 0, 1;
L_0000024b297a2550 .part v0000024b297a2a50_0, 0, 1;
L_0000024b297a1f10 .part v0000024b297a2410_0, 1, 1;
L_0000024b297a1790 .part v0000024b297a2a50_0, 1, 1;
L_0000024b297a2910 .part v0000024b297a2410_0, 2, 1;
L_0000024b297a1bf0 .part v0000024b297a2a50_0, 2, 1;
L_0000024b297a2730 .part v0000024b297a2410_0, 3, 1;
L_0000024b297a2f50 .part v0000024b297a2a50_0, 3, 1;
L_0000024b297a2c30 .part v0000024b297a2410_0, 4, 1;
L_0000024b297a2d70 .part v0000024b297a2a50_0, 4, 1;
L_0000024b297a1330 .part v0000024b297a2410_0, 5, 1;
L_0000024b297a15b0 .part v0000024b297a2a50_0, 5, 1;
L_0000024b297a2e10 .part v0000024b297a2410_0, 6, 1;
L_0000024b297a1830 .part v0000024b297a2a50_0, 6, 1;
L_0000024b297a1c90 .part v0000024b297a2410_0, 7, 1;
L_0000024b297a1d30 .part v0000024b297a2a50_0, 7, 1;
L_0000024b297a1fb0 .part v0000024b297a2410_0, 8, 1;
L_0000024b297a18d0 .part v0000024b297a2a50_0, 8, 1;
L_0000024b297a2eb0 .part v0000024b297a2410_0, 9, 1;
L_0000024b297a2ff0 .part v0000024b297a2a50_0, 9, 1;
L_0000024b297a31d0 .part v0000024b297a2410_0, 10, 1;
L_0000024b297a2050 .part v0000024b297a2a50_0, 10, 1;
L_0000024b297a1970 .part v0000024b297a2410_0, 11, 1;
L_0000024b297a2690 .part v0000024b297a2a50_0, 11, 1;
L_0000024b297a25f0 .part v0000024b297a2410_0, 12, 1;
L_0000024b297a2af0 .part v0000024b297a2a50_0, 12, 1;
L_0000024b297a3090 .part v0000024b297a2410_0, 13, 1;
L_0000024b297a24b0 .part v0000024b297a2a50_0, 13, 1;
L_0000024b297a20f0 .part v0000024b297a2410_0, 14, 1;
L_0000024b297a3130 .part v0000024b297a2a50_0, 14, 1;
LS_0000024b297a2870_0_0 .concat8 [ 1 1 1 1], L_0000024b296f0900, L_0000024b296f0e40, L_0000024b296f1070, L_0000024b296f0820;
LS_0000024b297a2870_0_4 .concat8 [ 1 1 1 1], L_0000024b296f0c80, L_0000024b296f1700, L_0000024b296f09e0, L_0000024b296f0f20;
LS_0000024b297a2870_0_8 .concat8 [ 1 1 1 1], L_0000024b296f0b30, L_0000024b296f0890, L_0000024b296f0c10, L_0000024b296f1000;
LS_0000024b297a2870_0_12 .concat8 [ 1 1 1 1], L_0000024b296f0f90, L_0000024b296f10e0, L_0000024b296f13f0, L_0000024b296f0cf0;
L_0000024b297a2870 .concat8 [ 4 4 4 4], LS_0000024b297a2870_0_0, LS_0000024b297a2870_0_4, LS_0000024b297a2870_0_8, LS_0000024b297a2870_0_12;
L_0000024b297a1a10 .part v0000024b297a2410_0, 15, 1;
L_0000024b297a29b0 .part v0000024b297a2a50_0, 15, 1;
S_0000024b296f5f50 .scope generate, "genblk1[0]" "genblk1[0]" 3 12, 3 12 0, S_0000024b2971eda0;
 .timescale 0 0;
P_0000024b29738e20 .param/l "i" 0 3 12, +C4<00>;
L_0000024b296f0900 .functor OR 1, L_0000024b297a1b50, L_0000024b297a2550, C4<0>, C4<0>;
v0000024b296f29f0_0 .net *"_ivl_1", 0 0, L_0000024b297a1b50;  1 drivers
v0000024b296f3cb0_0 .net *"_ivl_2", 0 0, L_0000024b297a2550;  1 drivers
S_0000024b296f60e0 .scope generate, "genblk1[1]" "genblk1[1]" 3 12, 3 12 0, S_0000024b2971eda0;
 .timescale 0 0;
P_0000024b297394a0 .param/l "i" 0 3 12, +C4<01>;
L_0000024b296f0e40 .functor OR 1, L_0000024b297a1f10, L_0000024b297a1790, C4<0>, C4<0>;
v0000024b296f33f0_0 .net *"_ivl_1", 0 0, L_0000024b297a1f10;  1 drivers
v0000024b296f3a30_0 .net *"_ivl_2", 0 0, L_0000024b297a1790;  1 drivers
S_0000024b2979ea70 .scope generate, "genblk1[2]" "genblk1[2]" 3 12, 3 12 0, S_0000024b2971eda0;
 .timescale 0 0;
P_0000024b29739560 .param/l "i" 0 3 12, +C4<010>;
L_0000024b296f1070 .functor OR 1, L_0000024b297a2910, L_0000024b297a1bf0, C4<0>, C4<0>;
v0000024b296f2a90_0 .net *"_ivl_1", 0 0, L_0000024b297a2910;  1 drivers
v0000024b296f3210_0 .net *"_ivl_2", 0 0, L_0000024b297a1bf0;  1 drivers
S_0000024b2979ec00 .scope generate, "genblk1[3]" "genblk1[3]" 3 12, 3 12 0, S_0000024b2971eda0;
 .timescale 0 0;
P_0000024b29738e60 .param/l "i" 0 3 12, +C4<011>;
L_0000024b296f0820 .functor OR 1, L_0000024b297a2730, L_0000024b297a2f50, C4<0>, C4<0>;
v0000024b296f3490_0 .net *"_ivl_1", 0 0, L_0000024b297a2730;  1 drivers
v0000024b296f3f30_0 .net *"_ivl_2", 0 0, L_0000024b297a2f50;  1 drivers
S_0000024b2979ed90 .scope generate, "genblk1[4]" "genblk1[4]" 3 12, 3 12 0, S_0000024b2971eda0;
 .timescale 0 0;
P_0000024b297391a0 .param/l "i" 0 3 12, +C4<0100>;
L_0000024b296f0c80 .functor OR 1, L_0000024b297a2c30, L_0000024b297a2d70, C4<0>, C4<0>;
v0000024b296f3c10_0 .net *"_ivl_1", 0 0, L_0000024b297a2c30;  1 drivers
v0000024b296f3530_0 .net *"_ivl_2", 0 0, L_0000024b297a2d70;  1 drivers
S_0000024b2979ef20 .scope generate, "genblk1[5]" "genblk1[5]" 3 12, 3 12 0, S_0000024b2971eda0;
 .timescale 0 0;
P_0000024b297397a0 .param/l "i" 0 3 12, +C4<0101>;
L_0000024b296f1700 .functor OR 1, L_0000024b297a1330, L_0000024b297a15b0, C4<0>, C4<0>;
v0000024b296f3fd0_0 .net *"_ivl_1", 0 0, L_0000024b297a1330;  1 drivers
v0000024b296f2590_0 .net *"_ivl_2", 0 0, L_0000024b297a15b0;  1 drivers
S_0000024b2979f0b0 .scope generate, "genblk1[6]" "genblk1[6]" 3 12, 3 12 0, S_0000024b2971eda0;
 .timescale 0 0;
P_0000024b297395e0 .param/l "i" 0 3 12, +C4<0110>;
L_0000024b296f09e0 .functor OR 1, L_0000024b297a2e10, L_0000024b297a1830, C4<0>, C4<0>;
v0000024b296f3ad0_0 .net *"_ivl_1", 0 0, L_0000024b297a2e10;  1 drivers
v0000024b296f2b30_0 .net *"_ivl_2", 0 0, L_0000024b297a1830;  1 drivers
S_0000024b2979f240 .scope generate, "genblk1[7]" "genblk1[7]" 3 12, 3 12 0, S_0000024b2971eda0;
 .timescale 0 0;
P_0000024b297397e0 .param/l "i" 0 3 12, +C4<0111>;
L_0000024b296f0f20 .functor OR 1, L_0000024b297a1c90, L_0000024b297a1d30, C4<0>, C4<0>;
v0000024b296f37b0_0 .net *"_ivl_1", 0 0, L_0000024b297a1c90;  1 drivers
v0000024b296f2bd0_0 .net *"_ivl_2", 0 0, L_0000024b297a1d30;  1 drivers
S_0000024b2979f3d0 .scope generate, "genblk1[8]" "genblk1[8]" 3 12, 3 12 0, S_0000024b2971eda0;
 .timescale 0 0;
P_0000024b297398e0 .param/l "i" 0 3 12, +C4<01000>;
L_0000024b296f0b30 .functor OR 1, L_0000024b297a1fb0, L_0000024b297a18d0, C4<0>, C4<0>;
v0000024b296f3030_0 .net *"_ivl_1", 0 0, L_0000024b297a1fb0;  1 drivers
v0000024b296f3850_0 .net *"_ivl_2", 0 0, L_0000024b297a18d0;  1 drivers
S_0000024b2979f560 .scope generate, "genblk1[9]" "genblk1[9]" 3 12, 3 12 0, S_0000024b2971eda0;
 .timescale 0 0;
P_0000024b29739920 .param/l "i" 0 3 12, +C4<01001>;
L_0000024b296f0890 .functor OR 1, L_0000024b297a2eb0, L_0000024b297a2ff0, C4<0>, C4<0>;
v0000024b296f35d0_0 .net *"_ivl_1", 0 0, L_0000024b297a2eb0;  1 drivers
v0000024b296f3670_0 .net *"_ivl_2", 0 0, L_0000024b297a2ff0;  1 drivers
S_0000024b2979f6f0 .scope generate, "genblk1[10]" "genblk1[10]" 3 12, 3 12 0, S_0000024b2971eda0;
 .timescale 0 0;
P_0000024b29738a20 .param/l "i" 0 3 12, +C4<01010>;
L_0000024b296f0c10 .functor OR 1, L_0000024b297a31d0, L_0000024b297a2050, C4<0>, C4<0>;
v0000024b296f3990_0 .net *"_ivl_1", 0 0, L_0000024b297a31d0;  1 drivers
v0000024b296f3d50_0 .net *"_ivl_2", 0 0, L_0000024b297a2050;  1 drivers
S_0000024b2979fc90 .scope generate, "genblk1[11]" "genblk1[11]" 3 12, 3 12 0, S_0000024b2971eda0;
 .timescale 0 0;
P_0000024b29738a60 .param/l "i" 0 3 12, +C4<01011>;
L_0000024b296f1000 .functor OR 1, L_0000024b297a1970, L_0000024b297a2690, C4<0>, C4<0>;
v0000024b296f32b0_0 .net *"_ivl_1", 0 0, L_0000024b297a1970;  1 drivers
v0000024b296f3e90_0 .net *"_ivl_2", 0 0, L_0000024b297a2690;  1 drivers
S_0000024b2979fe20 .scope generate, "genblk1[12]" "genblk1[12]" 3 12, 3 12 0, S_0000024b2971eda0;
 .timescale 0 0;
P_0000024b2973a520 .param/l "i" 0 3 12, +C4<01100>;
L_0000024b296f0f90 .functor OR 1, L_0000024b297a25f0, L_0000024b297a2af0, C4<0>, C4<0>;
v0000024b296f3df0_0 .net *"_ivl_1", 0 0, L_0000024b297a25f0;  1 drivers
v0000024b296f4250_0 .net *"_ivl_2", 0 0, L_0000024b297a2af0;  1 drivers
S_0000024b2979ffb0 .scope generate, "genblk1[13]" "genblk1[13]" 3 12, 3 12 0, S_0000024b2971eda0;
 .timescale 0 0;
P_0000024b29739be0 .param/l "i" 0 3 12, +C4<01101>;
L_0000024b296f10e0 .functor OR 1, L_0000024b297a3090, L_0000024b297a24b0, C4<0>, C4<0>;
v0000024b296f4070_0 .net *"_ivl_1", 0 0, L_0000024b297a3090;  1 drivers
v0000024b296f4110_0 .net *"_ivl_2", 0 0, L_0000024b297a24b0;  1 drivers
S_0000024b297a0140 .scope generate, "genblk1[14]" "genblk1[14]" 3 12, 3 12 0, S_0000024b2971eda0;
 .timescale 0 0;
P_0000024b297399a0 .param/l "i" 0 3 12, +C4<01110>;
L_0000024b296f13f0 .functor OR 1, L_0000024b297a20f0, L_0000024b297a3130, C4<0>, C4<0>;
v0000024b296f24f0_0 .net *"_ivl_1", 0 0, L_0000024b297a20f0;  1 drivers
v0000024b296f2630_0 .net *"_ivl_2", 0 0, L_0000024b297a3130;  1 drivers
S_0000024b297a0320 .scope generate, "genblk1[15]" "genblk1[15]" 3 12, 3 12 0, S_0000024b2971eda0;
 .timescale 0 0;
P_0000024b2973a060 .param/l "i" 0 3 12, +C4<01111>;
L_0000024b296f0cf0 .functor OR 1, L_0000024b297a1a10, L_0000024b297a29b0, C4<0>, C4<0>;
v0000024b296f41b0_0 .net *"_ivl_1", 0 0, L_0000024b297a1a10;  1 drivers
v0000024b296f42f0_0 .net *"_ivl_2", 0 0, L_0000024b297a29b0;  1 drivers
    .scope S_0000024b29728db0;
T_0 ;
    %vpi_call 2 26 "$dumpfile", "tb_Or16.vcd" {0 0 0};
    %vpi_call 2 27 "$dumpvars", 32'sb00000000000000000000000000000000, S_0000024b29728db0 {0 0 0};
    %pushi/vec4 1130, 0, 16;
    %store/vec4 v0000024b297a2410_0, 0, 16;
    %pushi/vec4 56919, 0, 16;
    %store/vec4 v0000024b297a2a50_0, 0, 16;
    %delay 1, 0;
    %load/vec4 v0000024b297a1e70_0;
    %cmpi/ne 56959, 0, 16;
    %jmp/0xz  T_0.0, 6;
    %vpi_call 2 33 "$display", "ASSERTION FAILED in %m: out != 16'b1101111001111111" {0 0 0};
    %vpi_call 2 34 "$finish" {0 0 0};
    %jmp T_0.1;
T_0.0 ;
    %vpi_call 2 36 "$display", "Success! %m: out = 16'b1101111001111111" {0 0 0};
T_0.1 ;
    %pushi/vec4 2008, 0, 16;
    %store/vec4 v0000024b297a2410_0, 0, 16;
    %pushi/vec4 4504, 0, 16;
    %store/vec4 v0000024b297a2a50_0, 0, 16;
    %delay 1, 0;
    %load/vec4 v0000024b297a1e70_0;
    %cmpi/ne 6104, 0, 16;
    %jmp/0xz  T_0.2, 6;
    %vpi_call 2 35 "$display", "ASSERTION FAILED in %m: out != 16'b0001011111011000" {0 0 0};
    %vpi_call 2 36 "$finish" {0 0 0};
    %jmp T_0.3;
T_0.2 ;
    %vpi_call 2 38 "$display", "Success! %m: out = 16'b0001011111011000" {0 0 0};
T_0.3 ;
    %pushi/vec4 4288, 0, 16;
    %store/vec4 v0000024b297a2410_0, 0, 16;
    %pushi/vec4 55147, 0, 16;
    %store/vec4 v0000024b297a2a50_0, 0, 16;
    %delay 1, 0;
    %load/vec4 v0000024b297a1e70_0;
    %cmpi/ne 55275, 0, 16;
    %jmp/0xz  T_0.4, 6;
    %vpi_call 2 37 "$display", "ASSERTION FAILED in %m: out != 16'b1101011111101011" {0 0 0};
    %vpi_call 2 38 "$finish" {0 0 0};
    %jmp T_0.5;
T_0.4 ;
    %vpi_call 2 40 "$display", "Success! %m: out = 16'b1101011111101011" {0 0 0};
T_0.5 ;
    %pushi/vec4 5765, 0, 16;
    %store/vec4 v0000024b297a2410_0, 0, 16;
    %pushi/vec4 3393, 0, 16;
    %store/vec4 v0000024b297a2a50_0, 0, 16;
    %delay 1, 0;
    %load/vec4 v0000024b297a1e70_0;
    %cmpi/ne 8133, 0, 16;
    %jmp/0xz  T_0.6, 6;
    %vpi_call 2 39 "$display", "ASSERTION FAILED in %m: out != 16'b0001111111000101" {0 0 0};
    %vpi_call 2 40 "$finish" {0 0 0};
    %jmp T_0.7;
T_0.6 ;
    %vpi_call 2 42 "$display", "Success! %m: out = 16'b0001111111000101" {0 0 0};
T_0.7 ;
    %pushi/vec4 7627, 0, 16;
    %store/vec4 v0000024b297a2410_0, 0, 16;
    %pushi/vec4 55910, 0, 16;
    %store/vec4 v0000024b297a2a50_0, 0, 16;
    %delay 1, 0;
    %load/vec4 v0000024b297a1e70_0;
    %cmpi/ne 57327, 0, 16;
    %jmp/0xz  T_0.8, 6;
    %vpi_call 2 41 "$display", "ASSERTION FAILED in %m: out != 16'b1101111111101111" {0 0 0};
    %vpi_call 2 42 "$finish" {0 0 0};
    %jmp T_0.9;
T_0.8 ;
    %vpi_call 2 44 "$display", "Success! %m: out = 16'b1101111111101111" {0 0 0};
T_0.9 ;
    %pushi/vec4 8918, 0, 16;
    %store/vec4 v0000024b297a2410_0, 0, 16;
    %pushi/vec4 2891, 0, 16;
    %store/vec4 v0000024b297a2a50_0, 0, 16;
    %delay 1, 0;
    %load/vec4 v0000024b297a1e70_0;
    %cmpi/ne 11231, 0, 16;
    %jmp/0xz  T_0.10, 6;
    %vpi_call 2 43 "$display", "ASSERTION FAILED in %m: out != 16'b0010101111011111" {0 0 0};
    %vpi_call 2 44 "$finish" {0 0 0};
    %jmp T_0.11;
T_0.10 ;
    %vpi_call 2 46 "$display", "Success! %m: out = 16'b0010101111011111" {0 0 0};
T_0.11 ;
    %pushi/vec4 9570, 0, 16;
    %store/vec4 v0000024b297a2410_0, 0, 16;
    %pushi/vec4 14684, 0, 16;
    %store/vec4 v0000024b297a2a50_0, 0, 16;
    %delay 1, 0;
    %load/vec4 v0000024b297a1e70_0;
    %cmpi/ne 15742, 0, 16;
    %jmp/0xz  T_0.12, 6;
    %vpi_call 2 45 "$display", "ASSERTION FAILED in %m: out != 16'b0011110101111110" {0 0 0};
    %vpi_call 2 46 "$finish" {0 0 0};
    %jmp T_0.13;
T_0.12 ;
    %vpi_call 2 48 "$display", "Success! %m: out = 16'b0011110101111110" {0 0 0};
T_0.13 ;
    %pushi/vec4 11577, 0, 16;
    %store/vec4 v0000024b297a2410_0, 0, 16;
    %pushi/vec4 39033, 0, 16;
    %store/vec4 v0000024b297a2a50_0, 0, 16;
    %delay 1, 0;
    %load/vec4 v0000024b297a1e70_0;
    %cmpi/ne 48505, 0, 16;
    %jmp/0xz  T_0.14, 6;
    %vpi_call 2 47 "$display", "ASSERTION FAILED in %m: out != 16'b1011110101111001" {0 0 0};
    %vpi_call 2 48 "$finish" {0 0 0};
    %jmp T_0.15;
T_0.14 ;
    %vpi_call 2 50 "$display", "Success! %m: out = 16'b1011110101111001" {0 0 0};
T_0.15 ;
    %pushi/vec4 12078, 0, 16;
    %store/vec4 v0000024b297a2410_0, 0, 16;
    %pushi/vec4 63192, 0, 16;
    %store/vec4 v0000024b297a2a50_0, 0, 16;
    %delay 1, 0;
    %load/vec4 v0000024b297a1e70_0;
    %cmpi/ne 65534, 0, 16;
    %jmp/0xz  T_0.16, 6;
    %vpi_call 2 49 "$display", "ASSERTION FAILED in %m: out != 16'b1111111111111110" {0 0 0};
    %vpi_call 2 50 "$finish" {0 0 0};
    %jmp T_0.17;
T_0.16 ;
    %vpi_call 2 52 "$display", "Success! %m: out = 16'b1111111111111110" {0 0 0};
T_0.17 ;
    %pushi/vec4 12590, 0, 16;
    %store/vec4 v0000024b297a2410_0, 0, 16;
    %pushi/vec4 21228, 0, 16;
    %store/vec4 v0000024b297a2a50_0, 0, 16;
    %delay 1, 0;
    %load/vec4 v0000024b297a1e70_0;
    %cmpi/ne 29678, 0, 16;
    %jmp/0xz  T_0.18, 6;
    %vpi_call 2 51 "$display", "ASSERTION FAILED in %m: out != 16'b0111001111101110" {0 0 0};
    %vpi_call 2 52 "$finish" {0 0 0};
    %jmp T_0.19;
T_0.18 ;
    %vpi_call 2 54 "$display", "Success! %m: out = 16'b0111001111101110" {0 0 0};
T_0.19 ;
    %pushi/vec4 12988, 0, 16;
    %store/vec4 v0000024b297a2410_0, 0, 16;
    %pushi/vec4 9063, 0, 16;
    %store/vec4 v0000024b297a2a50_0, 0, 16;
    %delay 1, 0;
    %load/vec4 v0000024b297a1e70_0;
    %cmpi/ne 13311, 0, 16;
    %jmp/0xz  T_0.20, 6;
    %vpi_call 2 53 "$display", "ASSERTION FAILED in %m: out != 16'b0011001111111111" {0 0 0};
    %vpi_call 2 54 "$finish" {0 0 0};
    %jmp T_0.21;
T_0.20 ;
    %vpi_call 2 56 "$display", "Success! %m: out = 16'b0011001111111111" {0 0 0};
T_0.21 ;
    %pushi/vec4 13170, 0, 16;
    %store/vec4 v0000024b297a2410_0, 0, 16;
    %pushi/vec4 57766, 0, 16;
    %store/vec4 v0000024b297a2a50_0, 0, 16;
    %delay 1, 0;
    %load/vec4 v0000024b297a1e70_0;
    %cmpi/ne 62454, 0, 16;
    %jmp/0xz  T_0.22, 6;
    %vpi_call 2 55 "$display", "ASSERTION FAILED in %m: out != 16'b1111001111110110" {0 0 0};
    %vpi_call 2 56 "$finish" {0 0 0};
    %jmp T_0.23;
T_0.22 ;
    %vpi_call 2 58 "$display", "Success! %m: out = 16'b1111001111110110" {0 0 0};
T_0.23 ;
    %pushi/vec4 19217, 0, 16;
    %store/vec4 v0000024b297a2410_0, 0, 16;
    %pushi/vec4 65166, 0, 16;
    %store/vec4 v0000024b297a2a50_0, 0, 16;
    %delay 1, 0;
    %load/vec4 v0000024b297a1e70_0;
    %cmpi/ne 65439, 0, 16;
    %jmp/0xz  T_0.24, 6;
    %vpi_call 2 57 "$display", "ASSERTION FAILED in %m: out != 16'b1111111110011111" {0 0 0};
    %vpi_call 2 58 "$finish" {0 0 0};
    %jmp T_0.25;
T_0.24 ;
    %vpi_call 2 60 "$display", "Success! %m: out = 16'b1111111110011111" {0 0 0};
T_0.25 ;
    %pushi/vec4 21019, 0, 16;
    %store/vec4 v0000024b297a2410_0, 0, 16;
    %pushi/vec4 8923, 0, 16;
    %store/vec4 v0000024b297a2a50_0, 0, 16;
    %delay 1, 0;
    %load/vec4 v0000024b297a1e70_0;
    %cmpi/ne 29403, 0, 16;
    %jmp/0xz  T_0.26, 6;
    %vpi_call 2 59 "$display", "ASSERTION FAILED in %m: out != 16'b0111001011011011" {0 0 0};
    %vpi_call 2 60 "$finish" {0 0 0};
    %jmp T_0.27;
T_0.26 ;
    %vpi_call 2 62 "$display", "Success! %m: out = 16'b0111001011011011" {0 0 0};
T_0.27 ;
    %pushi/vec4 21332, 0, 16;
    %store/vec4 v0000024b297a2410_0, 0, 16;
    %pushi/vec4 34898, 0, 16;
    %store/vec4 v0000024b297a2a50_0, 0, 16;
    %delay 1, 0;
    %load/vec4 v0000024b297a1e70_0;
    %cmpi/ne 56150, 0, 16;
    %jmp/0xz  T_0.28, 6;
    %vpi_call 2 61 "$display", "ASSERTION FAILED in %m: out != 16'b1101101101010110" {0 0 0};
    %vpi_call 2 62 "$finish" {0 0 0};
    %jmp T_0.29;
T_0.28 ;
    %vpi_call 2 64 "$display", "Success! %m: out = 16'b1101101101010110" {0 0 0};
T_0.29 ;
    %pushi/vec4 22379, 0, 16;
    %store/vec4 v0000024b297a2410_0, 0, 16;
    %pushi/vec4 16695, 0, 16;
    %store/vec4 v0000024b297a2a50_0, 0, 16;
    %delay 1, 0;
    %load/vec4 v0000024b297a1e70_0;
    %cmpi/ne 22399, 0, 16;
    %jmp/0xz  T_0.30, 6;
    %vpi_call 2 63 "$display", "ASSERTION FAILED in %m: out != 16'b0101011101111111" {0 0 0};
    %vpi_call 2 64 "$finish" {0 0 0};
    %jmp T_0.31;
T_0.30 ;
    %vpi_call 2 66 "$display", "Success! %m: out = 16'b0101011101111111" {0 0 0};
T_0.31 ;
    %pushi/vec4 30015, 0, 16;
    %store/vec4 v0000024b297a2410_0, 0, 16;
    %pushi/vec4 33957, 0, 16;
    %store/vec4 v0000024b297a2a50_0, 0, 16;
    %delay 1, 0;
    %load/vec4 v0000024b297a1e70_0;
    %cmpi/ne 62911, 0, 16;
    %jmp/0xz  T_0.32, 6;
    %vpi_call 2 65 "$display", "ASSERTION FAILED in %m: out != 16'b1111010110111111" {0 0 0};
    %vpi_call 2 66 "$finish" {0 0 0};
    %jmp T_0.33;
T_0.32 ;
    %vpi_call 2 68 "$display", "Success! %m: out = 16'b1111010110111111" {0 0 0};
T_0.33 ;
    %pushi/vec4 31734, 0, 16;
    %store/vec4 v0000024b297a2410_0, 0, 16;
    %pushi/vec4 48976, 0, 16;
    %store/vec4 v0000024b297a2a50_0, 0, 16;
    %delay 1, 0;
    %load/vec4 v0000024b297a1e70_0;
    %cmpi/ne 65526, 0, 16;
    %jmp/0xz  T_0.34, 6;
    %vpi_call 2 67 "$display", "ASSERTION FAILED in %m: out != 16'b1111111111110110" {0 0 0};
    %vpi_call 2 68 "$finish" {0 0 0};
    %jmp T_0.35;
T_0.34 ;
    %vpi_call 2 70 "$display", "Success! %m: out = 16'b1111111111110110" {0 0 0};
T_0.35 ;
    %pushi/vec4 32239, 0, 16;
    %store/vec4 v0000024b297a2410_0, 0, 16;
    %pushi/vec4 44046, 0, 16;
    %store/vec4 v0000024b297a2a50_0, 0, 16;
    %delay 1, 0;
    %load/vec4 v0000024b297a1e70_0;
    %cmpi/ne 65007, 0, 16;
    %jmp/0xz  T_0.36, 6;
    %vpi_call 2 69 "$display", "ASSERTION FAILED in %m: out != 16'b1111110111101111" {0 0 0};
    %vpi_call 2 70 "$finish" {0 0 0};
    %jmp T_0.37;
T_0.36 ;
    %vpi_call 2 72 "$display", "Success! %m: out = 16'b1111110111101111" {0 0 0};
T_0.37 ;
    %pushi/vec4 34781, 0, 16;
    %store/vec4 v0000024b297a2410_0, 0, 16;
    %pushi/vec4 8043, 0, 16;
    %store/vec4 v0000024b297a2a50_0, 0, 16;
    %delay 1, 0;
    %load/vec4 v0000024b297a1e70_0;
    %cmpi/ne 40959, 0, 16;
    %jmp/0xz  T_0.38, 6;
    %vpi_call 2 71 "$display", "ASSERTION FAILED in %m: out != 16'b1001111111111111" {0 0 0};
    %vpi_call 2 72 "$finish" {0 0 0};
    %jmp T_0.39;
T_0.38 ;
    %vpi_call 2 74 "$display", "Success! %m: out = 16'b1001111111111111" {0 0 0};
T_0.39 ;
    %pushi/vec4 35859, 0, 16;
    %store/vec4 v0000024b297a2410_0, 0, 16;
    %pushi/vec4 19425, 0, 16;
    %store/vec4 v0000024b297a2a50_0, 0, 16;
    %delay 1, 0;
    %load/vec4 v0000024b297a1e70_0;
    %cmpi/ne 53235, 0, 16;
    %jmp/0xz  T_0.40, 6;
    %vpi_call 2 73 "$display", "ASSERTION FAILED in %m: out != 16'b1100111111110011" {0 0 0};
    %vpi_call 2 74 "$finish" {0 0 0};
    %jmp T_0.41;
T_0.40 ;
    %vpi_call 2 76 "$display", "Success! %m: out = 16'b1100111111110011" {0 0 0};
T_0.41 ;
    %pushi/vec4 36185, 0, 16;
    %store/vec4 v0000024b297a2410_0, 0, 16;
    %pushi/vec4 12819, 0, 16;
    %store/vec4 v0000024b297a2a50_0, 0, 16;
    %delay 1, 0;
    %load/vec4 v0000024b297a1e70_0;
    %cmpi/ne 48987, 0, 16;
    %jmp/0xz  T_0.42, 6;
    %vpi_call 2 75 "$display", "ASSERTION FAILED in %m: out != 16'b1011111101011011" {0 0 0};
    %vpi_call 2 76 "$finish" {0 0 0};
    %jmp T_0.43;
T_0.42 ;
    %vpi_call 2 78 "$display", "Success! %m: out = 16'b1011111101011011" {0 0 0};
T_0.43 ;
    %pushi/vec4 38472, 0, 16;
    %store/vec4 v0000024b297a2410_0, 0, 16;
    %pushi/vec4 32110, 0, 16;
    %store/vec4 v0000024b297a2a50_0, 0, 16;
    %delay 1, 0;
    %load/vec4 v0000024b297a1e70_0;
    %cmpi/ne 65390, 0, 16;
    %jmp/0xz  T_0.44, 6;
    %vpi_call 2 77 "$display", "ASSERTION FAILED in %m: out != 16'b1111111101101110" {0 0 0};
    %vpi_call 2 78 "$finish" {0 0 0};
    %jmp T_0.45;
T_0.44 ;
    %vpi_call 2 80 "$display", "Success! %m: out = 16'b1111111101101110" {0 0 0};
T_0.45 ;
    %pushi/vec4 39671, 0, 16;
    %store/vec4 v0000024b297a2410_0, 0, 16;
    %pushi/vec4 35308, 0, 16;
    %store/vec4 v0000024b297a2a50_0, 0, 16;
    %delay 1, 0;
    %load/vec4 v0000024b297a1e70_0;
    %cmpi/ne 39935, 0, 16;
    %jmp/0xz  T_0.46, 6;
    %vpi_call 2 79 "$display", "ASSERTION FAILED in %m: out != 16'b1001101111111111" {0 0 0};
    %vpi_call 2 80 "$finish" {0 0 0};
    %jmp T_0.47;
T_0.46 ;
    %vpi_call 2 82 "$display", "Success! %m: out = 16'b1001101111111111" {0 0 0};
T_0.47 ;
    %pushi/vec4 43522, 0, 16;
    %store/vec4 v0000024b297a2410_0, 0, 16;
    %pushi/vec4 29382, 0, 16;
    %store/vec4 v0000024b297a2a50_0, 0, 16;
    %delay 1, 0;
    %load/vec4 v0000024b297a1e70_0;
    %cmpi/ne 64198, 0, 16;
    %jmp/0xz  T_0.48, 6;
    %vpi_call 2 81 "$display", "ASSERTION FAILED in %m: out != 16'b1111101011000110" {0 0 0};
    %vpi_call 2 82 "$finish" {0 0 0};
    %jmp T_0.49;
T_0.48 ;
    %vpi_call 2 84 "$display", "Success! %m: out = 16'b1111101011000110" {0 0 0};
T_0.49 ;
    %pushi/vec4 45881, 0, 16;
    %store/vec4 v0000024b297a2410_0, 0, 16;
    %pushi/vec4 29279, 0, 16;
    %store/vec4 v0000024b297a2a50_0, 0, 16;
    %delay 1, 0;
    %load/vec4 v0000024b297a1e70_0;
    %cmpi/ne 62335, 0, 16;
    %jmp/0xz  T_0.50, 6;
    %vpi_call 2 83 "$display", "ASSERTION FAILED in %m: out != 16'b1111001101111111" {0 0 0};
    %vpi_call 2 84 "$finish" {0 0 0};
    %jmp T_0.51;
T_0.50 ;
    %vpi_call 2 86 "$display", "Success! %m: out = 16'b1111001101111111" {0 0 0};
T_0.51 ;
    %pushi/vec4 47809, 0, 16;
    %store/vec4 v0000024b297a2410_0, 0, 16;
    %pushi/vec4 57877, 0, 16;
    %store/vec4 v0000024b297a2a50_0, 0, 16;
    %delay 1, 0;
    %load/vec4 v0000024b297a1e70_0;
    %cmpi/ne 64213, 0, 16;
    %jmp/0xz  T_0.52, 6;
    %vpi_call 2 85 "$display", "ASSERTION FAILED in %m: out != 16'b1111101011010101" {0 0 0};
    %vpi_call 2 86 "$finish" {0 0 0};
    %jmp T_0.53;
T_0.52 ;
    %vpi_call 2 88 "$display", "Success! %m: out = 16'b1111101011010101" {0 0 0};
T_0.53 ;
    %pushi/vec4 52696, 0, 16;
    %store/vec4 v0000024b297a2410_0, 0, 16;
    %pushi/vec4 4456, 0, 16;
    %store/vec4 v0000024b297a2a50_0, 0, 16;
    %delay 1, 0;
    %load/vec4 v0000024b297a1e70_0;
    %cmpi/ne 56824, 0, 16;
    %jmp/0xz  T_0.54, 6;
    %vpi_call 2 87 "$display", "ASSERTION FAILED in %m: out != 16'b1101110111111000" {0 0 0};
    %vpi_call 2 88 "$finish" {0 0 0};
    %jmp T_0.55;
T_0.54 ;
    %vpi_call 2 90 "$display", "Success! %m: out = 16'b1101110111111000" {0 0 0};
T_0.55 ;
    %pushi/vec4 52837, 0, 16;
    %store/vec4 v0000024b297a2410_0, 0, 16;
    %pushi/vec4 42294, 0, 16;
    %store/vec4 v0000024b297a2a50_0, 0, 16;
    %delay 1, 0;
    %load/vec4 v0000024b297a1e70_0;
    %cmpi/ne 61303, 0, 16;
    %jmp/0xz  T_0.56, 6;
    %vpi_call 2 89 "$display", "ASSERTION FAILED in %m: out != 16'b1110111101110111" {0 0 0};
    %vpi_call 2 90 "$finish" {0 0 0};
    %jmp T_0.57;
T_0.56 ;
    %vpi_call 2 92 "$display", "Success! %m: out = 16'b1110111101110111" {0 0 0};
T_0.57 ;
    %pushi/vec4 61913, 0, 16;
    %store/vec4 v0000024b297a2410_0, 0, 16;
    %pushi/vec4 45509, 0, 16;
    %store/vec4 v0000024b297a2a50_0, 0, 16;
    %delay 1, 0;
    %load/vec4 v0000024b297a1e70_0;
    %cmpi/ne 61917, 0, 16;
    %jmp/0xz  T_0.58, 6;
    %vpi_call 2 91 "$display", "ASSERTION FAILED in %m: out != 16'b1111000111011101" {0 0 0};
    %vpi_call 2 92 "$finish" {0 0 0};
    %jmp T_0.59;
T_0.58 ;
    %vpi_call 2 94 "$display", "Success! %m: out = 16'b1111000111011101" {0 0 0};
T_0.59 ;
    %end;
    .thread T_0;
# The file index is used to find the file name in the following table.
:file_names 4;
    "N/A";
    "<interactive>";
    ".\tb_Or16.v";
    "./Or16.v";
