#! /c/Source/iverilog-install/bin/vvp
:ivl_version "12.0 (devel)" "(s20150603-1539-g2693dd32b)";
:ivl_delay_selection "TYPICAL";
:vpi_time_precision + 0;
:vpi_module "C:\iverilog\lib\ivl\system.vpi";
:vpi_module "C:\iverilog\lib\ivl\vhdl_sys.vpi";
:vpi_module "C:\iverilog\lib\ivl\vhdl_textio.vpi";
:vpi_module "C:\iverilog\lib\ivl\v2005_math.vpi";
:vpi_module "C:\iverilog\lib\ivl\va_math.vpi";
S_000001d1ab29bd30 .scope module, "tb_DMux" "tb_DMux" 2 17;
 .timescale 0 0;
v000001d1ab2d9e80_0 .net "a", 0 0, L_000001d1ab299080;  1 drivers
v000001d1ab2d9170_0 .net "b", 0 0, L_000001d1ab299470;  1 drivers
v000001d1ab2d9210_0 .var "in", 0 0;
v000001d1ab2d7900_0 .var "sel", 0 0;
S_000001d1ab2e61a0 .scope module, "mymodule" "DMux" 2 23, 3 6 0, S_000001d1ab29bd30;
 .timescale 0 0;
    .port_info 0 /OUTPUT 1 "a";
    .port_info 1 /OUTPUT 1 "b";
    .port_info 2 /INPUT 1 "in";
    .port_info 3 /INPUT 1 "sel";
L_000001d1ab2992b0 .functor NOT 1, v000001d1ab2d7900_0, C4<0>, C4<0>, C4<0>;
L_000001d1ab299080 .functor AND 1, v000001d1ab2d9210_0, L_000001d1ab2992b0, C4<1>, C4<1>;
L_000001d1ab299470 .functor AND 1, v000001d1ab2d7900_0, v000001d1ab2d9210_0, C4<1>, C4<1>;
v000001d1ab29bec0_0 .net "a", 0 0, L_000001d1ab299080;  alias, 1 drivers
v000001d1ab296ac0_0 .net "b", 0 0, L_000001d1ab299470;  alias, 1 drivers
v000001d1ab2da640_0 .net "in", 0 0, v000001d1ab2d9210_0;  1 drivers
v000001d1ab2da6e0_0 .net "not_sel", 0 0, L_000001d1ab2992b0;  1 drivers
v000001d1ab2d9de0_0 .net "sel", 0 0, v000001d1ab2d7900_0;  1 drivers
    .scope S_000001d1ab29bd30;
T_0 ;
    %vpi_call 2 27 "$dumpfile", "tb_DMux.vcd" {0 0 0};
    %vpi_call 2 28 "$dumpvars", 32'sb00000000000000000000000000000000, S_000001d1ab29bd30 {0 0 0};
    %pushi/vec4 0, 0, 1;
    %store/vec4 v000001d1ab2d9210_0, 0, 1;
    %pushi/vec4 0, 0, 1;
    %store/vec4 v000001d1ab2d7900_0, 0, 1;
    %delay 1, 0;
    %load/vec4 v000001d1ab2d9e80_0;
    %cmpi/ne 0, 0, 1;
    %jmp/0xz  T_0.0, 6;
    %vpi_call 2 34 "$display", "ASSERTION FAILED in %m: a != 1'b0" {0 0 0};
    %vpi_call 2 35 "$finish" {0 0 0};
    %jmp T_0.1;
T_0.0 ;
    %vpi_call 2 37 "$display", "Success! %m: a = 1'b0" {0 0 0};
T_0.1 ;
    %load/vec4 v000001d1ab2d9170_0;
    %cmpi/ne 0, 0, 1;
    %jmp/0xz  T_0.2, 6;
    %vpi_call 2 34 "$display", "ASSERTION FAILED in %m: b != 1'b0" {0 0 0};
    %vpi_call 2 35 "$finish" {0 0 0};
    %jmp T_0.3;
T_0.2 ;
    %vpi_call 2 37 "$display", "Success! %m: b = 1'b0" {0 0 0};
T_0.3 ;
    %pushi/vec4 0, 0, 1;
    %store/vec4 v000001d1ab2d9210_0, 0, 1;
    %pushi/vec4 1, 0, 1;
    %store/vec4 v000001d1ab2d7900_0, 0, 1;
    %delay 1, 0;
    %load/vec4 v000001d1ab2d9e80_0;
    %cmpi/ne 0, 0, 1;
    %jmp/0xz  T_0.4, 6;
    %vpi_call 2 36 "$display", "ASSERTION FAILED in %m: a != 1'b0" {0 0 0};
    %vpi_call 2 37 "$finish" {0 0 0};
    %jmp T_0.5;
T_0.4 ;
    %vpi_call 2 39 "$display", "Success! %m: a = 1'b0" {0 0 0};
T_0.5 ;
    %load/vec4 v000001d1ab2d9170_0;
    %cmpi/ne 0, 0, 1;
    %jmp/0xz  T_0.6, 6;
    %vpi_call 2 36 "$display", "ASSERTION FAILED in %m: b != 1'b0" {0 0 0};
    %vpi_call 2 37 "$finish" {0 0 0};
    %jmp T_0.7;
T_0.6 ;
    %vpi_call 2 39 "$display", "Success! %m: b = 1'b0" {0 0 0};
T_0.7 ;
    %pushi/vec4 1, 0, 1;
    %store/vec4 v000001d1ab2d9210_0, 0, 1;
    %pushi/vec4 0, 0, 1;
    %store/vec4 v000001d1ab2d7900_0, 0, 1;
    %delay 1, 0;
    %load/vec4 v000001d1ab2d9e80_0;
    %cmpi/ne 1, 0, 1;
    %jmp/0xz  T_0.8, 6;
    %vpi_call 2 38 "$display", "ASSERTION FAILED in %m: a != 1'b1" {0 0 0};
    %vpi_call 2 39 "$finish" {0 0 0};
    %jmp T_0.9;
T_0.8 ;
    %vpi_call 2 41 "$display", "Success! %m: a = 1'b1" {0 0 0};
T_0.9 ;
    %load/vec4 v000001d1ab2d9170_0;
    %cmpi/ne 0, 0, 1;
    %jmp/0xz  T_0.10, 6;
    %vpi_call 2 38 "$display", "ASSERTION FAILED in %m: b != 1'b0" {0 0 0};
    %vpi_call 2 39 "$finish" {0 0 0};
    %jmp T_0.11;
T_0.10 ;
    %vpi_call 2 41 "$display", "Success! %m: b = 1'b0" {0 0 0};
T_0.11 ;
    %pushi/vec4 1, 0, 1;
    %store/vec4 v000001d1ab2d9210_0, 0, 1;
    %pushi/vec4 1, 0, 1;
    %store/vec4 v000001d1ab2d7900_0, 0, 1;
    %delay 1, 0;
    %load/vec4 v000001d1ab2d9e80_0;
    %cmpi/ne 0, 0, 1;
    %jmp/0xz  T_0.12, 6;
    %vpi_call 2 40 "$display", "ASSERTION FAILED in %m: a != 1'b0" {0 0 0};
    %vpi_call 2 41 "$finish" {0 0 0};
    %jmp T_0.13;
T_0.12 ;
    %vpi_call 2 43 "$display", "Success! %m: a = 1'b0" {0 0 0};
T_0.13 ;
    %load/vec4 v000001d1ab2d9170_0;
    %cmpi/ne 1, 0, 1;
    %jmp/0xz  T_0.14, 6;
    %vpi_call 2 40 "$display", "ASSERTION FAILED in %m: b != 1'b1" {0 0 0};
    %vpi_call 2 41 "$finish" {0 0 0};
    %jmp T_0.15;
T_0.14 ;
    %vpi_call 2 43 "$display", "Success! %m: b = 1'b1" {0 0 0};
T_0.15 ;
    %end;
    .thread T_0;
# The file index is used to find the file name in the following table.
:file_names 4;
    "N/A";
    "<interactive>";
    ".\tb_DMux.v";
    "./DMux.v";
