#! /c/Source/iverilog-install/bin/vvp
:ivl_version "12.0 (devel)" "(s20150603-1539-g2693dd32b)";
:ivl_delay_selection "TYPICAL";
:vpi_time_precision + 0;
:vpi_module "C:\iverilog\lib\ivl\system.vpi";
:vpi_module "C:\iverilog\lib\ivl\vhdl_sys.vpi";
:vpi_module "C:\iverilog\lib\ivl\vhdl_textio.vpi";
:vpi_module "C:\iverilog\lib\ivl\v2005_math.vpi";
:vpi_module "C:\iverilog\lib\ivl\va_math.vpi";
S_000002071a02ed40 .scope module, "tb_And16" "tb_And16" 2 17;
 .timescale 0 0;
v000002071a0e5cb0_0 .var "a", 15 0;
v000002071a0e4e50_0 .var "b", 15 0;
v000002071a0e5d50_0 .net "out", 15 0, L_000002071a0e5530;  1 drivers
S_000002071a06beb0 .scope module, "mymodule" "And16" 2 22, 3 6 0, S_000002071a02ed40;
 .timescale 0 0;
    .port_info 0 /OUTPUT 16 "out";
    .port_info 1 /INPUT 16 "in1";
    .port_info 2 /INPUT 16 "in2";
L_000002071a029490 .functor AND 1, L_000002071a0e4bd0, L_000002071a0e5e90, C4<1>, C4<1>;
L_000002071a028ee0 .functor AND 1, L_000002071a0e4f90, L_000002071a0e50d0, C4<1>, C4<1>;
L_000002071a028e70 .functor AND 1, L_000002071a0e5490, L_000002071a0e48b0, C4<1>, C4<1>;
L_000002071a029500 .functor AND 1, L_000002071a0e52b0, L_000002071a0e5f30, C4<1>, C4<1>;
L_000002071a029110 .functor AND 1, L_000002071a0e46d0, L_000002071a0e4b30, C4<1>, C4<1>;
L_000002071a029570 .functor AND 1, L_000002071a0e4130, L_000002071a0e5a30, C4<1>, C4<1>;
L_000002071a029180 .functor AND 1, L_000002071a0e4590, L_000002071a0e4310, C4<1>, C4<1>;
L_000002071a029030 .functor AND 1, L_000002071a0e4770, L_000002071a0e55d0, C4<1>, C4<1>;
L_000002071a0293b0 .functor AND 1, L_000002071a0e4270, L_000002071a0e4c70, C4<1>, C4<1>;
L_000002071a0291f0 .functor AND 1, L_000002071a0e4450, L_000002071a0e44f0, C4<1>, C4<1>;
L_000002071a028af0 .functor AND 1, L_000002071a0e4d10, L_000002071a0e4db0, C4<1>, C4<1>;
L_000002071a028a80 .functor AND 1, L_000002071a0e5030, L_000002071a0e5b70, C4<1>, C4<1>;
L_000002071a028bd0 .functor AND 1, L_000002071a0e5170, L_000002071a0e5c10, C4<1>, C4<1>;
L_000002071a028700 .functor AND 1, L_000002071a0e5850, L_000002071a0e5210, C4<1>, C4<1>;
L_000002071a0288c0 .functor AND 1, L_000002071a0e5350, L_000002071a0e53f0, C4<1>, C4<1>;
L_000002071a028e00 .functor AND 1, L_000002071a0e5670, L_000002071a0e5710, C4<1>, C4<1>;
v000002071a02c9d0_0 .net *"_ivl_1", 0 0, L_000002071a029490;  1 drivers
v000002071a02ced0_0 .net *"_ivl_102", 0 0, L_000002071a0e5350;  1 drivers
v000002071a02d010_0 .net *"_ivl_104", 0 0, L_000002071a0e53f0;  1 drivers
v000002071a02ca70_0 .net *"_ivl_106", 0 0, L_000002071a028e00;  1 drivers
v000002071a02c250_0 .net *"_ivl_11", 0 0, L_000002071a0e4f90;  1 drivers
v000002071a02dd30_0 .net *"_ivl_110", 0 0, L_000002071a0e5670;  1 drivers
v000002071a02d5b0_0 .net *"_ivl_112", 0 0, L_000002071a0e5710;  1 drivers
v000002071a02c1b0_0 .net *"_ivl_13", 0 0, L_000002071a0e50d0;  1 drivers
v000002071a02c750_0 .net *"_ivl_15", 0 0, L_000002071a028e70;  1 drivers
v000002071a02c2f0_0 .net *"_ivl_18", 0 0, L_000002071a0e5490;  1 drivers
v000002071a02c610_0 .net *"_ivl_20", 0 0, L_000002071a0e48b0;  1 drivers
v000002071a02c390_0 .net *"_ivl_22", 0 0, L_000002071a029500;  1 drivers
v000002071a02c6b0_0 .net *"_ivl_25", 0 0, L_000002071a0e52b0;  1 drivers
v000002071a02c430_0 .net *"_ivl_27", 0 0, L_000002071a0e5f30;  1 drivers
v000002071a02d970_0 .net *"_ivl_29", 0 0, L_000002071a029110;  1 drivers
v000002071a02d8d0_0 .net *"_ivl_32", 0 0, L_000002071a0e46d0;  1 drivers
v000002071a02d150_0 .net *"_ivl_34", 0 0, L_000002071a0e4b30;  1 drivers
v000002071a02ddd0_0 .net *"_ivl_36", 0 0, L_000002071a029570;  1 drivers
v000002071a02d1f0_0 .net *"_ivl_39", 0 0, L_000002071a0e4130;  1 drivers
v000002071a02d290_0 .net *"_ivl_4", 0 0, L_000002071a0e4bd0;  1 drivers
v000002071a02dbf0_0 .net *"_ivl_41", 0 0, L_000002071a0e5a30;  1 drivers
v000002071a02d330_0 .net *"_ivl_43", 0 0, L_000002071a029180;  1 drivers
v000002071a02bf30_0 .net *"_ivl_46", 0 0, L_000002071a0e4590;  1 drivers
v000002071a02c4d0_0 .net *"_ivl_48", 0 0, L_000002071a0e4310;  1 drivers
v000002071a02ccf0_0 .net *"_ivl_50", 0 0, L_000002071a029030;  1 drivers
v000002071a02ce30_0 .net *"_ivl_53", 0 0, L_000002071a0e4770;  1 drivers
v000002071a02bfd0_0 .net *"_ivl_55", 0 0, L_000002071a0e55d0;  1 drivers
v000002071a02d3d0_0 .net *"_ivl_57", 0 0, L_000002071a0293b0;  1 drivers
v000002071a02d510_0 .net *"_ivl_6", 0 0, L_000002071a0e5e90;  1 drivers
v000002071a02d650_0 .net *"_ivl_60", 0 0, L_000002071a0e4270;  1 drivers
v000002071a02d6f0_0 .net *"_ivl_62", 0 0, L_000002071a0e4c70;  1 drivers
v000002071a02dab0_0 .net *"_ivl_64", 0 0, L_000002071a0291f0;  1 drivers
v000002071a02db50_0 .net *"_ivl_67", 0 0, L_000002071a0e4450;  1 drivers
v000002071a027390_0 .net *"_ivl_69", 0 0, L_000002071a0e44f0;  1 drivers
v000002071a027890_0 .net *"_ivl_71", 0 0, L_000002071a028af0;  1 drivers
v000002071a0271b0_0 .net *"_ivl_74", 0 0, L_000002071a0e4d10;  1 drivers
v000002071a027250_0 .net *"_ivl_76", 0 0, L_000002071a0e4db0;  1 drivers
v000002071a027930_0 .net *"_ivl_78", 0 0, L_000002071a028a80;  1 drivers
v000002071a027570_0 .net *"_ivl_8", 0 0, L_000002071a028ee0;  1 drivers
v000002071a0e49f0_0 .net *"_ivl_81", 0 0, L_000002071a0e5030;  1 drivers
v000002071a0e4a90_0 .net *"_ivl_83", 0 0, L_000002071a0e5b70;  1 drivers
v000002071a0e5df0_0 .net *"_ivl_85", 0 0, L_000002071a028bd0;  1 drivers
v000002071a0e4090_0 .net *"_ivl_88", 0 0, L_000002071a0e5170;  1 drivers
v000002071a0e5ad0_0 .net *"_ivl_90", 0 0, L_000002071a0e5c10;  1 drivers
v000002071a0e43b0_0 .net *"_ivl_92", 0 0, L_000002071a028700;  1 drivers
v000002071a0e58f0_0 .net *"_ivl_95", 0 0, L_000002071a0e5850;  1 drivers
v000002071a0e4ef0_0 .net *"_ivl_97", 0 0, L_000002071a0e5210;  1 drivers
v000002071a0e4630_0 .net *"_ivl_99", 0 0, L_000002071a0288c0;  1 drivers
v000002071a0e4950_0 .net "in1", 15 0, v000002071a0e5cb0_0;  1 drivers
v000002071a0e4810_0 .net "in2", 15 0, v000002071a0e4e50_0;  1 drivers
v000002071a0e41d0_0 .net "out", 15 0, L_000002071a0e5530;  alias, 1 drivers
L_000002071a0e4bd0 .part v000002071a0e5cb0_0, 0, 1;
L_000002071a0e5e90 .part v000002071a0e4e50_0, 0, 1;
L_000002071a0e4f90 .part v000002071a0e5cb0_0, 1, 1;
L_000002071a0e50d0 .part v000002071a0e4e50_0, 1, 1;
L_000002071a0e5490 .part v000002071a0e5cb0_0, 2, 1;
L_000002071a0e48b0 .part v000002071a0e4e50_0, 2, 1;
L_000002071a0e52b0 .part v000002071a0e5cb0_0, 3, 1;
L_000002071a0e5f30 .part v000002071a0e4e50_0, 3, 1;
L_000002071a0e46d0 .part v000002071a0e5cb0_0, 4, 1;
L_000002071a0e4b30 .part v000002071a0e4e50_0, 4, 1;
L_000002071a0e4130 .part v000002071a0e5cb0_0, 5, 1;
L_000002071a0e5a30 .part v000002071a0e4e50_0, 5, 1;
L_000002071a0e4590 .part v000002071a0e5cb0_0, 6, 1;
L_000002071a0e4310 .part v000002071a0e4e50_0, 6, 1;
L_000002071a0e4770 .part v000002071a0e5cb0_0, 7, 1;
L_000002071a0e55d0 .part v000002071a0e4e50_0, 7, 1;
L_000002071a0e4270 .part v000002071a0e5cb0_0, 8, 1;
L_000002071a0e4c70 .part v000002071a0e4e50_0, 8, 1;
L_000002071a0e4450 .part v000002071a0e5cb0_0, 9, 1;
L_000002071a0e44f0 .part v000002071a0e4e50_0, 9, 1;
L_000002071a0e4d10 .part v000002071a0e5cb0_0, 10, 1;
L_000002071a0e4db0 .part v000002071a0e4e50_0, 10, 1;
L_000002071a0e5030 .part v000002071a0e5cb0_0, 11, 1;
L_000002071a0e5b70 .part v000002071a0e4e50_0, 11, 1;
L_000002071a0e5170 .part v000002071a0e5cb0_0, 12, 1;
L_000002071a0e5c10 .part v000002071a0e4e50_0, 12, 1;
L_000002071a0e5850 .part v000002071a0e5cb0_0, 13, 1;
L_000002071a0e5210 .part v000002071a0e4e50_0, 13, 1;
L_000002071a0e5350 .part v000002071a0e5cb0_0, 14, 1;
L_000002071a0e53f0 .part v000002071a0e4e50_0, 14, 1;
LS_000002071a0e5530_0_0 .concat8 [ 1 1 1 1], L_000002071a029490, L_000002071a028ee0, L_000002071a028e70, L_000002071a029500;
LS_000002071a0e5530_0_4 .concat8 [ 1 1 1 1], L_000002071a029110, L_000002071a029570, L_000002071a029180, L_000002071a029030;
LS_000002071a0e5530_0_8 .concat8 [ 1 1 1 1], L_000002071a0293b0, L_000002071a0291f0, L_000002071a028af0, L_000002071a028a80;
LS_000002071a0e5530_0_12 .concat8 [ 1 1 1 1], L_000002071a028bd0, L_000002071a028700, L_000002071a0288c0, L_000002071a028e00;
L_000002071a0e5530 .concat8 [ 4 4 4 4], LS_000002071a0e5530_0_0, LS_000002071a0e5530_0_4, LS_000002071a0e5530_0_8, LS_000002071a0e5530_0_12;
L_000002071a0e5670 .part v000002071a0e5cb0_0, 15, 1;
L_000002071a0e5710 .part v000002071a0e4e50_0, 15, 1;
    .scope S_000002071a02ed40;
T_0 ;
    %vpi_call 2 26 "$dumpfile", "tb_And16.vcd" {0 0 0};
    %vpi_call 2 27 "$dumpvars", 32'sb00000000000000000000000000000000, S_000002071a02ed40 {0 0 0};
    %pushi/vec4 881, 0, 16;
    %store/vec4 v000002071a0e5cb0_0, 0, 16;
    %pushi/vec4 52960, 0, 16;
    %store/vec4 v000002071a0e4e50_0, 0, 16;
    %delay 1, 0;
    %load/vec4 v000002071a0e5d50_0;
    %cmpi/ne 608, 0, 16;
    %jmp/0xz  T_0.0, 6;
    %vpi_call 2 33 "$display", "ASSERTION FAILED in %m: out != 16'b0000001001100000" {0 0 0};
    %vpi_call 2 34 "$finish" {0 0 0};
    %jmp T_0.1;
T_0.0 ;
    %vpi_call 2 36 "$display", "Success! %m: out = 16'b0000001001100000" {0 0 0};
T_0.1 ;
    %pushi/vec4 1067, 0, 16;
    %store/vec4 v000002071a0e5cb0_0, 0, 16;
    %pushi/vec4 27950, 0, 16;
    %store/vec4 v000002071a0e4e50_0, 0, 16;
    %delay 1, 0;
    %load/vec4 v000002071a0e5d50_0;
    %cmpi/ne 1066, 0, 16;
    %jmp/0xz  T_0.2, 6;
    %vpi_call 2 35 "$display", "ASSERTION FAILED in %m: out != 16'b0000010000101010" {0 0 0};
    %vpi_call 2 36 "$finish" {0 0 0};
    %jmp T_0.3;
T_0.2 ;
    %vpi_call 2 38 "$display", "Success! %m: out = 16'b0000010000101010" {0 0 0};
T_0.3 ;
    %pushi/vec4 2609, 0, 16;
    %store/vec4 v000002071a0e5cb0_0, 0, 16;
    %pushi/vec4 41585, 0, 16;
    %store/vec4 v000002071a0e4e50_0, 0, 16;
    %delay 1, 0;
    %load/vec4 v000002071a0e5d50_0;
    %cmpi/ne 561, 0, 16;
    %jmp/0xz  T_0.4, 6;
    %vpi_call 2 37 "$display", "ASSERTION FAILED in %m: out != 16'b0000001000110001" {0 0 0};
    %vpi_call 2 38 "$finish" {0 0 0};
    %jmp T_0.5;
T_0.4 ;
    %vpi_call 2 40 "$display", "Success! %m: out = 16'b0000001000110001" {0 0 0};
T_0.5 ;
    %pushi/vec4 2870, 0, 16;
    %store/vec4 v000002071a0e5cb0_0, 0, 16;
    %pushi/vec4 47733, 0, 16;
    %store/vec4 v000002071a0e4e50_0, 0, 16;
    %delay 1, 0;
    %load/vec4 v000002071a0e5d50_0;
    %cmpi/ne 2612, 0, 16;
    %jmp/0xz  T_0.6, 6;
    %vpi_call 2 39 "$display", "ASSERTION FAILED in %m: out != 16'b0000101000110100" {0 0 0};
    %vpi_call 2 40 "$finish" {0 0 0};
    %jmp T_0.7;
T_0.6 ;
    %vpi_call 2 42 "$display", "Success! %m: out = 16'b0000101000110100" {0 0 0};
T_0.7 ;
    %pushi/vec4 5151, 0, 16;
    %store/vec4 v000002071a0e5cb0_0, 0, 16;
    %pushi/vec4 64345, 0, 16;
    %store/vec4 v000002071a0e4e50_0, 0, 16;
    %delay 1, 0;
    %load/vec4 v000002071a0e5d50_0;
    %cmpi/ne 4121, 0, 16;
    %jmp/0xz  T_0.8, 6;
    %vpi_call 2 41 "$display", "ASSERTION FAILED in %m: out != 16'b0001000000011001" {0 0 0};
    %vpi_call 2 42 "$finish" {0 0 0};
    %jmp T_0.9;
T_0.8 ;
    %vpi_call 2 44 "$display", "Success! %m: out = 16'b0001000000011001" {0 0 0};
T_0.9 ;
    %pushi/vec4 5154, 0, 16;
    %store/vec4 v000002071a0e5cb0_0, 0, 16;
    %pushi/vec4 41356, 0, 16;
    %store/vec4 v000002071a0e4e50_0, 0, 16;
    %delay 1, 0;
    %load/vec4 v000002071a0e5d50_0;
    %cmpi/ne 0, 0, 16;
    %jmp/0xz  T_0.10, 6;
    %vpi_call 2 43 "$display", "ASSERTION FAILED in %m: out != 16'b0000000000000000" {0 0 0};
    %vpi_call 2 44 "$finish" {0 0 0};
    %jmp T_0.11;
T_0.10 ;
    %vpi_call 2 46 "$display", "Success! %m: out = 16'b0000000000000000" {0 0 0};
T_0.11 ;
    %pushi/vec4 6760, 0, 16;
    %store/vec4 v000002071a0e5cb0_0, 0, 16;
    %pushi/vec4 41702, 0, 16;
    %store/vec4 v000002071a0e4e50_0, 0, 16;
    %delay 1, 0;
    %load/vec4 v000002071a0e5d50_0;
    %cmpi/ne 608, 0, 16;
    %jmp/0xz  T_0.12, 6;
    %vpi_call 2 45 "$display", "ASSERTION FAILED in %m: out != 16'b0000001001100000" {0 0 0};
    %vpi_call 2 46 "$finish" {0 0 0};
    %jmp T_0.13;
T_0.12 ;
    %vpi_call 2 48 "$display", "Success! %m: out = 16'b0000001001100000" {0 0 0};
T_0.13 ;
    %pushi/vec4 7635, 0, 16;
    %store/vec4 v000002071a0e5cb0_0, 0, 16;
    %pushi/vec4 2732, 0, 16;
    %store/vec4 v000002071a0e4e50_0, 0, 16;
    %delay 1, 0;
    %load/vec4 v000002071a0e5d50_0;
    %cmpi/ne 2176, 0, 16;
    %jmp/0xz  T_0.14, 6;
    %vpi_call 2 47 "$display", "ASSERTION FAILED in %m: out != 16'b0000100010000000" {0 0 0};
    %vpi_call 2 48 "$finish" {0 0 0};
    %jmp T_0.15;
T_0.14 ;
    %vpi_call 2 50 "$display", "Success! %m: out = 16'b0000100010000000" {0 0 0};
T_0.15 ;
    %pushi/vec4 9766, 0, 16;
    %store/vec4 v000002071a0e5cb0_0, 0, 16;
    %pushi/vec4 37413, 0, 16;
    %store/vec4 v000002071a0e4e50_0, 0, 16;
    %delay 1, 0;
    %load/vec4 v000002071a0e5d50_0;
    %cmpi/ne 548, 0, 16;
    %jmp/0xz  T_0.16, 6;
    %vpi_call 2 49 "$display", "ASSERTION FAILED in %m: out != 16'b0000001000100100" {0 0 0};
    %vpi_call 2 50 "$finish" {0 0 0};
    %jmp T_0.17;
T_0.16 ;
    %vpi_call 2 52 "$display", "Success! %m: out = 16'b0000001000100100" {0 0 0};
T_0.17 ;
    %pushi/vec4 12008, 0, 16;
    %store/vec4 v000002071a0e5cb0_0, 0, 16;
    %pushi/vec4 31356, 0, 16;
    %store/vec4 v000002071a0e4e50_0, 0, 16;
    %delay 1, 0;
    %load/vec4 v000002071a0e5d50_0;
    %cmpi/ne 10856, 0, 16;
    %jmp/0xz  T_0.18, 6;
    %vpi_call 2 51 "$display", "ASSERTION FAILED in %m: out != 16'b0010101001101000" {0 0 0};
    %vpi_call 2 52 "$finish" {0 0 0};
    %jmp T_0.19;
T_0.18 ;
    %vpi_call 2 54 "$display", "Success! %m: out = 16'b0010101001101000" {0 0 0};
T_0.19 ;
    %pushi/vec4 17807, 0, 16;
    %store/vec4 v000002071a0e5cb0_0, 0, 16;
    %pushi/vec4 18110, 0, 16;
    %store/vec4 v000002071a0e4e50_0, 0, 16;
    %delay 1, 0;
    %load/vec4 v000002071a0e5d50_0;
    %cmpi/ne 17550, 0, 16;
    %jmp/0xz  T_0.20, 6;
    %vpi_call 2 53 "$display", "ASSERTION FAILED in %m: out != 16'b0100010010001110" {0 0 0};
    %vpi_call 2 54 "$finish" {0 0 0};
    %jmp T_0.21;
T_0.20 ;
    %vpi_call 2 56 "$display", "Success! %m: out = 16'b0100010010001110" {0 0 0};
T_0.21 ;
    %pushi/vec4 17827, 0, 16;
    %store/vec4 v000002071a0e5cb0_0, 0, 16;
    %pushi/vec4 40252, 0, 16;
    %store/vec4 v000002071a0e4e50_0, 0, 16;
    %delay 1, 0;
    %load/vec4 v000002071a0e5d50_0;
    %cmpi/ne 1312, 0, 16;
    %jmp/0xz  T_0.22, 6;
    %vpi_call 2 55 "$display", "ASSERTION FAILED in %m: out != 16'b0000010100100000" {0 0 0};
    %vpi_call 2 56 "$finish" {0 0 0};
    %jmp T_0.23;
T_0.22 ;
    %vpi_call 2 58 "$display", "Success! %m: out = 16'b0000010100100000" {0 0 0};
T_0.23 ;
    %pushi/vec4 19615, 0, 16;
    %store/vec4 v000002071a0e5cb0_0, 0, 16;
    %pushi/vec4 30688, 0, 16;
    %store/vec4 v000002071a0e4e50_0, 0, 16;
    %delay 1, 0;
    %load/vec4 v000002071a0e5d50_0;
    %cmpi/ne 17536, 0, 16;
    %jmp/0xz  T_0.24, 6;
    %vpi_call 2 57 "$display", "ASSERTION FAILED in %m: out != 16'b0100010010000000" {0 0 0};
    %vpi_call 2 58 "$finish" {0 0 0};
    %jmp T_0.25;
T_0.24 ;
    %vpi_call 2 60 "$display", "Success! %m: out = 16'b0100010010000000" {0 0 0};
T_0.25 ;
    %pushi/vec4 20163, 0, 16;
    %store/vec4 v000002071a0e5cb0_0, 0, 16;
    %pushi/vec4 19203, 0, 16;
    %store/vec4 v000002071a0e4e50_0, 0, 16;
    %delay 1, 0;
    %load/vec4 v000002071a0e5d50_0;
    %cmpi/ne 18947, 0, 16;
    %jmp/0xz  T_0.26, 6;
    %vpi_call 2 59 "$display", "ASSERTION FAILED in %m: out != 16'b0100101000000011" {0 0 0};
    %vpi_call 2 60 "$finish" {0 0 0};
    %jmp T_0.27;
T_0.26 ;
    %vpi_call 2 62 "$display", "Success! %m: out = 16'b0100101000000011" {0 0 0};
T_0.27 ;
    %pushi/vec4 24160, 0, 16;
    %store/vec4 v000002071a0e5cb0_0, 0, 16;
    %pushi/vec4 16537, 0, 16;
    %store/vec4 v000002071a0e4e50_0, 0, 16;
    %delay 1, 0;
    %load/vec4 v000002071a0e5d50_0;
    %cmpi/ne 16384, 0, 16;
    %jmp/0xz  T_0.28, 6;
    %vpi_call 2 61 "$display", "ASSERTION FAILED in %m: out != 16'b0100000000000000" {0 0 0};
    %vpi_call 2 62 "$finish" {0 0 0};
    %jmp T_0.29;
T_0.28 ;
    %vpi_call 2 64 "$display", "Success! %m: out = 16'b0100000000000000" {0 0 0};
T_0.29 ;
    %pushi/vec4 24698, 0, 16;
    %store/vec4 v000002071a0e5cb0_0, 0, 16;
    %pushi/vec4 2143, 0, 16;
    %store/vec4 v000002071a0e4e50_0, 0, 16;
    %delay 1, 0;
    %load/vec4 v000002071a0e5d50_0;
    %cmpi/ne 90, 0, 16;
    %jmp/0xz  T_0.30, 6;
    %vpi_call 2 63 "$display", "ASSERTION FAILED in %m: out != 16'b0000000001011010" {0 0 0};
    %vpi_call 2 64 "$finish" {0 0 0};
    %jmp T_0.31;
T_0.30 ;
    %vpi_call 2 66 "$display", "Success! %m: out = 16'b0000000001011010" {0 0 0};
T_0.31 ;
    %pushi/vec4 24819, 0, 16;
    %store/vec4 v000002071a0e5cb0_0, 0, 16;
    %pushi/vec4 49679, 0, 16;
    %store/vec4 v000002071a0e4e50_0, 0, 16;
    %delay 1, 0;
    %load/vec4 v000002071a0e5d50_0;
    %cmpi/ne 16387, 0, 16;
    %jmp/0xz  T_0.32, 6;
    %vpi_call 2 65 "$display", "ASSERTION FAILED in %m: out != 16'b0100000000000011" {0 0 0};
    %vpi_call 2 66 "$finish" {0 0 0};
    %jmp T_0.33;
T_0.32 ;
    %vpi_call 2 68 "$display", "Success! %m: out = 16'b0100000000000011" {0 0 0};
T_0.33 ;
    %pushi/vec4 25933, 0, 16;
    %store/vec4 v000002071a0e5cb0_0, 0, 16;
    %pushi/vec4 26717, 0, 16;
    %store/vec4 v000002071a0e4e50_0, 0, 16;
    %delay 1, 0;
    %load/vec4 v000002071a0e5d50_0;
    %cmpi/ne 24653, 0, 16;
    %jmp/0xz  T_0.34, 6;
    %vpi_call 2 67 "$display", "ASSERTION FAILED in %m: out != 16'b0110000001001101" {0 0 0};
    %vpi_call 2 68 "$finish" {0 0 0};
    %jmp T_0.35;
T_0.34 ;
    %vpi_call 2 70 "$display", "Success! %m: out = 16'b0110000001001101" {0 0 0};
T_0.35 ;
    %pushi/vec4 29041, 0, 16;
    %store/vec4 v000002071a0e5cb0_0, 0, 16;
    %pushi/vec4 29254, 0, 16;
    %store/vec4 v000002071a0e4e50_0, 0, 16;
    %delay 1, 0;
    %load/vec4 v000002071a0e5d50_0;
    %cmpi/ne 28736, 0, 16;
    %jmp/0xz  T_0.36, 6;
    %vpi_call 2 69 "$display", "ASSERTION FAILED in %m: out != 16'b0111000001000000" {0 0 0};
    %vpi_call 2 70 "$finish" {0 0 0};
    %jmp T_0.37;
T_0.36 ;
    %vpi_call 2 72 "$display", "Success! %m: out = 16'b0111000001000000" {0 0 0};
T_0.37 ;
    %pushi/vec4 31132, 0, 16;
    %store/vec4 v000002071a0e5cb0_0, 0, 16;
    %pushi/vec4 23715, 0, 16;
    %store/vec4 v000002071a0e4e50_0, 0, 16;
    %delay 1, 0;
    %load/vec4 v000002071a0e5d50_0;
    %cmpi/ne 22656, 0, 16;
    %jmp/0xz  T_0.38, 6;
    %vpi_call 2 71 "$display", "ASSERTION FAILED in %m: out != 16'b0101100010000000" {0 0 0};
    %vpi_call 2 72 "$finish" {0 0 0};
    %jmp T_0.39;
T_0.38 ;
    %vpi_call 2 74 "$display", "Success! %m: out = 16'b0101100010000000" {0 0 0};
T_0.39 ;
    %pushi/vec4 34196, 0, 16;
    %store/vec4 v000002071a0e5cb0_0, 0, 16;
    %pushi/vec4 465, 0, 16;
    %store/vec4 v000002071a0e4e50_0, 0, 16;
    %delay 1, 0;
    %load/vec4 v000002071a0e5d50_0;
    %cmpi/ne 400, 0, 16;
    %jmp/0xz  T_0.40, 6;
    %vpi_call 2 73 "$display", "ASSERTION FAILED in %m: out != 16'b0000000110010000" {0 0 0};
    %vpi_call 2 74 "$finish" {0 0 0};
    %jmp T_0.41;
T_0.40 ;
    %vpi_call 2 76 "$display", "Success! %m: out = 16'b0000000110010000" {0 0 0};
T_0.41 ;
    %pushi/vec4 37678, 0, 16;
    %store/vec4 v000002071a0e5cb0_0, 0, 16;
    %pushi/vec4 18466, 0, 16;
    %store/vec4 v000002071a0e4e50_0, 0, 16;
    %delay 1, 0;
    %load/vec4 v000002071a0e5d50_0;
    %cmpi/ne 34, 0, 16;
    %jmp/0xz  T_0.42, 6;
    %vpi_call 2 75 "$display", "ASSERTION FAILED in %m: out != 16'b0000000000100010" {0 0 0};
    %vpi_call 2 76 "$finish" {0 0 0};
    %jmp T_0.43;
T_0.42 ;
    %vpi_call 2 78 "$display", "Success! %m: out = 16'b0000000000100010" {0 0 0};
T_0.43 ;
    %pushi/vec4 39918, 0, 16;
    %store/vec4 v000002071a0e5cb0_0, 0, 16;
    %pushi/vec4 34801, 0, 16;
    %store/vec4 v000002071a0e4e50_0, 0, 16;
    %delay 1, 0;
    %load/vec4 v000002071a0e5d50_0;
    %cmpi/ne 33760, 0, 16;
    %jmp/0xz  T_0.44, 6;
    %vpi_call 2 77 "$display", "ASSERTION FAILED in %m: out != 16'b1000001111100000" {0 0 0};
    %vpi_call 2 78 "$finish" {0 0 0};
    %jmp T_0.45;
T_0.44 ;
    %vpi_call 2 80 "$display", "Success! %m: out = 16'b1000001111100000" {0 0 0};
T_0.45 ;
    %pushi/vec4 43408, 0, 16;
    %store/vec4 v000002071a0e5cb0_0, 0, 16;
    %pushi/vec4 36548, 0, 16;
    %store/vec4 v000002071a0e4e50_0, 0, 16;
    %delay 1, 0;
    %load/vec4 v000002071a0e5d50_0;
    %cmpi/ne 34944, 0, 16;
    %jmp/0xz  T_0.46, 6;
    %vpi_call 2 79 "$display", "ASSERTION FAILED in %m: out != 16'b1000100010000000" {0 0 0};
    %vpi_call 2 80 "$finish" {0 0 0};
    %jmp T_0.47;
T_0.46 ;
    %vpi_call 2 82 "$display", "Success! %m: out = 16'b1000100010000000" {0 0 0};
T_0.47 ;
    %pushi/vec4 48292, 0, 16;
    %store/vec4 v000002071a0e5cb0_0, 0, 16;
    %pushi/vec4 16551, 0, 16;
    %store/vec4 v000002071a0e4e50_0, 0, 16;
    %delay 1, 0;
    %load/vec4 v000002071a0e5d50_0;
    %cmpi/ne 164, 0, 16;
    %jmp/0xz  T_0.48, 6;
    %vpi_call 2 81 "$display", "ASSERTION FAILED in %m: out != 16'b0000000010100100" {0 0 0};
    %vpi_call 2 82 "$finish" {0 0 0};
    %jmp T_0.49;
T_0.48 ;
    %vpi_call 2 84 "$display", "Success! %m: out = 16'b0000000010100100" {0 0 0};
T_0.49 ;
    %pushi/vec4 51217, 0, 16;
    %store/vec4 v000002071a0e5cb0_0, 0, 16;
    %pushi/vec4 40254, 0, 16;
    %store/vec4 v000002071a0e4e50_0, 0, 16;
    %delay 1, 0;
    %load/vec4 v000002071a0e5d50_0;
    %cmpi/ne 34832, 0, 16;
    %jmp/0xz  T_0.50, 6;
    %vpi_call 2 83 "$display", "ASSERTION FAILED in %m: out != 16'b1000100000010000" {0 0 0};
    %vpi_call 2 84 "$finish" {0 0 0};
    %jmp T_0.51;
T_0.50 ;
    %vpi_call 2 86 "$display", "Success! %m: out = 16'b1000100000010000" {0 0 0};
T_0.51 ;
    %pushi/vec4 51578, 0, 16;
    %store/vec4 v000002071a0e5cb0_0, 0, 16;
    %pushi/vec4 45953, 0, 16;
    %store/vec4 v000002071a0e4e50_0, 0, 16;
    %delay 1, 0;
    %load/vec4 v000002071a0e5d50_0;
    %cmpi/ne 33024, 0, 16;
    %jmp/0xz  T_0.52, 6;
    %vpi_call 2 85 "$display", "ASSERTION FAILED in %m: out != 16'b1000000100000000" {0 0 0};
    %vpi_call 2 86 "$finish" {0 0 0};
    %jmp T_0.53;
T_0.52 ;
    %vpi_call 2 88 "$display", "Success! %m: out = 16'b1000000100000000" {0 0 0};
T_0.53 ;
    %pushi/vec4 54040, 0, 16;
    %store/vec4 v000002071a0e5cb0_0, 0, 16;
    %pushi/vec4 63140, 0, 16;
    %store/vec4 v000002071a0e4e50_0, 0, 16;
    %delay 1, 0;
    %load/vec4 v000002071a0e5d50_0;
    %cmpi/ne 53760, 0, 16;
    %jmp/0xz  T_0.54, 6;
    %vpi_call 2 87 "$display", "ASSERTION FAILED in %m: out != 16'b1101001000000000" {0 0 0};
    %vpi_call 2 88 "$finish" {0 0 0};
    %jmp T_0.55;
T_0.54 ;
    %vpi_call 2 90 "$display", "Success! %m: out = 16'b1101001000000000" {0 0 0};
T_0.55 ;
    %pushi/vec4 60320, 0, 16;
    %store/vec4 v000002071a0e5cb0_0, 0, 16;
    %pushi/vec4 63277, 0, 16;
    %store/vec4 v000002071a0e4e50_0, 0, 16;
    %delay 1, 0;
    %load/vec4 v000002071a0e5d50_0;
    %cmpi/ne 58144, 0, 16;
    %jmp/0xz  T_0.56, 6;
    %vpi_call 2 89 "$display", "ASSERTION FAILED in %m: out != 16'b1110001100100000" {0 0 0};
    %vpi_call 2 90 "$finish" {0 0 0};
    %jmp T_0.57;
T_0.56 ;
    %vpi_call 2 92 "$display", "Success! %m: out = 16'b1110001100100000" {0 0 0};
T_0.57 ;
    %pushi/vec4 65533, 0, 16;
    %store/vec4 v000002071a0e5cb0_0, 0, 16;
    %pushi/vec4 19757, 0, 16;
    %store/vec4 v000002071a0e4e50_0, 0, 16;
    %delay 1, 0;
    %load/vec4 v000002071a0e5d50_0;
    %cmpi/ne 19757, 0, 16;
    %jmp/0xz  T_0.58, 6;
    %vpi_call 2 91 "$display", "ASSERTION FAILED in %m: out != 16'b0100110100101101" {0 0 0};
    %vpi_call 2 92 "$finish" {0 0 0};
    %jmp T_0.59;
T_0.58 ;
    %vpi_call 2 94 "$display", "Success! %m: out = 16'b0100110100101101" {0 0 0};
T_0.59 ;
    %end;
    .thread T_0;
# The file index is used to find the file name in the following table.
:file_names 4;
    "N/A";
    "<interactive>";
    "tb_And16.v";
    "./And16.v";
