#! /c/Source/iverilog-install/bin/vvp
:ivl_version "12.0 (devel)" "(s20150603-1539-g2693dd32b)";
:ivl_delay_selection "TYPICAL";
:vpi_time_precision + 0;
:vpi_module "C:\iverilog\lib\ivl\system.vpi";
:vpi_module "C:\iverilog\lib\ivl\vhdl_sys.vpi";
:vpi_module "C:\iverilog\lib\ivl\vhdl_textio.vpi";
:vpi_module "C:\iverilog\lib\ivl\v2005_math.vpi";
:vpi_module "C:\iverilog\lib\ivl\va_math.vpi";
S_000001bedd8bbe00 .scope module, "tb_DMux16" "tb_DMux16" 2 17;
 .timescale 0 0;
v000001bedda888e0_0 .net "a", 15 0, L_000001bedda8ac10;  1 drivers
v000001bedda88980_0 .net "b", 15 0, L_000001bedda8af30;  1 drivers
v000001bedda8adf0_0 .var "in", 15 0;
v000001bedda89ef0_0 .var "sel", 0 0;
S_000001bedda25dc0 .scope module, "mymodule" "DMux16" 2 23, 3 6 0, S_000001bedd8bbe00;
 .timescale 0 0;
    .port_info 0 /OUTPUT 16 "a";
    .port_info 1 /OUTPUT 16 "b";
    .port_info 2 /INPUT 16 "in";
    .port_info 3 /INPUT 1 "sel";
L_000001bedd8ba5a0 .functor NOT 1, v000001bedda89ef0_0, C4<0>, C4<0>, C4<0>;
L_000001bedd8ba060 .functor AND 1, L_000001bedda89450, L_000001bedd8ba5a0, C4<1>, C4<1>;
L_000001bedd8ba140 .functor AND 1, v000001bedda89ef0_0, L_000001bedda8a030, C4<1>, C4<1>;
L_000001bedd8baa00 .functor AND 1, L_000001bedda89270, L_000001bedd8ba5a0, C4<1>, C4<1>;
L_000001bedd8ba3e0 .functor AND 1, v000001bedda89ef0_0, L_000001bedda89770, C4<1>, C4<1>;
L_000001bedd8ba530 .functor AND 1, L_000001bedda89b30, L_000001bedd8ba5a0, C4<1>, C4<1>;
L_000001bedd8ba680 .functor AND 1, v000001bedda89ef0_0, L_000001bedda89630, C4<1>, C4<1>;
L_000001bedd8ba6f0 .functor AND 1, L_000001bedda89e50, L_000001bedd8ba5a0, C4<1>, C4<1>;
L_000001bedd8ba840 .functor AND 1, v000001bedda89ef0_0, L_000001bedda8a990, C4<1>, C4<1>;
L_000001bedd8ba7d0 .functor AND 1, L_000001bedda89bd0, L_000001bedd8ba5a0, C4<1>, C4<1>;
L_000001bedd8ba920 .functor AND 1, v000001bedda89ef0_0, L_000001bedda89f90, C4<1>, C4<1>;
L_000001bedd8ba990 .functor AND 1, L_000001bedda8a530, L_000001bedd8ba5a0, C4<1>, C4<1>;
L_000001bedda8c5f0 .functor AND 1, v000001bedda89ef0_0, L_000001bedda89310, C4<1>, C4<1>;
L_000001bedda8c3c0 .functor AND 1, L_000001bedda896d0, L_000001bedd8ba5a0, C4<1>, C4<1>;
L_000001bedda8ceb0 .functor AND 1, v000001bedda89ef0_0, L_000001bedda894f0, C4<1>, C4<1>;
L_000001bedda8c2e0 .functor AND 1, L_000001bedda89130, L_000001bedd8ba5a0, C4<1>, C4<1>;
L_000001bedda8cdd0 .functor AND 1, v000001bedda89ef0_0, L_000001bedda89c70, C4<1>, C4<1>;
L_000001bedda8ccf0 .functor AND 1, L_000001bedda8ad50, L_000001bedd8ba5a0, C4<1>, C4<1>;
L_000001bedda8c430 .functor AND 1, v000001bedda89ef0_0, L_000001bedda8a710, C4<1>, C4<1>;
L_000001bedda8c900 .functor AND 1, L_000001bedda89d10, L_000001bedd8ba5a0, C4<1>, C4<1>;
L_000001bedda8cf20 .functor AND 1, v000001bedda89ef0_0, L_000001bedda8a2b0, C4<1>, C4<1>;
L_000001bedda8c820 .functor AND 1, L_000001bedda89db0, L_000001bedd8ba5a0, C4<1>, C4<1>;
L_000001bedda8c660 .functor AND 1, v000001bedda89ef0_0, L_000001bedda8a350, C4<1>, C4<1>;
L_000001bedda8cf90 .functor AND 1, L_000001bedda89590, L_000001bedd8ba5a0, C4<1>, C4<1>;
L_000001bedda8c270 .functor AND 1, v000001bedda89ef0_0, L_000001bedda8a210, C4<1>, C4<1>;
L_000001bedda8c350 .functor AND 1, L_000001bedda89a90, L_000001bedd8ba5a0, C4<1>, C4<1>;
L_000001bedda8c890 .functor AND 1, v000001bedda89ef0_0, L_000001bedda8a0d0, C4<1>, C4<1>;
L_000001bedda8ce40 .functor AND 1, L_000001bedda8a170, L_000001bedd8ba5a0, C4<1>, C4<1>;
L_000001bedda8c6d0 .functor AND 1, v000001bedda89ef0_0, L_000001bedda8a490, C4<1>, C4<1>;
L_000001bedda8c970 .functor AND 1, L_000001bedda8ae90, L_000001bedd8ba5a0, C4<1>, C4<1>;
L_000001bedda8cd60 .functor AND 1, v000001bedda89ef0_0, L_000001bedda8a3f0, C4<1>, C4<1>;
L_000001bedda8c4a0 .functor AND 1, L_000001bedda8acb0, L_000001bedd8ba5a0, C4<1>, C4<1>;
L_000001bedda8c510 .functor AND 1, v000001bedda89ef0_0, L_000001bedda891d0, C4<1>, C4<1>;
v000001bedd9c7520_0 .net *"_ivl_10", 0 0, L_000001bedda8a030;  1 drivers
v000001bedd9c72a0_0 .net *"_ivl_100", 0 0, L_000001bedda8a2b0;  1 drivers
v000001bedd9c7e80_0 .net *"_ivl_102", 0 0, L_000001bedda8c820;  1 drivers
v000001bedd9c8380_0 .net *"_ivl_105", 0 0, L_000001bedda89db0;  1 drivers
v000001bedd9c8560_0 .net *"_ivl_107", 0 0, L_000001bedda8c660;  1 drivers
v000001bedd9c8ba0_0 .net *"_ivl_110", 0 0, L_000001bedda8a350;  1 drivers
v000001bedd9c7160_0 .net *"_ivl_112", 0 0, L_000001bedda8cf90;  1 drivers
v000001bedd9c8ce0_0 .net *"_ivl_115", 0 0, L_000001bedda89590;  1 drivers
v000001bedd9c7660_0 .net *"_ivl_117", 0 0, L_000001bedda8c270;  1 drivers
v000001bedd9c7980_0 .net *"_ivl_12", 0 0, L_000001bedd8baa00;  1 drivers
v000001bedd9c7ac0_0 .net *"_ivl_120", 0 0, L_000001bedda8a210;  1 drivers
v000001bedd9c7d40_0 .net *"_ivl_122", 0 0, L_000001bedda8c350;  1 drivers
v000001bedd9c7de0_0 .net *"_ivl_125", 0 0, L_000001bedda89a90;  1 drivers
v000001bedd8b8d40_0 .net *"_ivl_127", 0 0, L_000001bedda8c890;  1 drivers
v000001bedd8b88e0_0 .net *"_ivl_130", 0 0, L_000001bedda8a0d0;  1 drivers
v000001bedd8b83e0_0 .net *"_ivl_132", 0 0, L_000001bedda8ce40;  1 drivers
v000001bedd8b8fc0_0 .net *"_ivl_135", 0 0, L_000001bedda8a170;  1 drivers
v000001bedd8b8660_0 .net *"_ivl_137", 0 0, L_000001bedda8c6d0;  1 drivers
v000001bedd8b8b60_0 .net *"_ivl_140", 0 0, L_000001bedda8a490;  1 drivers
v000001bedd8b8980_0 .net *"_ivl_142", 0 0, L_000001bedda8c970;  1 drivers
v000001bedd8b8ca0_0 .net *"_ivl_145", 0 0, L_000001bedda8ae90;  1 drivers
v000001bedda880c0_0 .net *"_ivl_147", 0 0, L_000001bedda8cd60;  1 drivers
v000001bedda87120_0 .net *"_ivl_15", 0 0, L_000001bedda89270;  1 drivers
v000001bedda87da0_0 .net *"_ivl_150", 0 0, L_000001bedda8a3f0;  1 drivers
v000001bedda87260_0 .net *"_ivl_152", 0 0, L_000001bedda8c4a0;  1 drivers
v000001bedda871c0_0 .net *"_ivl_156", 0 0, L_000001bedda8acb0;  1 drivers
v000001bedda874e0_0 .net *"_ivl_158", 0 0, L_000001bedda8c510;  1 drivers
v000001bedda87300_0 .net *"_ivl_162", 0 0, L_000001bedda891d0;  1 drivers
v000001bedda87e40_0 .net *"_ivl_17", 0 0, L_000001bedd8ba3e0;  1 drivers
v000001bedda879e0_0 .net *"_ivl_2", 0 0, L_000001bedd8ba060;  1 drivers
v000001bedda87940_0 .net *"_ivl_20", 0 0, L_000001bedda89770;  1 drivers
v000001bedda882a0_0 .net *"_ivl_22", 0 0, L_000001bedd8ba530;  1 drivers
v000001bedda87ee0_0 .net *"_ivl_25", 0 0, L_000001bedda89b30;  1 drivers
v000001bedda88c00_0 .net *"_ivl_27", 0 0, L_000001bedd8ba680;  1 drivers
v000001bedda87a80_0 .net *"_ivl_30", 0 0, L_000001bedda89630;  1 drivers
v000001bedda87f80_0 .net *"_ivl_32", 0 0, L_000001bedd8ba6f0;  1 drivers
v000001bedda873a0_0 .net *"_ivl_35", 0 0, L_000001bedda89e50;  1 drivers
v000001bedda87440_0 .net *"_ivl_37", 0 0, L_000001bedd8ba840;  1 drivers
v000001bedda88ca0_0 .net *"_ivl_40", 0 0, L_000001bedda8a990;  1 drivers
v000001bedda88ac0_0 .net *"_ivl_42", 0 0, L_000001bedd8ba7d0;  1 drivers
v000001bedda88200_0 .net *"_ivl_45", 0 0, L_000001bedda89bd0;  1 drivers
v000001bedda88a20_0 .net *"_ivl_47", 0 0, L_000001bedd8ba920;  1 drivers
v000001bedda88660_0 .net *"_ivl_5", 0 0, L_000001bedda89450;  1 drivers
v000001bedda88020_0 .net *"_ivl_50", 0 0, L_000001bedda89f90;  1 drivers
v000001bedda88e80_0 .net *"_ivl_52", 0 0, L_000001bedd8ba990;  1 drivers
v000001bedda88480_0 .net *"_ivl_55", 0 0, L_000001bedda8a530;  1 drivers
v000001bedda88700_0 .net *"_ivl_57", 0 0, L_000001bedda8c5f0;  1 drivers
v000001bedda87b20_0 .net *"_ivl_60", 0 0, L_000001bedda89310;  1 drivers
v000001bedda88b60_0 .net *"_ivl_62", 0 0, L_000001bedda8c3c0;  1 drivers
v000001bedda88160_0 .net *"_ivl_65", 0 0, L_000001bedda896d0;  1 drivers
v000001bedda88340_0 .net *"_ivl_67", 0 0, L_000001bedda8ceb0;  1 drivers
v000001bedda87800_0 .net *"_ivl_7", 0 0, L_000001bedd8ba140;  1 drivers
v000001bedda883e0_0 .net *"_ivl_70", 0 0, L_000001bedda894f0;  1 drivers
v000001bedda88520_0 .net *"_ivl_72", 0 0, L_000001bedda8c2e0;  1 drivers
v000001bedda876c0_0 .net *"_ivl_75", 0 0, L_000001bedda89130;  1 drivers
v000001bedda87d00_0 .net *"_ivl_77", 0 0, L_000001bedda8cdd0;  1 drivers
v000001bedda87bc0_0 .net *"_ivl_80", 0 0, L_000001bedda89c70;  1 drivers
v000001bedda87760_0 .net *"_ivl_82", 0 0, L_000001bedda8ccf0;  1 drivers
v000001bedda88f20_0 .net *"_ivl_85", 0 0, L_000001bedda8ad50;  1 drivers
v000001bedda88de0_0 .net *"_ivl_87", 0 0, L_000001bedda8c430;  1 drivers
v000001bedda87580_0 .net *"_ivl_90", 0 0, L_000001bedda8a710;  1 drivers
v000001bedda87620_0 .net *"_ivl_92", 0 0, L_000001bedda8c900;  1 drivers
v000001bedda885c0_0 .net *"_ivl_95", 0 0, L_000001bedda89d10;  1 drivers
v000001bedda878a0_0 .net *"_ivl_97", 0 0, L_000001bedda8cf20;  1 drivers
v000001bedda887a0_0 .net "a", 15 0, L_000001bedda8ac10;  alias, 1 drivers
v000001bedda87c60_0 .net "b", 15 0, L_000001bedda8af30;  alias, 1 drivers
v000001bedda87080_0 .net "in", 15 0, v000001bedda8adf0_0;  1 drivers
v000001bedda88d40_0 .net "not_sel", 0 0, L_000001bedd8ba5a0;  1 drivers
v000001bedda88840_0 .net "sel", 0 0, v000001bedda89ef0_0;  1 drivers
L_000001bedda89450 .part v000001bedda8adf0_0, 0, 1;
L_000001bedda8a030 .part v000001bedda8adf0_0, 0, 1;
L_000001bedda89270 .part v000001bedda8adf0_0, 1, 1;
L_000001bedda89770 .part v000001bedda8adf0_0, 1, 1;
L_000001bedda89b30 .part v000001bedda8adf0_0, 2, 1;
L_000001bedda89630 .part v000001bedda8adf0_0, 2, 1;
L_000001bedda89e50 .part v000001bedda8adf0_0, 3, 1;
L_000001bedda8a990 .part v000001bedda8adf0_0, 3, 1;
L_000001bedda89bd0 .part v000001bedda8adf0_0, 4, 1;
L_000001bedda89f90 .part v000001bedda8adf0_0, 4, 1;
L_000001bedda8a530 .part v000001bedda8adf0_0, 5, 1;
L_000001bedda89310 .part v000001bedda8adf0_0, 5, 1;
L_000001bedda896d0 .part v000001bedda8adf0_0, 6, 1;
L_000001bedda894f0 .part v000001bedda8adf0_0, 6, 1;
L_000001bedda89130 .part v000001bedda8adf0_0, 7, 1;
L_000001bedda89c70 .part v000001bedda8adf0_0, 7, 1;
L_000001bedda8ad50 .part v000001bedda8adf0_0, 8, 1;
L_000001bedda8a710 .part v000001bedda8adf0_0, 8, 1;
L_000001bedda89d10 .part v000001bedda8adf0_0, 9, 1;
L_000001bedda8a2b0 .part v000001bedda8adf0_0, 9, 1;
L_000001bedda89db0 .part v000001bedda8adf0_0, 10, 1;
L_000001bedda8a350 .part v000001bedda8adf0_0, 10, 1;
L_000001bedda89590 .part v000001bedda8adf0_0, 11, 1;
L_000001bedda8a210 .part v000001bedda8adf0_0, 11, 1;
L_000001bedda89a90 .part v000001bedda8adf0_0, 12, 1;
L_000001bedda8a0d0 .part v000001bedda8adf0_0, 12, 1;
L_000001bedda8a170 .part v000001bedda8adf0_0, 13, 1;
L_000001bedda8a490 .part v000001bedda8adf0_0, 13, 1;
L_000001bedda8ae90 .part v000001bedda8adf0_0, 14, 1;
L_000001bedda8a3f0 .part v000001bedda8adf0_0, 14, 1;
LS_000001bedda8ac10_0_0 .concat8 [ 1 1 1 1], L_000001bedd8ba060, L_000001bedd8baa00, L_000001bedd8ba530, L_000001bedd8ba6f0;
LS_000001bedda8ac10_0_4 .concat8 [ 1 1 1 1], L_000001bedd8ba7d0, L_000001bedd8ba990, L_000001bedda8c3c0, L_000001bedda8c2e0;
LS_000001bedda8ac10_0_8 .concat8 [ 1 1 1 1], L_000001bedda8ccf0, L_000001bedda8c900, L_000001bedda8c820, L_000001bedda8cf90;
LS_000001bedda8ac10_0_12 .concat8 [ 1 1 1 1], L_000001bedda8c350, L_000001bedda8ce40, L_000001bedda8c970, L_000001bedda8c4a0;
L_000001bedda8ac10 .concat8 [ 4 4 4 4], LS_000001bedda8ac10_0_0, LS_000001bedda8ac10_0_4, LS_000001bedda8ac10_0_8, LS_000001bedda8ac10_0_12;
L_000001bedda8acb0 .part v000001bedda8adf0_0, 15, 1;
LS_000001bedda8af30_0_0 .concat8 [ 1 1 1 1], L_000001bedd8ba140, L_000001bedd8ba3e0, L_000001bedd8ba680, L_000001bedd8ba840;
LS_000001bedda8af30_0_4 .concat8 [ 1 1 1 1], L_000001bedd8ba920, L_000001bedda8c5f0, L_000001bedda8ceb0, L_000001bedda8cdd0;
LS_000001bedda8af30_0_8 .concat8 [ 1 1 1 1], L_000001bedda8c430, L_000001bedda8cf20, L_000001bedda8c660, L_000001bedda8c270;
LS_000001bedda8af30_0_12 .concat8 [ 1 1 1 1], L_000001bedda8c890, L_000001bedda8c6d0, L_000001bedda8cd60, L_000001bedda8c510;
L_000001bedda8af30 .concat8 [ 4 4 4 4], LS_000001bedda8af30_0_0, LS_000001bedda8af30_0_4, LS_000001bedda8af30_0_8, LS_000001bedda8af30_0_12;
L_000001bedda891d0 .part v000001bedda8adf0_0, 15, 1;
    .scope S_000001bedd8bbe00;
T_0 ;
    %vpi_call 2 27 "$dumpfile", "tb_DMux16.vcd" {0 0 0};
    %vpi_call 2 28 "$dumpvars", 32'sb00000000000000000000000000000000, S_000001bedd8bbe00 {0 0 0};
    %pushi/vec4 2334, 0, 16;
    %store/vec4 v000001bedda8adf0_0, 0, 16;
    %pushi/vec4 0, 0, 1;
    %store/vec4 v000001bedda89ef0_0, 0, 1;
    %delay 1, 0;
    %load/vec4 v000001bedda888e0_0;
    %cmpi/ne 2334, 0, 16;
    %jmp/0xz  T_0.0, 6;
    %vpi_call 2 34 "$display", "ASSERTION FAILED in %m: a != 16'b0000100100011110" {0 0 0};
    %vpi_call 2 35 "$finish" {0 0 0};
    %jmp T_0.1;
T_0.0 ;
    %vpi_call 2 37 "$display", "Success! %m: a = 16'b0000100100011110" {0 0 0};
T_0.1 ;
    %load/vec4 v000001bedda88980_0;
    %cmpi/ne 0, 0, 16;
    %jmp/0xz  T_0.2, 6;
    %vpi_call 2 34 "$display", "ASSERTION FAILED in %m: b != 16'b0000000000000000" {0 0 0};
    %vpi_call 2 35 "$finish" {0 0 0};
    %jmp T_0.3;
T_0.2 ;
    %vpi_call 2 37 "$display", "Success! %m: b = 16'b0000000000000000" {0 0 0};
T_0.3 ;
    %pushi/vec4 3429, 0, 16;
    %store/vec4 v000001bedda8adf0_0, 0, 16;
    %pushi/vec4 0, 0, 1;
    %store/vec4 v000001bedda89ef0_0, 0, 1;
    %delay 1, 0;
    %load/vec4 v000001bedda888e0_0;
    %cmpi/ne 3429, 0, 16;
    %jmp/0xz  T_0.4, 6;
    %vpi_call 2 36 "$display", "ASSERTION FAILED in %m: a != 16'b0000110101100101" {0 0 0};
    %vpi_call 2 37 "$finish" {0 0 0};
    %jmp T_0.5;
T_0.4 ;
    %vpi_call 2 39 "$display", "Success! %m: a = 16'b0000110101100101" {0 0 0};
T_0.5 ;
    %load/vec4 v000001bedda88980_0;
    %cmpi/ne 0, 0, 16;
    %jmp/0xz  T_0.6, 6;
    %vpi_call 2 36 "$display", "ASSERTION FAILED in %m: b != 16'b0000000000000000" {0 0 0};
    %vpi_call 2 37 "$finish" {0 0 0};
    %jmp T_0.7;
T_0.6 ;
    %vpi_call 2 39 "$display", "Success! %m: b = 16'b0000000000000000" {0 0 0};
T_0.7 ;
    %pushi/vec4 5504, 0, 16;
    %store/vec4 v000001bedda8adf0_0, 0, 16;
    %pushi/vec4 0, 0, 1;
    %store/vec4 v000001bedda89ef0_0, 0, 1;
    %delay 1, 0;
    %load/vec4 v000001bedda888e0_0;
    %cmpi/ne 5504, 0, 16;
    %jmp/0xz  T_0.8, 6;
    %vpi_call 2 38 "$display", "ASSERTION FAILED in %m: a != 16'b0001010110000000" {0 0 0};
    %vpi_call 2 39 "$finish" {0 0 0};
    %jmp T_0.9;
T_0.8 ;
    %vpi_call 2 41 "$display", "Success! %m: a = 16'b0001010110000000" {0 0 0};
T_0.9 ;
    %load/vec4 v000001bedda88980_0;
    %cmpi/ne 0, 0, 16;
    %jmp/0xz  T_0.10, 6;
    %vpi_call 2 38 "$display", "ASSERTION FAILED in %m: b != 16'b0000000000000000" {0 0 0};
    %vpi_call 2 39 "$finish" {0 0 0};
    %jmp T_0.11;
T_0.10 ;
    %vpi_call 2 41 "$display", "Success! %m: b = 16'b0000000000000000" {0 0 0};
T_0.11 ;
    %pushi/vec4 5566, 0, 16;
    %store/vec4 v000001bedda8adf0_0, 0, 16;
    %pushi/vec4 1, 0, 1;
    %store/vec4 v000001bedda89ef0_0, 0, 1;
    %delay 1, 0;
    %load/vec4 v000001bedda888e0_0;
    %cmpi/ne 0, 0, 16;
    %jmp/0xz  T_0.12, 6;
    %vpi_call 2 40 "$display", "ASSERTION FAILED in %m: a != 16'b0000000000000000" {0 0 0};
    %vpi_call 2 41 "$finish" {0 0 0};
    %jmp T_0.13;
T_0.12 ;
    %vpi_call 2 43 "$display", "Success! %m: a = 16'b0000000000000000" {0 0 0};
T_0.13 ;
    %load/vec4 v000001bedda88980_0;
    %cmpi/ne 5566, 0, 16;
    %jmp/0xz  T_0.14, 6;
    %vpi_call 2 40 "$display", "ASSERTION FAILED in %m: b != 16'b0001010110111110" {0 0 0};
    %vpi_call 2 41 "$finish" {0 0 0};
    %jmp T_0.15;
T_0.14 ;
    %vpi_call 2 43 "$display", "Success! %m: b = 16'b0001010110111110" {0 0 0};
T_0.15 ;
    %pushi/vec4 6275, 0, 16;
    %store/vec4 v000001bedda8adf0_0, 0, 16;
    %pushi/vec4 0, 0, 1;
    %store/vec4 v000001bedda89ef0_0, 0, 1;
    %delay 1, 0;
    %load/vec4 v000001bedda888e0_0;
    %cmpi/ne 6275, 0, 16;
    %jmp/0xz  T_0.16, 6;
    %vpi_call 2 42 "$display", "ASSERTION FAILED in %m: a != 16'b0001100010000011" {0 0 0};
    %vpi_call 2 43 "$finish" {0 0 0};
    %jmp T_0.17;
T_0.16 ;
    %vpi_call 2 45 "$display", "Success! %m: a = 16'b0001100010000011" {0 0 0};
T_0.17 ;
    %load/vec4 v000001bedda88980_0;
    %cmpi/ne 0, 0, 16;
    %jmp/0xz  T_0.18, 6;
    %vpi_call 2 42 "$display", "ASSERTION FAILED in %m: b != 16'b0000000000000000" {0 0 0};
    %vpi_call 2 43 "$finish" {0 0 0};
    %jmp T_0.19;
T_0.18 ;
    %vpi_call 2 45 "$display", "Success! %m: b = 16'b0000000000000000" {0 0 0};
T_0.19 ;
    %pushi/vec4 8433, 0, 16;
    %store/vec4 v000001bedda8adf0_0, 0, 16;
    %pushi/vec4 1, 0, 1;
    %store/vec4 v000001bedda89ef0_0, 0, 1;
    %delay 1, 0;
    %load/vec4 v000001bedda888e0_0;
    %cmpi/ne 0, 0, 16;
    %jmp/0xz  T_0.20, 6;
    %vpi_call 2 44 "$display", "ASSERTION FAILED in %m: a != 16'b0000000000000000" {0 0 0};
    %vpi_call 2 45 "$finish" {0 0 0};
    %jmp T_0.21;
T_0.20 ;
    %vpi_call 2 47 "$display", "Success! %m: a = 16'b0000000000000000" {0 0 0};
T_0.21 ;
    %load/vec4 v000001bedda88980_0;
    %cmpi/ne 8433, 0, 16;
    %jmp/0xz  T_0.22, 6;
    %vpi_call 2 44 "$display", "ASSERTION FAILED in %m: b != 16'b0010000011110001" {0 0 0};
    %vpi_call 2 45 "$finish" {0 0 0};
    %jmp T_0.23;
T_0.22 ;
    %vpi_call 2 47 "$display", "Success! %m: b = 16'b0010000011110001" {0 0 0};
T_0.23 ;
    %pushi/vec4 8507, 0, 16;
    %store/vec4 v000001bedda8adf0_0, 0, 16;
    %pushi/vec4 0, 0, 1;
    %store/vec4 v000001bedda89ef0_0, 0, 1;
    %delay 1, 0;
    %load/vec4 v000001bedda888e0_0;
    %cmpi/ne 8507, 0, 16;
    %jmp/0xz  T_0.24, 6;
    %vpi_call 2 46 "$display", "ASSERTION FAILED in %m: a != 16'b0010000100111011" {0 0 0};
    %vpi_call 2 47 "$finish" {0 0 0};
    %jmp T_0.25;
T_0.24 ;
    %vpi_call 2 49 "$display", "Success! %m: a = 16'b0010000100111011" {0 0 0};
T_0.25 ;
    %load/vec4 v000001bedda88980_0;
    %cmpi/ne 0, 0, 16;
    %jmp/0xz  T_0.26, 6;
    %vpi_call 2 46 "$display", "ASSERTION FAILED in %m: b != 16'b0000000000000000" {0 0 0};
    %vpi_call 2 47 "$finish" {0 0 0};
    %jmp T_0.27;
T_0.26 ;
    %vpi_call 2 49 "$display", "Success! %m: b = 16'b0000000000000000" {0 0 0};
T_0.27 ;
    %pushi/vec4 9328, 0, 16;
    %store/vec4 v000001bedda8adf0_0, 0, 16;
    %pushi/vec4 0, 0, 1;
    %store/vec4 v000001bedda89ef0_0, 0, 1;
    %delay 1, 0;
    %load/vec4 v000001bedda888e0_0;
    %cmpi/ne 9328, 0, 16;
    %jmp/0xz  T_0.28, 6;
    %vpi_call 2 48 "$display", "ASSERTION FAILED in %m: a != 16'b0010010001110000" {0 0 0};
    %vpi_call 2 49 "$finish" {0 0 0};
    %jmp T_0.29;
T_0.28 ;
    %vpi_call 2 51 "$display", "Success! %m: a = 16'b0010010001110000" {0 0 0};
T_0.29 ;
    %load/vec4 v000001bedda88980_0;
    %cmpi/ne 0, 0, 16;
    %jmp/0xz  T_0.30, 6;
    %vpi_call 2 48 "$display", "ASSERTION FAILED in %m: b != 16'b0000000000000000" {0 0 0};
    %vpi_call 2 49 "$finish" {0 0 0};
    %jmp T_0.31;
T_0.30 ;
    %vpi_call 2 51 "$display", "Success! %m: b = 16'b0000000000000000" {0 0 0};
T_0.31 ;
    %pushi/vec4 12203, 0, 16;
    %store/vec4 v000001bedda8adf0_0, 0, 16;
    %pushi/vec4 0, 0, 1;
    %store/vec4 v000001bedda89ef0_0, 0, 1;
    %delay 1, 0;
    %load/vec4 v000001bedda888e0_0;
    %cmpi/ne 12203, 0, 16;
    %jmp/0xz  T_0.32, 6;
    %vpi_call 2 50 "$display", "ASSERTION FAILED in %m: a != 16'b0010111110101011" {0 0 0};
    %vpi_call 2 51 "$finish" {0 0 0};
    %jmp T_0.33;
T_0.32 ;
    %vpi_call 2 53 "$display", "Success! %m: a = 16'b0010111110101011" {0 0 0};
T_0.33 ;
    %load/vec4 v000001bedda88980_0;
    %cmpi/ne 0, 0, 16;
    %jmp/0xz  T_0.34, 6;
    %vpi_call 2 50 "$display", "ASSERTION FAILED in %m: b != 16'b0000000000000000" {0 0 0};
    %vpi_call 2 51 "$finish" {0 0 0};
    %jmp T_0.35;
T_0.34 ;
    %vpi_call 2 53 "$display", "Success! %m: b = 16'b0000000000000000" {0 0 0};
T_0.35 ;
    %pushi/vec4 16064, 0, 16;
    %store/vec4 v000001bedda8adf0_0, 0, 16;
    %pushi/vec4 0, 0, 1;
    %store/vec4 v000001bedda89ef0_0, 0, 1;
    %delay 1, 0;
    %load/vec4 v000001bedda888e0_0;
    %cmpi/ne 16064, 0, 16;
    %jmp/0xz  T_0.36, 6;
    %vpi_call 2 52 "$display", "ASSERTION FAILED in %m: a != 16'b0011111011000000" {0 0 0};
    %vpi_call 2 53 "$finish" {0 0 0};
    %jmp T_0.37;
T_0.36 ;
    %vpi_call 2 55 "$display", "Success! %m: a = 16'b0011111011000000" {0 0 0};
T_0.37 ;
    %load/vec4 v000001bedda88980_0;
    %cmpi/ne 0, 0, 16;
    %jmp/0xz  T_0.38, 6;
    %vpi_call 2 52 "$display", "ASSERTION FAILED in %m: b != 16'b0000000000000000" {0 0 0};
    %vpi_call 2 53 "$finish" {0 0 0};
    %jmp T_0.39;
T_0.38 ;
    %vpi_call 2 55 "$display", "Success! %m: b = 16'b0000000000000000" {0 0 0};
T_0.39 ;
    %pushi/vec4 16412, 0, 16;
    %store/vec4 v000001bedda8adf0_0, 0, 16;
    %pushi/vec4 0, 0, 1;
    %store/vec4 v000001bedda89ef0_0, 0, 1;
    %delay 1, 0;
    %load/vec4 v000001bedda888e0_0;
    %cmpi/ne 16412, 0, 16;
    %jmp/0xz  T_0.40, 6;
    %vpi_call 2 54 "$display", "ASSERTION FAILED in %m: a != 16'b0100000000011100" {0 0 0};
    %vpi_call 2 55 "$finish" {0 0 0};
    %jmp T_0.41;
T_0.40 ;
    %vpi_call 2 57 "$display", "Success! %m: a = 16'b0100000000011100" {0 0 0};
T_0.41 ;
    %load/vec4 v000001bedda88980_0;
    %cmpi/ne 0, 0, 16;
    %jmp/0xz  T_0.42, 6;
    %vpi_call 2 54 "$display", "ASSERTION FAILED in %m: b != 16'b0000000000000000" {0 0 0};
    %vpi_call 2 55 "$finish" {0 0 0};
    %jmp T_0.43;
T_0.42 ;
    %vpi_call 2 57 "$display", "Success! %m: b = 16'b0000000000000000" {0 0 0};
T_0.43 ;
    %pushi/vec4 18904, 0, 16;
    %store/vec4 v000001bedda8adf0_0, 0, 16;
    %pushi/vec4 0, 0, 1;
    %store/vec4 v000001bedda89ef0_0, 0, 1;
    %delay 1, 0;
    %load/vec4 v000001bedda888e0_0;
    %cmpi/ne 18904, 0, 16;
    %jmp/0xz  T_0.44, 6;
    %vpi_call 2 56 "$display", "ASSERTION FAILED in %m: a != 16'b0100100111011000" {0 0 0};
    %vpi_call 2 57 "$finish" {0 0 0};
    %jmp T_0.45;
T_0.44 ;
    %vpi_call 2 59 "$display", "Success! %m: a = 16'b0100100111011000" {0 0 0};
T_0.45 ;
    %load/vec4 v000001bedda88980_0;
    %cmpi/ne 0, 0, 16;
    %jmp/0xz  T_0.46, 6;
    %vpi_call 2 56 "$display", "ASSERTION FAILED in %m: b != 16'b0000000000000000" {0 0 0};
    %vpi_call 2 57 "$finish" {0 0 0};
    %jmp T_0.47;
T_0.46 ;
    %vpi_call 2 59 "$display", "Success! %m: b = 16'b0000000000000000" {0 0 0};
T_0.47 ;
    %pushi/vec4 21407, 0, 16;
    %store/vec4 v000001bedda8adf0_0, 0, 16;
    %pushi/vec4 0, 0, 1;
    %store/vec4 v000001bedda89ef0_0, 0, 1;
    %delay 1, 0;
    %load/vec4 v000001bedda888e0_0;
    %cmpi/ne 21407, 0, 16;
    %jmp/0xz  T_0.48, 6;
    %vpi_call 2 58 "$display", "ASSERTION FAILED in %m: a != 16'b0101001110011111" {0 0 0};
    %vpi_call 2 59 "$finish" {0 0 0};
    %jmp T_0.49;
T_0.48 ;
    %vpi_call 2 61 "$display", "Success! %m: a = 16'b0101001110011111" {0 0 0};
T_0.49 ;
    %load/vec4 v000001bedda88980_0;
    %cmpi/ne 0, 0, 16;
    %jmp/0xz  T_0.50, 6;
    %vpi_call 2 58 "$display", "ASSERTION FAILED in %m: b != 16'b0000000000000000" {0 0 0};
    %vpi_call 2 59 "$finish" {0 0 0};
    %jmp T_0.51;
T_0.50 ;
    %vpi_call 2 61 "$display", "Success! %m: b = 16'b0000000000000000" {0 0 0};
T_0.51 ;
    %pushi/vec4 22198, 0, 16;
    %store/vec4 v000001bedda8adf0_0, 0, 16;
    %pushi/vec4 0, 0, 1;
    %store/vec4 v000001bedda89ef0_0, 0, 1;
    %delay 1, 0;
    %load/vec4 v000001bedda888e0_0;
    %cmpi/ne 22198, 0, 16;
    %jmp/0xz  T_0.52, 6;
    %vpi_call 2 60 "$display", "ASSERTION FAILED in %m: a != 16'b0101011010110110" {0 0 0};
    %vpi_call 2 61 "$finish" {0 0 0};
    %jmp T_0.53;
T_0.52 ;
    %vpi_call 2 63 "$display", "Success! %m: a = 16'b0101011010110110" {0 0 0};
T_0.53 ;
    %load/vec4 v000001bedda88980_0;
    %cmpi/ne 0, 0, 16;
    %jmp/0xz  T_0.54, 6;
    %vpi_call 2 60 "$display", "ASSERTION FAILED in %m: b != 16'b0000000000000000" {0 0 0};
    %vpi_call 2 61 "$finish" {0 0 0};
    %jmp T_0.55;
T_0.54 ;
    %vpi_call 2 63 "$display", "Success! %m: b = 16'b0000000000000000" {0 0 0};
T_0.55 ;
    %pushi/vec4 22936, 0, 16;
    %store/vec4 v000001bedda8adf0_0, 0, 16;
    %pushi/vec4 0, 0, 1;
    %store/vec4 v000001bedda89ef0_0, 0, 1;
    %delay 1, 0;
    %load/vec4 v000001bedda888e0_0;
    %cmpi/ne 22936, 0, 16;
    %jmp/0xz  T_0.56, 6;
    %vpi_call 2 62 "$display", "ASSERTION FAILED in %m: a != 16'b0101100110011000" {0 0 0};
    %vpi_call 2 63 "$finish" {0 0 0};
    %jmp T_0.57;
T_0.56 ;
    %vpi_call 2 65 "$display", "Success! %m: a = 16'b0101100110011000" {0 0 0};
T_0.57 ;
    %load/vec4 v000001bedda88980_0;
    %cmpi/ne 0, 0, 16;
    %jmp/0xz  T_0.58, 6;
    %vpi_call 2 62 "$display", "ASSERTION FAILED in %m: b != 16'b0000000000000000" {0 0 0};
    %vpi_call 2 63 "$finish" {0 0 0};
    %jmp T_0.59;
T_0.58 ;
    %vpi_call 2 65 "$display", "Success! %m: b = 16'b0000000000000000" {0 0 0};
T_0.59 ;
    %pushi/vec4 27220, 0, 16;
    %store/vec4 v000001bedda8adf0_0, 0, 16;
    %pushi/vec4 0, 0, 1;
    %store/vec4 v000001bedda89ef0_0, 0, 1;
    %delay 1, 0;
    %load/vec4 v000001bedda888e0_0;
    %cmpi/ne 27220, 0, 16;
    %jmp/0xz  T_0.60, 6;
    %vpi_call 2 64 "$display", "ASSERTION FAILED in %m: a != 16'b0110101001010100" {0 0 0};
    %vpi_call 2 65 "$finish" {0 0 0};
    %jmp T_0.61;
T_0.60 ;
    %vpi_call 2 67 "$display", "Success! %m: a = 16'b0110101001010100" {0 0 0};
T_0.61 ;
    %load/vec4 v000001bedda88980_0;
    %cmpi/ne 0, 0, 16;
    %jmp/0xz  T_0.62, 6;
    %vpi_call 2 64 "$display", "ASSERTION FAILED in %m: b != 16'b0000000000000000" {0 0 0};
    %vpi_call 2 65 "$finish" {0 0 0};
    %jmp T_0.63;
T_0.62 ;
    %vpi_call 2 67 "$display", "Success! %m: b = 16'b0000000000000000" {0 0 0};
T_0.63 ;
    %pushi/vec4 27912, 0, 16;
    %store/vec4 v000001bedda8adf0_0, 0, 16;
    %pushi/vec4 1, 0, 1;
    %store/vec4 v000001bedda89ef0_0, 0, 1;
    %delay 1, 0;
    %load/vec4 v000001bedda888e0_0;
    %cmpi/ne 0, 0, 16;
    %jmp/0xz  T_0.64, 6;
    %vpi_call 2 66 "$display", "ASSERTION FAILED in %m: a != 16'b0000000000000000" {0 0 0};
    %vpi_call 2 67 "$finish" {0 0 0};
    %jmp T_0.65;
T_0.64 ;
    %vpi_call 2 69 "$display", "Success! %m: a = 16'b0000000000000000" {0 0 0};
T_0.65 ;
    %load/vec4 v000001bedda88980_0;
    %cmpi/ne 27912, 0, 16;
    %jmp/0xz  T_0.66, 6;
    %vpi_call 2 66 "$display", "ASSERTION FAILED in %m: b != 16'b0110110100001000" {0 0 0};
    %vpi_call 2 67 "$finish" {0 0 0};
    %jmp T_0.67;
T_0.66 ;
    %vpi_call 2 69 "$display", "Success! %m: b = 16'b0110110100001000" {0 0 0};
T_0.67 ;
    %pushi/vec4 37436, 0, 16;
    %store/vec4 v000001bedda8adf0_0, 0, 16;
    %pushi/vec4 0, 0, 1;
    %store/vec4 v000001bedda89ef0_0, 0, 1;
    %delay 1, 0;
    %load/vec4 v000001bedda888e0_0;
    %cmpi/ne 37436, 0, 16;
    %jmp/0xz  T_0.68, 6;
    %vpi_call 2 68 "$display", "ASSERTION FAILED in %m: a != 16'b1001001000111100" {0 0 0};
    %vpi_call 2 69 "$finish" {0 0 0};
    %jmp T_0.69;
T_0.68 ;
    %vpi_call 2 71 "$display", "Success! %m: a = 16'b1001001000111100" {0 0 0};
T_0.69 ;
    %load/vec4 v000001bedda88980_0;
    %cmpi/ne 0, 0, 16;
    %jmp/0xz  T_0.70, 6;
    %vpi_call 2 68 "$display", "ASSERTION FAILED in %m: b != 16'b0000000000000000" {0 0 0};
    %vpi_call 2 69 "$finish" {0 0 0};
    %jmp T_0.71;
T_0.70 ;
    %vpi_call 2 71 "$display", "Success! %m: b = 16'b0000000000000000" {0 0 0};
T_0.71 ;
    %pushi/vec4 38725, 0, 16;
    %store/vec4 v000001bedda8adf0_0, 0, 16;
    %pushi/vec4 0, 0, 1;
    %store/vec4 v000001bedda89ef0_0, 0, 1;
    %delay 1, 0;
    %load/vec4 v000001bedda888e0_0;
    %cmpi/ne 38725, 0, 16;
    %jmp/0xz  T_0.72, 6;
    %vpi_call 2 70 "$display", "ASSERTION FAILED in %m: a != 16'b1001011101000101" {0 0 0};
    %vpi_call 2 71 "$finish" {0 0 0};
    %jmp T_0.73;
T_0.72 ;
    %vpi_call 2 73 "$display", "Success! %m: a = 16'b1001011101000101" {0 0 0};
T_0.73 ;
    %load/vec4 v000001bedda88980_0;
    %cmpi/ne 0, 0, 16;
    %jmp/0xz  T_0.74, 6;
    %vpi_call 2 70 "$display", "ASSERTION FAILED in %m: b != 16'b0000000000000000" {0 0 0};
    %vpi_call 2 71 "$finish" {0 0 0};
    %jmp T_0.75;
T_0.74 ;
    %vpi_call 2 73 "$display", "Success! %m: b = 16'b0000000000000000" {0 0 0};
T_0.75 ;
    %pushi/vec4 40908, 0, 16;
    %store/vec4 v000001bedda8adf0_0, 0, 16;
    %pushi/vec4 0, 0, 1;
    %store/vec4 v000001bedda89ef0_0, 0, 1;
    %delay 1, 0;
    %load/vec4 v000001bedda888e0_0;
    %cmpi/ne 40908, 0, 16;
    %jmp/0xz  T_0.76, 6;
    %vpi_call 2 72 "$display", "ASSERTION FAILED in %m: a != 16'b1001111111001100" {0 0 0};
    %vpi_call 2 73 "$finish" {0 0 0};
    %jmp T_0.77;
T_0.76 ;
    %vpi_call 2 75 "$display", "Success! %m: a = 16'b1001111111001100" {0 0 0};
T_0.77 ;
    %load/vec4 v000001bedda88980_0;
    %cmpi/ne 0, 0, 16;
    %jmp/0xz  T_0.78, 6;
    %vpi_call 2 72 "$display", "ASSERTION FAILED in %m: b != 16'b0000000000000000" {0 0 0};
    %vpi_call 2 73 "$finish" {0 0 0};
    %jmp T_0.79;
T_0.78 ;
    %vpi_call 2 75 "$display", "Success! %m: b = 16'b0000000000000000" {0 0 0};
T_0.79 ;
    %pushi/vec4 42216, 0, 16;
    %store/vec4 v000001bedda8adf0_0, 0, 16;
    %pushi/vec4 0, 0, 1;
    %store/vec4 v000001bedda89ef0_0, 0, 1;
    %delay 1, 0;
    %load/vec4 v000001bedda888e0_0;
    %cmpi/ne 42216, 0, 16;
    %jmp/0xz  T_0.80, 6;
    %vpi_call 2 74 "$display", "ASSERTION FAILED in %m: a != 16'b1010010011101000" {0 0 0};
    %vpi_call 2 75 "$finish" {0 0 0};
    %jmp T_0.81;
T_0.80 ;
    %vpi_call 2 77 "$display", "Success! %m: a = 16'b1010010011101000" {0 0 0};
T_0.81 ;
    %load/vec4 v000001bedda88980_0;
    %cmpi/ne 0, 0, 16;
    %jmp/0xz  T_0.82, 6;
    %vpi_call 2 74 "$display", "ASSERTION FAILED in %m: b != 16'b0000000000000000" {0 0 0};
    %vpi_call 2 75 "$finish" {0 0 0};
    %jmp T_0.83;
T_0.82 ;
    %vpi_call 2 77 "$display", "Success! %m: b = 16'b0000000000000000" {0 0 0};
T_0.83 ;
    %pushi/vec4 42663, 0, 16;
    %store/vec4 v000001bedda8adf0_0, 0, 16;
    %pushi/vec4 1, 0, 1;
    %store/vec4 v000001bedda89ef0_0, 0, 1;
    %delay 1, 0;
    %load/vec4 v000001bedda888e0_0;
    %cmpi/ne 0, 0, 16;
    %jmp/0xz  T_0.84, 6;
    %vpi_call 2 76 "$display", "ASSERTION FAILED in %m: a != 16'b0000000000000000" {0 0 0};
    %vpi_call 2 77 "$finish" {0 0 0};
    %jmp T_0.85;
T_0.84 ;
    %vpi_call 2 79 "$display", "Success! %m: a = 16'b0000000000000000" {0 0 0};
T_0.85 ;
    %load/vec4 v000001bedda88980_0;
    %cmpi/ne 42663, 0, 16;
    %jmp/0xz  T_0.86, 6;
    %vpi_call 2 76 "$display", "ASSERTION FAILED in %m: b != 16'b1010011010100111" {0 0 0};
    %vpi_call 2 77 "$finish" {0 0 0};
    %jmp T_0.87;
T_0.86 ;
    %vpi_call 2 79 "$display", "Success! %m: b = 16'b1010011010100111" {0 0 0};
T_0.87 ;
    %pushi/vec4 52319, 0, 16;
    %store/vec4 v000001bedda8adf0_0, 0, 16;
    %pushi/vec4 1, 0, 1;
    %store/vec4 v000001bedda89ef0_0, 0, 1;
    %delay 1, 0;
    %load/vec4 v000001bedda888e0_0;
    %cmpi/ne 0, 0, 16;
    %jmp/0xz  T_0.88, 6;
    %vpi_call 2 78 "$display", "ASSERTION FAILED in %m: a != 16'b0000000000000000" {0 0 0};
    %vpi_call 2 79 "$finish" {0 0 0};
    %jmp T_0.89;
T_0.88 ;
    %vpi_call 2 81 "$display", "Success! %m: a = 16'b0000000000000000" {0 0 0};
T_0.89 ;
    %load/vec4 v000001bedda88980_0;
    %cmpi/ne 52319, 0, 16;
    %jmp/0xz  T_0.90, 6;
    %vpi_call 2 78 "$display", "ASSERTION FAILED in %m: b != 16'b1100110001011111" {0 0 0};
    %vpi_call 2 79 "$finish" {0 0 0};
    %jmp T_0.91;
T_0.90 ;
    %vpi_call 2 81 "$display", "Success! %m: b = 16'b1100110001011111" {0 0 0};
T_0.91 ;
    %pushi/vec4 55139, 0, 16;
    %store/vec4 v000001bedda8adf0_0, 0, 16;
    %pushi/vec4 0, 0, 1;
    %store/vec4 v000001bedda89ef0_0, 0, 1;
    %delay 1, 0;
    %load/vec4 v000001bedda888e0_0;
    %cmpi/ne 55139, 0, 16;
    %jmp/0xz  T_0.92, 6;
    %vpi_call 2 80 "$display", "ASSERTION FAILED in %m: a != 16'b1101011101100011" {0 0 0};
    %vpi_call 2 81 "$finish" {0 0 0};
    %jmp T_0.93;
T_0.92 ;
    %vpi_call 2 83 "$display", "Success! %m: a = 16'b1101011101100011" {0 0 0};
T_0.93 ;
    %load/vec4 v000001bedda88980_0;
    %cmpi/ne 0, 0, 16;
    %jmp/0xz  T_0.94, 6;
    %vpi_call 2 80 "$display", "ASSERTION FAILED in %m: b != 16'b0000000000000000" {0 0 0};
    %vpi_call 2 81 "$finish" {0 0 0};
    %jmp T_0.95;
T_0.94 ;
    %vpi_call 2 83 "$display", "Success! %m: b = 16'b0000000000000000" {0 0 0};
T_0.95 ;
    %pushi/vec4 55440, 0, 16;
    %store/vec4 v000001bedda8adf0_0, 0, 16;
    %pushi/vec4 1, 0, 1;
    %store/vec4 v000001bedda89ef0_0, 0, 1;
    %delay 1, 0;
    %load/vec4 v000001bedda888e0_0;
    %cmpi/ne 0, 0, 16;
    %jmp/0xz  T_0.96, 6;
    %vpi_call 2 82 "$display", "ASSERTION FAILED in %m: a != 16'b0000000000000000" {0 0 0};
    %vpi_call 2 83 "$finish" {0 0 0};
    %jmp T_0.97;
T_0.96 ;
    %vpi_call 2 85 "$display", "Success! %m: a = 16'b0000000000000000" {0 0 0};
T_0.97 ;
    %load/vec4 v000001bedda88980_0;
    %cmpi/ne 55440, 0, 16;
    %jmp/0xz  T_0.98, 6;
    %vpi_call 2 82 "$display", "ASSERTION FAILED in %m: b != 16'b1101100010010000" {0 0 0};
    %vpi_call 2 83 "$finish" {0 0 0};
    %jmp T_0.99;
T_0.98 ;
    %vpi_call 2 85 "$display", "Success! %m: b = 16'b1101100010010000" {0 0 0};
T_0.99 ;
    %pushi/vec4 56971, 0, 16;
    %store/vec4 v000001bedda8adf0_0, 0, 16;
    %pushi/vec4 0, 0, 1;
    %store/vec4 v000001bedda89ef0_0, 0, 1;
    %delay 1, 0;
    %load/vec4 v000001bedda888e0_0;
    %cmpi/ne 56971, 0, 16;
    %jmp/0xz  T_0.100, 6;
    %vpi_call 2 84 "$display", "ASSERTION FAILED in %m: a != 16'b1101111010001011" {0 0 0};
    %vpi_call 2 85 "$finish" {0 0 0};
    %jmp T_0.101;
T_0.100 ;
    %vpi_call 2 87 "$display", "Success! %m: a = 16'b1101111010001011" {0 0 0};
T_0.101 ;
    %load/vec4 v000001bedda88980_0;
    %cmpi/ne 0, 0, 16;
    %jmp/0xz  T_0.102, 6;
    %vpi_call 2 84 "$display", "ASSERTION FAILED in %m: b != 16'b0000000000000000" {0 0 0};
    %vpi_call 2 85 "$finish" {0 0 0};
    %jmp T_0.103;
T_0.102 ;
    %vpi_call 2 87 "$display", "Success! %m: b = 16'b0000000000000000" {0 0 0};
T_0.103 ;
    %pushi/vec4 58950, 0, 16;
    %store/vec4 v000001bedda8adf0_0, 0, 16;
    %pushi/vec4 0, 0, 1;
    %store/vec4 v000001bedda89ef0_0, 0, 1;
    %delay 1, 0;
    %load/vec4 v000001bedda888e0_0;
    %cmpi/ne 58950, 0, 16;
    %jmp/0xz  T_0.104, 6;
    %vpi_call 2 86 "$display", "ASSERTION FAILED in %m: a != 16'b1110011001000110" {0 0 0};
    %vpi_call 2 87 "$finish" {0 0 0};
    %jmp T_0.105;
T_0.104 ;
    %vpi_call 2 89 "$display", "Success! %m: a = 16'b1110011001000110" {0 0 0};
T_0.105 ;
    %load/vec4 v000001bedda88980_0;
    %cmpi/ne 0, 0, 16;
    %jmp/0xz  T_0.106, 6;
    %vpi_call 2 86 "$display", "ASSERTION FAILED in %m: b != 16'b0000000000000000" {0 0 0};
    %vpi_call 2 87 "$finish" {0 0 0};
    %jmp T_0.107;
T_0.106 ;
    %vpi_call 2 89 "$display", "Success! %m: b = 16'b0000000000000000" {0 0 0};
T_0.107 ;
    %pushi/vec4 59835, 0, 16;
    %store/vec4 v000001bedda8adf0_0, 0, 16;
    %pushi/vec4 1, 0, 1;
    %store/vec4 v000001bedda89ef0_0, 0, 1;
    %delay 1, 0;
    %load/vec4 v000001bedda888e0_0;
    %cmpi/ne 0, 0, 16;
    %jmp/0xz  T_0.108, 6;
    %vpi_call 2 88 "$display", "ASSERTION FAILED in %m: a != 16'b0000000000000000" {0 0 0};
    %vpi_call 2 89 "$finish" {0 0 0};
    %jmp T_0.109;
T_0.108 ;
    %vpi_call 2 91 "$display", "Success! %m: a = 16'b0000000000000000" {0 0 0};
T_0.109 ;
    %load/vec4 v000001bedda88980_0;
    %cmpi/ne 59835, 0, 16;
    %jmp/0xz  T_0.110, 6;
    %vpi_call 2 88 "$display", "ASSERTION FAILED in %m: b != 16'b1110100110111011" {0 0 0};
    %vpi_call 2 89 "$finish" {0 0 0};
    %jmp T_0.111;
T_0.110 ;
    %vpi_call 2 91 "$display", "Success! %m: b = 16'b1110100110111011" {0 0 0};
T_0.111 ;
    %pushi/vec4 61456, 0, 16;
    %store/vec4 v000001bedda8adf0_0, 0, 16;
    %pushi/vec4 0, 0, 1;
    %store/vec4 v000001bedda89ef0_0, 0, 1;
    %delay 1, 0;
    %load/vec4 v000001bedda888e0_0;
    %cmpi/ne 61456, 0, 16;
    %jmp/0xz  T_0.112, 6;
    %vpi_call 2 90 "$display", "ASSERTION FAILED in %m: a != 16'b1111000000010000" {0 0 0};
    %vpi_call 2 91 "$finish" {0 0 0};
    %jmp T_0.113;
T_0.112 ;
    %vpi_call 2 93 "$display", "Success! %m: a = 16'b1111000000010000" {0 0 0};
T_0.113 ;
    %load/vec4 v000001bedda88980_0;
    %cmpi/ne 0, 0, 16;
    %jmp/0xz  T_0.114, 6;
    %vpi_call 2 90 "$display", "ASSERTION FAILED in %m: b != 16'b0000000000000000" {0 0 0};
    %vpi_call 2 91 "$finish" {0 0 0};
    %jmp T_0.115;
T_0.114 ;
    %vpi_call 2 93 "$display", "Success! %m: b = 16'b0000000000000000" {0 0 0};
T_0.115 ;
    %pushi/vec4 61728, 0, 16;
    %store/vec4 v000001bedda8adf0_0, 0, 16;
    %pushi/vec4 1, 0, 1;
    %store/vec4 v000001bedda89ef0_0, 0, 1;
    %delay 1, 0;
    %load/vec4 v000001bedda888e0_0;
    %cmpi/ne 0, 0, 16;
    %jmp/0xz  T_0.116, 6;
    %vpi_call 2 92 "$display", "ASSERTION FAILED in %m: a != 16'b0000000000000000" {0 0 0};
    %vpi_call 2 93 "$finish" {0 0 0};
    %jmp T_0.117;
T_0.116 ;
    %vpi_call 2 95 "$display", "Success! %m: a = 16'b0000000000000000" {0 0 0};
T_0.117 ;
    %load/vec4 v000001bedda88980_0;
    %cmpi/ne 61728, 0, 16;
    %jmp/0xz  T_0.118, 6;
    %vpi_call 2 92 "$display", "ASSERTION FAILED in %m: b != 16'b1111000100100000" {0 0 0};
    %vpi_call 2 93 "$finish" {0 0 0};
    %jmp T_0.119;
T_0.118 ;
    %vpi_call 2 95 "$display", "Success! %m: b = 16'b1111000100100000" {0 0 0};
T_0.119 ;
    %end;
    .thread T_0;
# The file index is used to find the file name in the following table.
:file_names 4;
    "N/A";
    "<interactive>";
    "tb_Dmux16.v";
    "./DMux16.v";
